#
# There is insufficient memory for the Java Runtime Environment to continue.
# Native memory allocation (mmap) failed to map 243793920 bytes for committing reserved memory.
# Possible reasons:
#   The system is out of physical RAM or swap space
#   In 32 bit mode, the process size limit was hit
# Possible solutions:
#   Reduce memory load on the system
#   Increase physical memory or swap space
#   Check if swap backing store is full
#   Use 64 bit Java on a 64 bit OS
#   Decrease Java heap size (-Xmx/-Xms)
#   Decrease number of Java threads
#   Decrease Java thread stack sizes (-Xss)
#   Set larger code cache with -XX:ReservedCodeCacheSize=
# This output file may be truncated or incomplete.
#
#  Out of Memory Error (os_linux.cpp:2657), pid=22663, tid=0x00007fbb637f7700
#
# JRE version: OpenJDK Runtime Environment (8.0_171-b10) (build 1.8.0_171-b10)
# Java VM: OpenJDK 64-Bit Server VM (25.171-b10 mixed mode linux-amd64 compressed oops)
# Failed to write core dump. Core dumps have been disabled. To enable core dumping, try "ulimit -c unlimited" before starting Java again
#

---------------  T H R E A D  ---------------

Current thread (0x00007fbb7c093260):  VMThread [stack: 0x00007fbb636f8000,0x00007fbb637f8000] [id=22683]

Stack: [0x00007fbb636f8000,0x00007fbb637f8000],  sp=0x00007fbb637f6460,  free space=1017k
Native frames: (J=compiled Java code, j=interpreted, Vv=VM code, C=native code)
V  [libjvm.so+0xab47fd]
V  [libjvm.so+0x4ec92a]
V  [libjvm.so+0x8b0ee8]
V  [libjvm.so+0x8ab3fe]
V  [libjvm.so+0x92477b]
V  [libjvm.so+0x925450]
V  [libjvm.so+0x9257ab]
V  [libjvm.so+0x92211c]
V  [libjvm.so+0x9228f8]
V  [libjvm.so+0x8d4e33]
V  [libjvm.so+0xab65d3]
V  [libjvm.so+0xabab87]
V  [libjvm.so+0xab9498]
V  [libjvm.so+0xab9969]
V  [libjvm.so+0xab9dc1]
V  [libjvm.so+0x8ae232]

VM_Operation (0x00007fbb607813d0): ParallelGCFailedAllocation, mode: safepoint, requested by thread 0x00007fbb7c9e9660


---------------  P R O C E S S  ---------------

Java Threads: ( => current thread )
  0x00007fbb7ca06130 JavaThread "clojure-agent-send-pool-17" [_thread_blocked, id=23004, stack(0x00007fbb6017e000,0x00007fbb6027f000)]
  0x00007fbb7c9f8cd0 JavaThread "clojure-agent-send-pool-16" [_thread_blocked, id=23003, stack(0x00007fbb6027f000,0x00007fbb60380000)]
  0x00007fbb7c9fdd40 JavaThread "clojure-agent-send-pool-15" [_thread_blocked, id=23002, stack(0x00007fbb60380000,0x00007fbb60481000)]
  0x00007fbb7c9efe20 JavaThread "clojure-agent-send-pool-14" [_thread_blocked, id=23001, stack(0x00007fbb60481000,0x00007fbb60582000)]
  0x00007fbb7c9ed790 JavaThread "clojure-agent-send-pool-13" [_thread_blocked, id=23000, stack(0x00007fbb60582000,0x00007fbb60683000)]
  0x00007fbb7c9e9660 JavaThread "clojure-agent-send-pool-12" [_thread_blocked, id=22999, stack(0x00007fbb60683000,0x00007fbb60784000)]
  0x00007fbb7c9e2660 JavaThread "clojure-agent-send-pool-11" [_thread_blocked, id=22998, stack(0x00007fbb60784000,0x00007fbb60885000)]
  0x00007fbb7c9e47e0 JavaThread "clojure-agent-send-pool-10" [_thread_blocked, id=22997, stack(0x00007fbb60885000,0x00007fbb60986000)]
  0x00007fbb7c9eb960 JavaThread "clojure-agent-send-pool-9" [_thread_blocked, id=22996, stack(0x00007fbb60986000,0x00007fbb60a87000)]
  0x00007fbb7c9e6dd0 JavaThread "clojure-agent-send-pool-8" [_thread_blocked, id=22995, stack(0x00007fbb60a87000,0x00007fbb60b88000)]
  0x00007fbb7c9e0010 JavaThread "clojure-agent-send-pool-7" [_thread_blocked, id=22994, stack(0x00007fbb60b88000,0x00007fbb60c89000)]
  0x00007fbb7c9d5000 JavaThread "clojure-agent-send-pool-6" [_thread_blocked, id=22993, stack(0x00007fbb60c89000,0x00007fbb60d8a000)]
  0x00007fbb7c9d7160 JavaThread "clojure-agent-send-pool-5" [_thread_blocked, id=22992, stack(0x00007fbb60d8a000,0x00007fbb60e8b000)]
  0x00007fbb7c9d29a0 JavaThread "clojure-agent-send-pool-4" [_thread_blocked, id=22991, stack(0x00007fbb60e8b000,0x00007fbb60f8c000)]
  0x00007fbb7c9d9a80 JavaThread "clojure-agent-send-pool-3" [_thread_blocked, id=22989, stack(0x00007fbb60f8c000,0x00007fbb6108d000)]
  0x00007fbb7c9c34d0 JavaThread "clojure-agent-send-pool-2" [_thread_blocked, id=22988, stack(0x00007fbb6108d000,0x00007fbb6118e000)]
  0x00007fbb7c9c5760 JavaThread "clojure-agent-send-pool-1" [_thread_blocked, id=22987, stack(0x00007fbb6118e000,0x00007fbb6128f000)]
  0x00007fbb7c9c7a50 JavaThread "clojure-agent-send-pool-0" [_thread_blocked, id=22986, stack(0x00007fbb624a2000,0x00007fbb625a3000)]
  0x00007fbb7c0ed0e0 JavaThread "Service Thread" daemon [_thread_blocked, id=22732, stack(0x00007fbb626e7000,0x00007fbb627e8000)]
  0x00007fbb7c0e8a40 JavaThread "C1 CompilerThread11" daemon [_thread_blocked, id=22731, stack(0x00007fbb627e9000,0x00007fbb628e9000)]
  0x00007fbb7c0e7230 JavaThread "C1 CompilerThread10" daemon [_thread_blocked, id=22730, stack(0x00007fbb628ea000,0x00007fbb629ea000)]
  0x00007fbb7c0e5630 JavaThread "C1 CompilerThread9" daemon [_thread_blocked, id=22711, stack(0x00007fbb629eb000,0x00007fbb62aeb000)]
  0x00007fbb7c0e3a30 JavaThread "C1 CompilerThread8" daemon [_thread_blocked, id=22710, stack(0x00007fbb62aec000,0x00007fbb62bec000)]
  0x00007fbb7c0e1e30 JavaThread "C2 CompilerThread7" daemon [_thread_blocked, id=22695, stack(0x00007fbb62bed000,0x00007fbb62ced000)]
  0x00007fbb7c0e0620 JavaThread "C2 CompilerThread6" daemon [_thread_blocked, id=22693, stack(0x00007fbb62cee000,0x00007fbb62dee000)]
  0x00007fbb7c0dee30 JavaThread "C2 CompilerThread5" daemon [_thread_blocked, id=22692, stack(0x00007fbb62def000,0x00007fbb62eef000)]
  0x00007fbb7c0dd640 JavaThread "C2 CompilerThread4" daemon [_thread_blocked, id=22691, stack(0x00007fbb62ef0000,0x00007fbb62ff0000)]
  0x00007fbb7c0dbe50 JavaThread "C2 CompilerThread3" daemon [_thread_blocked, id=22690, stack(0x00007fbb62ff1000,0x00007fbb630f1000)]
  0x00007fbb7c0da660 JavaThread "C2 CompilerThread2" daemon [_thread_blocked, id=22689, stack(0x00007fbb630f2000,0x00007fbb631f2000)]
  0x00007fbb7c01cb30 JavaThread "C2 CompilerThread1" daemon [_thread_blocked, id=22688, stack(0x00007fbb631f3000,0x00007fbb632f3000)]
  0x00007fbb7c0cc1a0 JavaThread "C2 CompilerThread0" daemon [_thread_blocked, id=22687, stack(0x00007fbb632f4000,0x00007fbb633f4000)]
  0x00007fbb7c0ca7f0 JavaThread "Signal Dispatcher" daemon [_thread_blocked, id=22686, stack(0x00007fbb633f4000,0x00007fbb634f5000)]
  0x00007fbb7c0a0970 JavaThread "Finalizer" daemon [_thread_blocked, id=22685, stack(0x00007fbb634f5000,0x00007fbb635f6000)]
  0x00007fbb7c09c700 JavaThread "Reference Handler" daemon [_thread_blocked, id=22684, stack(0x00007fbb635f6000,0x00007fbb636f7000)]
  0x00007fbb7c00aef0 JavaThread "main" [_thread_blocked, id=22665, stack(0x00007fbb83876000,0x00007fbb83976000)]

Other Threads:
=>0x00007fbb7c093260 VMThread [stack: 0x00007fbb636f8000,0x00007fbb637f8000] [id=22683]
  0x00007fbb7c0ef4a0 WatcherThread [stack: 0x00007fbb625e7000,0x00007fbb626e7000] [id=22733]

VM state:at safepoint (normal execution)

VM Mutex/Monitor currently owned by a thread:  ([mutex/lock_event])
[0x00007fbb7c0082f0] Threads_lock - owner thread: 0x00007fbb7c093260
[0x00007fbb7c0087f0] Heap_lock - owner thread: 0x00007fbb7c9e9660

Heap:
 PSYoungGen      total 699904K, used 2016K [0x0000000782580000, 0x00000007b1700000, 0x00000007c0000000)
  eden space 672768K, 0% used [0x0000000782580000,0x0000000782580000,0x00000007ab680000)
  from space 27136K, 7% used [0x00000007ab680000,0x00000007ab878000,0x00000007ad100000)
  to   space 26624K, 0% used [0x00000007ad100000,0x00000007ad100000,0x00000007aeb00000)
 ParOldGen       total 142848K, used 58325K [0x0000000707000000, 0x000000070fb80000, 0x0000000782580000)
  object space 142848K, 40% used [0x0000000707000000,0x000000070a8f57b0,0x000000070fb80000)
 Metaspace       used 27743K, capacity 35653K, committed 35752K, reserved 1075200K
  class space    used 6686K, capacity 9513K, committed 9600K, reserved 1048576K

Card table byte_map: [0x00007fbb6c46e000,0x00007fbb6ca37000] byte_map_base: 0x00007fbb68c36000

Marking Bits: (ParMarkBitMap*) 0x00007fbb82b2be00
 Begin Bits: [0x00007fbb2e380000, 0x00007fbb311c0000)
 End Bits:   [0x00007fbb311c0000, 0x00007fbb34000000)

Polling page: 0x00007fbb83874000

CodeCache: size=245760Kb used=19271Kb max_used=19271Kb free=226488Kb
 bounds [0x00007fbb6cdf7000, 0x00007fbb6e0e7000, 0x00007fbb7bdf7000]
 total_blobs=3811 nmethods=3453 adapters=268
 compilation: enabled

Compilation events (10 events):
Event: 29.076 Thread 0x00007fbb7c0cc1a0 nmethod 4040 0x00007fbb6e0d79d0 code [0x00007fbb6e0d7d40, 0x00007fbb6e0d9038]
Event: 29.076 Thread 0x00007fbb7c0dbe50 nmethod 4037 0x00007fbb6e0db990 code [0x00007fbb6e0dbdc0, 0x00007fbb6e0ddf88]
Event: 29.076 Thread 0x00007fbb7c0e7230 4083       3       clojure.lang.AMapEntry::asVector (22 bytes)
Event: 29.076 Thread 0x00007fbb7c0dbe50 4024       4       clojush.util$compute_next_row::invokeStatic (90 bytes)
Event: 29.076 Thread 0x00007fbb7c0cc1a0 4082       4       clojush.instructions.common$shover$fn__1822::invoke (557 bytes)
Event: 29.077 Thread 0x00007fbb7c0e8a40 nmethod 4069 0x00007fbb6e093150 code [0x00007fbb6e093420, 0x00007fbb6e094ee8]
Event: 29.077 Thread 0x00007fbb7c0e7230 nmethod 4083 0x00007fbb6d46b950 code [0x00007fbb6d46bb20, 0x00007fbb6d46c398]
Event: 29.077 Thread 0x00007fbb7c0e8a40 4084       3       clojure.lang.AMapEntry::seq (10 bytes)
Event: 29.078 Thread 0x00007fbb7c0e8a40 nmethod 4084 0x00007fbb6d9c0f10 code [0x00007fbb6d9c1100, 0x00007fbb6d9c1a18]
Event: 29.081 Thread 0x00007fbb7c0e5630 nmethod 4076 0x00007fbb6e0c2150 code [0x00007fbb6e0c2420, 0x00007fbb6e0c3e18]

GC Heap History (10 events):
Event: 22.132 GC heap after
Heap after GC invocations=10 (full 1):
 PSYoungGen      total 346624K, used 9216K [0x0000000782580000, 0x00000007a0800000, 0x00000007c0000000)
  eden space 337408K, 0% used [0x0000000782580000,0x0000000782580000,0x0000000796f00000)
  from space 9216K, 100% used [0x0000000796f00000,0x0000000797800000,0x0000000797800000)
  to   space 11776K, 0% used [0x000000079fc80000,0x000000079fc80000,0x00000007a0800000)
 ParOldGen       total 65024K, used 11589K [0x0000000707000000, 0x000000070af80000, 0x0000000782580000)
  object space 65024K, 17% used [0x0000000707000000,0x0000000707b51650,0x000000070af80000)
 Metaspace       used 27010K, capacity 34419K, committed 34688K, reserved 1075200K
  class space    used 6654K, capacity 9476K, committed 9600K, reserved 1048576K
}
Event: 25.749 GC heap before
{Heap before GC invocations=11 (full 1):
 PSYoungGen      total 346624K, used 346624K [0x0000000782580000, 0x00000007a0800000, 0x00000007c0000000)
  eden space 337408K, 100% used [0x0000000782580000,0x0000000796f00000,0x0000000796f00000)
  from space 9216K, 100% used [0x0000000796f00000,0x0000000797800000,0x0000000797800000)
  to   space 11776K, 0% used [0x000000079fc80000,0x000000079fc80000,0x00000007a0800000)
 ParOldGen       total 65024K, used 11589K [0x0000000707000000, 0x000000070af80000, 0x0000000782580000)
  object space 65024K, 17% used [0x0000000707000000,0x0000000707b51650,0x000000070af80000)
 Metaspace       used 27235K, capacity 34783K, committed 34944K, reserved 1075200K
  class space    used 6670K, capacity 9508K, committed 9600K, reserved 1048576K
Event: 25.803 GC heap after
Heap after GC invocations=11 (full 1):
 PSYoungGen      total 476160K, used 11776K [0x0000000782580000, 0x00000007a1380000, 0x00000007c0000000)
  eden space 464384K, 0% used [0x0000000782580000,0x0000000782580000,0x000000079eb00000)
  from space 11776K, 100% used [0x000000079fc80000,0x00000007a0800000,0x00000007a0800000)
  to   space 17920K, 0% used [0x000000079eb00000,0x000000079eb00000,0x000000079fc80000)
 ParOldGen       total 65024K, used 24012K [0x0000000707000000, 0x000000070af80000, 0x0000000782580000)
  object space 65024K, 36% used [0x0000000707000000,0x0000000708773088,0x000000070af80000)
 Metaspace       used 27235K, capacity 34783K, committed 34944K, reserved 1075200K
  class space    used 6670K, capacity 9508K, committed 9600K, reserved 1048576K
}
Event: 26.746 GC heap before
{Heap before GC invocations=12 (full 1):
 PSYoungGen      total 476160K, used 476160K [0x0000000782580000, 0x00000007a1380000, 0x00000007c0000000)
  eden space 464384K, 100% used [0x0000000782580000,0x000000079eb00000,0x000000079eb00000)
  from space 11776K, 100% used [0x000000079fc80000,0x00000007a0800000,0x00000007a0800000)
  to   space 17920K, 0% used [0x000000079eb00000,0x000000079eb00000,0x000000079fc80000)
 ParOldGen       total 65024K, used 24012K [0x0000000707000000, 0x000000070af80000, 0x0000000782580000)
  object space 65024K, 36% used [0x0000000707000000,0x0000000708773088,0x000000070af80000)
 Metaspace       used 27557K, capacity 35375K, committed 35496K, reserved 1075200K
  class space    used 6684K, capacity 9510K, committed 9600K, reserved 1048576K
Event: 26.849 GC heap after
Heap after GC invocations=12 (full 1):
 PSYoungGen      total 482304K, used 17920K [0x0000000782580000, 0x00000007aeb00000, 0x00000007c0000000)
  eden space 464384K, 0% used [0x0000000782580000,0x0000000782580000,0x000000079eb00000)
  from space 17920K, 100% used [0x000000079eb00000,0x000000079fc80000,0x000000079fc80000)
  to   space 26624K, 0% used [0x00000007ad100000,0x00000007ad100000,0x00000007aeb00000)
 ParOldGen       total 65024K, used 41751K [0x0000000707000000, 0x000000070af80000, 0x0000000782580000)
  object space 65024K, 64% used [0x0000000707000000,0x00000007098c5d40,0x000000070af80000)
 Metaspace       used 27557K, capacity 35375K, committed 35496K, reserved 1075200K
  class space    used 6684K, capacity 9510K, committed 9600K, reserved 1048576K
}
Event: 26.929 GC heap before
{Heap before GC invocations=13 (full 1):
 PSYoungGen      total 482304K, used 43953K [0x0000000782580000, 0x00000007aeb00000, 0x00000007c0000000)
  eden space 464384K, 5% used [0x0000000782580000,0x0000000783eec428,0x000000079eb00000)
  from space 17920K, 100% used [0x000000079eb00000,0x000000079fc80000,0x000000079fc80000)
  to   space 26624K, 0% used [0x00000007ad100000,0x00000007ad100000,0x00000007aeb00000)
 ParOldGen       total 65024K, used 41751K [0x0000000707000000, 0x000000070af80000, 0x0000000782580000)
  object space 65024K, 64% used [0x0000000707000000,0x00000007098c5d40,0x000000070af80000)
 Metaspace       used 27566K, capacity 35379K, committed 35496K, reserved 1075200K
  class space    used 6684K, capacity 9510K, committed 9600K, reserved 1048576K
Event: 26.996 GC heap after
Heap after GC invocations=13 (full 1):
 PSYoungGen      total 699392K, used 640K [0x0000000782580000, 0x00000007b1700000, 0x00000007c0000000)
  eden space 672768K, 0% used [0x0000000782580000,0x0000000782580000,0x00000007ab680000)
  from space 26624K, 2% used [0x00000007ad100000,0x00000007ad1a0000,0x00000007aeb00000)
  to   space 27136K, 0% used [0x00000007ab680000,0x00000007ab680000,0x00000007ad100000)
 ParOldGen       total 65024K, used 59506K [0x0000000707000000, 0x000000070af80000, 0x0000000782580000)
  object space 65024K, 91% used [0x0000000707000000,0x000000070aa1cae0,0x000000070af80000)
 Metaspace       used 27566K, capacity 35379K, committed 35496K, reserved 1075200K
  class space    used 6684K, capacity 9510K, committed 9600K, reserved 1048576K
}
Event: 26.996 GC heap before
{Heap before GC invocations=14 (full 2):
 PSYoungGen      total 699392K, used 640K [0x0000000782580000, 0x00000007b1700000, 0x00000007c0000000)
  eden space 672768K, 0% used [0x0000000782580000,0x0000000782580000,0x00000007ab680000)
  from space 26624K, 2% used [0x00000007ad100000,0x00000007ad1a0000,0x00000007aeb00000)
  to   space 27136K, 0% used [0x00000007ab680000,0x00000007ab680000,0x00000007ad100000)
 ParOldGen       total 65024K, used 59506K [0x0000000707000000, 0x000000070af80000, 0x0000000782580000)
  object space 65024K, 91% used [0x0000000707000000,0x000000070aa1cae0,0x000000070af80000)
 Metaspace       used 27566K, capacity 35379K, committed 35496K, reserved 1075200K
  class space    used 6684K, capacity 9510K, committed 9600K, reserved 1048576K
Event: 27.865 GC heap after
Heap after GC invocations=14 (full 2):
 PSYoungGen      total 699392K, used 0K [0x0000000782580000, 0x00000007b1700000, 0x00000007c0000000)
  eden space 672768K, 0% used [0x0000000782580000,0x0000000782580000,0x00000007ab680000)
  from space 26624K, 0% used [0x00000007ad100000,0x00000007ad100000,0x00000007aeb00000)
  to   space 27136K, 0% used [0x00000007ab680000,0x00000007ab680000,0x00000007ad100000)
 ParOldGen       total 142848K, used 58317K [0x0000000707000000, 0x000000070fb80000, 0x0000000782580000)
  object space 142848K, 40% used [0x0000000707000000,0x000000070a8f37b0,0x000000070fb80000)
 Metaspace       used 27566K, capacity 35379K, committed 35496K, reserved 1075200K
  class space    used 6684K, capacity 9510K, committed 9600K, reserved 1048576K
}
Event: 29.083 GC heap before
{Heap before GC invocations=15 (full 2):
 PSYoungGen      total 699392K, used 672768K [0x0000000782580000, 0x00000007b1700000, 0x00000007c0000000)
  eden space 672768K, 100% used [0x0000000782580000,0x00000007ab680000,0x00000007ab680000)
  from space 26624K, 0% used [0x00000007ad100000,0x00000007ad100000,0x00000007aeb00000)
  to   space 27136K, 0% used [0x00000007ab680000,0x00000007ab680000,0x00000007ad100000)
 ParOldGen       total 142848K, used 58317K [0x0000000707000000, 0x000000070fb80000, 0x0000000782580000)
  object space 142848K, 40% used [0x0000000707000000,0x000000070a8f37b0,0x000000070fb80000)
 Metaspace       used 27743K, capacity 35653K, committed 35752K, reserved 1075200K
  class space    used 6686K, capacity 9513K, committed 9600K, reserved 1048576K

Deoptimization events (10 events):
Event: 28.159 Thread 0x00007fbb7c9e47e0 Uncommon trap: reason=class_check action=maybe_recompile pc=0x00007fbb6ddfade8 method=clojure.lang.Numbers$LongOps.gte(Ljava/lang/Number;Ljava/lang/Number;)Z @ 1
Event: 28.370 Thread 0x00007fbb7c9e47e0 Uncommon trap: reason=class_check action=maybe_recompile pc=0x00007fbb6ddfade8 method=clojure.lang.Numbers$LongOps.gte(Ljava/lang/Number;Ljava/lang/Number;)Z @ 1
Event: 28.433 Thread 0x00007fbb7c9e47e0 Uncommon trap: reason=class_check action=maybe_recompile pc=0x00007fbb6ddfade8 method=clojure.lang.Numbers$LongOps.gte(Ljava/lang/Number;Ljava/lang/Number;)Z @ 1
Event: 28.848 Thread 0x00007fbb7c9d7160 Uncommon trap: reason=speculate_class_check action=maybe_recompile pc=0x00007fbb6e096654 method=clojure.lang.RT.seq(Ljava/lang/Object;)Lclojure/lang/ISeq; @ 1
Event: 28.848 Thread 0x00007fbb7c9d7160 Uncommon trap: reason=speculate_class_check action=maybe_recompile pc=0x00007fbb6e096654 method=clojure.lang.RT.seq(Ljava/lang/Object;)Lclojure/lang/ISeq; @ 1
Event: 28.874 Thread 0x00007fbb7c9c7a50 Uncommon trap: reason=speculate_class_check action=maybe_recompile pc=0x00007fbb6e0a194c method=clojure.lang.RT.seq(Ljava/lang/Object;)Lclojure/lang/ISeq; @ 1
Event: 28.874 Thread 0x00007fbb7c9c7a50 Uncommon trap: reason=speculate_class_check action=maybe_recompile pc=0x00007fbb6e0a194c method=clojure.lang.RT.seq(Ljava/lang/Object;)Lclojure/lang/ISeq; @ 1
Event: 28.874 Thread 0x00007fbb7c9c7a50 Uncommon trap: reason=speculate_class_check action=maybe_recompile pc=0x00007fbb6df50800 method=clojure.lang.RT.seq(Ljava/lang/Object;)Lclojure/lang/ISeq; @ 1
Event: 28.874 Thread 0x00007fbb7c9fdd40 Uncommon trap: reason=speculate_class_check action=maybe_recompile pc=0x00007fbb6df50800 method=clojure.lang.RT.seq(Ljava/lang/Object;)Lclojure/lang/ISeq; @ 1
Event: 28.874 Thread 0x00007fbb7c9c7a50 Uncommon trap: reason=speculate_class_check action=maybe_recompile pc=0x00007fbb6df50800 method=clojure.lang.RT.seq(Ljava/lang/Object;)Lclojure/lang/ISeq; @ 1

Classes redefined (0 events):
No events

Internal exceptions (10 events):
Event: 17.077 Thread 0x00007fbb7c00aef0 Exception <a 'java/io/FileNotFoundException'> (0x0000000783bcc200) thrown at [/builddir/build/BUILD/java-1.8.0-openjdk-1.8.0.171-8.b10.el7_5.x86_64/openjdk/hotspot/src/share/vm/prims/jni.cpp, line 710]
Event: 17.082 Thread 0x00007fbb7c00aef0 Implicit null exception at 0x00007fbb6d31542f to 0x00007fbb6d315abd
Event: 17.090 Thread 0x00007fbb7c00aef0 Implicit null exception at 0x00007fbb6d530bd6 to 0x00007fbb6d531141
Event: 25.271 Thread 0x00007fbb7c00aef0 Implicit null exception at 0x00007fbb6dced08c to 0x00007fbb6dced0f4
Event: 26.261 Thread 0x00007fbb7c9efe20 Implicit null exception at 0x00007fbb6d896e14 to 0x00007fbb6d89738d
Event: 26.264 Thread 0x00007fbb7c9e2660 Implicit null exception at 0x00007fbb6dde65ec to 0x00007fbb6dde697d
Event: 26.264 Thread 0x00007fbb7c9efe20 Implicit null exception at 0x00007fbb6dde65ec to 0x00007fbb6dde697d
Event: 26.264 Thread 0x00007fbb7c9e47e0 Implicit null exception at 0x00007fbb6d240e4f to 0x00007fbb6d2411dd
Event: 26.265 Thread 0x00007fbb7c9f8cd0 Implicit null exception at 0x00007fbb6da25c0f to 0x00007fbb6da25ded
Event: 26.482 Thread 0x00007fbb7c9e47e0 Implicit null exception at 0x00007fbb6d91c971 to 0x00007fbb6d91ccdd

Events (10 events):
Event: 28.874 Thread 0x00007fbb7c9fdd40 DEOPT UNPACKING pc=0x00007fbb6ce3c47a sp=0x00007fbb6047e3d0 mode 2
Event: 29.011 Thread 0x00007fbb7c9c5760 DEOPT PACKING pc=0x00007fbb6df80b10 sp=0x00007fbb6128bc40
Event: 29.011 Thread 0x00007fbb7c9c5760 DEOPT UNPACKING pc=0x00007fbb6ce3e0c4 sp=0x00007fbb6128bb90 mode 0
Event: 29.012 Executing VM operation: ForceSafepoint
Event: 29.028 Executing VM operation: ForceSafepoint done
Event: 29.043 Thread 0x00007fbb7c9f8cd0 DEOPT PACKING pc=0x00007fbb6df80b10 sp=0x00007fbb6037d990
Event: 29.043 Thread 0x00007fbb7c9f8cd0 DEOPT UNPACKING pc=0x00007fbb6ce3e0c4 sp=0x00007fbb6037d8e0 mode 0
Event: 29.076 Thread 0x00007fbb7c9f8cd0 DEOPT PACKING pc=0x00007fbb6df80b10 sp=0x00007fbb6037d990
Event: 29.076 Thread 0x00007fbb7c9f8cd0 DEOPT UNPACKING pc=0x00007fbb6ce3e0c4 sp=0x00007fbb6037d8e0 mode 0
Event: 29.082 Executing VM operation: ParallelGCFailedAllocation


Dynamic libraries:
00400000-00401000 r-xp 00000000 08:05 76037027                           /usr/lib/jvm/java-1.8.0-openjdk-1.8.0.171-8.b10.el7_5.x86_64/jre/bin/java
00600000-00601000 r--p 00000000 08:05 76037027                           /usr/lib/jvm/java-1.8.0-openjdk-1.8.0.171-8.b10.el7_5.x86_64/jre/bin/java
00601000-00602000 rw-p 00001000 08:05 76037027                           /usr/lib/jvm/java-1.8.0-openjdk-1.8.0.171-8.b10.el7_5.x86_64/jre/bin/java
01692000-016b3000 rw-p 00000000 00:00 0                                  [heap]
707000000-70fb80000 rw-p 00000000 00:00 0 
70fb80000-782580000 ---p 00000000 00:00 0 
782580000-7b1700000 rw-p 00000000 00:00 0 
7bff80000-7c0000000 ---p 00000000 00:00 0 
7c0000000-7c0960000 rw-p 00000000 00:00 0 
7c0960000-800000000 ---p 00000000 00:00 0 
7fba74000000-7fba74021000 rw-p 00000000 00:00 0 
7fba74021000-7fba78000000 ---p 00000000 00:00 0 
7fba78000000-7fba78021000 rw-p 00000000 00:00 0 
7fba78021000-7fba7c000000 ---p 00000000 00:00 0 
7fba7c000000-7fba7c021000 rw-p 00000000 00:00 0 
7fba7c021000-7fba80000000 ---p 00000000 00:00 0 
7fba80000000-7fba80021000 rw-p 00000000 00:00 0 
7fba80021000-7fba84000000 ---p 00000000 00:00 0 
7fba84000000-7fba84021000 rw-p 00000000 00:00 0 
7fba84021000-7fba88000000 ---p 00000000 00:00 0 
7fba88000000-7fba88021000 rw-p 00000000 00:00 0 
7fba88021000-7fba8c000000 ---p 00000000 00:00 0 
7fba8c000000-7fba8c021000 rw-p 00000000 00:00 0 
7fba8c021000-7fba90000000 ---p 00000000 00:00 0 
7fba90000000-7fba90022000 rw-p 00000000 00:00 0 
7fba90022000-7fba94000000 ---p 00000000 00:00 0 
7fba94000000-7fba94021000 rw-p 00000000 00:00 0 
7fba94021000-7fba98000000 ---p 00000000 00:00 0 
7fba98000000-7fba98021000 rw-p 00000000 00:00 0 
7fba98021000-7fba9c000000 ---p 00000000 00:00 0 
7fba9c000000-7fba9c021000 rw-p 00000000 00:00 0 
7fba9c021000-7fbaa0000000 ---p 00000000 00:00 0 
7fbaa0000000-7fbaa0021000 rw-p 00000000 00:00 0 
7fbaa0021000-7fbaa4000000 ---p 00000000 00:00 0 
7fbaa4000000-7fbaa4021000 rw-p 00000000 00:00 0 
7fbaa4021000-7fbaa8000000 ---p 00000000 00:00 0 
7fbaa8000000-7fbaa8030000 rw-p 00000000 00:00 0 
7fbaa8030000-7fbaac000000 ---p 00000000 00:00 0 
7fbaac000000-7fbaac021000 rw-p 00000000 00:00 0 
7fbaac021000-7fbab0000000 ---p 00000000 00:00 0 
7fbab0000000-7fbab0021000 rw-p 00000000 00:00 0 
7fbab0021000-7fbab4000000 ---p 00000000 00:00 0 
7fbab4000000-7fbab4021000 rw-p 00000000 00:00 0 
7fbab4021000-7fbab8000000 ---p 00000000 00:00 0 
7fbab8000000-7fbab8021000 rw-p 00000000 00:00 0 
7fbab8021000-7fbabc000000 ---p 00000000 00:00 0 
7fbabc000000-7fbabc2d7000 rw-p 00000000 00:00 0 
7fbabc2d7000-7fbac0000000 ---p 00000000 00:00 0 
7fbac0000000-7fbac0021000 rw-p 00000000 00:00 0 
7fbac0021000-7fbac4000000 ---p 00000000 00:00 0 
7fbac4000000-7fbac4344000 rw-p 00000000 00:00 0 
7fbac4344000-7fbac8000000 ---p 00000000 00:00 0 
7fbac8000000-7fbac82f9000 rw-p 00000000 00:00 0 
7fbac82f9000-7fbacc000000 ---p 00000000 00:00 0 
7fbacc000000-7fbacd04c000 rw-p 00000000 00:00 0 
7fbacd04c000-7fbad0000000 ---p 00000000 00:00 0 
7fbad0000000-7fbad0329000 rw-p 00000000 00:00 0 
7fbad0329000-7fbad4000000 ---p 00000000 00:00 0 
7fbad4000000-7fbad5023000 rw-p 00000000 00:00 0 
7fbad5023000-7fbad8000000 ---p 00000000 00:00 0 
7fbad8000000-7fbad8913000 rw-p 00000000 00:00 0 
7fbad8913000-7fbadc000000 ---p 00000000 00:00 0 
7fbadc000000-7fbadcb8d000 rw-p 00000000 00:00 0 
7fbadcb8d000-7fbae0000000 ---p 00000000 00:00 0 
7fbae0000000-7fbae0a28000 rw-p 00000000 00:00 0 
7fbae0a28000-7fbae4000000 ---p 00000000 00:00 0 
7fbae4000000-7fbae5906000 rw-p 00000000 00:00 0 
7fbae5906000-7fbae8000000 ---p 00000000 00:00 0 
7fbae8000000-7fbae8c50000 rw-p 00000000 00:00 0 
7fbae8c50000-7fbaec000000 ---p 00000000 00:00 0 
7fbaec000000-7fbaec021000 rw-p 00000000 00:00 0 
7fbaec021000-7fbaf0000000 ---p 00000000 00:00 0 
7fbaf0000000-7fbaf0c93000 rw-p 00000000 00:00 0 
7fbaf0c93000-7fbaf4000000 ---p 00000000 00:00 0 
7fbaf4000000-7fbaf4021000 rw-p 00000000 00:00 0 
7fbaf4021000-7fbaf8000000 ---p 00000000 00:00 0 
7fbaf9ad7000-7fbb00000000 r--p 00000000 08:05 135339676                  /usr/lib/locale/locale-archive
7fbb00000000-7fbb00021000 rw-p 00000000 00:00 0 
7fbb00021000-7fbb04000000 ---p 00000000 00:00 0 
7fbb04000000-7fbb04021000 rw-p 00000000 00:00 0 
7fbb04021000-7fbb08000000 ---p 00000000 00:00 0 
7fbb08000000-7fbb08021000 rw-p 00000000 00:00 0 
7fbb08021000-7fbb0c000000 ---p 00000000 00:00 0 
7fbb0c000000-7fbb0c021000 rw-p 00000000 00:00 0 
7fbb0c021000-7fbb10000000 ---p 00000000 00:00 0 
7fbb10000000-7fbb10021000 rw-p 00000000 00:00 0 
7fbb10021000-7fbb14000000 ---p 00000000 00:00 0 
7fbb18000000-7fbb18021000 rw-p 00000000 00:00 0 
7fbb18021000-7fbb1c000000 ---p 00000000 00:00 0 
7fbb20000000-7fbb20021000 rw-p 00000000 00:00 0 
7fbb20021000-7fbb24000000 ---p 00000000 00:00 0 
7fbb28000000-7fbb28021000 rw-p 00000000 00:00 0 
7fbb28021000-7fbb2c000000 ---p 00000000 00:00 0 
7fbb2e380000-7fbb34000000 rw-p 00000000 00:00 0 
7fbb34000000-7fbb34021000 rw-p 00000000 00:00 0 
7fbb34021000-7fbb38000000 ---p 00000000 00:00 0 
7fbb3c000000-7fbb3c021000 rw-p 00000000 00:00 0 
7fbb3c021000-7fbb40000000 ---p 00000000 00:00 0 
7fbb44000000-7fbb44021000 rw-p 00000000 00:00 0 
7fbb44021000-7fbb48000000 ---p 00000000 00:00 0 
7fbb4c000000-7fbb4c021000 rw-p 00000000 00:00 0 
7fbb4c021000-7fbb50000000 ---p 00000000 00:00 0 
7fbb54000000-7fbb54021000 rw-p 00000000 00:00 0 
7fbb54021000-7fbb58000000 ---p 00000000 00:00 0 
7fbb58000000-7fbb58021000 rw-p 00000000 00:00 0 
7fbb58021000-7fbb5c000000 ---p 00000000 00:00 0 
7fbb5c000000-7fbb5c021000 rw-p 00000000 00:00 0 
7fbb5c021000-7fbb60000000 ---p 00000000 00:00 0 
7fbb6017e000-7fbb60181000 ---p 00000000 00:00 0 
7fbb60181000-7fbb6027f000 rw-p 00000000 00:00 0 
7fbb6027f000-7fbb60282000 ---p 00000000 00:00 0 
7fbb60282000-7fbb60380000 rw-p 00000000 00:00 0 
7fbb60380000-7fbb60383000 ---p 00000000 00:00 0 
7fbb60383000-7fbb60481000 rw-p 00000000 00:00 0 
7fbb60481000-7fbb60484000 ---p 00000000 00:00 0 
7fbb60484000-7fbb60582000 rw-p 00000000 00:00 0 
7fbb60582000-7fbb60585000 ---p 00000000 00:00 0 
7fbb60585000-7fbb60683000 rw-p 00000000 00:00 0 
7fbb60683000-7fbb60686000 ---p 00000000 00:00 0 
7fbb60686000-7fbb60784000 rw-p 00000000 00:00 0 
7fbb60784000-7fbb60787000 ---p 00000000 00:00 0 
7fbb60787000-7fbb60885000 rw-p 00000000 00:00 0 
7fbb60885000-7fbb60888000 ---p 00000000 00:00 0 
7fbb60888000-7fbb60986000 rw-p 00000000 00:00 0 
7fbb60986000-7fbb60989000 ---p 00000000 00:00 0 
7fbb60989000-7fbb60a87000 rw-p 00000000 00:00 0 
7fbb60a87000-7fbb60a8a000 ---p 00000000 00:00 0 
7fbb60a8a000-7fbb60b88000 rw-p 00000000 00:00 0 
7fbb60b88000-7fbb60b8b000 ---p 00000000 00:00 0 
7fbb60b8b000-7fbb60c89000 rw-p 00000000 00:00 0 
7fbb60c89000-7fbb60c8c000 ---p 00000000 00:00 0 
7fbb60c8c000-7fbb60d8a000 rw-p 00000000 00:00 0 
7fbb60d8a000-7fbb60d8d000 ---p 00000000 00:00 0 
7fbb60d8d000-7fbb60e8b000 rw-p 00000000 00:00 0 
7fbb60e8b000-7fbb60e8e000 ---p 00000000 00:00 0 
7fbb60e8e000-7fbb60f8c000 rw-p 00000000 00:00 0 
7fbb60f8c000-7fbb60f8f000 ---p 00000000 00:00 0 
7fbb60f8f000-7fbb6108d000 rw-p 00000000 00:00 0 
7fbb6108d000-7fbb61090000 ---p 00000000 00:00 0 
7fbb61090000-7fbb6118e000 rw-p 00000000 00:00 0 
7fbb6118e000-7fbb61191000 ---p 00000000 00:00 0 
7fbb61191000-7fbb61419000 rw-p 00000000 00:00 0 
7fbb61419000-7fbb6148f000 ---p 00000000 00:00 0 
7fbb6148f000-7fbb6168f000 rw-p 00000000 00:00 0 
7fbb6168f000-7fbb6188f000 rw-p 00000000 00:00 0 
7fbb6188f000-7fbb61a8f000 rw-p 00000000 00:00 0 
7fbb61a8f000-7fbb61c8f000 rw-p 00000000 00:00 0 
7fbb61c8f000-7fbb61e8f000 rw-p 00000000 00:00 0 
7fbb61e8f000-7fbb6208f000 rw-p 00000000 00:00 0 
7fbb6208f000-7fbb6228f000 rw-p 00000000 00:00 0 
7fbb6228f000-7fbb6248f000 rw-p 00000000 00:00 0 
7fbb624a2000-7fbb624a5000 ---p 00000000 00:00 0 
7fbb624a5000-7fbb625a3000 rw-p 00000000 00:00 0 
7fbb625a3000-7fbb625e6000 r--s 00332000 00:2e 249006526                  /home/xhe/.m2/repository/org/clojure/clojure/1.8.0/clojure-1.8.0.jar
7fbb625e6000-7fbb625e7000 ---p 00000000 00:00 0 
7fbb625e7000-7fbb626e7000 rw-p 00000000 00:00 0 
7fbb626e7000-7fbb626ea000 ---p 00000000 00:00 0 
7fbb626ea000-7fbb627e8000 rw-p 00000000 00:00 0 
7fbb627e8000-7fbb627ec000 ---p 00000000 00:00 0 
7fbb627ec000-7fbb628e9000 rw-p 00000000 00:00 0 
7fbb628e9000-7fbb628ed000 ---p 00000000 00:00 0 
7fbb628ed000-7fbb629ea000 rw-p 00000000 00:00 0 
7fbb629ea000-7fbb629ee000 ---p 00000000 00:00 0 
7fbb629ee000-7fbb62aeb000 rw-p 00000000 00:00 0 
7fbb62aeb000-7fbb62aef000 ---p 00000000 00:00 0 
7fbb62aef000-7fbb62bec000 rw-p 00000000 00:00 0 
7fbb62bec000-7fbb62bf0000 ---p 00000000 00:00 0 
7fbb62bf0000-7fbb62ced000 rw-p 00000000 00:00 0 
7fbb62ced000-7fbb62cf1000 ---p 00000000 00:00 0 
7fbb62cf1000-7fbb62dee000 rw-p 00000000 00:00 0 
7fbb62dee000-7fbb62df2000 ---p 00000000 00:00 0 
7fbb62df2000-7fbb62eef000 rw-p 00000000 00:00 0 
7fbb62eef000-7fbb62ef3000 ---p 00000000 00:00 0 
7fbb62ef3000-7fbb62ff0000 rw-p 00000000 00:00 0 
7fbb62ff0000-7fbb62ff4000 ---p 00000000 00:00 0 
7fbb62ff4000-7fbb630f1000 rw-p 00000000 00:00 0 
7fbb630f1000-7fbb630f5000 ---p 00000000 00:00 0 
7fbb630f5000-7fbb631f2000 rw-p 00000000 00:00 0 
7fbb631f2000-7fbb631f6000 ---p 00000000 00:00 0 
7fbb631f6000-7fbb632f3000 rw-p 00000000 00:00 0 
7fbb632f3000-7fbb632f7000 ---p 00000000 00:00 0 
7fbb632f7000-7fbb633f4000 rw-p 00000000 00:00 0 
7fbb633f4000-7fbb633f7000 ---p 00000000 00:00 0 
7fbb633f7000-7fbb634f5000 rw-p 00000000 00:00 0 
7fbb634f5000-7fbb634f8000 ---p 00000000 00:00 0 
7fbb634f8000-7fbb635f6000 rw-p 00000000 00:00 0 
7fbb635f6000-7fbb635f9000 ---p 00000000 00:00 0 
7fbb635f9000-7fbb636f7000 rw-p 00000000 00:00 0 
7fbb636f7000-7fbb636f8000 ---p 00000000 00:00 0 
7fbb636f8000-7fbb64000000 rw-p 00000000 00:00 0 
7fbb64000000-7fbb64021000 rw-p 00000000 00:00 0 
7fbb64021000-7fbb68000000 ---p 00000000 00:00 0 
7fbb68013000-7fbb68014000 rw-p 00000000 00:00 0 
7fbb68014000-7fbb68019000 r--s 000b6000 08:05 67543830                   /usr/lib/jvm/java-1.8.0-openjdk-1.8.0.171-8.b10.el7_5.x86_64/jre/lib/jsse.jar
7fbb68019000-7fbb6801d000 r--s 00041000 00:2e 249006532                  /home/xhe/.m2/repository/com/fasterxml/jackson/core/jackson-core/2.8.6/jackson-core-2.8.6.jar
7fbb6801d000-7fbb6803b000 r--s 00180000 00:2e 249006533                  /home/xhe/.m2/repository/org/apache/commons/commons-math3/3.2/commons-math3-3.2.jar
7fbb6803b000-7fbb6803d000 r--s 00000000 00:2e 249006558                  /home/xhe/.m2/repository/net/totakke/libra/0.1.0/libra-0.1.0.jar
7fbb6803d000-7fbb6803f000 r--s 00011000 00:2e 249006534                  /home/xhe/.m2/repository/com/fasterxml/jackson/dataformat/jackson-dataformat-smile/2.8.6/jackson-dataformat-smile-2.8.6.jar
7fbb6803f000-7fbb68040000 r--s 00001000 00:2e 249006530                  /home/xhe/.m2/repository/org/clojure/data.json/0.2.6/data.json-0.2.6.jar
7fbb68040000-7fbb68041000 r--s 00000000 00:2e 249006552                  /home/xhe/.m2/repository/de/kotka/lazymap/3.1.0/lazymap-3.1.0.jar
7fbb68041000-7fbb6a3ef000 rw-p 00000000 00:00 0 
7fbb6a3ef000-7fbb6a5be000 r--s 0440f000 08:05 67543839                   /usr/lib/jvm/java-1.8.0-openjdk-1.8.0.171-8.b10.el7_5.x86_64/jre/lib/rt.jar
7fbb6a5be000-7fbb6b386000 rw-p 00000000 00:00 0 
7fbb6b386000-7fbb6b387000 ---p 00000000 00:00 0 
7fbb6b387000-7fbb6b487000 rw-p 00000000 00:00 0 
7fbb6b487000-7fbb6b488000 ---p 00000000 00:00 0 
7fbb6b488000-7fbb6b588000 rw-p 00000000 00:00 0 
7fbb6b588000-7fbb6b589000 ---p 00000000 00:00 0 
7fbb6b589000-7fbb6b689000 rw-p 00000000 00:00 0 
7fbb6b689000-7fbb6b68a000 ---p 00000000 00:00 0 
7fbb6b68a000-7fbb6b78a000 rw-p 00000000 00:00 0 
7fbb6b78a000-7fbb6b78b000 ---p 00000000 00:00 0 
7fbb6b78b000-7fbb6b88b000 rw-p 00000000 00:00 0 
7fbb6b88b000-7fbb6b88c000 ---p 00000000 00:00 0 
7fbb6b88c000-7fbb6b98c000 rw-p 00000000 00:00 0 
7fbb6b98c000-7fbb6b98d000 ---p 00000000 00:00 0 
7fbb6b98d000-7fbb6ba8d000 rw-p 00000000 00:00 0 
7fbb6ba8d000-7fbb6ba8e000 ---p 00000000 00:00 0 
7fbb6ba8e000-7fbb6bb8e000 rw-p 00000000 00:00 0 
7fbb6bb8e000-7fbb6bb8f000 ---p 00000000 00:00 0 
7fbb6bb8f000-7fbb6bc8f000 rw-p 00000000 00:00 0 
7fbb6bc8f000-7fbb6bc90000 ---p 00000000 00:00 0 
7fbb6bc90000-7fbb6bd90000 rw-p 00000000 00:00 0 
7fbb6bd90000-7fbb6bd91000 ---p 00000000 00:00 0 
7fbb6bd91000-7fbb6be91000 rw-p 00000000 00:00 0 
7fbb6be91000-7fbb6be92000 ---p 00000000 00:00 0 
7fbb6be92000-7fbb6bf92000 rw-p 00000000 00:00 0 
7fbb6bf92000-7fbb6bf93000 ---p 00000000 00:00 0 
7fbb6bf93000-7fbb6c0d9000 rw-p 00000000 00:00 0 
7fbb6c0d9000-7fbb6c46e000 ---p 00000000 00:00 0 
7fbb6c46e000-7fbb6c4b4000 rw-p 00000000 00:00 0 
7fbb6c4b4000-7fbb6c848000 ---p 00000000 00:00 0 
7fbb6c848000-7fbb6c9c2000 rw-p 00000000 00:00 0 
7fbb6c9c2000-7fbb6ca36000 ---p 00000000 00:00 0 
7fbb6ca36000-7fbb6ca83000 rw-p 00000000 00:00 0 
7fbb6ca83000-7fbb6cdf7000 ---p 00000000 00:00 0 
7fbb6cdf7000-7fbb6e0e7000 rwxp 00000000 00:00 0 
7fbb6e0e7000-7fbb7bdf7000 ---p 00000000 00:00 0 
7fbb7bdf7000-7fbb7bdff000 r-xp 00000000 08:05 135994947                  /usr/lib/jvm/java-1.8.0-openjdk-1.8.0.171-8.b10.el7_5.x86_64/jre/lib/amd64/libzip.so
7fbb7bdff000-7fbb7bffe000 ---p 00008000 08:05 135994947                  /usr/lib/jvm/java-1.8.0-openjdk-1.8.0.171-8.b10.el7_5.x86_64/jre/lib/amd64/libzip.so
7fbb7bffe000-7fbb7bfff000 r--p 00007000 08:05 135994947                  /usr/lib/jvm/java-1.8.0-openjdk-1.8.0.171-8.b10.el7_5.x86_64/jre/lib/amd64/libzip.so
7fbb7bfff000-7fbb7c000000 rw-p 00008000 08:05 135994947                  /usr/lib/jvm/java-1.8.0-openjdk-1.8.0.171-8.b10.el7_5.x86_64/jre/lib/amd64/libzip.so
7fbb7c000000-7fbb7ccb1000 rw-p 00000000 00:00 0 
7fbb7ccb1000-7fbb80000000 ---p 00000000 00:00 0 
7fbb80000000-7fbb80002000 r--s 0000b000 00:2e 249006548                  /home/xhe/.m2/repository/kephale/uncommons-maths/1.2.3/uncommons-maths-1.2.3.jar
7fbb80002000-7fbb8000c000 r--s 00056000 00:2e 249006438                  /home/xhe/.m2/repository/cider/cider-nrepl/0.17.0/cider-nrepl-0.17.0.jar
7fbb8000c000-7fbb8000e000 r--s 00005000 00:2e 249006550                  /home/xhe/.m2/repository/cheshire/cheshire/5.7.1/cheshire-5.7.1.jar
7fbb8000e000-7fbb8000f000 r--s 00000000 00:2e 249006543                  /home/xhe/.m2/repository/clj-random/clj-random/0.1.7/clj-random-0.1.7.jar
7fbb8000f000-7fbb80010000 r--s 00000000 00:2e 249006542                  /home/xhe/.m2/repository/local-file/local-file/0.1.0/local-file-0.1.0.jar
7fbb80010000-7fbb800f5000 rw-p 00000000 00:00 0 
7fbb800f5000-7fbb808fa000 r--s 00000000 08:03 38155                      /var/lib/sss/mc/passwd
7fbb808fa000-7fbb80902000 r-xp 00000000 08:05 204933493                  /usr/lib64/libnss_sss.so.2
7fbb80902000-7fbb80b01000 ---p 00008000 08:05 204933493                  /usr/lib64/libnss_sss.so.2
7fbb80b01000-7fbb80b02000 r--p 00007000 08:05 204933493                  /usr/lib64/libnss_sss.so.2
7fbb80b02000-7fbb80b03000 rw-p 00008000 08:05 204933493                  /usr/lib64/libnss_sss.so.2
7fbb80b03000-7fbb80b0f000 r-xp 00000000 08:05 202816356                  /usr/lib64/libnss_files-2.17.so
7fbb80b0f000-7fbb80d0e000 ---p 0000c000 08:05 202816356                  /usr/lib64/libnss_files-2.17.so
7fbb80d0e000-7fbb80d0f000 r--p 0000b000 08:05 202816356                  /usr/lib64/libnss_files-2.17.so
7fbb80d0f000-7fbb80d10000 rw-p 0000c000 08:05 202816356                  /usr/lib64/libnss_files-2.17.so
7fbb80d10000-7fbb80d16000 rw-p 00000000 00:00 0 
7fbb80d16000-7fbb80d44000 r-xp 00000000 08:05 135994923                  /usr/lib/jvm/java-1.8.0-openjdk-1.8.0.171-8.b10.el7_5.x86_64/jre/lib/amd64/libjava.so
7fbb80d44000-7fbb80f43000 ---p 0002e000 08:05 135994923                  /usr/lib/jvm/java-1.8.0-openjdk-1.8.0.171-8.b10.el7_5.x86_64/jre/lib/amd64/libjava.so
7fbb80f43000-7fbb80f44000 r--p 0002d000 08:05 135994923                  /usr/lib/jvm/java-1.8.0-openjdk-1.8.0.171-8.b10.el7_5.x86_64/jre/lib/amd64/libjava.so
7fbb80f44000-7fbb80f46000 rw-p 0002e000 08:05 135994923                  /usr/lib/jvm/java-1.8.0-openjdk-1.8.0.171-8.b10.el7_5.x86_64/jre/lib/amd64/libjava.so
7fbb80f46000-7fbb80f53000 r-xp 00000000 08:05 135994946                  /usr/lib/jvm/java-1.8.0-openjdk-1.8.0.171-8.b10.el7_5.x86_64/jre/lib/amd64/libverify.so
7fbb80f53000-7fbb81152000 ---p 0000d000 08:05 135994946                  /usr/lib/jvm/java-1.8.0-openjdk-1.8.0.171-8.b10.el7_5.x86_64/jre/lib/amd64/libverify.so
7fbb81152000-7fbb81154000 r--p 0000c000 08:05 135994946                  /usr/lib/jvm/java-1.8.0-openjdk-1.8.0.171-8.b10.el7_5.x86_64/jre/lib/amd64/libverify.so
7fbb81154000-7fbb81155000 rw-p 0000e000 08:05 135994946                  /usr/lib/jvm/java-1.8.0-openjdk-1.8.0.171-8.b10.el7_5.x86_64/jre/lib/amd64/libverify.so
7fbb81155000-7fbb8115c000 r-xp 00000000 08:05 202816363                  /usr/lib64/librt-2.17.so
7fbb8115c000-7fbb8135b000 ---p 00007000 08:05 202816363                  /usr/lib64/librt-2.17.so
7fbb8135b000-7fbb8135c000 r--p 00006000 08:05 202816363                  /usr/lib64/librt-2.17.so
7fbb8135c000-7fbb8135d000 rw-p 00007000 08:05 202816363                  /usr/lib64/librt-2.17.so
7fbb8135d000-7fbb81372000 r-xp 00000000 08:05 201429134                  /usr/lib64/libgcc_s-4.8.5-20150702.so.1
7fbb81372000-7fbb81571000 ---p 00015000 08:05 201429134                  /usr/lib64/libgcc_s-4.8.5-20150702.so.1
7fbb81571000-7fbb81572000 r--p 00014000 08:05 201429134                  /usr/lib64/libgcc_s-4.8.5-20150702.so.1
7fbb81572000-7fbb81573000 rw-p 00015000 08:05 201429134                  /usr/lib64/libgcc_s-4.8.5-20150702.so.1
7fbb81573000-7fbb81674000 r-xp 00000000 08:05 202816345                  /usr/lib64/libm-2.17.so
7fbb81674000-7fbb81873000 ---p 00101000 08:05 202816345                  /usr/lib64/libm-2.17.so
7fbb81873000-7fbb81874000 r--p 00100000 08:05 202816345                  /usr/lib64/libm-2.17.so
7fbb81874000-7fbb81875000 rw-p 00101000 08:05 202816345                  /usr/lib64/libm-2.17.so
7fbb81875000-7fbb8195e000 r-xp 00000000 08:05 202418614                  /usr/lib64/libstdc++.so.6.0.19
7fbb8195e000-7fbb81b5d000 ---p 000e9000 08:05 202418614                  /usr/lib64/libstdc++.so.6.0.19
7fbb81b5d000-7fbb81b65000 r--p 000e8000 08:05 202418614                  /usr/lib64/libstdc++.so.6.0.19
7fbb81b65000-7fbb81b67000 rw-p 000f0000 08:05 202418614                  /usr/lib64/libstdc++.so.6.0.19
7fbb81b67000-7fbb81b7c000 rw-p 00000000 00:00 0 
7fbb81b7c000-7fbb82842000 r-xp 00000000 08:05 67543813                   /usr/lib/jvm/java-1.8.0-openjdk-1.8.0.171-8.b10.el7_5.x86_64/jre/lib/amd64/server/libjvm.so
7fbb82842000-7fbb82a42000 ---p 00cc6000 08:05 67543813                   /usr/lib/jvm/java-1.8.0-openjdk-1.8.0.171-8.b10.el7_5.x86_64/jre/lib/amd64/server/libjvm.so
7fbb82a42000-7fbb82aed000 r--p 00cc6000 08:05 67543813                   /usr/lib/jvm/java-1.8.0-openjdk-1.8.0.171-8.b10.el7_5.x86_64/jre/lib/amd64/server/libjvm.so
7fbb82aed000-7fbb82b16000 rw-p 00d71000 08:05 67543813                   /usr/lib/jvm/java-1.8.0-openjdk-1.8.0.171-8.b10.el7_5.x86_64/jre/lib/amd64/server/libjvm.so
7fbb82b16000-7fbb82b49000 rw-p 00000000 00:00 0 
7fbb82b49000-7fbb82d0c000 r-xp 00000000 08:05 201328629                  /usr/lib64/libc-2.17.so
7fbb82d0c000-7fbb82f0b000 ---p 001c3000 08:05 201328629                  /usr/lib64/libc-2.17.so
7fbb82f0b000-7fbb82f0f000 r--p 001c2000 08:05 201328629                  /usr/lib64/libc-2.17.so
7fbb82f0f000-7fbb82f11000 rw-p 001c6000 08:05 201328629                  /usr/lib64/libc-2.17.so
7fbb82f11000-7fbb82f16000 rw-p 00000000 00:00 0 
7fbb82f16000-7fbb82f18000 r-xp 00000000 08:05 202816343                  /usr/lib64/libdl-2.17.so
7fbb82f18000-7fbb83118000 ---p 00002000 08:05 202816343                  /usr/lib64/libdl-2.17.so
7fbb83118000-7fbb83119000 r--p 00002000 08:05 202816343                  /usr/lib64/libdl-2.17.so
7fbb83119000-7fbb8311a000 rw-p 00003000 08:05 202816343                  /usr/lib64/libdl-2.17.so
7fbb8311a000-7fbb83128000 r-xp 00000000 08:05 1726550                    /usr/lib/jvm/java-1.8.0-openjdk-1.8.0.171-8.b10.el7_5.x86_64/jre/lib/amd64/jli/libjli.so
7fbb83128000-7fbb83327000 ---p 0000e000 08:05 1726550                    /usr/lib/jvm/java-1.8.0-openjdk-1.8.0.171-8.b10.el7_5.x86_64/jre/lib/amd64/jli/libjli.so
7fbb83327000-7fbb83328000 r--p 0000d000 08:05 1726550                    /usr/lib/jvm/java-1.8.0-openjdk-1.8.0.171-8.b10.el7_5.x86_64/jre/lib/amd64/jli/libjli.so
7fbb83328000-7fbb83329000 rw-p 0000e000 08:05 1726550                    /usr/lib/jvm/java-1.8.0-openjdk-1.8.0.171-8.b10.el7_5.x86_64/jre/lib/amd64/jli/libjli.so
7fbb83329000-7fbb8333e000 r-xp 00000000 08:05 204492934                  /usr/lib64/libz.so.1.2.7
7fbb8333e000-7fbb8353d000 ---p 00015000 08:05 204492934                  /usr/lib64/libz.so.1.2.7
7fbb8353d000-7fbb8353e000 r--p 00014000 08:05 204492934                  /usr/lib64/libz.so.1.2.7
7fbb8353e000-7fbb8353f000 rw-p 00015000 08:05 204492934                  /usr/lib64/libz.so.1.2.7
7fbb8353f000-7fbb83556000 r-xp 00000000 08:05 201328655                  /usr/lib64/libpthread-2.17.so
7fbb83556000-7fbb83755000 ---p 00017000 08:05 201328655                  /usr/lib64/libpthread-2.17.so
7fbb83755000-7fbb83756000 r--p 00016000 08:05 201328655                  /usr/lib64/libpthread-2.17.so
7fbb83756000-7fbb83757000 rw-p 00017000 08:05 201328655                  /usr/lib64/libpthread-2.17.so
7fbb83757000-7fbb8375b000 rw-p 00000000 00:00 0 
7fbb8375b000-7fbb8377d000 r-xp 00000000 08:05 201328622                  /usr/lib64/ld-2.17.so
7fbb8377d000-7fbb8377f000 r--s 00000000 00:2e 249006523                  /home/xhe/.m2/repository/org/clojure/math.numeric-tower/0.0.4/math.numeric-tower-0.0.4.jar
7fbb8377f000-7fbb83781000 r--s 0000b000 00:2e 249006535                  /home/xhe/.m2/repository/com/fasterxml/jackson/dataformat/jackson-dataformat-cbor/2.8.6/jackson-dataformat-cbor-2.8.6.jar
7fbb83781000-7fbb83782000 r--s 00001000 00:2e 249006541                  /home/xhe/.m2/repository/clojure-csv/clojure-csv/2.0.1/clojure-csv-2.0.1.jar
7fbb83782000-7fbb83783000 r--s 00002000 00:2e 249006566                  /home/xhe/.m2/repository/clojure-complete/clojure-complete/0.2.4/clojure-complete-0.2.4.jar
7fbb83783000-7fbb83785000 r--s 00008000 00:2e 249006544                  /home/xhe/.m2/repository/org/clojars/etosch/cosmos/1.0.0/cosmos-1.0.0.jar
7fbb83785000-7fbb83786000 r--s 00009000 00:2e 249006564                  /home/xhe/.m2/repository/org/clojure/tools.nrepl/0.2.12/tools.nrepl-0.2.12.jar
7fbb83786000-7fbb83788000 r--s 0000c000 00:2e 249006551                  /home/xhe/.m2/repository/prismatic/plumbing/0.5.4/plumbing-0.5.4.jar
7fbb83788000-7fbb83789000 r--s 00000000 00:2e 249006525                  /home/xhe/.m2/repository/org/clojure/data.csv/0.1.3/data.csv-0.1.3.jar
7fbb83789000-7fbb8378a000 r--s 0000f000 00:2e 249006555                  /home/xhe/.m2/repository/prismatic/schema/1.0.1/schema-1.0.1.jar
7fbb8378a000-7fbb8378b000 r--s 00009000 00:2e 249006557                  /home/xhe/.m2/repository/criterium/criterium/0.4.4/criterium-0.4.4.jar
7fbb8378b000-7fbb8378c000 r--s 00001000 00:2e 249006425                  /home/xhe/.m2/repository/tigris/tigris/0.1.1/tigris-0.1.1.jar
7fbb8378c000-7fbb8378d000 r--s 00002000 00:2e 249006524                  /home/xhe/.m2/repository/org/clojure/math.combinatorics/0.1.1/math.combinatorics-0.1.1.jar
7fbb8378d000-7fbb8386b000 rw-p 00000000 00:00 0 
7fbb8386b000-7fbb83873000 rw-s 00000000 08:05 135889264                  /tmp/hsperfdata_xhe/22663
7fbb83873000-7fbb83874000 rw-p 00000000 00:00 0 
7fbb83874000-7fbb83875000 ---p 00000000 00:00 0 
7fbb83875000-7fbb83879000 ---p 00000000 00:00 0 
7fbb83879000-7fbb8397c000 rw-p 00000000 00:00 0 
7fbb8397c000-7fbb8397d000 r--p 00021000 08:05 201328622                  /usr/lib64/ld-2.17.so
7fbb8397d000-7fbb8397e000 rw-p 00022000 08:05 201328622                  /usr/lib64/ld-2.17.so
7fbb8397e000-7fbb8397f000 rw-p 00000000 00:00 0 
7ffd26518000-7ffd2653a000 rw-p 00000000 00:00 0                          [stack]
7ffd26569000-7ffd2656b000 r-xp 00000000 00:00 0                          [vdso]
ffffffffff600000-ffffffffff601000 r-xp 00000000 00:00 0                  [vsyscall]

VM Arguments:
jvm_args: -Dfile.encoding=UTF-8 -Dclojure.compile.path=/home/xhe/clojush7/target/classes -Dclojush.version=3.11.1-1-SNAPSHOT -Dclojure.debug=false 
java_command: clojure.main -i /tmp/form-init3345342904188795616.clj
java_class_path (initial): /home/xhe/clojush7/test:/home/xhe/clojush7/src:/home/xhe/clojush7/dev-resources:/home/xhe/clojush7/resources:/home/xhe/clojush7/target/classes:/home/xhe/.m2/repository/org/clojure/math.combinatorics/0.1.1/math.combinatorics-0.1.1.jar:/home/xhe/.m2/repository/org/clojure/clojure/1.8.0/clojure-1.8.0.jar:/home/xhe/.m2/repository/tigris/tigris/0.1.1/tigris-0.1.1.jar:/home/xhe/.m2/repository/criterium/criterium/0.4.4/criterium-0.4.4.jar:/home/xhe/.m2/repository/prismatic/schema/1.0.1/schema-1.0.1.jar:/home/xhe/.m2/repository/org/clojure/data.csv/0.1.3/data.csv-0.1.3.jar:/home/xhe/.m2/repository/prismatic/plumbing/0.5.4/plumbing-0.5.4.jar:/home/xhe/.m2/repository/org/clojure/tools.nrepl/0.2.12/tools.nrepl-0.2.12.jar:/home/xhe/.m2/repository/org/clojars/etosch/cosmos/1.0.0/cosmos-1.0.0.jar:/home/xhe/.m2/repository/clojure-complete/clojure-complete/0.2.4/clojure-complete-0.2.4.jar:/home/xhe/.m2/repository/clojure-csv/clojure-csv/2.0.1/clojure-csv-2.0.1.jar:/home/xhe/.m2/repository/com/fasterxml/jackson/dataformat/jackson-dataformat-cbor/2.8.6/jackson-dataformat-cbor-2.8.6.jar:/home/xhe/.m2/repository/org/clojure/math.numeric-tower/0.0.4/math.numeric-tower-0.0.4.jar:/home/xhe/.m2/repository/local-file/local-file/0.1.0/local-file-0.1.0.jar:/home/xhe/.m2/repository/clj-random/clj-random/0.1.7/clj-random-0.1.7.jar:/home/xhe/.m2/repository/cheshire/cheshire/5.7.1/cheshire-5.7.1.jar:/home/xhe/.m2/repository/cider/cider-nrepl/0.17.0/cider-nrepl-0.17.0.jar:/home/xhe/.m2/repository/kephale/uncommons-maths/1.2.3/uncommons-maths-1.2.3.jar:/home/xhe/.m2/repository/de/kotka/lazymap/3.1.0/lazymap-3.1.0.jar:/home/xhe/.m2/repository/org/clojure/data.json/0.2.6/data.json-0.2.6.jar:/home/xhe/.m2/repository/com/fasterxml/jackson/dataformat/jackson-dataformat-smile/2.8.6/jackson-dataformat-smile-2.8.6.jar:/home/xhe/.m2/repository/net/totakke/libra/0.1.0/libra-0.1.0.jar:/home/xhe/.m2/repository/org/apache/commons/commons-math3/3.2/commons-math3-3.2.jar:/home/xhe/.m2
Launcher Type: SUN_STANDARD

Environment Variables:
CLASSPATH=/home/xhe/.lein/self-installs/leiningen-2.7.1-standalone.jar
PATH=/sbin:/bin:/usr/local/bin:/usr/bin:/usr/sbin:/usr/X11R6/bin:/usr/local/sbin:/usr/bin/X11:/usr/local/global/bin:/usr/local/global/sbin:/usr/kerberos/bin/:/home/xhe/bin:/home/xhe/.local/bin:/home/xhe/bin
LD_LIBRARY_PATH=/lib:/usr/lib:/usr/local/lib:/usr/local/lib/X11:/usr/local/global/lib:/usr/lib64:/home/xhe/lib:/home/xhe/lib64
SHELL=/bin/bash
DISPLAY=localhost:17.0
OSTYPE=Linux
ARCH=x86_64

Signal Handlers:
SIGSEGV: [libjvm.so+0xab5320], sa_mask[0]=11111111011111111101111111111110, sa_flags=SA_RESTART|SA_SIGINFO
SIGBUS: [libjvm.so+0xab5320], sa_mask[0]=11111111011111111101111111111110, sa_flags=SA_RESTART|SA_SIGINFO
SIGFPE: [libjvm.so+0x8ac6b0], sa_mask[0]=11111111011111111101111111111110, sa_flags=SA_RESTART|SA_SIGINFO
SIGPIPE: [libjvm.so+0x8ac6b0], sa_mask[0]=11111111011111111101111111111110, sa_flags=SA_RESTART|SA_SIGINFO
SIGXFSZ: [libjvm.so+0x8ac6b0], sa_mask[0]=11111111011111111101111111111110, sa_flags=SA_RESTART|SA_SIGINFO
SIGILL: [libjvm.so+0x8ac6b0], sa_mask[0]=11111111011111111101111111111110, sa_flags=SA_RESTART|SA_SIGINFO
SIGUSR1: SIG_DFL, sa_mask[0]=00000000000000000000000000000000, sa_flags=none
SIGUSR2: [libjvm.so+0x8ac560], sa_mask[0]=00100000000000000000000000000000, sa_flags=SA_RESTART|SA_SIGINFO
SIGHUP: [libjvm.so+0x8ac770], sa_mask[0]=11111111011111111101111111111110, sa_flags=SA_RESTART|SA_SIGINFO
SIGINT: [libjvm.so+0x8ac770], sa_mask[0]=11111111011111111101111111111110, sa_flags=SA_RESTART|SA_SIGINFO
SIGTERM: [libjvm.so+0x8ac770], sa_mask[0]=11111111011111111101111111111110, sa_flags=SA_RESTART|SA_SIGINFO
SIGQUIT: [libjvm.so+0x8ac770], sa_mask[0]=11111111011111111101111111111110, sa_flags=SA_RESTART|SA_SIGINFO


---------------  S Y S T E M  ---------------

OS:CentOS Linux release 7.5.1804 (Core) 

uname:Linux 3.10.0-862.3.2.el7.x86_64 #1 SMP Mon May 21 23:36:36 UTC 2018 x86_64
libc:glibc 2.17 NPTL 2.17 
rlimit: STACK 8192k, CORE 0k, NPROC 4096, NOFILE 4096, AS infinity
load average:20.18 18.02 17.40

/proc/meminfo:
MemTotal:       12121656 kB
MemFree:          164476 kB
MemAvailable:     109816 kB
Buffers:               0 kB
Cached:           198996 kB
SwapCached:        27932 kB
Active:          9585752 kB
Inactive:        1893528 kB
Active(anon):    9504128 kB
Inactive(anon):  1822612 kB
Active(file):      81624 kB
Inactive(file):    70916 kB
Unevictable:           0 kB
Mlocked:               0 kB
SwapTotal:       4194300 kB
SwapFree:              0 kB
Dirty:             26368 kB
Writeback:          1408 kB
AnonPages:      11253356 kB
Mapped:            42424 kB
Shmem:             46408 kB
Slab:             197816 kB
SReclaimable:      61520 kB
SUnreclaim:       136296 kB
KernelStack:       27200 kB
PageTables:        76396 kB
NFS_Unstable:          0 kB
Bounce:                0 kB
WritebackTmp:          0 kB
CommitLimit:    10255128 kB
Committed_AS:   25282548 kB
VmallocTotal:   34359738367 kB
VmallocUsed:      320024 kB
VmallocChunk:   34352560124 kB
HardwareCorrupted:     0 kB
AnonHugePages:    233472 kB
CmaTotal:              0 kB
CmaFree:               0 kB
HugePages_Total:       0
HugePages_Free:        0
HugePages_Rsvd:        0
HugePages_Surp:        0
Hugepagesize:       2048 kB
DirectMap4k:      261604 kB
DirectMap2M:     6017024 kB
DirectMap1G:     6291456 kB


CPU:total 16 (initial active 16) (4 cores per cpu, 2 threads per core) family 6 model 44 stepping 2, cmov, cx8, fxsr, mmx, sse, sse2, sse3, ssse3, sse4.1, sse4.2, popcnt, aes, clmul, ht, tsc, tscinvbit, tscinv

/proc/cpuinfo:
processor	: 0
vendor_id	: GenuineIntel
cpu family	: 6
model		: 44
model name	: Intel(R) Xeon(R) CPU           E5620  @ 2.40GHz
stepping	: 2
microcode	: 0x1a
cpu MHz		: 2394.110
cache size	: 12288 KB
physical id	: 1
siblings	: 8
core id		: 0
cpu cores	: 4
apicid		: 32
initial apicid	: 32
fpu		: yes
fpu_exception	: yes
cpuid level	: 11
wp		: yes
flags		: fpu vme de pse tsc msr pae mce cx8 apic sep mtrr pge mca cmov pat pse36 clflush dts acpi mmx fxsr sse sse2 ss ht tm pbe syscall nx pdpe1gb rdtscp lm constant_tsc arch_perfmon pebs bts rep_good nopl xtopology nonstop_tsc aperfmperf pni pclmulqdq dtes64 monitor ds_cpl vmx smx est tm2 ssse3 cx16 xtpr pdcm pcid dca sse4_1 sse4_2 popcnt aes lahf_lm tpr_shadow vnmi flexpriority ept vpid dtherm ida arat
bogomips	: 4788.22
clflush size	: 64
cache_alignment	: 64
address sizes	: 40 bits physical, 48 bits virtual
power management:

processor	: 1
vendor_id	: GenuineIntel
cpu family	: 6
model		: 44
model name	: Intel(R) Xeon(R) CPU           E5620  @ 2.40GHz
stepping	: 2
microcode	: 0x1a
cpu MHz		: 2394.110
cache size	: 12288 KB
physical id	: 0
siblings	: 8
core id		: 0
cpu cores	: 4
apicid		: 0
initial apicid	: 0
fpu		: yes
fpu_exception	: yes
cpuid level	: 11
wp		: yes
flags		: fpu vme de pse tsc msr pae mce cx8 apic sep mtrr pge mca cmov pat pse36 clflush dts acpi mmx fxsr sse sse2 ss ht tm pbe syscall nx pdpe1gb rdtscp lm constant_tsc arch_perfmon pebs bts rep_good nopl xtopology nonstop_tsc aperfmperf pni pclmulqdq dtes64 monitor ds_cpl vmx smx est tm2 ssse3 cx16 xtpr pdcm pcid dca sse4_1 sse4_2 popcnt aes lahf_lm tpr_shadow vnmi flexpriority ept vpid dtherm ida arat
bogomips	: 4787.83
clflush size	: 64
cache_alignment	: 64
address sizes	: 40 bits physical, 48 bits virtual
power management:

processor	: 2
vendor_id	: GenuineIntel
cpu family	: 6
model		: 44
model name	: Intel(R) Xeon(R) CPU           E5620  @ 2.40GHz
stepping	: 2
microcode	: 0x1a
cpu MHz		: 2394.110
cache size	: 12288 KB
physical id	: 1
siblings	: 8
core id		: 1
cpu cores	: 4
apicid		: 34
initial apicid	: 34
fpu		: yes
fpu_exception	: yes
cpuid level	: 11
wp		: yes
flags		: fpu vme de pse tsc msr pae mce cx8 apic sep mtrr pge mca cmov pat pse36 clflush dts acpi mmx fxsr sse sse2 ss ht tm pbe syscall nx pdpe1gb rdtscp lm constant_tsc arch_perfmon pebs bts rep_good nopl xtopology nonstop_tsc aperfmperf pni pclmulqdq dtes64 monitor ds_cpl vmx smx est tm2 ssse3 cx16 xtpr pdcm pcid dca sse4_1 sse4_2 popcnt aes lahf_lm tpr_shadow vnmi flexpriority ept vpid dtherm ida arat
bogomips	: 4788.22
clflush size	: 64
cache_alignment	: 64
address sizes	: 40 bits physical, 48 bits virtual
power management:

processor	: 3
vendor_id	: GenuineIntel
cpu family	: 6
model		: 44
model name	: Intel(R) Xeon(R) CPU           E5620  @ 2.40GHz
stepping	: 2
microcode	: 0x1a
cpu MHz		: 2394.110
cache size	: 12288 KB
physical id	: 0
siblings	: 8
core id		: 1
cpu cores	: 4
apicid		: 2
initial apicid	: 2
fpu		: yes
fpu_exception	: yes
cpuid level	: 11
wp		: yes
flags		: fpu vme de pse tsc msr pae mce cx8 apic sep mtrr pge mca cmov pat pse36 clflush dts acpi mmx fxsr sse sse2 ss ht tm pbe syscall nx pdpe1gb rdtscp lm constant_tsc arch_perfmon pebs bts rep_good nopl xtopology nonstop_tsc aperfmperf pni pclmulqdq dtes64 monitor ds_cpl vmx smx est tm2 ssse3 cx16 xtpr pdcm pcid dca sse4_1 sse4_2 popcnt aes lahf_lm tpr_shadow vnmi flexpriority ept vpid dtherm ida arat
bogomips	: 4787.83
clflush size	: 64
cache_alignment	: 64
address sizes	: 40 bits physical, 48 bits virtual
power management:

processor	: 4
vendor_id	: GenuineIntel
cpu family	: 6
model		: 44
model name	: Intel(R) Xeon(R) CPU           E5620  @ 2.40GHz
stepping	: 2
microcode	: 0x1a
cpu MHz		: 2394.110
cache size	: 12288 KB
physical id	: 1
siblings	: 8
core id		: 9
cpu cores	: 4
apicid		: 50
initial apicid	: 50
fpu		: yes
fpu_exception	: yes
cpuid level	: 11
wp		: yes
flags		: fpu vme de pse tsc msr pae mce cx8 apic sep mtrr pge mca cmov pat pse36 clflush dts acpi mmx fxsr sse sse2 ss ht tm pbe syscall nx pdpe1gb rdtscp lm constant_tsc arch_perfmon pebs bts rep_good nopl xtopology nonstop_tsc aperfmperf pni pclmulqdq dtes64 monitor ds_cpl vmx smx est tm2 ssse3 cx16 xtpr pdcm pcid dca sse4_1 sse4_2 popcnt aes lahf_lm tpr_shadow vnmi flexpriority ept vpid dtherm ida arat
bogomips	: 4788.22
clflush size	: 64
cache_alignment	: 64
address sizes	: 40 bits physical, 48 bits virtual
power management:

processor	: 5
vendor_id	: GenuineIntel
cpu family	: 6
model		: 44
model name	: Intel(R) Xeon(R) CPU           E5620  @ 2.40GHz
stepping	: 2
microcode	: 0x1a
cpu MHz		: 2394.110
cache size	: 12288 KB
physical id	: 0
siblings	: 8
core id		: 9
cpu cores	: 4
apicid		: 18
initial apicid	: 18
fpu		: yes
fpu_exception	: yes
cpuid level	: 11
wp		: yes
flags		: fpu vme de pse tsc msr pae mce cx8 apic sep mtrr pge mca cmov pat pse36 clflush dts acpi mmx fxsr sse sse2 ss ht tm pbe syscall nx pdpe1gb rdtscp lm constant_tsc arch_perfmon pebs bts rep_good nopl xtopology nonstop_tsc aperfmperf pni pclmulqdq dtes64 monitor ds_cpl vmx smx est tm2 ssse3 cx16 xtpr pdcm pcid dca sse4_1 sse4_2 popcnt aes lahf_lm tpr_shadow vnmi flexpriority ept vpid dtherm ida arat
bogomips	: 4787.83
clflush size	: 64
cache_alignment	: 64
address sizes	: 40 bits physical, 48 bits virtual
power management:

processor	: 6
vendor_id	: GenuineIntel
cpu family	: 6
model		: 44
model name	: Intel(R) Xeon(R) CPU           E5620  @ 2.40GHz
stepping	: 2
microcode	: 0x1a
cpu MHz		: 2394.110
cache size	: 12288 KB
physical id	: 1
siblings	: 8
core id		: 10
cpu cores	: 4
apicid		: 52
initial apicid	: 52
fpu		: yes
fpu_exception	: yes
cpuid level	: 11
wp		: yes
flags		: fpu vme de pse tsc msr pae mce cx8 apic sep mtrr pge mca cmov pat pse36 clflush dts acpi mmx fxsr sse sse2 ss ht tm pbe syscall nx pdpe1gb rdtscp lm constant_tsc arch_perfmon pebs bts rep_good nopl xtopology nonstop_tsc aperfmperf pni pclmulqdq dtes64 monitor ds_cpl vmx smx est tm2 ssse3 cx16 xtpr pdcm pcid dca sse4_1 sse4_2 popcnt aes lahf_lm tpr_shadow vnmi flexpriority ept vpid dtherm ida arat
bogomips	: 4788.22
clflush size	: 64
cache_alignment	: 64
address sizes	: 40 bits physical, 48 bits virtual
power management:

processor	: 7
vendor_id	: GenuineIntel
cpu family	: 6
model		: 44
model name	: Intel(R) Xeon(R) CPU           E5620  @ 2.40GHz
stepping	: 2
microcode	: 0x1a
cpu MHz		: 2394.110
cache size	: 12288 KB
physical id	: 0
siblings	: 8
core id		: 10
cpu cores	: 4
apicid		: 20
initial apicid	: 20
fpu		: yes
fpu_exception	: yes
cpuid level	: 11
wp		: yes
flags		: fpu vme de pse tsc msr pae mce cx8 apic sep mtrr pge mca cmov pat pse36 clflush dts acpi mmx fxsr sse sse2 ss ht tm pbe syscall nx pdpe1gb rdtscp lm constant_tsc arch_perfmon pebs bts rep_good nopl xtopology nonstop_tsc aperfmperf pni pclmulqdq dtes64 monitor ds_cpl vmx smx est tm2 ssse3 cx16 xtpr pdcm pcid dca sse4_1 sse4_2 popcnt aes lahf_lm tpr_shadow vnmi flexpriority ept vpid dtherm ida arat
bogomips	: 4787.83
clflush size	: 64
cache_alignment	: 64
address sizes	: 40 bits physical, 48 bits virtual
power management:

processor	: 8
vendor_id	: GenuineIntel
cpu family	: 6
model		: 44
model name	: Intel(R) Xeon(R) CPU           E5620  @ 2.40GHz
stepping	: 2
microcode	: 0x1a
cpu MHz		: 2394.110
cache size	: 12288 KB
physical id	: 1
siblings	: 8
core id		: 0
cpu cores	: 4
apicid		: 33
initial apicid	: 33
fpu		: yes
fpu_exception	: yes
cpuid level	: 11
wp		: yes
flags		: fpu vme de pse tsc msr pae mce cx8 apic sep mtrr pge mca cmov pat pse36 clflush dts acpi mmx fxsr sse sse2 ss ht tm pbe syscall nx pdpe1gb rdtscp lm constant_tsc arch_perfmon pebs bts rep_good nopl xtopology nonstop_tsc aperfmperf pni pclmulqdq dtes64 monitor ds_cpl vmx smx est tm2 ssse3 cx16 xtpr pdcm pcid dca sse4_1 sse4_2 popcnt aes lahf_lm tpr_shadow vnmi flexpriority ept vpid dtherm ida arat
bogomips	: 4788.22
clflush size	: 64
cache_alignment	: 64
address sizes	: 40 bits physical, 48 bits virtual
power management:

processor	: 9
vendor_id	: GenuineIntel
cpu family	: 6
model		: 44
model name	: Intel(R) Xeon(R) CPU           E5620  @ 2.40GHz
stepping	: 2
microcode	: 0x1a
cpu MHz		: 2394.110
cache size	: 12288 KB
physical id	: 0
siblings	: 8
core id		: 0
cpu cores	: 4
apicid		: 1
initial apicid	: 1
fpu		: yes
fpu_exception	: yes
cpuid level	: 11
wp		: yes
flags		: fpu vme de pse tsc msr pae mce cx8 apic sep mtrr pge mca cmov pat pse36 clflush dts acpi mmx fxsr sse sse2 ss ht tm pbe syscall nx pdpe1gb rdtscp lm constant_tsc arch_perfmon pebs bts rep_good nopl xtopology nonstop_tsc aperfmperf pni pclmulqdq dtes64 monitor ds_cpl vmx smx est tm2 ssse3 cx16 xtpr pdcm pcid dca sse4_1 sse4_2 popcnt aes lahf_lm tpr_shadow vnmi flexpriority ept vpid dtherm ida arat
bogomips	: 4787.83
clflush size	: 64
cache_alignment	: 64
address sizes	: 40 bits physical, 48 bits virtual
power management:

processor	: 10
vendor_id	: GenuineIntel
cpu family	: 6
model		: 44
model name	: Intel(R) Xeon(R) CPU           E5620  @ 2.40GHz
stepping	: 2
microcode	: 0x1a
cpu MHz		: 2394.110
cache size	: 12288 KB
physical id	: 1
siblings	: 8
core id		: 1
cpu cores	: 4
apicid		: 35
initial apicid	: 35
fpu		: yes
fpu_exception	: yes
cpuid level	: 11
wp		: yes
flags		: fpu vme de pse tsc msr pae mce cx8 apic sep mtrr pge mca cmov pat pse36 clflush dts acpi mmx fxsr sse sse2 ss ht tm pbe syscall nx pdpe1gb rdtscp lm constant_tsc arch_perfmon pebs bts rep_good nopl xtopology nonstop_tsc aperfmperf pni pclmulqdq dtes64 monitor ds_cpl vmx smx est tm2 ssse3 cx16 xtpr pdcm pcid dca sse4_1 sse4_2 popcnt aes lahf_lm tpr_shadow vnmi flexpriority ept vpid dtherm ida arat
bogomips	: 4788.22
clflush size	: 64
cache_alignment	: 64
address sizes	: 40 bits physical, 48 bits virtual
power management:

processor	: 11
vendor_id	: GenuineIntel
cpu family	: 6
model		: 44
model name	: Intel(R) Xeon(R) CPU           E5620  @ 2.40GHz
stepping	: 2
microcode	: 0x1a
cpu MHz		: 2394.110
cache size	: 12288 KB
physical id	: 0
siblings	: 8
core id		: 1
cpu cores	: 4
apicid		: 3
initial apicid	: 3
fpu		: yes
fpu_exception	: yes
cpuid level	: 11
wp		: yes
flags		: fpu vme de pse tsc msr pae mce cx8 apic sep mtrr pge mca cmov pat pse36 clflush dts acpi mmx fxsr sse sse2 ss ht tm pbe syscall nx pdpe1gb rdtscp lm constant_tsc arch_perfmon pebs bts rep_good nopl xtopology nonstop_tsc aperfmperf pni pclmulqdq dtes64 monitor ds_cpl vmx smx est tm2 ssse3 cx16 xtpr pdcm pcid dca sse4_1 sse4_2 popcnt aes lahf_lm tpr_shadow vnmi flexpriority ept vpid dtherm ida arat
bogomips	: 4787.83
clflush size	: 64
cache_alignment	: 64
address sizes	: 40 bits physical, 48 bits virtual
power management:

processor	: 12
vendor_id	: GenuineIntel
cpu family	: 6
model		: 44
model name	: Intel(R) Xeon(R) CPU           E5620  @ 2.40GHz
stepping	: 2
microcode	: 0x1a
cpu MHz		: 2394.110
cache size	: 12288 KB
physical id	: 1
siblings	: 8
core id		: 9
cpu cores	: 4
apicid		: 51
initial apicid	: 51
fpu		: yes
fpu_exception	: yes
cpuid level	: 11
wp		: yes
flags		: fpu vme de pse tsc msr pae mce cx8 apic sep mtrr pge mca cmov pat pse36 clflush dts acpi mmx fxsr sse sse2 ss ht tm pbe syscall nx pdpe1gb rdtscp lm constant_tsc arch_perfmon pebs bts rep_good nopl xtopology nonstop_tsc aperfmperf pni pclmulqdq dtes64 monitor ds_cpl vmx smx est tm2 ssse3 cx16 xtpr pdcm pcid dca sse4_1 sse4_2 popcnt aes lahf_lm tpr_shadow vnmi flexpriority ept vpid dtherm ida arat
bogomips	: 4788.22
clflush size	: 64
cache_alignment	: 64
address sizes	: 40 bits physical, 48 bits virtual
power management:

processor	: 13
vendor_id	: GenuineIntel
cpu family	: 6
model		: 44
model name	: Intel(R) Xeon(R) CPU           E5620  @ 2.40GHz
stepping	: 2
microcode	: 0x1a
cpu MHz		: 2394.110
cache size	: 12288 KB
physical id	: 0
siblings	: 8
core id		: 9
cpu cores	: 4
apicid		: 19
initial apicid	: 19
fpu		: yes
fpu_exception	: yes
cpuid level	: 11
wp		: yes
flags		: fpu vme de pse tsc msr pae mce cx8 apic sep mtrr pge mca cmov pat pse36 clflush dts acpi mmx fxsr sse sse2 ss ht tm pbe syscall nx pdpe1gb rdtscp lm constant_tsc arch_perfmon pebs bts rep_good nopl xtopology nonstop_tsc aperfmperf pni pclmulqdq dtes64 monitor ds_cpl vmx smx est tm2 ssse3 cx16 xtpr pdcm pcid dca sse4_1 sse4_2 popcnt aes lahf_lm tpr_shadow vnmi flexpriority ept vpid dtherm ida arat
bogomips	: 4787.83
clflush size	: 64
cache_alignment	: 64
address sizes	: 40 bits physical, 48 bits virtual
power management:

processor	: 14
vendor_id	: GenuineIntel
cpu family	: 6
model		: 44
model name	: Intel(R) Xeon(R) CPU           E5620  @ 2.40GHz
stepping	: 2
microcode	: 0x1a
cpu MHz		: 2394.110
cache size	: 12288 KB
physical id	: 1
siblings	: 8
core id		: 10
cpu cores	: 4
apicid		: 53
initial apicid	: 53
fpu		: yes
fpu_exception	: yes
cpuid level	: 11
wp		: yes
flags		: fpu vme de pse tsc msr pae mce cx8 apic sep mtrr pge mca cmov pat pse36 clflush dts acpi mmx fxsr sse sse2 ss ht tm pbe syscall nx pdpe1gb rdtscp lm constant_tsc arch_perfmon pebs bts rep_good nopl xtopology nonstop_tsc aperfmperf pni pclmulqdq dtes64 monitor ds_cpl vmx smx est tm2 ssse3 cx16 xtpr pdcm pcid dca sse4_1 sse4_2 popcnt aes lahf_lm tpr_shadow vnmi flexpriority ept vpid dtherm ida arat
bogomips	: 4788.22
clflush size	: 64
cache_alignment	: 64
address sizes	: 40 bits physical, 48 bits virtual
power management:

processor	: 15
vendor_id	: GenuineIntel
cpu family	: 6
model		: 44
model name	: Intel(R) Xeon(R) CPU           E5620  @ 2.40GHz
stepping	: 2
microcode	: 0x1a
cpu MHz		: 2394.110
cache size	: 12288 KB
physical id	: 0
siblings	: 8
core id		: 10
cpu cores	: 4
apicid		: 21
initial apicid	: 21
fpu		: yes
fpu_exception	: yes
cpuid level	: 11
wp		: yes
flags		: fpu vme de pse tsc msr pae mce cx8 apic sep mtrr pge mca cmov pat pse36 clflush dts acpi mmx fxsr sse sse2 ss ht tm pbe syscall nx pdpe1gb rdtscp lm constant_tsc arch_perfmon pebs bts rep_good nopl xtopology nonstop_tsc aperfmperf pni pclmulqdq dtes64 monitor ds_cpl vmx smx est tm2 ssse3 cx16 xtpr pdcm pcid dca sse4_1 sse4_2 popcnt aes lahf_lm tpr_shadow vnmi flexpriority ept vpid dtherm ida arat
bogomips	: 4787.83
clflush size	: 64
cache_alignment	: 64
address sizes	: 40 bits physical, 48 bits virtual
power management:



Memory: 4k page, physical 12121656k(164476k free), swap 4194300k(0k free)

vm_info: OpenJDK 64-Bit Server VM (25.171-b10) for linux-amd64 JRE (1.8.0_171-b10), built on May 22 2018 01:32:00 by "mockbuild" with gcc 4.8.5 20150623 (Red Hat 4.8.5-28)

time: Tue Jul  3 17:41:23 2018
elapsed time: 31 seconds (0d 0h 0m 31s)

