#
# There is insufficient memory for the Java Runtime Environment to continue.
# Native memory allocation (mmap) failed to map 212336640 bytes for committing reserved memory.
# Possible reasons:
#   The system is out of physical RAM or swap space
#   In 32 bit mode, the process size limit was hit
# Possible solutions:
#   Reduce memory load on the system
#   Increase physical memory or swap space
#   Check if swap backing store is full
#   Use 64 bit Java on a 64 bit OS
#   Decrease Java heap size (-Xmx/-Xms)
#   Decrease number of Java threads
#   Decrease Java thread stack sizes (-Xss)
#   Set larger code cache with -XX:ReservedCodeCacheSize=
# This output file may be truncated or incomplete.
#
#  Out of Memory Error (os_linux.cpp:2657), pid=28912, tid=0x00007f23150c8700
#
# JRE version: OpenJDK Runtime Environment (8.0_171-b10) (build 1.8.0_171-b10)
# Java VM: OpenJDK 64-Bit Server VM (25.171-b10 mixed mode linux-amd64 compressed oops)
# Failed to write core dump. Core dumps have been disabled. To enable core dumping, try "ulimit -c unlimited" before starting Java again
#

---------------  T H R E A D  ---------------

Current thread (0x00007f2354093260):  VMThread [stack: 0x00007f2314fc9000,0x00007f23150c9000] [id=28931]

Stack: [0x00007f2314fc9000,0x00007f23150c9000],  sp=0x00007f23150c7460,  free space=1017k
Native frames: (J=compiled Java code, j=interpreted, Vv=VM code, C=native code)
V  [libjvm.so+0xab47fd]
V  [libjvm.so+0x4ec92a]
V  [libjvm.so+0x8b0ee8]
V  [libjvm.so+0x8ab3fe]
V  [libjvm.so+0x92477b]
V  [libjvm.so+0x925450]
V  [libjvm.so+0x9257ab]
V  [libjvm.so+0x92211c]
V  [libjvm.so+0x9228f8]
V  [libjvm.so+0x8d4e33]
V  [libjvm.so+0xab65d3]
V  [libjvm.so+0xabab87]
V  [libjvm.so+0xab9498]
V  [libjvm.so+0xab9969]
V  [libjvm.so+0xab9dc1]
V  [libjvm.so+0x8ae232]

VM_Operation (0x00007f2306a8fea0): ParallelGCFailedAllocation, mode: safepoint, requested by thread 0x00007f2354b7cbb0


---------------  P R O C E S S  ---------------

Java Threads: ( => current thread )
  0x00007f2354bb23c0 JavaThread "clojure-agent-send-pool-17" [_thread_blocked, id=28997, stack(0x00007f2305982000,0x00007f2305a83000)]
  0x00007f2354b78fa0 JavaThread "clojure-agent-send-pool-16" [_thread_blocked, id=28996, stack(0x00007f2305a83000,0x00007f2305b84000)]
  0x00007f2354ba7640 JavaThread "clojure-agent-send-pool-15" [_thread_blocked, id=28995, stack(0x00007f2305b84000,0x00007f2305c85000)]
  0x00007f2354bb4750 JavaThread "clojure-agent-send-pool-14" [_thread_blocked, id=28994, stack(0x00007f2305c85000,0x00007f2305d86000)]
  0x00007f2354baa810 JavaThread "clojure-agent-send-pool-13" [_thread_blocked, id=28993, stack(0x00007f2305d86000,0x00007f2305e87000)]
  0x00007f2354baefb0 JavaThread "clojure-agent-send-pool-12" [_thread_blocked, id=28992, stack(0x00007f2305e87000,0x00007f2305f88000)]
  0x00007f2354ba8d80 JavaThread "clojure-agent-send-pool-11" [_thread_blocked, id=28991, stack(0x00007f2305f88000,0x00007f2306089000)]
  0x00007f2354b9f060 JavaThread "clojure-agent-send-pool-10" [_thread_blocked, id=28990, stack(0x00007f2306089000,0x00007f230618a000)]
  0x00007f2354b99ea0 JavaThread "clojure-agent-send-pool-9" [_thread_blocked, id=28989, stack(0x00007f230618a000,0x00007f230628b000)]
  0x00007f2354ba1160 JavaThread "clojure-agent-send-pool-8" [_thread_blocked, id=28988, stack(0x00007f230628b000,0x00007f230638c000)]
  0x00007f2354b97740 JavaThread "clojure-agent-send-pool-7" [_thread_blocked, id=28987, stack(0x00007f230638c000,0x00007f230648d000)]
  0x00007f2354b94420 JavaThread "clojure-agent-send-pool-6" [_thread_blocked, id=28986, stack(0x00007f230648d000,0x00007f230658e000)]
  0x00007f2354b95ca0 JavaThread "clojure-agent-send-pool-5" [_thread_blocked, id=28985, stack(0x00007f230658e000,0x00007f230668f000)]
  0x00007f2354b8bdd0 JavaThread "clojure-agent-send-pool-4" [_thread_blocked, id=28984, stack(0x00007f230668f000,0x00007f2306790000)]
  0x00007f2354b888a0 JavaThread "clojure-agent-send-pool-3" [_thread_blocked, id=28983, stack(0x00007f2306790000,0x00007f2306891000)]
  0x00007f2354b80a70 JavaThread "clojure-agent-send-pool-2" [_thread_blocked, id=28982, stack(0x00007f2306891000,0x00007f2306992000)]
  0x00007f2354b7cbb0 JavaThread "clojure-agent-send-pool-1" [_thread_blocked, id=28981, stack(0x00007f2306992000,0x00007f2306a93000)]
  0x00007f2354b82650 JavaThread "clojure-agent-send-pool-0" [_thread_blocked, id=28980, stack(0x00007f23078fd000,0x00007f23079fe000)]
  0x00007f23540ee940 JavaThread "Service Thread" daemon [_thread_blocked, id=28947, stack(0x00007f2307eff000,0x00007f2308000000)]
  0x00007f23540ea1e0 JavaThread "C1 CompilerThread11" daemon [_thread_blocked, id=28946, stack(0x00007f23140ba000,0x00007f23141ba000)]
  0x00007f23540e85e0 JavaThread "C1 CompilerThread10" daemon [_thread_blocked, id=28945, stack(0x00007f23141bb000,0x00007f23142bb000)]
  0x00007f23540e69e0 JavaThread "C1 CompilerThread9" daemon [_thread_blocked, id=28944, stack(0x00007f23142bc000,0x00007f23143bc000)]
  0x00007f23540e4de0 JavaThread "C1 CompilerThread8" daemon [_thread_blocked, id=28943, stack(0x00007f23143bd000,0x00007f23144bd000)]
  0x00007f23540e31e0 JavaThread "C2 CompilerThread7" daemon [_thread_blocked, id=28942, stack(0x00007f23144be000,0x00007f23145be000)]
  0x00007f23540e15e0 JavaThread "C2 CompilerThread6" daemon [_thread_blocked, id=28941, stack(0x00007f23145bf000,0x00007f23146bf000)]
  0x00007f23540dfa00 JavaThread "C2 CompilerThread5" daemon [_thread_blocked, id=28940, stack(0x00007f23146c0000,0x00007f23147c0000)]
  0x00007f23540dde20 JavaThread "C2 CompilerThread4" daemon [_thread_blocked, id=28939, stack(0x00007f23147c1000,0x00007f23148c1000)]
  0x00007f23540dc240 JavaThread "C2 CompilerThread3" daemon [_thread_blocked, id=28938, stack(0x00007f23148c2000,0x00007f23149c2000)]
  0x00007f23540da660 JavaThread "C2 CompilerThread2" daemon [_thread_blocked, id=28937, stack(0x00007f23149c3000,0x00007f2314ac3000)]
  0x00007f235401cb30 JavaThread "C2 CompilerThread1" daemon [_thread_blocked, id=28936, stack(0x00007f2314ac4000,0x00007f2314bc4000)]
  0x00007f23540cc1a0 JavaThread "C2 CompilerThread0" daemon [_thread_blocked, id=28935, stack(0x00007f2314bc5000,0x00007f2314cc5000)]
  0x00007f23540ca7f0 JavaThread "Signal Dispatcher" daemon [_thread_blocked, id=28934, stack(0x00007f2314cc5000,0x00007f2314dc6000)]
  0x00007f23540a0970 JavaThread "Finalizer" daemon [_thread_blocked, id=28933, stack(0x00007f2314dc6000,0x00007f2314ec7000)]
  0x00007f235409c700 JavaThread "Reference Handler" daemon [_thread_blocked, id=28932, stack(0x00007f2314ec7000,0x00007f2314fc8000)]
  0x00007f235400aef0 JavaThread "main" [_thread_blocked, id=28917, stack(0x00007f235ad95000,0x00007f235ae95000)]

Other Threads:
=>0x00007f2354093260 VMThread [stack: 0x00007f2314fc9000,0x00007f23150c9000] [id=28931]
  0x00007f23540f0750 WatcherThread [stack: 0x00007f2307dff000,0x00007f2307eff000] [id=28948]

VM state:at safepoint (normal execution)

VM Mutex/Monitor currently owned by a thread:  ([mutex/lock_event])
[0x00007f23540082f0] Threads_lock - owner thread: 0x00007f2354093260
[0x00007f23540087f0] Heap_lock - owner thread: 0x00007f2354b7cbb0

Heap:
 PSYoungGen      total 600576K, used 14848K [0x0000000782580000, 0x00000007ab400000, 0x00000007c0000000)
  eden space 585728K, 0% used [0x0000000782580000,0x0000000782580000,0x00000007a6180000)
  from space 14848K, 100% used [0x00000007a6180000,0x00000007a7000000,0x00000007a7000000)
  to   space 10240K, 0% used [0x00000007a7000000,0x00000007a7000000,0x00000007a7a00000)
 ParOldGen       total 65024K, used 44543K [0x0000000707000000, 0x000000070af80000, 0x0000000782580000)
  object space 65024K, 68% used [0x0000000707000000,0x0000000709b7fce0,0x000000070af80000)
 Metaspace       used 27412K, capacity 35219K, committed 35456K, reserved 1075200K
  class space    used 6676K, capacity 9508K, committed 9600K, reserved 1048576K

Card table byte_map: [0x00007f2343a60000,0x00007f2344029000] byte_map_base: 0x00007f2340228000

Marking Bits: (ParMarkBitMap*) 0x00007f235a04ae00
 Begin Bits: [0x00007f2316380000, 0x00007f23191c0000)
 End Bits:   [0x00007f23191c0000, 0x00007f231c000000)

Polling page: 0x00007f235ad93000

CodeCache: size=245760Kb used=17714Kb max_used=17714Kb free=228045Kb
 bounds [0x00007f23443e9000, 0x00007f2345559000, 0x00007f23533e9000]
 total_blobs=3565 nmethods=3210 adapters=267
 compilation: enabled

Compilation events (10 events):
Event: 24.663 Thread 0x00007f23540ea1e0 nmethod 3814 0x00007f234552aa10 code [0x00007f234552abc0, 0x00007f234552b0a8]
Event: 24.663 Thread 0x00007f23540ea1e0 3815       3       java.util.ArrayList$SubList$1::checkForComodification (26 bytes)
Event: 24.664 Thread 0x00007f23540ea1e0 nmethod 3815 0x00007f234552a550 code [0x00007f234552a6c0, 0x00007f234552a8e8]
Event: 24.664 Thread 0x00007f23540ea1e0 3804       3       clojush.instructions.common$dup_timeser$fn__1495::invoke (559 bytes)
Event: 29.101 Thread 0x00007f23540dde20 nmethod 3726 0x00007f234553dfd0 code [0x00007f234553e260, 0x00007f234553ee90]
Event: 29.102 Thread 0x00007f23540dde20 3800       4       clojure.lang.Util::equiv (65 bytes)
Event: 29.108 Thread 0x00007f23540e69e0 nmethod 3806 0x00007f234553ffd0 code [0x00007f2345540460, 0x00007f2345543c08]
Event: 29.108 Thread 0x00007f23540e69e0 3822       3       clojush.instructions.common$swapper$fn__1569::invoke (200 bytes)
Event: 29.110 Thread 0x00007f23540e85e0 nmethod 3817 0x00007f2345544d50 code [0x00007f23455451a0, 0x00007f2345548338]
Event: 29.110 Thread 0x00007f23540e85e0 3820       3       clojush.instructions.common$shover$fn__1822::invoke (557 bytes)

GC Heap History (10 events):
Event: 5.428 GC heap after
Heap after GC invocations=5 (full 0):
 PSYoungGen      total 200192K, used 7552K [0x0000000782580000, 0x000000079af80000, 0x00000007c0000000)
  eden space 192512K, 0% used [0x0000000782580000,0x0000000782580000,0x000000078e180000)
  from space 7680K, 98% used [0x000000078e180000,0x000000078e8e00a0,0x000000078e900000)
  to   space 9216K, 0% used [0x000000079a680000,0x000000079a680000,0x000000079af80000)
 ParOldGen       total 126976K, used 379K [0x0000000707000000, 0x000000070ec00000, 0x0000000782580000)
  object space 126976K, 0% used [0x0000000707000000,0x000000070705ed60,0x000000070ec00000)
 Metaspace       used 18451K, capacity 21259K, committed 21296K, reserved 1064960K
  class space    used 3887K, capacity 4956K, committed 4992K, reserved 1048576K
}
Event: 5.428 GC heap before
{Heap before GC invocations=6 (full 1):
 PSYoungGen      total 200192K, used 7552K [0x0000000782580000, 0x000000079af80000, 0x00000007c0000000)
  eden space 192512K, 0% used [0x0000000782580000,0x0000000782580000,0x000000078e180000)
  from space 7680K, 98% used [0x000000078e180000,0x000000078e8e00a0,0x000000078e900000)
  to   space 9216K, 0% used [0x000000079a680000,0x000000079a680000,0x000000079af80000)
 ParOldGen       total 126976K, used 379K [0x0000000707000000, 0x000000070ec00000, 0x0000000782580000)
  object space 126976K, 0% used [0x0000000707000000,0x000000070705ed60,0x000000070ec00000)
 Metaspace       used 18451K, capacity 21259K, committed 21296K, reserved 1064960K
  class space    used 3887K, capacity 4956K, committed 4992K, reserved 1048576K
Event: 5.476 GC heap after
Heap after GC invocations=6 (full 1):
 PSYoungGen      total 200192K, used 0K [0x0000000782580000, 0x000000079af80000, 0x00000007c0000000)
  eden space 192512K, 0% used [0x0000000782580000,0x0000000782580000,0x000000078e180000)
  from space 7680K, 0% used [0x000000078e180000,0x000000078e180000,0x000000078e900000)
  to   space 9216K, 0% used [0x000000079a680000,0x000000079a680000,0x000000079af80000)
 ParOldGen       total 65024K, used 7327K [0x0000000707000000, 0x000000070af80000, 0x0000000782580000)
  object space 65024K, 11% used [0x0000000707000000,0x0000000707727cd0,0x000000070af80000)
 Metaspace       used 18451K, capacity 21259K, committed 21296K, reserved 1064960K
  class space    used 3887K, capacity 4956K, committed 4992K, reserved 1048576K
}
Event: 7.018 GC heap before
{Heap before GC invocations=7 (full 1):
 PSYoungGen      total 200192K, used 192512K [0x0000000782580000, 0x000000079af80000, 0x00000007c0000000)
  eden space 192512K, 100% used [0x0000000782580000,0x000000078e180000,0x000000078e180000)
  from space 7680K, 0% used [0x000000078e180000,0x000000078e180000,0x000000078e900000)
  to   space 9216K, 0% used [0x000000079a680000,0x000000079a680000,0x000000079af80000)
 ParOldGen       total 65024K, used 7327K [0x0000000707000000, 0x000000070af80000, 0x0000000782580000)
  object space 65024K, 11% used [0x0000000707000000,0x0000000707727cd0,0x000000070af80000)
 Metaspace       used 23919K, capacity 30035K, committed 30336K, reserved 1071104K
  class space    used 5661K, capacity 7956K, committed 8064K, reserved 1048576K
Event: 7.025 GC heap after
Heap after GC invocations=7 (full 1):
 PSYoungGen      total 346112K, used 4567K [0x0000000782580000, 0x000000079ab00000, 0x00000007c0000000)
  eden space 341504K, 0% used [0x0000000782580000,0x0000000782580000,0x0000000797300000)
  from space 4608K, 99% used [0x000000079a680000,0x000000079aaf5dc0,0x000000079ab00000)
  to   space 9216K, 0% used [0x0000000799900000,0x0000000799900000,0x000000079a200000)
 ParOldGen       total 65024K, used 7335K [0x0000000707000000, 0x000000070af80000, 0x0000000782580000)
  object space 65024K, 11% used [0x0000000707000000,0x0000000707729cd0,0x000000070af80000)
 Metaspace       used 23919K, capacity 30035K, committed 30336K, reserved 1071104K
  class space    used 5661K, capacity 7956K, committed 8064K, reserved 1048576K
}
Event: 10.007 GC heap before
{Heap before GC invocations=8 (full 1):
 PSYoungGen      total 346112K, used 346071K [0x0000000782580000, 0x000000079ab00000, 0x00000007c0000000)
  eden space 341504K, 100% used [0x0000000782580000,0x0000000797300000,0x0000000797300000)
  from space 4608K, 99% used [0x000000079a680000,0x000000079aaf5dc0,0x000000079ab00000)
  to   space 9216K, 0% used [0x0000000799900000,0x0000000799900000,0x000000079a200000)
 ParOldGen       total 65024K, used 7335K [0x0000000707000000, 0x000000070af80000, 0x0000000782580000)
  object space 65024K, 11% used [0x0000000707000000,0x0000000707729cd0,0x000000070af80000)
 Metaspace       used 26995K, capacity 34407K, committed 34688K, reserved 1075200K
  class space    used 6654K, capacity 9476K, committed 9600K, reserved 1048576K
Event: 10.020 GC heap after
Heap after GC invocations=8 (full 1):
 PSYoungGen      total 389632K, used 8800K [0x0000000782580000, 0x00000007a7a00000, 0x00000007c0000000)
  eden space 380416K, 0% used [0x0000000782580000,0x0000000782580000,0x0000000799900000)
  from space 9216K, 95% used [0x0000000799900000,0x000000079a198000,0x000000079a200000)
  to   space 10240K, 0% used [0x00000007a7000000,0x00000007a7000000,0x00000007a7a00000)
 ParOldGen       total 65024K, used 7343K [0x0000000707000000, 0x000000070af80000, 0x0000000782580000)
  object space 65024K, 11% used [0x0000000707000000,0x000000070772bcd0,0x000000070af80000)
 Metaspace       used 26995K, capacity 34407K, committed 34688K, reserved 1075200K
  class space    used 6654K, capacity 9476K, committed 9600K, reserved 1048576K
}
Event: 12.890 GC heap before
{Heap before GC invocations=9 (full 1):
 PSYoungGen      total 389632K, used 389216K [0x0000000782580000, 0x00000007a7a00000, 0x00000007c0000000)
  eden space 380416K, 100% used [0x0000000782580000,0x0000000799900000,0x0000000799900000)
  from space 9216K, 95% used [0x0000000799900000,0x000000079a198000,0x000000079a200000)
  to   space 10240K, 0% used [0x00000007a7000000,0x00000007a7000000,0x00000007a7a00000)
 ParOldGen       total 65024K, used 7343K [0x0000000707000000, 0x000000070af80000, 0x0000000782580000)
  object space 65024K, 11% used [0x0000000707000000,0x000000070772bcd0,0x000000070af80000)
 Metaspace       used 27011K, capacity 34419K, committed 34688K, reserved 1075200K
  class space    used 6654K, capacity 9476K, committed 9600K, reserved 1048576K
Event: 12.906 GC heap after
Heap after GC invocations=9 (full 1):
 PSYoungGen      total 595968K, used 10240K [0x0000000782580000, 0x00000007ab400000, 0x00000007c0000000)
  eden space 585728K, 0% used [0x0000000782580000,0x0000000782580000,0x00000007a6180000)
  from space 10240K, 100% used [0x00000007a7000000,0x00000007a7a00000,0x00000007a7a00000)
  to   space 14848K, 0% used [0x00000007a6180000,0x00000007a6180000,0x00000007a7000000)
 ParOldGen       total 65024K, used 15735K [0x0000000707000000, 0x000000070af80000, 0x0000000782580000)
  object space 65024K, 24% used [0x0000000707000000,0x0000000707f5dcd0,0x000000070af80000)
 Metaspace       used 27011K, capacity 34419K, committed 34688K, reserved 1075200K
  class space    used 6654K, capacity 9476K, committed 9600K, reserved 1048576K
}
Event: 29.117 GC heap before
{Heap before GC invocations=10 (full 1):
 PSYoungGen      total 595968K, used 595968K [0x0000000782580000, 0x00000007ab400000, 0x00000007c0000000)
  eden space 585728K, 100% used [0x0000000782580000,0x00000007a6180000,0x00000007a6180000)
  from space 10240K, 100% used [0x00000007a7000000,0x00000007a7a00000,0x00000007a7a00000)
  to   space 14848K, 0% used [0x00000007a6180000,0x00000007a6180000,0x00000007a7000000)
 ParOldGen       total 65024K, used 15735K [0x0000000707000000, 0x000000070af80000, 0x0000000782580000)
  object space 65024K, 24% used [0x0000000707000000,0x0000000707f5dcd0,0x000000070af80000)
 Metaspace       used 27412K, capacity 35219K, committed 35456K, reserved 1075200K
  class space    used 6676K, capacity 9508K, committed 9600K, reserved 1048576K

Deoptimization events (10 events):
Event: 23.080 Thread 0x00007f2354bb23c0 Uncommon trap: reason=class_check action=maybe_recompile pc=0x00007f23454f06a0 method=clojure.lang.RT.more(Ljava/lang/Object;)Lclojure/lang/ISeq; @ 31
Event: 23.081 Thread 0x00007f2354bb23c0 Uncommon trap: reason=class_check action=maybe_recompile pc=0x00007f23454f06a0 method=clojure.lang.RT.more(Ljava/lang/Object;)Lclojure/lang/ISeq; @ 31
Event: 23.083 Thread 0x00007f2354bb23c0 Uncommon trap: reason=class_check action=maybe_recompile pc=0x00007f23454f06a0 method=clojure.lang.RT.more(Ljava/lang/Object;)Lclojure/lang/ISeq; @ 31
Event: 23.084 Thread 0x00007f2354bb23c0 Uncommon trap: reason=class_check action=maybe_recompile pc=0x00007f23454f06a0 method=clojure.lang.RT.more(Ljava/lang/Object;)Lclojure/lang/ISeq; @ 31
Event: 23.090 Thread 0x00007f2354ba8d80 Uncommon trap: reason=class_check action=maybe_recompile pc=0x00007f23454a4850 method=clojure.core$repeat.invokeStatic(Ljava/lang/Object;Ljava/lang/Object;)Ljava/lang/Object; @ 3
Event: 23.100 Thread 0x00007f2354b82650 Uncommon trap: reason=bimorphic action=maybe_recompile pc=0x00007f2344f98eb0 method=clojure.core$filter$fn__4812.invoke()Ljava/lang/Object; @ 104
Event: 23.103 Thread 0x00007f2354ba8d80 Uncommon trap: reason=bimorphic action=maybe_recompile pc=0x00007f2344f98eb0 method=clojure.core$filter$fn__4812.invoke()Ljava/lang/Object; @ 104
Event: 23.124 Thread 0x00007f2354b888a0 Uncommon trap: reason=null_check action=make_not_entrant pc=0x00007f2344ee63a8 method=clojure.lang.Util.equiv(Ljava/lang/Object;Ljava/lang/Object;)Z @ 19
Event: 23.170 Thread 0x00007f2354b82650 Uncommon trap: reason=bimorphic action=maybe_recompile pc=0x00007f2344f98eb0 method=clojure.core$filter$fn__4812.invoke()Ljava/lang/Object; @ 104
Event: 24.648 Thread 0x00007f2354b82650 Uncommon trap: reason=bimorphic action=maybe_recompile pc=0x00007f2344f98eb0 method=clojure.core$filter$fn__4812.invoke()Ljava/lang/Object; @ 104

Classes redefined (0 events):
No events

Internal exceptions (10 events):
Event: 8.571 Thread 0x00007f235400aef0 Exception <a 'java/io/FileNotFoundException'> (0x000000078f9eaba8) thrown at [/builddir/build/BUILD/java-1.8.0-openjdk-1.8.0.171-8.b10.el7_5.x86_64/openjdk/hotspot/src/share/vm/prims/jni.cpp, line 710]
Event: 8.575 Thread 0x00007f235400aef0 Implicit null exception at 0x00007f23449701b4 to 0x00007f2344970c6d
Event: 13.266 Thread 0x00007f235400aef0 Implicit null exception at 0x00007f23452cc84c to 0x00007f23452cc8b4
Event: 13.333 Thread 0x00007f235400aef0 Implicit null exception at 0x00007f2345046eb2 to 0x00007f23450479f9
Event: 13.401 Thread 0x00007f2354b94420 Implicit null exception at 0x00007f2345410f2c to 0x00007f2345411b47
Event: 23.026 Thread 0x00007f2354ba7640 Implicit null exception at 0x00007f2344e5d154 to 0x00007f2344e5d6d1
Event: 23.030 Thread 0x00007f2354b78fa0 Implicit null exception at 0x00007f23453f452c to 0x00007f23453f48bd
Event: 23.031 Thread 0x00007f2354b7cbb0 Implicit null exception at 0x00007f23446ba7cf to 0x00007f23446bab5d
Event: 23.033 Thread 0x00007f2354b95ca0 Implicit null exception at 0x00007f2344f941cf to 0x00007f2344f943ad
Event: 23.124 Thread 0x00007f2354b888a0 Implicit null exception at 0x00007f2344ee6031 to 0x00007f2344ee6399

Events (10 events):
Event: 23.124 Thread 0x00007f2354b888a0 DEOPT UNPACKING pc=0x00007f234442e47a sp=0x00007f230688eb48 mode 2
Event: 23.124 loading class clojure/core$tree_seq$walk__5273$fn__5274
Event: 23.124 loading class clojure/core$tree_seq$walk__5273$fn__5274 done
Event: 23.170 Thread 0x00007f2354b82650 Uncommon trap: trap_request=0xffffffc6 fr.pc=0x00007f2344f98eb0
Event: 23.170 Thread 0x00007f2354b82650 DEOPT PACKING pc=0x00007f2344f98eb0 sp=0x00007f23079fb860
Event: 23.170 Thread 0x00007f2354b82650 DEOPT UNPACKING pc=0x00007f234442e47a sp=0x00007f23079fb848 mode 2
Event: 24.648 Thread 0x00007f2354b82650 Uncommon trap: trap_request=0xffffffc6 fr.pc=0x00007f2344f98eb0
Event: 24.648 Thread 0x00007f2354b82650 DEOPT PACKING pc=0x00007f2344f98eb0 sp=0x00007f23079fb860
Event: 24.648 Thread 0x00007f2354b82650 DEOPT UNPACKING pc=0x00007f234442e47a sp=0x00007f23079fb848 mode 2
Event: 29.112 Executing VM operation: ParallelGCFailedAllocation


Dynamic libraries:
00400000-00401000 r-xp 00000000 08:05 76037027                           /usr/lib/jvm/java-1.8.0-openjdk-1.8.0.171-8.b10.el7_5.x86_64/jre/bin/java
00600000-00601000 r--p 00000000 08:05 76037027                           /usr/lib/jvm/java-1.8.0-openjdk-1.8.0.171-8.b10.el7_5.x86_64/jre/bin/java
00601000-00602000 rw-p 00001000 08:05 76037027                           /usr/lib/jvm/java-1.8.0-openjdk-1.8.0.171-8.b10.el7_5.x86_64/jre/bin/java
01412000-01433000 rw-p 00000000 00:00 0                                  [heap]
707000000-70af80000 rw-p 00000000 00:00 0 
70af80000-782580000 ---p 00000000 00:00 0 
782580000-7ab400000 rw-p 00000000 00:00 0 
7b7e80000-7c0000000 ---p 00000000 00:00 0 
7c0000000-7c0960000 rw-p 00000000 00:00 0 
7c0960000-800000000 ---p 00000000 00:00 0 
7f2264000000-7f226403d000 rw-p 00000000 00:00 0 
7f226403d000-7f2268000000 ---p 00000000 00:00 0 
7f226c000000-7f226c026000 rw-p 00000000 00:00 0 
7f226c026000-7f2270000000 ---p 00000000 00:00 0 
7f2270000000-7f2270021000 rw-p 00000000 00:00 0 
7f2270021000-7f2274000000 ---p 00000000 00:00 0 
7f2274000000-7f2274021000 rw-p 00000000 00:00 0 
7f2274021000-7f2278000000 ---p 00000000 00:00 0 
7f2278000000-7f2278021000 rw-p 00000000 00:00 0 
7f2278021000-7f227c000000 ---p 00000000 00:00 0 
7f227c000000-7f227c021000 rw-p 00000000 00:00 0 
7f227c021000-7f2280000000 ---p 00000000 00:00 0 
7f2280000000-7f2280028000 rw-p 00000000 00:00 0 
7f2280028000-7f2284000000 ---p 00000000 00:00 0 
7f2284000000-7f2284021000 rw-p 00000000 00:00 0 
7f2284021000-7f2288000000 ---p 00000000 00:00 0 
7f2288000000-7f2288021000 rw-p 00000000 00:00 0 
7f2288021000-7f228c000000 ---p 00000000 00:00 0 
7f228c000000-7f228c021000 rw-p 00000000 00:00 0 
7f228c021000-7f2290000000 ---p 00000000 00:00 0 
7f2290000000-7f2290021000 rw-p 00000000 00:00 0 
7f2290021000-7f2294000000 ---p 00000000 00:00 0 
7f2294000000-7f2294021000 rw-p 00000000 00:00 0 
7f2294021000-7f2298000000 ---p 00000000 00:00 0 
7f2298000000-7f2298021000 rw-p 00000000 00:00 0 
7f2298021000-7f229c000000 ---p 00000000 00:00 0 
7f229c000000-7f229c021000 rw-p 00000000 00:00 0 
7f229c021000-7f22a0000000 ---p 00000000 00:00 0 
7f22a0000000-7f22a0021000 rw-p 00000000 00:00 0 
7f22a0021000-7f22a4000000 ---p 00000000 00:00 0 
7f22a4000000-7f22a4021000 rw-p 00000000 00:00 0 
7f22a4021000-7f22a8000000 ---p 00000000 00:00 0 
7f22a8000000-7f22a8071000 rw-p 00000000 00:00 0 
7f22a8071000-7f22ac000000 ---p 00000000 00:00 0 
7f22ac000000-7f22ac021000 rw-p 00000000 00:00 0 
7f22ac021000-7f22b0000000 ---p 00000000 00:00 0 
7f22b0000000-7f22b0021000 rw-p 00000000 00:00 0 
7f22b0021000-7f22b4000000 ---p 00000000 00:00 0 
7f22b4000000-7f22b4301000 rw-p 00000000 00:00 0 
7f22b4301000-7f22b8000000 ---p 00000000 00:00 0 
7f22b8000000-7f22b8021000 rw-p 00000000 00:00 0 
7f22b8021000-7f22bc000000 ---p 00000000 00:00 0 
7f22bc000000-7f22bc4c6000 rw-p 00000000 00:00 0 
7f22bc4c6000-7f22c0000000 ---p 00000000 00:00 0 
7f22c0000000-7f22c031d000 rw-p 00000000 00:00 0 
7f22c031d000-7f22c4000000 ---p 00000000 00:00 0 
7f22c4000000-7f22c4f49000 rw-p 00000000 00:00 0 
7f22c4f49000-7f22c8000000 ---p 00000000 00:00 0 
7f22c8000000-7f22c84c1000 rw-p 00000000 00:00 0 
7f22c84c1000-7f22cc000000 ---p 00000000 00:00 0 
7f22cc000000-7f22ccc25000 rw-p 00000000 00:00 0 
7f22ccc25000-7f22d0000000 ---p 00000000 00:00 0 
7f22d0000000-7f22d149e000 rw-p 00000000 00:00 0 
7f22d149e000-7f22d4000000 ---p 00000000 00:00 0 
7f22d4000000-7f22d5455000 rw-p 00000000 00:00 0 
7f22d5455000-7f22d8000000 ---p 00000000 00:00 0 
7f22d8000000-7f22d8aa6000 rw-p 00000000 00:00 0 
7f22d8aa6000-7f22dc000000 ---p 00000000 00:00 0 
7f22dc000000-7f22dd02d000 rw-p 00000000 00:00 0 
7f22dd02d000-7f22e0000000 ---p 00000000 00:00 0 
7f22e0000000-7f22e0b27000 rw-p 00000000 00:00 0 
7f22e0b27000-7f22e4000000 ---p 00000000 00:00 0 
7f22e4000000-7f22e51df000 rw-p 00000000 00:00 0 
7f22e51df000-7f22e8000000 ---p 00000000 00:00 0 
7f22e9ad7000-7f22f0000000 r--p 00000000 08:05 135339676                  /usr/lib/locale/locale-archive
7f22f0000000-7f22f0021000 rw-p 00000000 00:00 0 
7f22f0021000-7f22f4000000 ---p 00000000 00:00 0 
7f22f4000000-7f22f4021000 rw-p 00000000 00:00 0 
7f22f4021000-7f22f8000000 ---p 00000000 00:00 0 
7f22f8000000-7f22f8021000 rw-p 00000000 00:00 0 
7f22f8021000-7f22fc000000 ---p 00000000 00:00 0 
7f22fc000000-7f22fc021000 rw-p 00000000 00:00 0 
7f22fc021000-7f2300000000 ---p 00000000 00:00 0 
7f2300000000-7f2300021000 rw-p 00000000 00:00 0 
7f2300021000-7f2304000000 ---p 00000000 00:00 0 
7f2305982000-7f2305985000 ---p 00000000 00:00 0 
7f2305985000-7f2305a83000 rw-p 00000000 00:00 0 
7f2305a83000-7f2305a86000 ---p 00000000 00:00 0 
7f2305a86000-7f2305b84000 rw-p 00000000 00:00 0 
7f2305b84000-7f2305b87000 ---p 00000000 00:00 0 
7f2305b87000-7f2305c85000 rw-p 00000000 00:00 0 
7f2305c85000-7f2305c88000 ---p 00000000 00:00 0 
7f2305c88000-7f2305d86000 rw-p 00000000 00:00 0 
7f2305d86000-7f2305d89000 ---p 00000000 00:00 0 
7f2305d89000-7f2305e87000 rw-p 00000000 00:00 0 
7f2305e87000-7f2305e8a000 ---p 00000000 00:00 0 
7f2305e8a000-7f2305f88000 rw-p 00000000 00:00 0 
7f2305f88000-7f2305f8b000 ---p 00000000 00:00 0 
7f2305f8b000-7f2306089000 rw-p 00000000 00:00 0 
7f2306089000-7f230608c000 ---p 00000000 00:00 0 
7f230608c000-7f230618a000 rw-p 00000000 00:00 0 
7f230618a000-7f230618d000 ---p 00000000 00:00 0 
7f230618d000-7f230628b000 rw-p 00000000 00:00 0 
7f230628b000-7f230628e000 ---p 00000000 00:00 0 
7f230628e000-7f230638c000 rw-p 00000000 00:00 0 
7f230638c000-7f230638f000 ---p 00000000 00:00 0 
7f230638f000-7f230648d000 rw-p 00000000 00:00 0 
7f230648d000-7f2306490000 ---p 00000000 00:00 0 
7f2306490000-7f230658e000 rw-p 00000000 00:00 0 
7f230658e000-7f2306591000 ---p 00000000 00:00 0 
7f2306591000-7f230668f000 rw-p 00000000 00:00 0 
7f230668f000-7f2306692000 ---p 00000000 00:00 0 
7f2306692000-7f2306790000 rw-p 00000000 00:00 0 
7f2306790000-7f2306793000 ---p 00000000 00:00 0 
7f2306793000-7f2306891000 rw-p 00000000 00:00 0 
7f2306891000-7f2306894000 ---p 00000000 00:00 0 
7f2306894000-7f2306992000 rw-p 00000000 00:00 0 
7f2306992000-7f2306995000 ---p 00000000 00:00 0 
7f2306995000-7f2306bd3000 rw-p 00000000 00:00 0 
7f2306bd3000-7f2306c93000 ---p 00000000 00:00 0 
7f2306c93000-7f2306e93000 rw-p 00000000 00:00 0 
7f2306e93000-7f2307093000 rw-p 00000000 00:00 0 
7f2307093000-7f2307293000 rw-p 00000000 00:00 0 
7f2307293000-7f2307493000 rw-p 00000000 00:00 0 
7f2307493000-7f2307693000 rw-p 00000000 00:00 0 
7f2307693000-7f2307893000 rw-p 00000000 00:00 0 
7f23078fd000-7f2307900000 ---p 00000000 00:00 0 
7f2307900000-7f2307bfe000 rw-p 00000000 00:00 0 
7f2307bfe000-7f2307dfe000 rw-p 00000000 00:00 0 
7f2307dfe000-7f2307dff000 ---p 00000000 00:00 0 
7f2307dff000-7f2307eff000 rw-p 00000000 00:00 0 
7f2307eff000-7f2307f02000 ---p 00000000 00:00 0 
7f2307f02000-7f2308000000 rw-p 00000000 00:00 0 
7f2308000000-7f2308021000 rw-p 00000000 00:00 0 
7f2308021000-7f230c000000 ---p 00000000 00:00 0 
7f230c000000-7f230c021000 rw-p 00000000 00:00 0 
7f230c021000-7f2310000000 ---p 00000000 00:00 0 
7f2310000000-7f2310021000 rw-p 00000000 00:00 0 
7f2310021000-7f2314000000 ---p 00000000 00:00 0 
7f2314057000-7f2314058000 rw-p 00000000 00:00 0 
7f2314058000-7f2314076000 r--s 00180000 00:2e 249006533                  /home/xhe/.m2/repository/org/apache/commons/commons-math3/3.2/commons-math3-3.2.jar
7f2314076000-7f23140b9000 r--s 00332000 00:2e 249006526                  /home/xhe/.m2/repository/org/clojure/clojure/1.8.0/clojure-1.8.0.jar
7f23140b9000-7f23140bd000 ---p 00000000 00:00 0 
7f23140bd000-7f23141ba000 rw-p 00000000 00:00 0 
7f23141ba000-7f23141be000 ---p 00000000 00:00 0 
7f23141be000-7f23142bb000 rw-p 00000000 00:00 0 
7f23142bb000-7f23142bf000 ---p 00000000 00:00 0 
7f23142bf000-7f23143bc000 rw-p 00000000 00:00 0 
7f23143bc000-7f23143c0000 ---p 00000000 00:00 0 
7f23143c0000-7f23144bd000 rw-p 00000000 00:00 0 
7f23144bd000-7f23144c1000 ---p 00000000 00:00 0 
7f23144c1000-7f23145be000 rw-p 00000000 00:00 0 
7f23145be000-7f23145c2000 ---p 00000000 00:00 0 
7f23145c2000-7f23146bf000 rw-p 00000000 00:00 0 
7f23146bf000-7f23146c3000 ---p 00000000 00:00 0 
7f23146c3000-7f23147c0000 rw-p 00000000 00:00 0 
7f23147c0000-7f23147c4000 ---p 00000000 00:00 0 
7f23147c4000-7f23148c1000 rw-p 00000000 00:00 0 
7f23148c1000-7f23148c5000 ---p 00000000 00:00 0 
7f23148c5000-7f23149c2000 rw-p 00000000 00:00 0 
7f23149c2000-7f23149c6000 ---p 00000000 00:00 0 
7f23149c6000-7f2314ac3000 rw-p 00000000 00:00 0 
7f2314ac3000-7f2314ac7000 ---p 00000000 00:00 0 
7f2314ac7000-7f2314bc4000 rw-p 00000000 00:00 0 
7f2314bc4000-7f2314bc8000 ---p 00000000 00:00 0 
7f2314bc8000-7f2314cc5000 rw-p 00000000 00:00 0 
7f2314cc5000-7f2314cc8000 ---p 00000000 00:00 0 
7f2314cc8000-7f2314dc6000 rw-p 00000000 00:00 0 
7f2314dc6000-7f2314dc9000 ---p 00000000 00:00 0 
7f2314dc9000-7f2314ec7000 rw-p 00000000 00:00 0 
7f2314ec7000-7f2314eca000 ---p 00000000 00:00 0 
7f2314eca000-7f2314fc8000 rw-p 00000000 00:00 0 
7f2314fc8000-7f2314fc9000 ---p 00000000 00:00 0 
7f2314fc9000-7f231c000000 rw-p 00000000 00:00 0 
7f231c000000-7f231c021000 rw-p 00000000 00:00 0 
7f231c021000-7f2320000000 ---p 00000000 00:00 0 
7f2320000000-7f2320021000 rw-p 00000000 00:00 0 
7f2320021000-7f2324000000 ---p 00000000 00:00 0 
7f2324000000-7f2324021000 rw-p 00000000 00:00 0 
7f2324021000-7f2328000000 ---p 00000000 00:00 0 
7f2328000000-7f2328021000 rw-p 00000000 00:00 0 
7f2328021000-7f232c000000 ---p 00000000 00:00 0 
7f232c000000-7f232c021000 rw-p 00000000 00:00 0 
7f232c021000-7f2330000000 ---p 00000000 00:00 0 
7f2330000000-7f2330021000 rw-p 00000000 00:00 0 
7f2330021000-7f2334000000 ---p 00000000 00:00 0 
7f2334000000-7f2334021000 rw-p 00000000 00:00 0 
7f2334021000-7f2338000000 ---p 00000000 00:00 0 
7f2338000000-7f2338021000 rw-p 00000000 00:00 0 
7f2338021000-7f233c000000 ---p 00000000 00:00 0 
7f233c000000-7f233c021000 rw-p 00000000 00:00 0 
7f233c021000-7f2340000000 ---p 00000000 00:00 0 
7f2340000000-7f2340005000 r--s 000b6000 08:05 67543830                   /usr/lib/jvm/java-1.8.0-openjdk-1.8.0.171-8.b10.el7_5.x86_64/jre/lib/jsse.jar
7f2340005000-7f2340009000 r--s 00041000 00:2e 249006532                  /home/xhe/.m2/repository/com/fasterxml/jackson/core/jackson-core/2.8.6/jackson-core-2.8.6.jar
7f2340009000-7f234000b000 r--s 00000000 00:2e 249006558                  /home/xhe/.m2/repository/net/totakke/libra/0.1.0/libra-0.1.0.jar
7f234000b000-7f234000d000 r--s 00011000 00:2e 249006534                  /home/xhe/.m2/repository/com/fasterxml/jackson/dataformat/jackson-dataformat-smile/2.8.6/jackson-dataformat-smile-2.8.6.jar
7f234000d000-7f234000e000 r--s 00001000 00:2e 249006530                  /home/xhe/.m2/repository/org/clojure/data.json/0.2.6/data.json-0.2.6.jar
7f234000e000-7f234000f000 r--s 00000000 00:2e 249006552                  /home/xhe/.m2/repository/de/kotka/lazymap/3.1.0/lazymap-3.1.0.jar
7f234000f000-7f2340011000 r--s 0000b000 00:2e 249006548                  /home/xhe/.m2/repository/kephale/uncommons-maths/1.2.3/uncommons-maths-1.2.3.jar
7f2340011000-7f234001b000 r--s 00056000 00:2e 249006438                  /home/xhe/.m2/repository/cider/cider-nrepl/0.17.0/cider-nrepl-0.17.0.jar
7f234001b000-7f234001d000 r--s 00005000 00:2e 249006550                  /home/xhe/.m2/repository/cheshire/cheshire/5.7.1/cheshire-5.7.1.jar
7f234001d000-7f234001e000 r--s 00000000 00:2e 249006543                  /home/xhe/.m2/repository/clj-random/clj-random/0.1.7/clj-random-0.1.7.jar
7f234001e000-7f234196b000 rw-p 00000000 00:00 0 
7f234196b000-7f2341b3a000 r--s 0440f000 08:05 67543839                   /usr/lib/jvm/java-1.8.0-openjdk-1.8.0.171-8.b10.el7_5.x86_64/jre/lib/rt.jar
7f2341b3a000-7f2342978000 rw-p 00000000 00:00 0 
7f2342978000-7f2342979000 ---p 00000000 00:00 0 
7f2342979000-7f2342a79000 rw-p 00000000 00:00 0 
7f2342a79000-7f2342a7a000 ---p 00000000 00:00 0 
7f2342a7a000-7f2342b7a000 rw-p 00000000 00:00 0 
7f2342b7a000-7f2342b7b000 ---p 00000000 00:00 0 
7f2342b7b000-7f2342c7b000 rw-p 00000000 00:00 0 
7f2342c7b000-7f2342c7c000 ---p 00000000 00:00 0 
7f2342c7c000-7f2342d7c000 rw-p 00000000 00:00 0 
7f2342d7c000-7f2342d7d000 ---p 00000000 00:00 0 
7f2342d7d000-7f2342e7d000 rw-p 00000000 00:00 0 
7f2342e7d000-7f2342e7e000 ---p 00000000 00:00 0 
7f2342e7e000-7f2342f7e000 rw-p 00000000 00:00 0 
7f2342f7e000-7f2342f7f000 ---p 00000000 00:00 0 
7f2342f7f000-7f234307f000 rw-p 00000000 00:00 0 
7f234307f000-7f2343080000 ---p 00000000 00:00 0 
7f2343080000-7f2343180000 rw-p 00000000 00:00 0 
7f2343180000-7f2343181000 ---p 00000000 00:00 0 
7f2343181000-7f2343281000 rw-p 00000000 00:00 0 
7f2343281000-7f2343282000 ---p 00000000 00:00 0 
7f2343282000-7f2343382000 rw-p 00000000 00:00 0 
7f2343382000-7f2343383000 ---p 00000000 00:00 0 
7f2343383000-7f2343483000 rw-p 00000000 00:00 0 
7f2343483000-7f2343484000 ---p 00000000 00:00 0 
7f2343484000-7f2343584000 rw-p 00000000 00:00 0 
7f2343584000-7f2343585000 ---p 00000000 00:00 0 
7f2343585000-7f23436a5000 rw-p 00000000 00:00 0 
7f23436a5000-7f2343a60000 ---p 00000000 00:00 0 
7f2343a60000-7f2343a80000 rw-p 00000000 00:00 0 
7f2343a80000-7f2343e3a000 ---p 00000000 00:00 0 
7f2343e3a000-7f2343f82000 rw-p 00000000 00:00 0 
7f2343f82000-7f2344028000 ---p 00000000 00:00 0 
7f2344028000-7f234406f000 rw-p 00000000 00:00 0 
7f234406f000-7f23443e9000 ---p 00000000 00:00 0 
7f23443e9000-7f2345559000 rwxp 00000000 00:00 0 
7f2345559000-7f23533e9000 ---p 00000000 00:00 0 
7f23533e9000-7f23533f1000 r-xp 00000000 08:05 135994947                  /usr/lib/jvm/java-1.8.0-openjdk-1.8.0.171-8.b10.el7_5.x86_64/jre/lib/amd64/libzip.so
7f23533f1000-7f23535f0000 ---p 00008000 08:05 135994947                  /usr/lib/jvm/java-1.8.0-openjdk-1.8.0.171-8.b10.el7_5.x86_64/jre/lib/amd64/libzip.so
7f23535f0000-7f23535f1000 r--p 00007000 08:05 135994947                  /usr/lib/jvm/java-1.8.0-openjdk-1.8.0.171-8.b10.el7_5.x86_64/jre/lib/amd64/libzip.so
7f23535f1000-7f23535f2000 rw-p 00008000 08:05 135994947                  /usr/lib/jvm/java-1.8.0-openjdk-1.8.0.171-8.b10.el7_5.x86_64/jre/lib/amd64/libzip.so
7f23535f2000-7f2353df7000 r--s 00000000 08:03 38155                      /var/lib/sss/mc/passwd
7f2353df7000-7f2353dff000 r-xp 00000000 08:05 204933493                  /usr/lib64/libnss_sss.so.2
7f2353dff000-7f2353ffe000 ---p 00008000 08:05 204933493                  /usr/lib64/libnss_sss.so.2
7f2353ffe000-7f2353fff000 r--p 00007000 08:05 204933493                  /usr/lib64/libnss_sss.so.2
7f2353fff000-7f2354000000 rw-p 00008000 08:05 204933493                  /usr/lib64/libnss_sss.so.2
7f2354000000-7f2355128000 rw-p 00000000 00:00 0 
7f2355128000-7f2358000000 ---p 00000000 00:00 0 
7f2358000000-7f2358001000 r--s 00000000 00:2e 249006542                  /home/xhe/.m2/repository/local-file/local-file/0.1.0/local-file-0.1.0.jar
7f2358001000-7f2358022000 rw-p 00000000 00:00 0 
7f2358022000-7f235802e000 r-xp 00000000 08:05 202816356                  /usr/lib64/libnss_files-2.17.so
7f235802e000-7f235822d000 ---p 0000c000 08:05 202816356                  /usr/lib64/libnss_files-2.17.so
7f235822d000-7f235822e000 r--p 0000b000 08:05 202816356                  /usr/lib64/libnss_files-2.17.so
7f235822e000-7f235822f000 rw-p 0000c000 08:05 202816356                  /usr/lib64/libnss_files-2.17.so
7f235822f000-7f2358235000 rw-p 00000000 00:00 0 
7f2358235000-7f2358263000 r-xp 00000000 08:05 135994923                  /usr/lib/jvm/java-1.8.0-openjdk-1.8.0.171-8.b10.el7_5.x86_64/jre/lib/amd64/libjava.so
7f2358263000-7f2358462000 ---p 0002e000 08:05 135994923                  /usr/lib/jvm/java-1.8.0-openjdk-1.8.0.171-8.b10.el7_5.x86_64/jre/lib/amd64/libjava.so
7f2358462000-7f2358463000 r--p 0002d000 08:05 135994923                  /usr/lib/jvm/java-1.8.0-openjdk-1.8.0.171-8.b10.el7_5.x86_64/jre/lib/amd64/libjava.so
7f2358463000-7f2358465000 rw-p 0002e000 08:05 135994923                  /usr/lib/jvm/java-1.8.0-openjdk-1.8.0.171-8.b10.el7_5.x86_64/jre/lib/amd64/libjava.so
7f2358465000-7f2358472000 r-xp 00000000 08:05 135994946                  /usr/lib/jvm/java-1.8.0-openjdk-1.8.0.171-8.b10.el7_5.x86_64/jre/lib/amd64/libverify.so
7f2358472000-7f2358671000 ---p 0000d000 08:05 135994946                  /usr/lib/jvm/java-1.8.0-openjdk-1.8.0.171-8.b10.el7_5.x86_64/jre/lib/amd64/libverify.so
7f2358671000-7f2358673000 r--p 0000c000 08:05 135994946                  /usr/lib/jvm/java-1.8.0-openjdk-1.8.0.171-8.b10.el7_5.x86_64/jre/lib/amd64/libverify.so
7f2358673000-7f2358674000 rw-p 0000e000 08:05 135994946                  /usr/lib/jvm/java-1.8.0-openjdk-1.8.0.171-8.b10.el7_5.x86_64/jre/lib/amd64/libverify.so
7f2358674000-7f235867b000 r-xp 00000000 08:05 202816363                  /usr/lib64/librt-2.17.so
7f235867b000-7f235887a000 ---p 00007000 08:05 202816363                  /usr/lib64/librt-2.17.so
7f235887a000-7f235887b000 r--p 00006000 08:05 202816363                  /usr/lib64/librt-2.17.so
7f235887b000-7f235887c000 rw-p 00007000 08:05 202816363                  /usr/lib64/librt-2.17.so
7f235887c000-7f2358891000 r-xp 00000000 08:05 201429134                  /usr/lib64/libgcc_s-4.8.5-20150702.so.1
7f2358891000-7f2358a90000 ---p 00015000 08:05 201429134                  /usr/lib64/libgcc_s-4.8.5-20150702.so.1
7f2358a90000-7f2358a91000 r--p 00014000 08:05 201429134                  /usr/lib64/libgcc_s-4.8.5-20150702.so.1
7f2358a91000-7f2358a92000 rw-p 00015000 08:05 201429134                  /usr/lib64/libgcc_s-4.8.5-20150702.so.1
7f2358a92000-7f2358b93000 r-xp 00000000 08:05 202816345                  /usr/lib64/libm-2.17.so
7f2358b93000-7f2358d92000 ---p 00101000 08:05 202816345                  /usr/lib64/libm-2.17.so
7f2358d92000-7f2358d93000 r--p 00100000 08:05 202816345                  /usr/lib64/libm-2.17.so
7f2358d93000-7f2358d94000 rw-p 00101000 08:05 202816345                  /usr/lib64/libm-2.17.so
7f2358d94000-7f2358e7d000 r-xp 00000000 08:05 202418614                  /usr/lib64/libstdc++.so.6.0.19
7f2358e7d000-7f235907c000 ---p 000e9000 08:05 202418614                  /usr/lib64/libstdc++.so.6.0.19
7f235907c000-7f2359084000 r--p 000e8000 08:05 202418614                  /usr/lib64/libstdc++.so.6.0.19
7f2359084000-7f2359086000 rw-p 000f0000 08:05 202418614                  /usr/lib64/libstdc++.so.6.0.19
7f2359086000-7f235909b000 rw-p 00000000 00:00 0 
7f235909b000-7f2359d61000 r-xp 00000000 08:05 67543813                   /usr/lib/jvm/java-1.8.0-openjdk-1.8.0.171-8.b10.el7_5.x86_64/jre/lib/amd64/server/libjvm.so
7f2359d61000-7f2359f61000 ---p 00cc6000 08:05 67543813                   /usr/lib/jvm/java-1.8.0-openjdk-1.8.0.171-8.b10.el7_5.x86_64/jre/lib/amd64/server/libjvm.so
7f2359f61000-7f235a00c000 r--p 00cc6000 08:05 67543813                   /usr/lib/jvm/java-1.8.0-openjdk-1.8.0.171-8.b10.el7_5.x86_64/jre/lib/amd64/server/libjvm.so
7f235a00c000-7f235a035000 rw-p 00d71000 08:05 67543813                   /usr/lib/jvm/java-1.8.0-openjdk-1.8.0.171-8.b10.el7_5.x86_64/jre/lib/amd64/server/libjvm.so
7f235a035000-7f235a068000 rw-p 00000000 00:00 0 
7f235a068000-7f235a22b000 r-xp 00000000 08:05 201328629                  /usr/lib64/libc-2.17.so
7f235a22b000-7f235a42a000 ---p 001c3000 08:05 201328629                  /usr/lib64/libc-2.17.so
7f235a42a000-7f235a42e000 r--p 001c2000 08:05 201328629                  /usr/lib64/libc-2.17.so
7f235a42e000-7f235a430000 rw-p 001c6000 08:05 201328629                  /usr/lib64/libc-2.17.so
7f235a430000-7f235a435000 rw-p 00000000 00:00 0 
7f235a435000-7f235a437000 r-xp 00000000 08:05 202816343                  /usr/lib64/libdl-2.17.so
7f235a437000-7f235a637000 ---p 00002000 08:05 202816343                  /usr/lib64/libdl-2.17.so
7f235a637000-7f235a638000 r--p 00002000 08:05 202816343                  /usr/lib64/libdl-2.17.so
7f235a638000-7f235a639000 rw-p 00003000 08:05 202816343                  /usr/lib64/libdl-2.17.so
7f235a639000-7f235a647000 r-xp 00000000 08:05 1726550                    /usr/lib/jvm/java-1.8.0-openjdk-1.8.0.171-8.b10.el7_5.x86_64/jre/lib/amd64/jli/libjli.so
7f235a647000-7f235a846000 ---p 0000e000 08:05 1726550                    /usr/lib/jvm/java-1.8.0-openjdk-1.8.0.171-8.b10.el7_5.x86_64/jre/lib/amd64/jli/libjli.so
7f235a846000-7f235a847000 r--p 0000d000 08:05 1726550                    /usr/lib/jvm/java-1.8.0-openjdk-1.8.0.171-8.b10.el7_5.x86_64/jre/lib/amd64/jli/libjli.so
7f235a847000-7f235a848000 rw-p 0000e000 08:05 1726550                    /usr/lib/jvm/java-1.8.0-openjdk-1.8.0.171-8.b10.el7_5.x86_64/jre/lib/amd64/jli/libjli.so
7f235a848000-7f235a85d000 r-xp 00000000 08:05 204492934                  /usr/lib64/libz.so.1.2.7
7f235a85d000-7f235aa5c000 ---p 00015000 08:05 204492934                  /usr/lib64/libz.so.1.2.7
7f235aa5c000-7f235aa5d000 r--p 00014000 08:05 204492934                  /usr/lib64/libz.so.1.2.7
7f235aa5d000-7f235aa5e000 rw-p 00015000 08:05 204492934                  /usr/lib64/libz.so.1.2.7
7f235aa5e000-7f235aa75000 r-xp 00000000 08:05 201328655                  /usr/lib64/libpthread-2.17.so
7f235aa75000-7f235ac74000 ---p 00017000 08:05 201328655                  /usr/lib64/libpthread-2.17.so
7f235ac74000-7f235ac75000 r--p 00016000 08:05 201328655                  /usr/lib64/libpthread-2.17.so
7f235ac75000-7f235ac76000 rw-p 00017000 08:05 201328655                  /usr/lib64/libpthread-2.17.so
7f235ac76000-7f235ac7a000 rw-p 00000000 00:00 0 
7f235ac7a000-7f235ac9c000 r-xp 00000000 08:05 201328622                  /usr/lib64/ld-2.17.so
7f235ac9c000-7f235ac9e000 r--s 00000000 00:2e 249006523                  /home/xhe/.m2/repository/org/clojure/math.numeric-tower/0.0.4/math.numeric-tower-0.0.4.jar
7f235ac9e000-7f235aca0000 r--s 0000b000 00:2e 249006535                  /home/xhe/.m2/repository/com/fasterxml/jackson/dataformat/jackson-dataformat-cbor/2.8.6/jackson-dataformat-cbor-2.8.6.jar
7f235aca0000-7f235aca1000 r--s 00001000 00:2e 249006541                  /home/xhe/.m2/repository/clojure-csv/clojure-csv/2.0.1/clojure-csv-2.0.1.jar
7f235aca1000-7f235aca2000 r--s 00002000 00:2e 249006566                  /home/xhe/.m2/repository/clojure-complete/clojure-complete/0.2.4/clojure-complete-0.2.4.jar
7f235aca2000-7f235aca4000 r--s 00008000 00:2e 249006544                  /home/xhe/.m2/repository/org/clojars/etosch/cosmos/1.0.0/cosmos-1.0.0.jar
7f235aca4000-7f235aca5000 r--s 00009000 00:2e 249006564                  /home/xhe/.m2/repository/org/clojure/tools.nrepl/0.2.12/tools.nrepl-0.2.12.jar
7f235aca5000-7f235aca7000 r--s 0000c000 00:2e 249006551                  /home/xhe/.m2/repository/prismatic/plumbing/0.5.4/plumbing-0.5.4.jar
7f235aca7000-7f235aca8000 r--s 00000000 00:2e 249006525                  /home/xhe/.m2/repository/org/clojure/data.csv/0.1.3/data.csv-0.1.3.jar
7f235aca8000-7f235aca9000 r--s 0000f000 00:2e 249006555                  /home/xhe/.m2/repository/prismatic/schema/1.0.1/schema-1.0.1.jar
7f235aca9000-7f235acaa000 r--s 00009000 00:2e 249006557                  /home/xhe/.m2/repository/criterium/criterium/0.4.4/criterium-0.4.4.jar
7f235acaa000-7f235acab000 r--s 00001000 00:2e 249006425                  /home/xhe/.m2/repository/tigris/tigris/0.1.1/tigris-0.1.1.jar
7f235acab000-7f235acac000 r--s 00002000 00:2e 249006524                  /home/xhe/.m2/repository/org/clojure/math.combinatorics/0.1.1/math.combinatorics-0.1.1.jar
7f235acac000-7f235ad8a000 rw-p 00000000 00:00 0 
7f235ad8a000-7f235ad92000 rw-s 00000000 08:05 135834672                  /tmp/hsperfdata_xhe/28912
7f235ad92000-7f235ad93000 rw-p 00000000 00:00 0 
7f235ad93000-7f235ad94000 ---p 00000000 00:00 0 
7f235ad94000-7f235ad98000 ---p 00000000 00:00 0 
7f235ad98000-7f235ae9b000 rw-p 00000000 00:00 0 
7f235ae9b000-7f235ae9c000 r--p 00021000 08:05 201328622                  /usr/lib64/ld-2.17.so
7f235ae9c000-7f235ae9d000 rw-p 00022000 08:05 201328622                  /usr/lib64/ld-2.17.so
7f235ae9d000-7f235ae9e000 rw-p 00000000 00:00 0 
7ffcf2d70000-7ffcf2d92000 rw-p 00000000 00:00 0                          [stack]
7ffcf2de7000-7ffcf2de9000 r-xp 00000000 00:00 0                          [vdso]
ffffffffff600000-ffffffffff601000 r-xp 00000000 00:00 0                  [vsyscall]

VM Arguments:
jvm_args: -Dfile.encoding=UTF-8 -Dclojure.compile.path=/home/xhe/clojush7/target/classes -Dclojush.version=3.11.1-1-SNAPSHOT -Dclojure.debug=false 
java_command: clojure.main -i /tmp/form-init1554121328865091286.clj
java_class_path (initial): /home/xhe/clojush7/test:/home/xhe/clojush7/src:/home/xhe/clojush7/dev-resources:/home/xhe/clojush7/resources:/home/xhe/clojush7/target/classes:/home/xhe/.m2/repository/org/clojure/math.combinatorics/0.1.1/math.combinatorics-0.1.1.jar:/home/xhe/.m2/repository/org/clojure/clojure/1.8.0/clojure-1.8.0.jar:/home/xhe/.m2/repository/tigris/tigris/0.1.1/tigris-0.1.1.jar:/home/xhe/.m2/repository/criterium/criterium/0.4.4/criterium-0.4.4.jar:/home/xhe/.m2/repository/prismatic/schema/1.0.1/schema-1.0.1.jar:/home/xhe/.m2/repository/org/clojure/data.csv/0.1.3/data.csv-0.1.3.jar:/home/xhe/.m2/repository/prismatic/plumbing/0.5.4/plumbing-0.5.4.jar:/home/xhe/.m2/repository/org/clojure/tools.nrepl/0.2.12/tools.nrepl-0.2.12.jar:/home/xhe/.m2/repository/org/clojars/etosch/cosmos/1.0.0/cosmos-1.0.0.jar:/home/xhe/.m2/repository/clojure-complete/clojure-complete/0.2.4/clojure-complete-0.2.4.jar:/home/xhe/.m2/repository/clojure-csv/clojure-csv/2.0.1/clojure-csv-2.0.1.jar:/home/xhe/.m2/repository/com/fasterxml/jackson/dataformat/jackson-dataformat-cbor/2.8.6/jackson-dataformat-cbor-2.8.6.jar:/home/xhe/.m2/repository/org/clojure/math.numeric-tower/0.0.4/math.numeric-tower-0.0.4.jar:/home/xhe/.m2/repository/local-file/local-file/0.1.0/local-file-0.1.0.jar:/home/xhe/.m2/repository/clj-random/clj-random/0.1.7/clj-random-0.1.7.jar:/home/xhe/.m2/repository/cheshire/cheshire/5.7.1/cheshire-5.7.1.jar:/home/xhe/.m2/repository/cider/cider-nrepl/0.17.0/cider-nrepl-0.17.0.jar:/home/xhe/.m2/repository/kephale/uncommons-maths/1.2.3/uncommons-maths-1.2.3.jar:/home/xhe/.m2/repository/de/kotka/lazymap/3.1.0/lazymap-3.1.0.jar:/home/xhe/.m2/repository/org/clojure/data.json/0.2.6/data.json-0.2.6.jar:/home/xhe/.m2/repository/com/fasterxml/jackson/dataformat/jackson-dataformat-smile/2.8.6/jackson-dataformat-smile-2.8.6.jar:/home/xhe/.m2/repository/net/totakke/libra/0.1.0/libra-0.1.0.jar:/home/xhe/.m2/repository/org/apache/commons/commons-math3/3.2/commons-math3-3.2.jar:/home/xhe/.m2
Launcher Type: SUN_STANDARD

Environment Variables:
CLASSPATH=/home/xhe/.lein/self-installs/leiningen-2.7.1-standalone.jar
PATH=/sbin:/bin:/usr/local/bin:/usr/bin:/usr/sbin:/usr/X11R6/bin:/usr/local/sbin:/usr/bin/X11:/usr/local/global/bin:/usr/local/global/sbin:/usr/kerberos/bin/:/home/xhe/bin:/home/xhe/.local/bin:/home/xhe/bin
LD_LIBRARY_PATH=/lib:/usr/lib:/usr/local/lib:/usr/local/lib/X11:/usr/local/global/lib:/usr/lib64:/home/xhe/lib:/home/xhe/lib64
SHELL=/bin/bash
DISPLAY=localhost:17.0
OSTYPE=Linux
ARCH=x86_64

Signal Handlers:
SIGSEGV: [libjvm.so+0xab5320], sa_mask[0]=11111111011111111101111111111110, sa_flags=SA_RESTART|SA_SIGINFO
SIGBUS: [libjvm.so+0xab5320], sa_mask[0]=11111111011111111101111111111110, sa_flags=SA_RESTART|SA_SIGINFO
SIGFPE: [libjvm.so+0x8ac6b0], sa_mask[0]=11111111011111111101111111111110, sa_flags=SA_RESTART|SA_SIGINFO
SIGPIPE: [libjvm.so+0x8ac6b0], sa_mask[0]=11111111011111111101111111111110, sa_flags=SA_RESTART|SA_SIGINFO
SIGXFSZ: [libjvm.so+0x8ac6b0], sa_mask[0]=11111111011111111101111111111110, sa_flags=SA_RESTART|SA_SIGINFO
SIGILL: [libjvm.so+0x8ac6b0], sa_mask[0]=11111111011111111101111111111110, sa_flags=SA_RESTART|SA_SIGINFO
SIGUSR1: SIG_DFL, sa_mask[0]=00000000000000000000000000000000, sa_flags=none
SIGUSR2: [libjvm.so+0x8ac560], sa_mask[0]=00100000000000000000000000000000, sa_flags=SA_RESTART|SA_SIGINFO
SIGHUP: [libjvm.so+0x8ac770], sa_mask[0]=11111111011111111101111111111110, sa_flags=SA_RESTART|SA_SIGINFO
SIGINT: [libjvm.so+0x8ac770], sa_mask[0]=11111111011111111101111111111110, sa_flags=SA_RESTART|SA_SIGINFO
SIGTERM: [libjvm.so+0x8ac770], sa_mask[0]=11111111011111111101111111111110, sa_flags=SA_RESTART|SA_SIGINFO
SIGQUIT: [libjvm.so+0x8ac770], sa_mask[0]=11111111011111111101111111111110, sa_flags=SA_RESTART|SA_SIGINFO


---------------  S Y S T E M  ---------------

OS:CentOS Linux release 7.5.1804 (Core) 

uname:Linux 3.10.0-862.3.2.el7.x86_64 #1 SMP Mon May 21 23:36:36 UTC 2018 x86_64
libc:glibc 2.17 NPTL 2.17 
rlimit: STACK 8192k, CORE 0k, NPROC 4096, NOFILE 4096, AS infinity
load average:9.68 10.37 14.46

/proc/meminfo:
MemTotal:       12121656 kB
MemFree:         1797708 kB
MemAvailable:    1677472 kB
Buffers:               0 kB
Cached:            72032 kB
SwapCached:        27552 kB
Active:          7974324 kB
Inactive:        1884364 kB
Active(anon):    7972932 kB
Inactive(anon):  1860248 kB
Active(file):       1392 kB
Inactive(file):    24116 kB
Unevictable:           0 kB
Mlocked:               0 kB
SwapTotal:       4194300 kB
SwapFree:              4 kB
Dirty:               212 kB
Writeback:             0 kB
AnonPages:       9759864 kB
Mapped:            11716 kB
Shmem:             46424 kB
Slab:             192224 kB
SReclaimable:      57400 kB
SUnreclaim:       134824 kB
KernelStack:       27584 kB
PageTables:        71428 kB
NFS_Unstable:          0 kB
Bounce:                0 kB
WritebackTmp:          0 kB
CommitLimit:    10255128 kB
Committed_AS:   22882340 kB
VmallocTotal:   34359738367 kB
VmallocUsed:      320024 kB
VmallocChunk:   34352560124 kB
HardwareCorrupted:     0 kB
AnonHugePages:    233472 kB
CmaTotal:              0 kB
CmaFree:               0 kB
HugePages_Total:       0
HugePages_Free:        0
HugePages_Rsvd:        0
HugePages_Surp:        0
Hugepagesize:       2048 kB
DirectMap4k:      261604 kB
DirectMap2M:     6017024 kB
DirectMap1G:     6291456 kB


CPU:total 16 (initial active 16) (4 cores per cpu, 2 threads per core) family 6 model 44 stepping 2, cmov, cx8, fxsr, mmx, sse, sse2, sse3, ssse3, sse4.1, sse4.2, popcnt, aes, clmul, ht, tsc, tscinvbit, tscinv

/proc/cpuinfo:
processor	: 0
vendor_id	: GenuineIntel
cpu family	: 6
model		: 44
model name	: Intel(R) Xeon(R) CPU           E5620  @ 2.40GHz
stepping	: 2
microcode	: 0x1a
cpu MHz		: 2394.110
cache size	: 12288 KB
physical id	: 1
siblings	: 8
core id		: 0
cpu cores	: 4
apicid		: 32
initial apicid	: 32
fpu		: yes
fpu_exception	: yes
cpuid level	: 11
wp		: yes
flags		: fpu vme de pse tsc msr pae mce cx8 apic sep mtrr pge mca cmov pat pse36 clflush dts acpi mmx fxsr sse sse2 ss ht tm pbe syscall nx pdpe1gb rdtscp lm constant_tsc arch_perfmon pebs bts rep_good nopl xtopology nonstop_tsc aperfmperf pni pclmulqdq dtes64 monitor ds_cpl vmx smx est tm2 ssse3 cx16 xtpr pdcm pcid dca sse4_1 sse4_2 popcnt aes lahf_lm tpr_shadow vnmi flexpriority ept vpid dtherm ida arat
bogomips	: 4788.22
clflush size	: 64
cache_alignment	: 64
address sizes	: 40 bits physical, 48 bits virtual
power management:

processor	: 1
vendor_id	: GenuineIntel
cpu family	: 6
model		: 44
model name	: Intel(R) Xeon(R) CPU           E5620  @ 2.40GHz
stepping	: 2
microcode	: 0x1a
cpu MHz		: 2394.110
cache size	: 12288 KB
physical id	: 0
siblings	: 8
core id		: 0
cpu cores	: 4
apicid		: 0
initial apicid	: 0
fpu		: yes
fpu_exception	: yes
cpuid level	: 11
wp		: yes
flags		: fpu vme de pse tsc msr pae mce cx8 apic sep mtrr pge mca cmov pat pse36 clflush dts acpi mmx fxsr sse sse2 ss ht tm pbe syscall nx pdpe1gb rdtscp lm constant_tsc arch_perfmon pebs bts rep_good nopl xtopology nonstop_tsc aperfmperf pni pclmulqdq dtes64 monitor ds_cpl vmx smx est tm2 ssse3 cx16 xtpr pdcm pcid dca sse4_1 sse4_2 popcnt aes lahf_lm tpr_shadow vnmi flexpriority ept vpid dtherm ida arat
bogomips	: 4787.83
clflush size	: 64
cache_alignment	: 64
address sizes	: 40 bits physical, 48 bits virtual
power management:

processor	: 2
vendor_id	: GenuineIntel
cpu family	: 6
model		: 44
model name	: Intel(R) Xeon(R) CPU           E5620  @ 2.40GHz
stepping	: 2
microcode	: 0x1a
cpu MHz		: 2394.110
cache size	: 12288 KB
physical id	: 1
siblings	: 8
core id		: 1
cpu cores	: 4
apicid		: 34
initial apicid	: 34
fpu		: yes
fpu_exception	: yes
cpuid level	: 11
wp		: yes
flags		: fpu vme de pse tsc msr pae mce cx8 apic sep mtrr pge mca cmov pat pse36 clflush dts acpi mmx fxsr sse sse2 ss ht tm pbe syscall nx pdpe1gb rdtscp lm constant_tsc arch_perfmon pebs bts rep_good nopl xtopology nonstop_tsc aperfmperf pni pclmulqdq dtes64 monitor ds_cpl vmx smx est tm2 ssse3 cx16 xtpr pdcm pcid dca sse4_1 sse4_2 popcnt aes lahf_lm tpr_shadow vnmi flexpriority ept vpid dtherm ida arat
bogomips	: 4788.22
clflush size	: 64
cache_alignment	: 64
address sizes	: 40 bits physical, 48 bits virtual
power management:

processor	: 3
vendor_id	: GenuineIntel
cpu family	: 6
model		: 44
model name	: Intel(R) Xeon(R) CPU           E5620  @ 2.40GHz
stepping	: 2
microcode	: 0x1a
cpu MHz		: 2394.110
cache size	: 12288 KB
physical id	: 0
siblings	: 8
core id		: 1
cpu cores	: 4
apicid		: 2
initial apicid	: 2
fpu		: yes
fpu_exception	: yes
cpuid level	: 11
wp		: yes
flags		: fpu vme de pse tsc msr pae mce cx8 apic sep mtrr pge mca cmov pat pse36 clflush dts acpi mmx fxsr sse sse2 ss ht tm pbe syscall nx pdpe1gb rdtscp lm constant_tsc arch_perfmon pebs bts rep_good nopl xtopology nonstop_tsc aperfmperf pni pclmulqdq dtes64 monitor ds_cpl vmx smx est tm2 ssse3 cx16 xtpr pdcm pcid dca sse4_1 sse4_2 popcnt aes lahf_lm tpr_shadow vnmi flexpriority ept vpid dtherm ida arat
bogomips	: 4787.83
clflush size	: 64
cache_alignment	: 64
address sizes	: 40 bits physical, 48 bits virtual
power management:

processor	: 4
vendor_id	: GenuineIntel
cpu family	: 6
model		: 44
model name	: Intel(R) Xeon(R) CPU           E5620  @ 2.40GHz
stepping	: 2
microcode	: 0x1a
cpu MHz		: 2394.110
cache size	: 12288 KB
physical id	: 1
siblings	: 8
core id		: 9
cpu cores	: 4
apicid		: 50
initial apicid	: 50
fpu		: yes
fpu_exception	: yes
cpuid level	: 11
wp		: yes
flags		: fpu vme de pse tsc msr pae mce cx8 apic sep mtrr pge mca cmov pat pse36 clflush dts acpi mmx fxsr sse sse2 ss ht tm pbe syscall nx pdpe1gb rdtscp lm constant_tsc arch_perfmon pebs bts rep_good nopl xtopology nonstop_tsc aperfmperf pni pclmulqdq dtes64 monitor ds_cpl vmx smx est tm2 ssse3 cx16 xtpr pdcm pcid dca sse4_1 sse4_2 popcnt aes lahf_lm tpr_shadow vnmi flexpriority ept vpid dtherm ida arat
bogomips	: 4788.22
clflush size	: 64
cache_alignment	: 64
address sizes	: 40 bits physical, 48 bits virtual
power management:

processor	: 5
vendor_id	: GenuineIntel
cpu family	: 6
model		: 44
model name	: Intel(R) Xeon(R) CPU           E5620  @ 2.40GHz
stepping	: 2
microcode	: 0x1a
cpu MHz		: 2394.110
cache size	: 12288 KB
physical id	: 0
siblings	: 8
core id		: 9
cpu cores	: 4
apicid		: 18
initial apicid	: 18
fpu		: yes
fpu_exception	: yes
cpuid level	: 11
wp		: yes
flags		: fpu vme de pse tsc msr pae mce cx8 apic sep mtrr pge mca cmov pat pse36 clflush dts acpi mmx fxsr sse sse2 ss ht tm pbe syscall nx pdpe1gb rdtscp lm constant_tsc arch_perfmon pebs bts rep_good nopl xtopology nonstop_tsc aperfmperf pni pclmulqdq dtes64 monitor ds_cpl vmx smx est tm2 ssse3 cx16 xtpr pdcm pcid dca sse4_1 sse4_2 popcnt aes lahf_lm tpr_shadow vnmi flexpriority ept vpid dtherm ida arat
bogomips	: 4787.83
clflush size	: 64
cache_alignment	: 64
address sizes	: 40 bits physical, 48 bits virtual
power management:

processor	: 6
vendor_id	: GenuineIntel
cpu family	: 6
model		: 44
model name	: Intel(R) Xeon(R) CPU           E5620  @ 2.40GHz
stepping	: 2
microcode	: 0x1a
cpu MHz		: 2394.110
cache size	: 12288 KB
physical id	: 1
siblings	: 8
core id		: 10
cpu cores	: 4
apicid		: 52
initial apicid	: 52
fpu		: yes
fpu_exception	: yes
cpuid level	: 11
wp		: yes
flags		: fpu vme de pse tsc msr pae mce cx8 apic sep mtrr pge mca cmov pat pse36 clflush dts acpi mmx fxsr sse sse2 ss ht tm pbe syscall nx pdpe1gb rdtscp lm constant_tsc arch_perfmon pebs bts rep_good nopl xtopology nonstop_tsc aperfmperf pni pclmulqdq dtes64 monitor ds_cpl vmx smx est tm2 ssse3 cx16 xtpr pdcm pcid dca sse4_1 sse4_2 popcnt aes lahf_lm tpr_shadow vnmi flexpriority ept vpid dtherm ida arat
bogomips	: 4788.22
clflush size	: 64
cache_alignment	: 64
address sizes	: 40 bits physical, 48 bits virtual
power management:

processor	: 7
vendor_id	: GenuineIntel
cpu family	: 6
model		: 44
model name	: Intel(R) Xeon(R) CPU           E5620  @ 2.40GHz
stepping	: 2
microcode	: 0x1a
cpu MHz		: 2394.110
cache size	: 12288 KB
physical id	: 0
siblings	: 8
core id		: 10
cpu cores	: 4
apicid		: 20
initial apicid	: 20
fpu		: yes
fpu_exception	: yes
cpuid level	: 11
wp		: yes
flags		: fpu vme de pse tsc msr pae mce cx8 apic sep mtrr pge mca cmov pat pse36 clflush dts acpi mmx fxsr sse sse2 ss ht tm pbe syscall nx pdpe1gb rdtscp lm constant_tsc arch_perfmon pebs bts rep_good nopl xtopology nonstop_tsc aperfmperf pni pclmulqdq dtes64 monitor ds_cpl vmx smx est tm2 ssse3 cx16 xtpr pdcm pcid dca sse4_1 sse4_2 popcnt aes lahf_lm tpr_shadow vnmi flexpriority ept vpid dtherm ida arat
bogomips	: 4787.83
clflush size	: 64
cache_alignment	: 64
address sizes	: 40 bits physical, 48 bits virtual
power management:

processor	: 8
vendor_id	: GenuineIntel
cpu family	: 6
model		: 44
model name	: Intel(R) Xeon(R) CPU           E5620  @ 2.40GHz
stepping	: 2
microcode	: 0x1a
cpu MHz		: 2394.110
cache size	: 12288 KB
physical id	: 1
siblings	: 8
core id		: 0
cpu cores	: 4
apicid		: 33
initial apicid	: 33
fpu		: yes
fpu_exception	: yes
cpuid level	: 11
wp		: yes
flags		: fpu vme de pse tsc msr pae mce cx8 apic sep mtrr pge mca cmov pat pse36 clflush dts acpi mmx fxsr sse sse2 ss ht tm pbe syscall nx pdpe1gb rdtscp lm constant_tsc arch_perfmon pebs bts rep_good nopl xtopology nonstop_tsc aperfmperf pni pclmulqdq dtes64 monitor ds_cpl vmx smx est tm2 ssse3 cx16 xtpr pdcm pcid dca sse4_1 sse4_2 popcnt aes lahf_lm tpr_shadow vnmi flexpriority ept vpid dtherm ida arat
bogomips	: 4788.22
clflush size	: 64
cache_alignment	: 64
address sizes	: 40 bits physical, 48 bits virtual
power management:

processor	: 9
vendor_id	: GenuineIntel
cpu family	: 6
model		: 44
model name	: Intel(R) Xeon(R) CPU           E5620  @ 2.40GHz
stepping	: 2
microcode	: 0x1a
cpu MHz		: 2394.110
cache size	: 12288 KB
physical id	: 0
siblings	: 8
core id		: 0
cpu cores	: 4
apicid		: 1
initial apicid	: 1
fpu		: yes
fpu_exception	: yes
cpuid level	: 11
wp		: yes
flags		: fpu vme de pse tsc msr pae mce cx8 apic sep mtrr pge mca cmov pat pse36 clflush dts acpi mmx fxsr sse sse2 ss ht tm pbe syscall nx pdpe1gb rdtscp lm constant_tsc arch_perfmon pebs bts rep_good nopl xtopology nonstop_tsc aperfmperf pni pclmulqdq dtes64 monitor ds_cpl vmx smx est tm2 ssse3 cx16 xtpr pdcm pcid dca sse4_1 sse4_2 popcnt aes lahf_lm tpr_shadow vnmi flexpriority ept vpid dtherm ida arat
bogomips	: 4787.83
clflush size	: 64
cache_alignment	: 64
address sizes	: 40 bits physical, 48 bits virtual
power management:

processor	: 10
vendor_id	: GenuineIntel
cpu family	: 6
model		: 44
model name	: Intel(R) Xeon(R) CPU           E5620  @ 2.40GHz
stepping	: 2
microcode	: 0x1a
cpu MHz		: 2394.110
cache size	: 12288 KB
physical id	: 1
siblings	: 8
core id		: 1
cpu cores	: 4
apicid		: 35
initial apicid	: 35
fpu		: yes
fpu_exception	: yes
cpuid level	: 11
wp		: yes
flags		: fpu vme de pse tsc msr pae mce cx8 apic sep mtrr pge mca cmov pat pse36 clflush dts acpi mmx fxsr sse sse2 ss ht tm pbe syscall nx pdpe1gb rdtscp lm constant_tsc arch_perfmon pebs bts rep_good nopl xtopology nonstop_tsc aperfmperf pni pclmulqdq dtes64 monitor ds_cpl vmx smx est tm2 ssse3 cx16 xtpr pdcm pcid dca sse4_1 sse4_2 popcnt aes lahf_lm tpr_shadow vnmi flexpriority ept vpid dtherm ida arat
bogomips	: 4788.22
clflush size	: 64
cache_alignment	: 64
address sizes	: 40 bits physical, 48 bits virtual
power management:

processor	: 11
vendor_id	: GenuineIntel
cpu family	: 6
model		: 44
model name	: Intel(R) Xeon(R) CPU           E5620  @ 2.40GHz
stepping	: 2
microcode	: 0x1a
cpu MHz		: 2394.110
cache size	: 12288 KB
physical id	: 0
siblings	: 8
core id		: 1
cpu cores	: 4
apicid		: 3
initial apicid	: 3
fpu		: yes
fpu_exception	: yes
cpuid level	: 11
wp		: yes
flags		: fpu vme de pse tsc msr pae mce cx8 apic sep mtrr pge mca cmov pat pse36 clflush dts acpi mmx fxsr sse sse2 ss ht tm pbe syscall nx pdpe1gb rdtscp lm constant_tsc arch_perfmon pebs bts rep_good nopl xtopology nonstop_tsc aperfmperf pni pclmulqdq dtes64 monitor ds_cpl vmx smx est tm2 ssse3 cx16 xtpr pdcm pcid dca sse4_1 sse4_2 popcnt aes lahf_lm tpr_shadow vnmi flexpriority ept vpid dtherm ida arat
bogomips	: 4787.83
clflush size	: 64
cache_alignment	: 64
address sizes	: 40 bits physical, 48 bits virtual
power management:

processor	: 12
vendor_id	: GenuineIntel
cpu family	: 6
model		: 44
model name	: Intel(R) Xeon(R) CPU           E5620  @ 2.40GHz
stepping	: 2
microcode	: 0x1a
cpu MHz		: 2394.110
cache size	: 12288 KB
physical id	: 1
siblings	: 8
core id		: 9
cpu cores	: 4
apicid		: 51
initial apicid	: 51
fpu		: yes
fpu_exception	: yes
cpuid level	: 11
wp		: yes
flags		: fpu vme de pse tsc msr pae mce cx8 apic sep mtrr pge mca cmov pat pse36 clflush dts acpi mmx fxsr sse sse2 ss ht tm pbe syscall nx pdpe1gb rdtscp lm constant_tsc arch_perfmon pebs bts rep_good nopl xtopology nonstop_tsc aperfmperf pni pclmulqdq dtes64 monitor ds_cpl vmx smx est tm2 ssse3 cx16 xtpr pdcm pcid dca sse4_1 sse4_2 popcnt aes lahf_lm tpr_shadow vnmi flexpriority ept vpid dtherm ida arat
bogomips	: 4788.22
clflush size	: 64
cache_alignment	: 64
address sizes	: 40 bits physical, 48 bits virtual
power management:

processor	: 13
vendor_id	: GenuineIntel
cpu family	: 6
model		: 44
model name	: Intel(R) Xeon(R) CPU           E5620  @ 2.40GHz
stepping	: 2
microcode	: 0x1a
cpu MHz		: 2394.110
cache size	: 12288 KB
physical id	: 0
siblings	: 8
core id		: 9
cpu cores	: 4
apicid		: 19
initial apicid	: 19
fpu		: yes
fpu_exception	: yes
cpuid level	: 11
wp		: yes
flags		: fpu vme de pse tsc msr pae mce cx8 apic sep mtrr pge mca cmov pat pse36 clflush dts acpi mmx fxsr sse sse2 ss ht tm pbe syscall nx pdpe1gb rdtscp lm constant_tsc arch_perfmon pebs bts rep_good nopl xtopology nonstop_tsc aperfmperf pni pclmulqdq dtes64 monitor ds_cpl vmx smx est tm2 ssse3 cx16 xtpr pdcm pcid dca sse4_1 sse4_2 popcnt aes lahf_lm tpr_shadow vnmi flexpriority ept vpid dtherm ida arat
bogomips	: 4787.83
clflush size	: 64
cache_alignment	: 64
address sizes	: 40 bits physical, 48 bits virtual
power management:

processor	: 14
vendor_id	: GenuineIntel
cpu family	: 6
model		: 44
model name	: Intel(R) Xeon(R) CPU           E5620  @ 2.40GHz
stepping	: 2
microcode	: 0x1a
cpu MHz		: 2394.110
cache size	: 12288 KB
physical id	: 1
siblings	: 8
core id		: 10
cpu cores	: 4
apicid		: 53
initial apicid	: 53
fpu		: yes
fpu_exception	: yes
cpuid level	: 11
wp		: yes
flags		: fpu vme de pse tsc msr pae mce cx8 apic sep mtrr pge mca cmov pat pse36 clflush dts acpi mmx fxsr sse sse2 ss ht tm pbe syscall nx pdpe1gb rdtscp lm constant_tsc arch_perfmon pebs bts rep_good nopl xtopology nonstop_tsc aperfmperf pni pclmulqdq dtes64 monitor ds_cpl vmx smx est tm2 ssse3 cx16 xtpr pdcm pcid dca sse4_1 sse4_2 popcnt aes lahf_lm tpr_shadow vnmi flexpriority ept vpid dtherm ida arat
bogomips	: 4788.22
clflush size	: 64
cache_alignment	: 64
address sizes	: 40 bits physical, 48 bits virtual
power management:

processor	: 15
vendor_id	: GenuineIntel
cpu family	: 6
model		: 44
model name	: Intel(R) Xeon(R) CPU           E5620  @ 2.40GHz
stepping	: 2
microcode	: 0x1a
cpu MHz		: 2394.110
cache size	: 12288 KB
physical id	: 0
siblings	: 8
core id		: 10
cpu cores	: 4
apicid		: 21
initial apicid	: 21
fpu		: yes
fpu_exception	: yes
cpuid level	: 11
wp		: yes
flags		: fpu vme de pse tsc msr pae mce cx8 apic sep mtrr pge mca cmov pat pse36 clflush dts acpi mmx fxsr sse sse2 ss ht tm pbe syscall nx pdpe1gb rdtscp lm constant_tsc arch_perfmon pebs bts rep_good nopl xtopology nonstop_tsc aperfmperf pni pclmulqdq dtes64 monitor ds_cpl vmx smx est tm2 ssse3 cx16 xtpr pdcm pcid dca sse4_1 sse4_2 popcnt aes lahf_lm tpr_shadow vnmi flexpriority ept vpid dtherm ida arat
bogomips	: 4787.83
clflush size	: 64
cache_alignment	: 64
address sizes	: 40 bits physical, 48 bits virtual
power management:



Memory: 4k page, physical 12121656k(1797708k free), swap 4194300k(4k free)

vm_info: OpenJDK 64-Bit Server VM (25.171-b10) for linux-amd64 JRE (1.8.0_171-b10), built on May 22 2018 01:32:00 by "mockbuild" with gcc 4.8.5 20150623 (Red Hat 4.8.5-28)

time: Tue Jul  3 18:07:30 2018
elapsed time: 33 seconds (0d 0h 0m 33s)

