#
# There is insufficient memory for the Java Runtime Environment to continue.
# Native memory allocation (mmap) failed to map 160956416 bytes for committing reserved memory.
# Possible reasons:
#   The system is out of physical RAM or swap space
#   In 32 bit mode, the process size limit was hit
# Possible solutions:
#   Reduce memory load on the system
#   Increase physical memory or swap space
#   Check if swap backing store is full
#   Use 64 bit Java on a 64 bit OS
#   Decrease Java heap size (-Xmx/-Xms)
#   Decrease number of Java threads
#   Decrease Java thread stack sizes (-Xss)
#   Set larger code cache with -XX:ReservedCodeCacheSize=
# This output file may be truncated or incomplete.
#
#  Out of Memory Error (os_linux.cpp:2657), pid=15807, tid=0x00007f17103cd700
#
# JRE version: OpenJDK Runtime Environment (8.0_171-b10) (build 1.8.0_171-b10)
# Java VM: OpenJDK 64-Bit Server VM (25.171-b10 mixed mode linux-amd64 compressed oops)
# Failed to write core dump. Core dumps have been disabled. To enable core dumping, try "ulimit -c unlimited" before starting Java again
#

---------------  T H R E A D  ---------------

Current thread (0x00007f1748093260):  VMThread [stack: 0x00007f17102ce000,0x00007f17103ce000] [id=15826]

Stack: [0x00007f17102ce000,0x00007f17103ce000],  sp=0x00007f17103cc460,  free space=1017k
Native frames: (J=compiled Java code, j=interpreted, Vv=VM code, C=native code)
V  [libjvm.so+0xab47fd]
V  [libjvm.so+0x4ec92a]
V  [libjvm.so+0x8b0ee8]
V  [libjvm.so+0x8ab3fe]
V  [libjvm.so+0x92477b]
V  [libjvm.so+0x925450]
V  [libjvm.so+0x9257ab]
V  [libjvm.so+0x92211c]
V  [libjvm.so+0x9228f8]
V  [libjvm.so+0x8d4e33]
V  [libjvm.so+0xab65d3]
V  [libjvm.so+0xabab87]
V  [libjvm.so+0xab9498]
V  [libjvm.so+0xab9969]
V  [libjvm.so+0xab9dc1]
V  [libjvm.so+0x8ae232]

VM_Operation (0x00007f175050de40): ParallelGCFailedAllocation, mode: safepoint, requested by thread 0x00007f174800aef0


---------------  P R O C E S S  ---------------

Java Threads: ( => current thread )
  0x00007f17480f6930 JavaThread "Service Thread" daemon [_thread_blocked, id=15842, stack(0x00007f16f5572000,0x00007f16f5673000)]
  0x00007f17480f21d0 JavaThread "C1 CompilerThread11" daemon [_thread_blocked, id=15841, stack(0x00007f16f5674000,0x00007f16f5774000)]
  0x00007f17480f05d0 JavaThread "C1 CompilerThread10" daemon [_thread_blocked, id=15840, stack(0x00007f16f5775000,0x00007f16f5875000)]
  0x00007f17480ee9d0 JavaThread "C1 CompilerThread9" daemon [_thread_blocked, id=15839, stack(0x00007f16f5876000,0x00007f16f5976000)]
  0x00007f17480ecdd0 JavaThread "C1 CompilerThread8" daemon [_thread_blocked, id=15838, stack(0x00007f16f5977000,0x00007f16f5a77000)]
  0x00007f17480eb1d0 JavaThread "C2 CompilerThread7" daemon [_thread_blocked, id=15837, stack(0x00007f16f5a78000,0x00007f16f5b78000)]
  0x00007f17480e95d0 JavaThread "C2 CompilerThread6" daemon [_thread_blocked, id=15836, stack(0x00007f16f5b79000,0x00007f16f5c79000)]
  0x00007f17480e79f0 JavaThread "C2 CompilerThread5" daemon [_thread_blocked, id=15835, stack(0x00007f16f5c7a000,0x00007f16f5d7a000)]
  0x00007f17480dde20 JavaThread "C2 CompilerThread4" daemon [_thread_blocked, id=15834, stack(0x00007f16f5d7b000,0x00007f16f5e7b000)]
  0x00007f17480dc240 JavaThread "C2 CompilerThread3" daemon [_thread_blocked, id=15833, stack(0x00007f16f5e7c000,0x00007f16f5f7c000)]
  0x00007f17480da660 JavaThread "C2 CompilerThread2" daemon [_thread_blocked, id=15832, stack(0x00007f16f5f7d000,0x00007f16f607d000)]
  0x00007f174801cb30 JavaThread "C2 CompilerThread1" daemon [_thread_blocked, id=15831, stack(0x00007f16f607e000,0x00007f16f617e000)]
  0x00007f17480cc1a0 JavaThread "C2 CompilerThread0" daemon [_thread_blocked, id=15830, stack(0x00007f16f617f000,0x00007f16f627f000)]
  0x00007f17480ca7f0 JavaThread "Signal Dispatcher" daemon [_thread_blocked, id=15829, stack(0x00007f16f627f000,0x00007f16f6380000)]
  0x00007f17480a0970 JavaThread "Finalizer" daemon [_thread_blocked, id=15828, stack(0x00007f17100cb000,0x00007f17101cc000)]
  0x00007f174809c700 JavaThread "Reference Handler" daemon [_thread_blocked, id=15827, stack(0x00007f17101cc000,0x00007f17102cd000)]
  0x00007f174800aef0 JavaThread "main" [_thread_blocked, id=15812, stack(0x00007f1750419000,0x00007f1750519000)]

Other Threads:
=>0x00007f1748093260 VMThread [stack: 0x00007f17102ce000,0x00007f17103ce000] [id=15826]
  0x00007f17480f8740 WatcherThread [stack: 0x00007f16f5472000,0x00007f16f5572000] [id=15843]

VM state:at safepoint (normal execution)

VM Mutex/Monitor currently owned by a thread:  ([mutex/lock_event])
[0x00007f17480082f0] Threads_lock - owner thread: 0x00007f1748093260
[0x00007f17480087f0] Heap_lock - owner thread: 0x00007f174800aef0

Heap:
 PSYoungGen      total 201728K, used 4514K [0x0000000782580000, 0x000000078f380000, 0x00000007c0000000)
  eden space 192512K, 0% used [0x0000000782580000,0x0000000782580000,0x000000078e180000)
  from space 9216K, 48% used [0x000000078e180000,0x000000078e5e89e0,0x000000078ea80000)
  to   space 9216K, 0% used [0x000000078ea80000,0x000000078ea80000,0x000000078f380000)
 ParOldGen       total 63488K, used 7335K [0x0000000707000000, 0x000000070ae00000, 0x0000000782580000)
  object space 63488K, 11% used [0x0000000707000000,0x0000000707729cd0,0x000000070ae00000)
 Metaspace       used 23903K, capacity 29985K, committed 30336K, reserved 1071104K
  class space    used 5651K, capacity 7938K, committed 8064K, reserved 1048576K

Card table byte_map: [0x00007f174c106000,0x00007f174c6cf000] byte_map_base: 0x00007f17488ce000

Marking Bits: (ParMarkBitMap*) 0x00007f174f6cee00
 Begin Bits: [0x00007f16f6380000, 0x00007f16f91c0000)
 End Bits:   [0x00007f16f91c0000, 0x00007f16fc000000)

Polling page: 0x00007f1750417000

CodeCache: size=245760Kb used=13051Kb max_used=13542Kb free=232708Kb
 bounds [0x00007f1739000000, 0x00007f1739dd0000, 0x00007f1748000000]
 total_blobs=2495 nmethods=2143 adapters=264
 compilation: enabled

Compilation events (10 events):
Event: 9.442 Thread 0x00007f17480dc240 nmethod 2696 0x00007f173998ff50 code [0x00007f17399902c0, 0x00007f1739990d18]
Event: 9.445 Thread 0x00007f17480eb1d0 nmethod 2694% 0x00007f1739678550 code [0x00007f17396788c0, 0x00007f1739679ad8]
Event: 9.498 Thread 0x00007f17480dde20 2699       4       clojure.core$some::invokeStatic (66 bytes)
Event: 9.541 Thread 0x00007f17480dde20 nmethod 2699 0x00007f1739a41290 code [0x00007f1739a416e0, 0x00007f1739a42ff0]
Event: 10.742 Thread 0x00007f17480cc1a0 2700       4       clojure.lang.RT::getFrom (100 bytes)
Event: 10.744 Thread 0x00007f17480cc1a0 nmethod 2700 0x00007f17395b9b90 code [0x00007f17395b9d00, 0x00007f17395b9e28]
Event: 10.749 Thread 0x00007f17480ecdd0 2701       3       clojure.lang.AFunction::withMeta (10 bytes)
Event: 10.749 Thread 0x00007f17480f21d0 2702       3       clojure.lang.AFunction$1::<init> (15 bytes)
Event: 10.750 Thread 0x00007f17480f21d0 nmethod 2702 0x00007f173947ffd0 code [0x00007f1739480140, 0x00007f1739480450]
Event: 10.750 Thread 0x00007f17480ecdd0 nmethod 2701 0x00007f173938a710 code [0x00007f173938a8a0, 0x00007f173938ac50]

GC Heap History (10 events):
Event: 2.956 GC heap after
Heap after GC invocations=3 (full 0):
 PSYoungGen      total 55808K, used 5456K [0x0000000782580000, 0x0000000789280000, 0x00000007c0000000)
  eden space 48128K, 0% used [0x0000000782580000,0x0000000782580000,0x0000000785480000)
  from space 7680K, 71% used [0x0000000785480000,0x00000007859d4070,0x0000000785c00000)
  to   space 7680K, 0% used [0x0000000788b00000,0x0000000788b00000,0x0000000789280000)
 ParOldGen       total 126976K, used 474K [0x0000000707000000, 0x000000070ec00000, 0x0000000782580000)
  object space 126976K, 0% used [0x0000000707000000,0x0000000707076a78,0x000000070ec00000)
 Metaspace       used 14645K, capacity 15633K, committed 15872K, reserved 1062912K
  class space    used 2684K, capacity 3010K, committed 3072K, reserved 1048576K
}
Event: 3.603 GC heap before
{Heap before GC invocations=4 (full 0):
 PSYoungGen      total 55808K, used 53584K [0x0000000782580000, 0x0000000789280000, 0x00000007c0000000)
  eden space 48128K, 100% used [0x0000000782580000,0x0000000785480000,0x0000000785480000)
  from space 7680K, 71% used [0x0000000785480000,0x00000007859d4070,0x0000000785c00000)
  to   space 7680K, 0% used [0x0000000788b00000,0x0000000788b00000,0x0000000789280000)
 ParOldGen       total 126976K, used 474K [0x0000000707000000, 0x000000070ec00000, 0x0000000782580000)
  object space 126976K, 0% used [0x0000000707000000,0x0000000707076a78,0x000000070ec00000)
 Metaspace       used 16376K, capacity 18187K, committed 18304K, reserved 1062912K
  class space    used 3217K, capacity 3936K, committed 3968K, reserved 1048576K
Event: 3.617 GC heap after
Heap after GC invocations=4 (full 0):
 PSYoungGen      total 103936K, used 6576K [0x0000000782580000, 0x0000000789280000, 0x00000007c0000000)
  eden space 96256K, 0% used [0x0000000782580000,0x0000000782580000,0x0000000788380000)
  from space 7680K, 85% used [0x0000000788b00000,0x000000078916c050,0x0000000789280000)
  to   space 7680K, 0% used [0x0000000788380000,0x0000000788380000,0x0000000788b00000)
 ParOldGen       total 126976K, used 482K [0x0000000707000000, 0x000000070ec00000, 0x0000000782580000)
  object space 126976K, 0% used [0x0000000707000000,0x0000000707078a78,0x000000070ec00000)
 Metaspace       used 16376K, capacity 18187K, committed 18304K, reserved 1062912K
  class space    used 3217K, capacity 3936K, committed 3968K, reserved 1048576K
}
Event: 4.515 GC heap before
{Heap before GC invocations=5 (full 0):
 PSYoungGen      total 103936K, used 102832K [0x0000000782580000, 0x0000000789280000, 0x00000007c0000000)
  eden space 96256K, 100% used [0x0000000782580000,0x0000000788380000,0x0000000788380000)
  from space 7680K, 85% used [0x0000000788b00000,0x000000078916c050,0x0000000789280000)
  to   space 7680K, 0% used [0x0000000788380000,0x0000000788380000,0x0000000788b00000)
 ParOldGen       total 126976K, used 482K [0x0000000707000000, 0x000000070ec00000, 0x0000000782580000)
  object space 126976K, 0% used [0x0000000707000000,0x0000000707078a78,0x000000070ec00000)
 Metaspace       used 18291K, capacity 21055K, committed 21296K, reserved 1064960K
  class space    used 3843K, capacity 4904K, committed 4992K, reserved 1048576K
Event: 4.545 GC heap after
Heap after GC invocations=5 (full 0):
 PSYoungGen      total 103936K, used 7648K [0x0000000782580000, 0x000000078f380000, 0x00000007c0000000)
  eden space 96256K, 0% used [0x0000000782580000,0x0000000782580000,0x0000000788380000)
  from space 7680K, 99% used [0x0000000788380000,0x0000000788af8040,0x0000000788b00000)
  to   space 9216K, 0% used [0x000000078ea80000,0x000000078ea80000,0x000000078f380000)
 ParOldGen       total 126976K, used 518K [0x0000000707000000, 0x000000070ec00000, 0x0000000782580000)
  object space 126976K, 0% used [0x0000000707000000,0x0000000707081b08,0x000000070ec00000)
 Metaspace       used 18291K, capacity 21055K, committed 21296K, reserved 1064960K
  class space    used 3843K, capacity 4904K, committed 4992K, reserved 1048576K
}
Event: 4.603 GC heap before
{Heap before GC invocations=6 (full 0):
 PSYoungGen      total 103936K, used 17073K [0x0000000782580000, 0x000000078f380000, 0x00000007c0000000)
  eden space 96256K, 9% used [0x0000000782580000,0x0000000782eb4798,0x0000000788380000)
  from space 7680K, 99% used [0x0000000788380000,0x0000000788af8040,0x0000000788b00000)
  to   space 9216K, 0% used [0x000000078ea80000,0x000000078ea80000,0x000000078f380000)
 ParOldGen       total 126976K, used 518K [0x0000000707000000, 0x000000070ec00000, 0x0000000782580000)
  object space 126976K, 0% used [0x0000000707000000,0x0000000707081b08,0x000000070ec00000)
 Metaspace       used 18457K, capacity 21259K, committed 21296K, reserved 1064960K
  class space    used 3888K, capacity 4956K, committed 4992K, reserved 1048576K
Event: 4.622 GC heap after
Heap after GC invocations=6 (full 0):
 PSYoungGen      total 201728K, used 7552K [0x0000000782580000, 0x000000078f380000, 0x00000007c0000000)
  eden space 192512K, 0% used [0x0000000782580000,0x0000000782580000,0x000000078e180000)
  from space 9216K, 81% used [0x000000078ea80000,0x000000078f1e0080,0x000000078f380000)
  to   space 9216K, 0% used [0x000000078e180000,0x000000078e180000,0x000000078ea80000)
 ParOldGen       total 126976K, used 526K [0x0000000707000000, 0x000000070ec00000, 0x0000000782580000)
  object space 126976K, 0% used [0x0000000707000000,0x0000000707083b08,0x000000070ec00000)
 Metaspace       used 18457K, capacity 21259K, committed 21296K, reserved 1064960K
  class space    used 3888K, capacity 4956K, committed 4992K, reserved 1048576K
}
Event: 4.622 GC heap before
{Heap before GC invocations=7 (full 1):
 PSYoungGen      total 201728K, used 7552K [0x0000000782580000, 0x000000078f380000, 0x00000007c0000000)
  eden space 192512K, 0% used [0x0000000782580000,0x0000000782580000,0x000000078e180000)
  from space 9216K, 81% used [0x000000078ea80000,0x000000078f1e0080,0x000000078f380000)
  to   space 9216K, 0% used [0x000000078e180000,0x000000078e180000,0x000000078ea80000)
 ParOldGen       total 126976K, used 526K [0x0000000707000000, 0x000000070ec00000, 0x0000000782580000)
  object space 126976K, 0% used [0x0000000707000000,0x0000000707083b08,0x000000070ec00000)
 Metaspace       used 18457K, capacity 21259K, committed 21296K, reserved 1064960K
  class space    used 3888K, capacity 4956K, committed 4992K, reserved 1048576K
Event: 4.676 GC heap after
Heap after GC invocations=7 (full 1):
 PSYoungGen      total 201728K, used 0K [0x0000000782580000, 0x000000078f380000, 0x00000007c0000000)
  eden space 192512K, 0% used [0x0000000782580000,0x0000000782580000,0x000000078e180000)
  from space 9216K, 0% used [0x000000078ea80000,0x000000078ea80000,0x000000078f380000)
  to   space 9216K, 0% used [0x000000078e180000,0x000000078e180000,0x000000078ea80000)
 ParOldGen       total 63488K, used 7327K [0x0000000707000000, 0x000000070ae00000, 0x0000000782580000)
  object space 63488K, 11% used [0x0000000707000000,0x0000000707727cd0,0x000000070ae00000)
 Metaspace       used 18457K, capacity 21259K, committed 21296K, reserved 1064960K
  class space    used 3888K, capacity 4956K, committed 4992K, reserved 1048576K
}
Event: 10.777 GC heap before
{Heap before GC invocations=8 (full 1):
 PSYoungGen      total 201728K, used 192512K [0x0000000782580000, 0x000000078f380000, 0x00000007c0000000)
  eden space 192512K, 100% used [0x0000000782580000,0x000000078e180000,0x000000078e180000)
  from space 9216K, 0% used [0x000000078ea80000,0x000000078ea80000,0x000000078f380000)
  to   space 9216K, 0% used [0x000000078e180000,0x000000078e180000,0x000000078ea80000)
 ParOldGen       total 63488K, used 7327K [0x0000000707000000, 0x000000070ae00000, 0x0000000782580000)
  object space 63488K, 11% used [0x0000000707000000,0x0000000707727cd0,0x000000070ae00000)
 Metaspace       used 23903K, capacity 29985K, committed 30336K, reserved 1071104K
  class space    used 5651K, capacity 7938K, committed 8064K, reserved 1048576K

Deoptimization events (10 events):
Event: 5.337 Thread 0x00007f174800aef0 Uncommon trap: reason=unstable_if action=reinterpret pc=0x00007f1739c60608 method=clojure.lang.PersistentHashMap$TransientHashMap.doAssoc(Ljava/lang/Object;Ljava/lang/Object;)Lclojure/lang/ITransientMap; @ 1
Event: 5.371 Thread 0x00007f174800aef0 Uncommon trap: reason=unstable_if action=reinterpret pc=0x00007f1739bd18c8 method=clojure.lang.Compiler.lookupVar(Lclojure/lang/Symbol;ZZ)Lclojure/lang/Var; @ 90
Event: 5.371 Thread 0x00007f174800aef0 Uncommon trap: reason=unstable_if action=reinterpret pc=0x00007f1739c9db04 method=clojure.lang.Compiler.lookupVar(Lclojure/lang/Symbol;ZZ)Lclojure/lang/Var; @ 90
Event: 5.371 Thread 0x00007f174800aef0 Uncommon trap: reason=unstable_if action=reinterpret pc=0x00007f17398aacf4 method=clojure.lang.Compiler.resolveIn(Lclojure/lang/Namespace;Lclojure/lang/Symbol;Z)Ljava/lang/Object; @ 198
Event: 5.386 Thread 0x00007f174800aef0 Uncommon trap: reason=unstable_if action=reinterpret pc=0x00007f173967ecb0 method=java.util.concurrent.ConcurrentHashMap.putVal(Ljava/lang/Object;Ljava/lang/Object;Z)Ljava/lang/Object; @ 181
Event: 5.402 Thread 0x00007f174800aef0 Uncommon trap: reason=unstable_if action=reinterpret pc=0x00007f1739516038 method=clojure.lang.Compiler$InstanceMethodExpr.hasJavaClass()Z @ 4
Event: 5.609 Thread 0x00007f174800aef0 Uncommon trap: reason=unstable_if action=reinterpret pc=0x00007f1739710e80 method=clojure.lang.Util.equiv(Ljava/lang/Object;Ljava/lang/Object;)Z @ 48
Event: 5.609 Thread 0x00007f174800aef0 Uncommon trap: reason=unstable_if action=reinterpret pc=0x00007f1739722d90 method=clojure.lang.Util.equiv(Ljava/lang/Object;Ljava/lang/Object;)Z @ 48
Event: 5.611 Thread 0x00007f174800aef0 Uncommon trap: reason=bimorphic action=maybe_recompile pc=0x00007f1739c952d4 method=clojure.lang.PersistentList.create(Ljava/util/List;)Lclojure/lang/IPersistentList; @ 6
Event: 5.684 Thread 0x00007f174800aef0 Uncommon trap: reason=unstable_if action=reinterpret pc=0x00007f1739d03d54 method=clojure.lang.Compiler$FnExpr.parse(Lclojure/lang/Compiler$C;Lclojure/lang/ISeq;Ljava/lang/String;)Lclojure/lang/Compiler$Expr; @ 1117

Classes redefined (0 events):
No events

Internal exceptions (10 events):
Event: 1.410 Thread 0x00007f174800aef0 Implicit null exception at 0x00007f17394c5f4f to 0x00007f17394c65ed
Event: 1.546 Thread 0x00007f174800aef0 Implicit null exception at 0x00007f1739596b3f to 0x00007f1739596c4d
Event: 1.578 Thread 0x00007f174800aef0 Implicit null exception at 0x00007f173944e28f to 0x00007f173944e375
Event: 1.680 Thread 0x00007f174800aef0 Implicit null exception at 0x00007f1739567a0f to 0x00007f1739567d89
Event: 1.757 Thread 0x00007f174800aef0 Implicit null exception at 0x00007f173965dbd9 to 0x00007f173965f421
Event: 2.117 Thread 0x00007f174800aef0 Implicit null exception at 0x00007f17396c354f to 0x00007f17396c45b1
Event: 3.693 Thread 0x00007f174800aef0 Implicit null exception at 0x00007f1739b40351 to 0x00007f1739b4524d
Event: 4.179 Thread 0x00007f174800aef0 Implicit null exception at 0x00007f1739c8e8c1 to 0x00007f1739c8eb95
Event: 5.206 Thread 0x00007f174800aef0 Implicit null exception at 0x00007f1739704d0f to 0x00007f17397051d1
Event: 5.337 Thread 0x00007f174800aef0 Implicit null exception at 0x00007f1739c600f9 to 0x00007f1739c605ed

Events (10 events):
Event: 9.498 Thread 0x00007f174800aef0 DEOPT UNPACKING pc=0x00007f17390470c4 sp=0x00007f175050dd78 mode 0
Event: 9.541 Thread 0x00007f17480dde20 flushing nmethod 0x00007f17394c1550
Event: 9.542 Thread 0x00007f17480dde20 flushing nmethod 0x00007f1739548d90
Event: 9.542 Thread 0x00007f17480dde20 flushing nmethod 0x00007f17395492d0
Event: 10.744 Thread 0x00007f17480cc1a0 flushing nmethod 0x00007f173957c250
Event: 10.744 Thread 0x00007f17480cc1a0 flushing nmethod 0x00007f17395e7c50
Event: 10.744 Thread 0x00007f17480cc1a0 flushing nmethod 0x00007f17395ebd10
Event: 10.744 Thread 0x00007f17480cc1a0 flushing nmethod 0x00007f17395eebd0
Event: 10.750 Thread 0x00007f17480ecdd0 flushing nmethod 0x00007f17396b1050
Event: 10.777 Executing VM operation: ParallelGCFailedAllocation


Dynamic libraries:
00400000-00401000 r-xp 00000000 08:05 76037027                           /usr/lib/jvm/java-1.8.0-openjdk-1.8.0.171-8.b10.el7_5.x86_64/jre/bin/java
00600000-00601000 r--p 00000000 08:05 76037027                           /usr/lib/jvm/java-1.8.0-openjdk-1.8.0.171-8.b10.el7_5.x86_64/jre/bin/java
00601000-00602000 rw-p 00001000 08:05 76037027                           /usr/lib/jvm/java-1.8.0-openjdk-1.8.0.171-8.b10.el7_5.x86_64/jre/bin/java
01b4d000-01b6e000 rw-p 00000000 00:00 0                                  [heap]
707000000-70ae00000 rw-p 00000000 00:00 0 
70ae00000-782580000 ---p 00000000 00:00 0 
782580000-78f380000 rw-p 00000000 00:00 0 
798d00000-7c0000000 ---p 00000000 00:00 0 
7c0000000-7c07e0000 rw-p 00000000 00:00 0 
7c07e0000-800000000 ---p 00000000 00:00 0 
7f16a4000000-7f16a4021000 rw-p 00000000 00:00 0 
7f16a4021000-7f16a8000000 ---p 00000000 00:00 0 
7f16ac000000-7f16ac403000 rw-p 00000000 00:00 0 
7f16ac403000-7f16b0000000 ---p 00000000 00:00 0 
7f16b0000000-7f16b0021000 rw-p 00000000 00:00 0 
7f16b0021000-7f16b4000000 ---p 00000000 00:00 0 
7f16b4000000-7f16b4397000 rw-p 00000000 00:00 0 
7f16b4397000-7f16b8000000 ---p 00000000 00:00 0 
7f16b8000000-7f16b8404000 rw-p 00000000 00:00 0 
7f16b8404000-7f16bc000000 ---p 00000000 00:00 0 
7f16bc000000-7f16bd73e000 rw-p 00000000 00:00 0 
7f16bd73e000-7f16c0000000 ---p 00000000 00:00 0 
7f16c0000000-7f16c0370000 rw-p 00000000 00:00 0 
7f16c0370000-7f16c4000000 ---p 00000000 00:00 0 
7f16c4000000-7f16c4c79000 rw-p 00000000 00:00 0 
7f16c4c79000-7f16c8000000 ---p 00000000 00:00 0 
7f16c8000000-7f16c88c1000 rw-p 00000000 00:00 0 
7f16c88c1000-7f16cc000000 ---p 00000000 00:00 0 
7f16cc000000-7f16ccdd4000 rw-p 00000000 00:00 0 
7f16ccdd4000-7f16d0000000 ---p 00000000 00:00 0 
7f16d0000000-7f16d0d60000 rw-p 00000000 00:00 0 
7f16d0d60000-7f16d4000000 ---p 00000000 00:00 0 
7f16d4000000-7f16d4cf8000 rw-p 00000000 00:00 0 
7f16d4cf8000-7f16d8000000 ---p 00000000 00:00 0 
7f16d8000000-7f16d8ad7000 rw-p 00000000 00:00 0 
7f16d8ad7000-7f16dc000000 ---p 00000000 00:00 0 
7f16dc000000-7f16dce8b000 rw-p 00000000 00:00 0 
7f16dce8b000-7f16e0000000 ---p 00000000 00:00 0 
7f16e1ad7000-7f16e8000000 r--p 00000000 08:05 135339676                  /usr/lib/locale/locale-archive
7f16e8000000-7f16e8021000 rw-p 00000000 00:00 0 
7f16e8021000-7f16ec000000 ---p 00000000 00:00 0 
7f16ec000000-7f16ec021000 rw-p 00000000 00:00 0 
7f16ec021000-7f16f0000000 ---p 00000000 00:00 0 
7f16f0000000-7f16f0021000 rw-p 00000000 00:00 0 
7f16f0021000-7f16f4000000 ---p 00000000 00:00 0 
7f16f4671000-7f16f4831000 rw-p 00000000 00:00 0 
7f16f4831000-7f16f4871000 ---p 00000000 00:00 0 
7f16f4871000-7f16f4a71000 rw-p 00000000 00:00 0 
7f16f4a71000-7f16f4c71000 rw-p 00000000 00:00 0 
7f16f4c71000-7f16f4e71000 rw-p 00000000 00:00 0 
7f16f4e71000-7f16f5071000 rw-p 00000000 00:00 0 
7f16f5071000-7f16f5271000 rw-p 00000000 00:00 0 
7f16f5271000-7f16f5471000 rw-p 00000000 00:00 0 
7f16f5471000-7f16f5472000 ---p 00000000 00:00 0 
7f16f5472000-7f16f5572000 rw-p 00000000 00:00 0 
7f16f5572000-7f16f5575000 ---p 00000000 00:00 0 
7f16f5575000-7f16f5673000 rw-p 00000000 00:00 0 
7f16f5673000-7f16f5677000 ---p 00000000 00:00 0 
7f16f5677000-7f16f5774000 rw-p 00000000 00:00 0 
7f16f5774000-7f16f5778000 ---p 00000000 00:00 0 
7f16f5778000-7f16f5875000 rw-p 00000000 00:00 0 
7f16f5875000-7f16f5879000 ---p 00000000 00:00 0 
7f16f5879000-7f16f5976000 rw-p 00000000 00:00 0 
7f16f5976000-7f16f597a000 ---p 00000000 00:00 0 
7f16f597a000-7f16f5a77000 rw-p 00000000 00:00 0 
7f16f5a77000-7f16f5a7b000 ---p 00000000 00:00 0 
7f16f5a7b000-7f16f5b78000 rw-p 00000000 00:00 0 
7f16f5b78000-7f16f5b7c000 ---p 00000000 00:00 0 
7f16f5b7c000-7f16f5c79000 rw-p 00000000 00:00 0 
7f16f5c79000-7f16f5c7d000 ---p 00000000 00:00 0 
7f16f5c7d000-7f16f5d7a000 rw-p 00000000 00:00 0 
7f16f5d7a000-7f16f5d7e000 ---p 00000000 00:00 0 
7f16f5d7e000-7f16f5e7b000 rw-p 00000000 00:00 0 
7f16f5e7b000-7f16f5e7f000 ---p 00000000 00:00 0 
7f16f5e7f000-7f16f5f7c000 rw-p 00000000 00:00 0 
7f16f5f7c000-7f16f5f80000 ---p 00000000 00:00 0 
7f16f5f80000-7f16f607d000 rw-p 00000000 00:00 0 
7f16f607d000-7f16f6081000 ---p 00000000 00:00 0 
7f16f6081000-7f16f617e000 rw-p 00000000 00:00 0 
7f16f617e000-7f16f6182000 ---p 00000000 00:00 0 
7f16f6182000-7f16f627f000 rw-p 00000000 00:00 0 
7f16f627f000-7f16f6282000 ---p 00000000 00:00 0 
7f16f6282000-7f16fc000000 rw-p 00000000 00:00 0 
7f16fc000000-7f16fc021000 rw-p 00000000 00:00 0 
7f16fc021000-7f1700000000 ---p 00000000 00:00 0 
7f1700000000-7f1700021000 rw-p 00000000 00:00 0 
7f1700021000-7f1704000000 ---p 00000000 00:00 0 
7f1704000000-7f1704021000 rw-p 00000000 00:00 0 
7f1704021000-7f1708000000 ---p 00000000 00:00 0 
7f1708000000-7f1708021000 rw-p 00000000 00:00 0 
7f1708021000-7f170c000000 ---p 00000000 00:00 0 
7f170c000000-7f170c021000 rw-p 00000000 00:00 0 
7f170c021000-7f1710000000 ---p 00000000 00:00 0 
7f1710065000-7f171006a000 r--s 000b6000 08:05 67543830                   /usr/lib/jvm/java-1.8.0-openjdk-1.8.0.171-8.b10.el7_5.x86_64/jre/lib/jsse.jar
7f171006a000-7f1710088000 r--s 00180000 00:2e 249006533                  /home/xhe/.m2/repository/org/apache/commons/commons-math3/3.2/commons-math3-3.2.jar
7f1710088000-7f17100cb000 r--s 00332000 00:2e 249006526                  /home/xhe/.m2/repository/org/clojure/clojure/1.8.0/clojure-1.8.0.jar
7f17100cb000-7f17100ce000 ---p 00000000 00:00 0 
7f17100ce000-7f17101cc000 rw-p 00000000 00:00 0 
7f17101cc000-7f17101cf000 ---p 00000000 00:00 0 
7f17101cf000-7f17102cd000 rw-p 00000000 00:00 0 
7f17102cd000-7f17102ce000 ---p 00000000 00:00 0 
7f17102ce000-7f1712ff3000 rw-p 00000000 00:00 0 
7f1712ff3000-7f17131c2000 r--s 0440f000 08:05 67543839                   /usr/lib/jvm/java-1.8.0-openjdk-1.8.0.171-8.b10.el7_5.x86_64/jre/lib/rt.jar
7f17131c2000-7f1714000000 rw-p 00000000 00:00 0 
7f1714000000-7f1714021000 rw-p 00000000 00:00 0 
7f1714021000-7f1718000000 ---p 00000000 00:00 0 
7f1718000000-7f1718021000 rw-p 00000000 00:00 0 
7f1718021000-7f171c000000 ---p 00000000 00:00 0 
7f171c000000-7f171c021000 rw-p 00000000 00:00 0 
7f171c021000-7f1720000000 ---p 00000000 00:00 0 
7f1720000000-7f1720021000 rw-p 00000000 00:00 0 
7f1720021000-7f1724000000 ---p 00000000 00:00 0 
7f1724000000-7f1724021000 rw-p 00000000 00:00 0 
7f1724021000-7f1728000000 ---p 00000000 00:00 0 
7f1728000000-7f1728021000 rw-p 00000000 00:00 0 
7f1728021000-7f172c000000 ---p 00000000 00:00 0 
7f172c000000-7f172c021000 rw-p 00000000 00:00 0 
7f172c021000-7f1730000000 ---p 00000000 00:00 0 
7f1730000000-7f1730021000 rw-p 00000000 00:00 0 
7f1730021000-7f1734000000 ---p 00000000 00:00 0 
7f1734000000-7f1734021000 rw-p 00000000 00:00 0 
7f1734021000-7f1738000000 ---p 00000000 00:00 0 
7f1738003000-7f1738004000 rw-p 00000000 00:00 0 
7f1738004000-7f1738008000 r--s 00041000 00:2e 249006532                  /home/xhe/.m2/repository/com/fasterxml/jackson/core/jackson-core/2.8.6/jackson-core-2.8.6.jar
7f1738008000-7f173800a000 r--s 00000000 00:2e 249006558                  /home/xhe/.m2/repository/net/totakke/libra/0.1.0/libra-0.1.0.jar
7f173800a000-7f173800c000 r--s 00011000 00:2e 249006534                  /home/xhe/.m2/repository/com/fasterxml/jackson/dataformat/jackson-dataformat-smile/2.8.6/jackson-dataformat-smile-2.8.6.jar
7f173800c000-7f173800d000 r--s 00001000 00:2e 249006530                  /home/xhe/.m2/repository/org/clojure/data.json/0.2.6/data.json-0.2.6.jar
7f173800d000-7f173800f000 r--s 0000b000 00:2e 249006548                  /home/xhe/.m2/repository/kephale/uncommons-maths/1.2.3/uncommons-maths-1.2.3.jar
7f173800f000-7f1738019000 r--s 00056000 00:2e 249006438                  /home/xhe/.m2/repository/cider/cider-nrepl/0.17.0/cider-nrepl-0.17.0.jar
7f1738019000-7f173801a000 ---p 00000000 00:00 0 
7f173801a000-7f173811a000 rw-p 00000000 00:00 0 
7f173811a000-7f173811b000 ---p 00000000 00:00 0 
7f173811b000-7f173821b000 rw-p 00000000 00:00 0 
7f173821b000-7f173821c000 ---p 00000000 00:00 0 
7f173821c000-7f173831c000 rw-p 00000000 00:00 0 
7f173831c000-7f173831d000 ---p 00000000 00:00 0 
7f173831d000-7f173841d000 rw-p 00000000 00:00 0 
7f173841d000-7f173841e000 ---p 00000000 00:00 0 
7f173841e000-7f173851e000 rw-p 00000000 00:00 0 
7f173851e000-7f173851f000 ---p 00000000 00:00 0 
7f173851f000-7f173861f000 rw-p 00000000 00:00 0 
7f173861f000-7f1738620000 ---p 00000000 00:00 0 
7f1738620000-7f1738720000 rw-p 00000000 00:00 0 
7f1738720000-7f1738721000 ---p 00000000 00:00 0 
7f1738721000-7f1738821000 rw-p 00000000 00:00 0 
7f1738821000-7f1738822000 ---p 00000000 00:00 0 
7f1738822000-7f1738922000 rw-p 00000000 00:00 0 
7f1738922000-7f1738923000 ---p 00000000 00:00 0 
7f1738923000-7f1738a23000 rw-p 00000000 00:00 0 
7f1738a23000-7f1738a24000 ---p 00000000 00:00 0 
7f1738a24000-7f1738b24000 rw-p 00000000 00:00 0 
7f1738b24000-7f1738b25000 ---p 00000000 00:00 0 
7f1738b25000-7f1738c44000 rw-p 00000000 00:00 0 
7f1738c44000-7f1739000000 ---p 00000000 00:00 0 
7f1739000000-7f1739dd0000 rwxp 00000000 00:00 0 
7f1739dd0000-7f1748000000 ---p 00000000 00:00 0 
7f1748000000-7f1748eb0000 rw-p 00000000 00:00 0 
7f1748eb0000-7f174c000000 ---p 00000000 00:00 0 
7f174c000000-7f174c001000 r--s 00000000 00:2e 249006552                  /home/xhe/.m2/repository/de/kotka/lazymap/3.1.0/lazymap-3.1.0.jar
7f174c001000-7f174c003000 r--s 00005000 00:2e 249006550                  /home/xhe/.m2/repository/cheshire/cheshire/5.7.1/cheshire-5.7.1.jar
7f174c003000-7f174c004000 r--s 00000000 00:2e 249006543                  /home/xhe/.m2/repository/clj-random/clj-random/0.1.7/clj-random-0.1.7.jar
7f174c004000-7f174c005000 r--s 00000000 00:2e 249006542                  /home/xhe/.m2/repository/local-file/local-file/0.1.0/local-file-0.1.0.jar
7f174c005000-7f174c006000 ---p 00000000 00:00 0 
7f174c006000-7f174c125000 rw-p 00000000 00:00 0 
7f174c125000-7f174c4e0000 ---p 00000000 00:00 0 
7f174c4e0000-7f174c548000 rw-p 00000000 00:00 0 
7f174c548000-7f174c6ce000 ---p 00000000 00:00 0 
7f174c6ce000-7f174c707000 rw-p 00000000 00:00 0 
7f174c707000-7f174ca8f000 ---p 00000000 00:00 0 
7f174ca8f000-7f174ca97000 r-xp 00000000 08:05 135994947                  /usr/lib/jvm/java-1.8.0-openjdk-1.8.0.171-8.b10.el7_5.x86_64/jre/lib/amd64/libzip.so
7f174ca97000-7f174cc96000 ---p 00008000 08:05 135994947                  /usr/lib/jvm/java-1.8.0-openjdk-1.8.0.171-8.b10.el7_5.x86_64/jre/lib/amd64/libzip.so
7f174cc96000-7f174cc97000 r--p 00007000 08:05 135994947                  /usr/lib/jvm/java-1.8.0-openjdk-1.8.0.171-8.b10.el7_5.x86_64/jre/lib/amd64/libzip.so
7f174cc97000-7f174cc98000 rw-p 00008000 08:05 135994947                  /usr/lib/jvm/java-1.8.0-openjdk-1.8.0.171-8.b10.el7_5.x86_64/jre/lib/amd64/libzip.so
7f174cc98000-7f174d49d000 r--s 00000000 08:03 38155                      /var/lib/sss/mc/passwd
7f174d49d000-7f174d4a5000 r-xp 00000000 08:05 204933493                  /usr/lib64/libnss_sss.so.2
7f174d4a5000-7f174d6a4000 ---p 00008000 08:05 204933493                  /usr/lib64/libnss_sss.so.2
7f174d6a4000-7f174d6a5000 r--p 00007000 08:05 204933493                  /usr/lib64/libnss_sss.so.2
7f174d6a5000-7f174d6a6000 rw-p 00008000 08:05 204933493                  /usr/lib64/libnss_sss.so.2
7f174d6a6000-7f174d6b2000 r-xp 00000000 08:05 202816356                  /usr/lib64/libnss_files-2.17.so
7f174d6b2000-7f174d8b1000 ---p 0000c000 08:05 202816356                  /usr/lib64/libnss_files-2.17.so
7f174d8b1000-7f174d8b2000 r--p 0000b000 08:05 202816356                  /usr/lib64/libnss_files-2.17.so
7f174d8b2000-7f174d8b3000 rw-p 0000c000 08:05 202816356                  /usr/lib64/libnss_files-2.17.so
7f174d8b3000-7f174d8b9000 rw-p 00000000 00:00 0 
7f174d8b9000-7f174d8e7000 r-xp 00000000 08:05 135994923                  /usr/lib/jvm/java-1.8.0-openjdk-1.8.0.171-8.b10.el7_5.x86_64/jre/lib/amd64/libjava.so
7f174d8e7000-7f174dae6000 ---p 0002e000 08:05 135994923                  /usr/lib/jvm/java-1.8.0-openjdk-1.8.0.171-8.b10.el7_5.x86_64/jre/lib/amd64/libjava.so
7f174dae6000-7f174dae7000 r--p 0002d000 08:05 135994923                  /usr/lib/jvm/java-1.8.0-openjdk-1.8.0.171-8.b10.el7_5.x86_64/jre/lib/amd64/libjava.so
7f174dae7000-7f174dae9000 rw-p 0002e000 08:05 135994923                  /usr/lib/jvm/java-1.8.0-openjdk-1.8.0.171-8.b10.el7_5.x86_64/jre/lib/amd64/libjava.so
7f174dae9000-7f174daf6000 r-xp 00000000 08:05 135994946                  /usr/lib/jvm/java-1.8.0-openjdk-1.8.0.171-8.b10.el7_5.x86_64/jre/lib/amd64/libverify.so
7f174daf6000-7f174dcf5000 ---p 0000d000 08:05 135994946                  /usr/lib/jvm/java-1.8.0-openjdk-1.8.0.171-8.b10.el7_5.x86_64/jre/lib/amd64/libverify.so
7f174dcf5000-7f174dcf7000 r--p 0000c000 08:05 135994946                  /usr/lib/jvm/java-1.8.0-openjdk-1.8.0.171-8.b10.el7_5.x86_64/jre/lib/amd64/libverify.so
7f174dcf7000-7f174dcf8000 rw-p 0000e000 08:05 135994946                  /usr/lib/jvm/java-1.8.0-openjdk-1.8.0.171-8.b10.el7_5.x86_64/jre/lib/amd64/libverify.so
7f174dcf8000-7f174dcff000 r-xp 00000000 08:05 202816363                  /usr/lib64/librt-2.17.so
7f174dcff000-7f174defe000 ---p 00007000 08:05 202816363                  /usr/lib64/librt-2.17.so
7f174defe000-7f174deff000 r--p 00006000 08:05 202816363                  /usr/lib64/librt-2.17.so
7f174deff000-7f174df00000 rw-p 00007000 08:05 202816363                  /usr/lib64/librt-2.17.so
7f174df00000-7f174df15000 r-xp 00000000 08:05 201429134                  /usr/lib64/libgcc_s-4.8.5-20150702.so.1
7f174df15000-7f174e114000 ---p 00015000 08:05 201429134                  /usr/lib64/libgcc_s-4.8.5-20150702.so.1
7f174e114000-7f174e115000 r--p 00014000 08:05 201429134                  /usr/lib64/libgcc_s-4.8.5-20150702.so.1
7f174e115000-7f174e116000 rw-p 00015000 08:05 201429134                  /usr/lib64/libgcc_s-4.8.5-20150702.so.1
7f174e116000-7f174e217000 r-xp 00000000 08:05 202816345                  /usr/lib64/libm-2.17.so
7f174e217000-7f174e416000 ---p 00101000 08:05 202816345                  /usr/lib64/libm-2.17.so
7f174e416000-7f174e417000 r--p 00100000 08:05 202816345                  /usr/lib64/libm-2.17.so
7f174e417000-7f174e418000 rw-p 00101000 08:05 202816345                  /usr/lib64/libm-2.17.so
7f174e418000-7f174e501000 r-xp 00000000 08:05 202418614                  /usr/lib64/libstdc++.so.6.0.19
7f174e501000-7f174e700000 ---p 000e9000 08:05 202418614                  /usr/lib64/libstdc++.so.6.0.19
7f174e700000-7f174e708000 r--p 000e8000 08:05 202418614                  /usr/lib64/libstdc++.so.6.0.19
7f174e708000-7f174e70a000 rw-p 000f0000 08:05 202418614                  /usr/lib64/libstdc++.so.6.0.19
7f174e70a000-7f174e71f000 rw-p 00000000 00:00 0 
7f174e71f000-7f174f3e5000 r-xp 00000000 08:05 67543813                   /usr/lib/jvm/java-1.8.0-openjdk-1.8.0.171-8.b10.el7_5.x86_64/jre/lib/amd64/server/libjvm.so
7f174f3e5000-7f174f5e5000 ---p 00cc6000 08:05 67543813                   /usr/lib/jvm/java-1.8.0-openjdk-1.8.0.171-8.b10.el7_5.x86_64/jre/lib/amd64/server/libjvm.so
7f174f5e5000-7f174f690000 r--p 00cc6000 08:05 67543813                   /usr/lib/jvm/java-1.8.0-openjdk-1.8.0.171-8.b10.el7_5.x86_64/jre/lib/amd64/server/libjvm.so
7f174f690000-7f174f6b9000 rw-p 00d71000 08:05 67543813                   /usr/lib/jvm/java-1.8.0-openjdk-1.8.0.171-8.b10.el7_5.x86_64/jre/lib/amd64/server/libjvm.so
7f174f6b9000-7f174f6ec000 rw-p 00000000 00:00 0 
7f174f6ec000-7f174f8af000 r-xp 00000000 08:05 201328629                  /usr/lib64/libc-2.17.so
7f174f8af000-7f174faae000 ---p 001c3000 08:05 201328629                  /usr/lib64/libc-2.17.so
7f174faae000-7f174fab2000 r--p 001c2000 08:05 201328629                  /usr/lib64/libc-2.17.so
7f174fab2000-7f174fab4000 rw-p 001c6000 08:05 201328629                  /usr/lib64/libc-2.17.so
7f174fab4000-7f174fab9000 rw-p 00000000 00:00 0 
7f174fab9000-7f174fabb000 r-xp 00000000 08:05 202816343                  /usr/lib64/libdl-2.17.so
7f174fabb000-7f174fcbb000 ---p 00002000 08:05 202816343                  /usr/lib64/libdl-2.17.so
7f174fcbb000-7f174fcbc000 r--p 00002000 08:05 202816343                  /usr/lib64/libdl-2.17.so
7f174fcbc000-7f174fcbd000 rw-p 00003000 08:05 202816343                  /usr/lib64/libdl-2.17.so
7f174fcbd000-7f174fccb000 r-xp 00000000 08:05 1726550                    /usr/lib/jvm/java-1.8.0-openjdk-1.8.0.171-8.b10.el7_5.x86_64/jre/lib/amd64/jli/libjli.so
7f174fccb000-7f174feca000 ---p 0000e000 08:05 1726550                    /usr/lib/jvm/java-1.8.0-openjdk-1.8.0.171-8.b10.el7_5.x86_64/jre/lib/amd64/jli/libjli.so
7f174feca000-7f174fecb000 r--p 0000d000 08:05 1726550                    /usr/lib/jvm/java-1.8.0-openjdk-1.8.0.171-8.b10.el7_5.x86_64/jre/lib/amd64/jli/libjli.so
7f174fecb000-7f174fecc000 rw-p 0000e000 08:05 1726550                    /usr/lib/jvm/java-1.8.0-openjdk-1.8.0.171-8.b10.el7_5.x86_64/jre/lib/amd64/jli/libjli.so
7f174fecc000-7f174fee1000 r-xp 00000000 08:05 204492934                  /usr/lib64/libz.so.1.2.7
7f174fee1000-7f17500e0000 ---p 00015000 08:05 204492934                  /usr/lib64/libz.so.1.2.7
7f17500e0000-7f17500e1000 r--p 00014000 08:05 204492934                  /usr/lib64/libz.so.1.2.7
7f17500e1000-7f17500e2000 rw-p 00015000 08:05 204492934                  /usr/lib64/libz.so.1.2.7
7f17500e2000-7f17500f9000 r-xp 00000000 08:05 201328655                  /usr/lib64/libpthread-2.17.so
7f17500f9000-7f17502f8000 ---p 00017000 08:05 201328655                  /usr/lib64/libpthread-2.17.so
7f17502f8000-7f17502f9000 r--p 00016000 08:05 201328655                  /usr/lib64/libpthread-2.17.so
7f17502f9000-7f17502fa000 rw-p 00017000 08:05 201328655                  /usr/lib64/libpthread-2.17.so
7f17502fa000-7f17502fe000 rw-p 00000000 00:00 0 
7f17502fe000-7f1750320000 r-xp 00000000 08:05 201328622                  /usr/lib64/ld-2.17.so
7f1750320000-7f1750322000 r--s 00000000 00:2e 249006523                  /home/xhe/.m2/repository/org/clojure/math.numeric-tower/0.0.4/math.numeric-tower-0.0.4.jar
7f1750322000-7f1750324000 r--s 0000b000 00:2e 249006535                  /home/xhe/.m2/repository/com/fasterxml/jackson/dataformat/jackson-dataformat-cbor/2.8.6/jackson-dataformat-cbor-2.8.6.jar
7f1750324000-7f1750325000 r--s 00001000 00:2e 249006541                  /home/xhe/.m2/repository/clojure-csv/clojure-csv/2.0.1/clojure-csv-2.0.1.jar
7f1750325000-7f1750326000 r--s 00002000 00:2e 249006566                  /home/xhe/.m2/repository/clojure-complete/clojure-complete/0.2.4/clojure-complete-0.2.4.jar
7f1750326000-7f1750328000 r--s 00008000 00:2e 249006544                  /home/xhe/.m2/repository/org/clojars/etosch/cosmos/1.0.0/cosmos-1.0.0.jar
7f1750328000-7f1750329000 r--s 00009000 00:2e 249006564                  /home/xhe/.m2/repository/org/clojure/tools.nrepl/0.2.12/tools.nrepl-0.2.12.jar
7f1750329000-7f175032b000 r--s 0000c000 00:2e 249006551                  /home/xhe/.m2/repository/prismatic/plumbing/0.5.4/plumbing-0.5.4.jar
7f175032b000-7f175032c000 r--s 00000000 00:2e 249006525                  /home/xhe/.m2/repository/org/clojure/data.csv/0.1.3/data.csv-0.1.3.jar
7f175032c000-7f175032d000 r--s 0000f000 00:2e 249006555                  /home/xhe/.m2/repository/prismatic/schema/1.0.1/schema-1.0.1.jar
7f175032d000-7f175032e000 r--s 00009000 00:2e 249006557                  /home/xhe/.m2/repository/criterium/criterium/0.4.4/criterium-0.4.4.jar
7f175032e000-7f175032f000 r--s 00001000 00:2e 249006425                  /home/xhe/.m2/repository/tigris/tigris/0.1.1/tigris-0.1.1.jar
7f175032f000-7f1750330000 r--s 00002000 00:2e 249006524                  /home/xhe/.m2/repository/org/clojure/math.combinatorics/0.1.1/math.combinatorics-0.1.1.jar
7f1750330000-7f175040e000 rw-p 00000000 00:00 0 
7f175040e000-7f1750416000 rw-s 00000000 08:05 136213799                  /tmp/hsperfdata_xhe/15807
7f1750416000-7f1750417000 rw-p 00000000 00:00 0 
7f1750417000-7f1750418000 ---p 00000000 00:00 0 
7f1750418000-7f175041c000 ---p 00000000 00:00 0 
7f175041c000-7f175051f000 rw-p 00000000 00:00 0 
7f175051f000-7f1750520000 r--p 00021000 08:05 201328622                  /usr/lib64/ld-2.17.so
7f1750520000-7f1750521000 rw-p 00022000 08:05 201328622                  /usr/lib64/ld-2.17.so
7f1750521000-7f1750522000 rw-p 00000000 00:00 0 
7fffc954c000-7fffc956e000 rw-p 00000000 00:00 0                          [stack]
7fffc95c8000-7fffc95ca000 r-xp 00000000 00:00 0                          [vdso]
ffffffffff600000-ffffffffff601000 r-xp 00000000 00:00 0                  [vsyscall]

VM Arguments:
jvm_args: -Dfile.encoding=UTF-8 -Dclojure.compile.path=/home/xhe/clojush7/target/classes -Dclojush.version=3.11.1-1-SNAPSHOT -Dclojure.debug=false 
java_command: clojure.main -i /tmp/form-init2434768031736385850.clj
java_class_path (initial): /home/xhe/clojush7/test:/home/xhe/clojush7/src:/home/xhe/clojush7/dev-resources:/home/xhe/clojush7/resources:/home/xhe/clojush7/target/classes:/home/xhe/.m2/repository/org/clojure/math.combinatorics/0.1.1/math.combinatorics-0.1.1.jar:/home/xhe/.m2/repository/org/clojure/clojure/1.8.0/clojure-1.8.0.jar:/home/xhe/.m2/repository/tigris/tigris/0.1.1/tigris-0.1.1.jar:/home/xhe/.m2/repository/criterium/criterium/0.4.4/criterium-0.4.4.jar:/home/xhe/.m2/repository/prismatic/schema/1.0.1/schema-1.0.1.jar:/home/xhe/.m2/repository/org/clojure/data.csv/0.1.3/data.csv-0.1.3.jar:/home/xhe/.m2/repository/prismatic/plumbing/0.5.4/plumbing-0.5.4.jar:/home/xhe/.m2/repository/org/clojure/tools.nrepl/0.2.12/tools.nrepl-0.2.12.jar:/home/xhe/.m2/repository/org/clojars/etosch/cosmos/1.0.0/cosmos-1.0.0.jar:/home/xhe/.m2/repository/clojure-complete/clojure-complete/0.2.4/clojure-complete-0.2.4.jar:/home/xhe/.m2/repository/clojure-csv/clojure-csv/2.0.1/clojure-csv-2.0.1.jar:/home/xhe/.m2/repository/com/fasterxml/jackson/dataformat/jackson-dataformat-cbor/2.8.6/jackson-dataformat-cbor-2.8.6.jar:/home/xhe/.m2/repository/org/clojure/math.numeric-tower/0.0.4/math.numeric-tower-0.0.4.jar:/home/xhe/.m2/repository/local-file/local-file/0.1.0/local-file-0.1.0.jar:/home/xhe/.m2/repository/clj-random/clj-random/0.1.7/clj-random-0.1.7.jar:/home/xhe/.m2/repository/cheshire/cheshire/5.7.1/cheshire-5.7.1.jar:/home/xhe/.m2/repository/cider/cider-nrepl/0.17.0/cider-nrepl-0.17.0.jar:/home/xhe/.m2/repository/kephale/uncommons-maths/1.2.3/uncommons-maths-1.2.3.jar:/home/xhe/.m2/repository/de/kotka/lazymap/3.1.0/lazymap-3.1.0.jar:/home/xhe/.m2/repository/org/clojure/data.json/0.2.6/data.json-0.2.6.jar:/home/xhe/.m2/repository/com/fasterxml/jackson/dataformat/jackson-dataformat-smile/2.8.6/jackson-dataformat-smile-2.8.6.jar:/home/xhe/.m2/repository/net/totakke/libra/0.1.0/libra-0.1.0.jar:/home/xhe/.m2/repository/org/apache/commons/commons-math3/3.2/commons-math3-3.2.jar:/home/xhe/.m2
Launcher Type: SUN_STANDARD

Environment Variables:
CLASSPATH=/home/xhe/.lein/self-installs/leiningen-2.7.1-standalone.jar
PATH=/sbin:/bin:/usr/local/bin:/usr/bin:/usr/sbin:/usr/X11R6/bin:/usr/local/sbin:/usr/bin/X11:/usr/local/global/bin:/usr/local/global/sbin:/usr/kerberos/bin/:/home/xhe/bin:/home/xhe/.local/bin:/home/xhe/bin
LD_LIBRARY_PATH=/lib:/usr/lib:/usr/local/lib:/usr/local/lib/X11:/usr/local/global/lib:/usr/lib64:/home/xhe/lib:/home/xhe/lib64
SHELL=/bin/bash
DISPLAY=localhost:11.0
OSTYPE=Linux
ARCH=x86_64

Signal Handlers:
SIGSEGV: [libjvm.so+0xab5320], sa_mask[0]=11111111011111111101111111111110, sa_flags=SA_RESTART|SA_SIGINFO
SIGBUS: [libjvm.so+0xab5320], sa_mask[0]=11111111011111111101111111111110, sa_flags=SA_RESTART|SA_SIGINFO
SIGFPE: [libjvm.so+0x8ac6b0], sa_mask[0]=11111111011111111101111111111110, sa_flags=SA_RESTART|SA_SIGINFO
SIGPIPE: [libjvm.so+0x8ac6b0], sa_mask[0]=11111111011111111101111111111110, sa_flags=SA_RESTART|SA_SIGINFO
SIGXFSZ: [libjvm.so+0x8ac6b0], sa_mask[0]=11111111011111111101111111111110, sa_flags=SA_RESTART|SA_SIGINFO
SIGILL: [libjvm.so+0x8ac6b0], sa_mask[0]=11111111011111111101111111111110, sa_flags=SA_RESTART|SA_SIGINFO
SIGUSR1: SIG_DFL, sa_mask[0]=00000000000000000000000000000000, sa_flags=none
SIGUSR2: [libjvm.so+0x8ac560], sa_mask[0]=00100000000000000000000000000000, sa_flags=SA_RESTART|SA_SIGINFO
SIGHUP: [libjvm.so+0x8ac770], sa_mask[0]=11111111011111111101111111111110, sa_flags=SA_RESTART|SA_SIGINFO
SIGINT: [libjvm.so+0x8ac770], sa_mask[0]=11111111011111111101111111111110, sa_flags=SA_RESTART|SA_SIGINFO
SIGTERM: [libjvm.so+0x8ac770], sa_mask[0]=11111111011111111101111111111110, sa_flags=SA_RESTART|SA_SIGINFO
SIGQUIT: [libjvm.so+0x8ac770], sa_mask[0]=11111111011111111101111111111110, sa_flags=SA_RESTART|SA_SIGINFO


---------------  S Y S T E M  ---------------

OS:CentOS Linux release 7.5.1804 (Core) 

uname:Linux 3.10.0-862.3.2.el7.x86_64 #1 SMP Mon May 21 23:36:36 UTC 2018 x86_64
libc:glibc 2.17 NPTL 2.17 
rlimit: STACK 8192k, CORE 0k, NPROC 4096, NOFILE 4096, AS infinity
load average:4.68 9.25 12.06

/proc/meminfo:
MemTotal:       12121656 kB
MemFree:          130692 kB
MemAvailable:      25608 kB
Buffers:               0 kB
Cached:            87712 kB
SwapCached:        72176 kB
Active:          9626452 kB
Inactive:        1881596 kB
Active(anon):    9597884 kB
Inactive(anon):  1853580 kB
Active(file):      28568 kB
Inactive(file):    28016 kB
Unevictable:           0 kB
Mlocked:               0 kB
SwapTotal:       4194300 kB
SwapFree:              0 kB
Dirty:               348 kB
Writeback:             0 kB
AnonPages:      11348576 kB
Mapped:            45392 kB
Shmem:             31080 kB
Slab:             195672 kB
SReclaimable:      56632 kB
SUnreclaim:       139040 kB
KernelStack:       37104 kB
PageTables:        80980 kB
NFS_Unstable:          0 kB
Bounce:                0 kB
WritebackTmp:          0 kB
CommitLimit:    10255128 kB
Committed_AS:   29266200 kB
VmallocTotal:   34359738367 kB
VmallocUsed:      322072 kB
VmallocChunk:   34352560124 kB
HardwareCorrupted:     0 kB
AnonHugePages:    229376 kB
CmaTotal:              0 kB
CmaFree:               0 kB
HugePages_Total:       0
HugePages_Free:        0
HugePages_Rsvd:        0
HugePages_Surp:        0
Hugepagesize:       2048 kB
DirectMap4k:      261604 kB
DirectMap2M:     6017024 kB
DirectMap1G:     6291456 kB


CPU:total 16 (initial active 16) (4 cores per cpu, 2 threads per core) family 6 model 44 stepping 2, cmov, cx8, fxsr, mmx, sse, sse2, sse3, ssse3, sse4.1, sse4.2, popcnt, aes, clmul, ht, tsc, tscinvbit, tscinv

/proc/cpuinfo:
processor	: 0
vendor_id	: GenuineIntel
cpu family	: 6
model		: 44
model name	: Intel(R) Xeon(R) CPU           E5620  @ 2.40GHz
stepping	: 2
microcode	: 0x1a
cpu MHz		: 2394.110
cache size	: 12288 KB
physical id	: 1
siblings	: 8
core id		: 0
cpu cores	: 4
apicid		: 32
initial apicid	: 32
fpu		: yes
fpu_exception	: yes
cpuid level	: 11
wp		: yes
flags		: fpu vme de pse tsc msr pae mce cx8 apic sep mtrr pge mca cmov pat pse36 clflush dts acpi mmx fxsr sse sse2 ss ht tm pbe syscall nx pdpe1gb rdtscp lm constant_tsc arch_perfmon pebs bts rep_good nopl xtopology nonstop_tsc aperfmperf pni pclmulqdq dtes64 monitor ds_cpl vmx smx est tm2 ssse3 cx16 xtpr pdcm pcid dca sse4_1 sse4_2 popcnt aes lahf_lm tpr_shadow vnmi flexpriority ept vpid dtherm ida arat
bogomips	: 4788.22
clflush size	: 64
cache_alignment	: 64
address sizes	: 40 bits physical, 48 bits virtual
power management:

processor	: 1
vendor_id	: GenuineIntel
cpu family	: 6
model		: 44
model name	: Intel(R) Xeon(R) CPU           E5620  @ 2.40GHz
stepping	: 2
microcode	: 0x1a
cpu MHz		: 2394.110
cache size	: 12288 KB
physical id	: 0
siblings	: 8
core id		: 0
cpu cores	: 4
apicid		: 0
initial apicid	: 0
fpu		: yes
fpu_exception	: yes
cpuid level	: 11
wp		: yes
flags		: fpu vme de pse tsc msr pae mce cx8 apic sep mtrr pge mca cmov pat pse36 clflush dts acpi mmx fxsr sse sse2 ss ht tm pbe syscall nx pdpe1gb rdtscp lm constant_tsc arch_perfmon pebs bts rep_good nopl xtopology nonstop_tsc aperfmperf pni pclmulqdq dtes64 monitor ds_cpl vmx smx est tm2 ssse3 cx16 xtpr pdcm pcid dca sse4_1 sse4_2 popcnt aes lahf_lm tpr_shadow vnmi flexpriority ept vpid dtherm ida arat
bogomips	: 4787.83
clflush size	: 64
cache_alignment	: 64
address sizes	: 40 bits physical, 48 bits virtual
power management:

processor	: 2
vendor_id	: GenuineIntel
cpu family	: 6
model		: 44
model name	: Intel(R) Xeon(R) CPU           E5620  @ 2.40GHz
stepping	: 2
microcode	: 0x1a
cpu MHz		: 2394.110
cache size	: 12288 KB
physical id	: 1
siblings	: 8
core id		: 1
cpu cores	: 4
apicid		: 34
initial apicid	: 34
fpu		: yes
fpu_exception	: yes
cpuid level	: 11
wp		: yes
flags		: fpu vme de pse tsc msr pae mce cx8 apic sep mtrr pge mca cmov pat pse36 clflush dts acpi mmx fxsr sse sse2 ss ht tm pbe syscall nx pdpe1gb rdtscp lm constant_tsc arch_perfmon pebs bts rep_good nopl xtopology nonstop_tsc aperfmperf pni pclmulqdq dtes64 monitor ds_cpl vmx smx est tm2 ssse3 cx16 xtpr pdcm pcid dca sse4_1 sse4_2 popcnt aes lahf_lm tpr_shadow vnmi flexpriority ept vpid dtherm ida arat
bogomips	: 4788.22
clflush size	: 64
cache_alignment	: 64
address sizes	: 40 bits physical, 48 bits virtual
power management:

processor	: 3
vendor_id	: GenuineIntel
cpu family	: 6
model		: 44
model name	: Intel(R) Xeon(R) CPU           E5620  @ 2.40GHz
stepping	: 2
microcode	: 0x1a
cpu MHz		: 2394.110
cache size	: 12288 KB
physical id	: 0
siblings	: 8
core id		: 1
cpu cores	: 4
apicid		: 2
initial apicid	: 2
fpu		: yes
fpu_exception	: yes
cpuid level	: 11
wp		: yes
flags		: fpu vme de pse tsc msr pae mce cx8 apic sep mtrr pge mca cmov pat pse36 clflush dts acpi mmx fxsr sse sse2 ss ht tm pbe syscall nx pdpe1gb rdtscp lm constant_tsc arch_perfmon pebs bts rep_good nopl xtopology nonstop_tsc aperfmperf pni pclmulqdq dtes64 monitor ds_cpl vmx smx est tm2 ssse3 cx16 xtpr pdcm pcid dca sse4_1 sse4_2 popcnt aes lahf_lm tpr_shadow vnmi flexpriority ept vpid dtherm ida arat
bogomips	: 4787.83
clflush size	: 64
cache_alignment	: 64
address sizes	: 40 bits physical, 48 bits virtual
power management:

processor	: 4
vendor_id	: GenuineIntel
cpu family	: 6
model		: 44
model name	: Intel(R) Xeon(R) CPU           E5620  @ 2.40GHz
stepping	: 2
microcode	: 0x1a
cpu MHz		: 2394.110
cache size	: 12288 KB
physical id	: 1
siblings	: 8
core id		: 9
cpu cores	: 4
apicid		: 50
initial apicid	: 50
fpu		: yes
fpu_exception	: yes
cpuid level	: 11
wp		: yes
flags		: fpu vme de pse tsc msr pae mce cx8 apic sep mtrr pge mca cmov pat pse36 clflush dts acpi mmx fxsr sse sse2 ss ht tm pbe syscall nx pdpe1gb rdtscp lm constant_tsc arch_perfmon pebs bts rep_good nopl xtopology nonstop_tsc aperfmperf pni pclmulqdq dtes64 monitor ds_cpl vmx smx est tm2 ssse3 cx16 xtpr pdcm pcid dca sse4_1 sse4_2 popcnt aes lahf_lm tpr_shadow vnmi flexpriority ept vpid dtherm ida arat
bogomips	: 4788.22
clflush size	: 64
cache_alignment	: 64
address sizes	: 40 bits physical, 48 bits virtual
power management:

processor	: 5
vendor_id	: GenuineIntel
cpu family	: 6
model		: 44
model name	: Intel(R) Xeon(R) CPU           E5620  @ 2.40GHz
stepping	: 2
microcode	: 0x1a
cpu MHz		: 2394.110
cache size	: 12288 KB
physical id	: 0
siblings	: 8
core id		: 9
cpu cores	: 4
apicid		: 18
initial apicid	: 18
fpu		: yes
fpu_exception	: yes
cpuid level	: 11
wp		: yes
flags		: fpu vme de pse tsc msr pae mce cx8 apic sep mtrr pge mca cmov pat pse36 clflush dts acpi mmx fxsr sse sse2 ss ht tm pbe syscall nx pdpe1gb rdtscp lm constant_tsc arch_perfmon pebs bts rep_good nopl xtopology nonstop_tsc aperfmperf pni pclmulqdq dtes64 monitor ds_cpl vmx smx est tm2 ssse3 cx16 xtpr pdcm pcid dca sse4_1 sse4_2 popcnt aes lahf_lm tpr_shadow vnmi flexpriority ept vpid dtherm ida arat
bogomips	: 4787.83
clflush size	: 64
cache_alignment	: 64
address sizes	: 40 bits physical, 48 bits virtual
power management:

processor	: 6
vendor_id	: GenuineIntel
cpu family	: 6
model		: 44
model name	: Intel(R) Xeon(R) CPU           E5620  @ 2.40GHz
stepping	: 2
microcode	: 0x1a
cpu MHz		: 2394.110
cache size	: 12288 KB
physical id	: 1
siblings	: 8
core id		: 10
cpu cores	: 4
apicid		: 52
initial apicid	: 52
fpu		: yes
fpu_exception	: yes
cpuid level	: 11
wp		: yes
flags		: fpu vme de pse tsc msr pae mce cx8 apic sep mtrr pge mca cmov pat pse36 clflush dts acpi mmx fxsr sse sse2 ss ht tm pbe syscall nx pdpe1gb rdtscp lm constant_tsc arch_perfmon pebs bts rep_good nopl xtopology nonstop_tsc aperfmperf pni pclmulqdq dtes64 monitor ds_cpl vmx smx est tm2 ssse3 cx16 xtpr pdcm pcid dca sse4_1 sse4_2 popcnt aes lahf_lm tpr_shadow vnmi flexpriority ept vpid dtherm ida arat
bogomips	: 4788.22
clflush size	: 64
cache_alignment	: 64
address sizes	: 40 bits physical, 48 bits virtual
power management:

processor	: 7
vendor_id	: GenuineIntel
cpu family	: 6
model		: 44
model name	: Intel(R) Xeon(R) CPU           E5620  @ 2.40GHz
stepping	: 2
microcode	: 0x1a
cpu MHz		: 2394.110
cache size	: 12288 KB
physical id	: 0
siblings	: 8
core id		: 10
cpu cores	: 4
apicid		: 20
initial apicid	: 20
fpu		: yes
fpu_exception	: yes
cpuid level	: 11
wp		: yes
flags		: fpu vme de pse tsc msr pae mce cx8 apic sep mtrr pge mca cmov pat pse36 clflush dts acpi mmx fxsr sse sse2 ss ht tm pbe syscall nx pdpe1gb rdtscp lm constant_tsc arch_perfmon pebs bts rep_good nopl xtopology nonstop_tsc aperfmperf pni pclmulqdq dtes64 monitor ds_cpl vmx smx est tm2 ssse3 cx16 xtpr pdcm pcid dca sse4_1 sse4_2 popcnt aes lahf_lm tpr_shadow vnmi flexpriority ept vpid dtherm ida arat
bogomips	: 4787.83
clflush size	: 64
cache_alignment	: 64
address sizes	: 40 bits physical, 48 bits virtual
power management:

processor	: 8
vendor_id	: GenuineIntel
cpu family	: 6
model		: 44
model name	: Intel(R) Xeon(R) CPU           E5620  @ 2.40GHz
stepping	: 2
microcode	: 0x1a
cpu MHz		: 2394.110
cache size	: 12288 KB
physical id	: 1
siblings	: 8
core id		: 0
cpu cores	: 4
apicid		: 33
initial apicid	: 33
fpu		: yes
fpu_exception	: yes
cpuid level	: 11
wp		: yes
flags		: fpu vme de pse tsc msr pae mce cx8 apic sep mtrr pge mca cmov pat pse36 clflush dts acpi mmx fxsr sse sse2 ss ht tm pbe syscall nx pdpe1gb rdtscp lm constant_tsc arch_perfmon pebs bts rep_good nopl xtopology nonstop_tsc aperfmperf pni pclmulqdq dtes64 monitor ds_cpl vmx smx est tm2 ssse3 cx16 xtpr pdcm pcid dca sse4_1 sse4_2 popcnt aes lahf_lm tpr_shadow vnmi flexpriority ept vpid dtherm ida arat
bogomips	: 4788.22
clflush size	: 64
cache_alignment	: 64
address sizes	: 40 bits physical, 48 bits virtual
power management:

processor	: 9
vendor_id	: GenuineIntel
cpu family	: 6
model		: 44
model name	: Intel(R) Xeon(R) CPU           E5620  @ 2.40GHz
stepping	: 2
microcode	: 0x1a
cpu MHz		: 2394.110
cache size	: 12288 KB
physical id	: 0
siblings	: 8
core id		: 0
cpu cores	: 4
apicid		: 1
initial apicid	: 1
fpu		: yes
fpu_exception	: yes
cpuid level	: 11
wp		: yes
flags		: fpu vme de pse tsc msr pae mce cx8 apic sep mtrr pge mca cmov pat pse36 clflush dts acpi mmx fxsr sse sse2 ss ht tm pbe syscall nx pdpe1gb rdtscp lm constant_tsc arch_perfmon pebs bts rep_good nopl xtopology nonstop_tsc aperfmperf pni pclmulqdq dtes64 monitor ds_cpl vmx smx est tm2 ssse3 cx16 xtpr pdcm pcid dca sse4_1 sse4_2 popcnt aes lahf_lm tpr_shadow vnmi flexpriority ept vpid dtherm ida arat
bogomips	: 4787.83
clflush size	: 64
cache_alignment	: 64
address sizes	: 40 bits physical, 48 bits virtual
power management:

processor	: 10
vendor_id	: GenuineIntel
cpu family	: 6
model		: 44
model name	: Intel(R) Xeon(R) CPU           E5620  @ 2.40GHz
stepping	: 2
microcode	: 0x1a
cpu MHz		: 2394.110
cache size	: 12288 KB
physical id	: 1
siblings	: 8
core id		: 1
cpu cores	: 4
apicid		: 35
initial apicid	: 35
fpu		: yes
fpu_exception	: yes
cpuid level	: 11
wp		: yes
flags		: fpu vme de pse tsc msr pae mce cx8 apic sep mtrr pge mca cmov pat pse36 clflush dts acpi mmx fxsr sse sse2 ss ht tm pbe syscall nx pdpe1gb rdtscp lm constant_tsc arch_perfmon pebs bts rep_good nopl xtopology nonstop_tsc aperfmperf pni pclmulqdq dtes64 monitor ds_cpl vmx smx est tm2 ssse3 cx16 xtpr pdcm pcid dca sse4_1 sse4_2 popcnt aes lahf_lm tpr_shadow vnmi flexpriority ept vpid dtherm ida arat
bogomips	: 4788.22
clflush size	: 64
cache_alignment	: 64
address sizes	: 40 bits physical, 48 bits virtual
power management:

processor	: 11
vendor_id	: GenuineIntel
cpu family	: 6
model		: 44
model name	: Intel(R) Xeon(R) CPU           E5620  @ 2.40GHz
stepping	: 2
microcode	: 0x1a
cpu MHz		: 2394.110
cache size	: 12288 KB
physical id	: 0
siblings	: 8
core id		: 1
cpu cores	: 4
apicid		: 3
initial apicid	: 3
fpu		: yes
fpu_exception	: yes
cpuid level	: 11
wp		: yes
flags		: fpu vme de pse tsc msr pae mce cx8 apic sep mtrr pge mca cmov pat pse36 clflush dts acpi mmx fxsr sse sse2 ss ht tm pbe syscall nx pdpe1gb rdtscp lm constant_tsc arch_perfmon pebs bts rep_good nopl xtopology nonstop_tsc aperfmperf pni pclmulqdq dtes64 monitor ds_cpl vmx smx est tm2 ssse3 cx16 xtpr pdcm pcid dca sse4_1 sse4_2 popcnt aes lahf_lm tpr_shadow vnmi flexpriority ept vpid dtherm ida arat
bogomips	: 4787.83
clflush size	: 64
cache_alignment	: 64
address sizes	: 40 bits physical, 48 bits virtual
power management:

processor	: 12
vendor_id	: GenuineIntel
cpu family	: 6
model		: 44
model name	: Intel(R) Xeon(R) CPU           E5620  @ 2.40GHz
stepping	: 2
microcode	: 0x1a
cpu MHz		: 2394.110
cache size	: 12288 KB
physical id	: 1
siblings	: 8
core id		: 9
cpu cores	: 4
apicid		: 51
initial apicid	: 51
fpu		: yes
fpu_exception	: yes
cpuid level	: 11
wp		: yes
flags		: fpu vme de pse tsc msr pae mce cx8 apic sep mtrr pge mca cmov pat pse36 clflush dts acpi mmx fxsr sse sse2 ss ht tm pbe syscall nx pdpe1gb rdtscp lm constant_tsc arch_perfmon pebs bts rep_good nopl xtopology nonstop_tsc aperfmperf pni pclmulqdq dtes64 monitor ds_cpl vmx smx est tm2 ssse3 cx16 xtpr pdcm pcid dca sse4_1 sse4_2 popcnt aes lahf_lm tpr_shadow vnmi flexpriority ept vpid dtherm ida arat
bogomips	: 4788.22
clflush size	: 64
cache_alignment	: 64
address sizes	: 40 bits physical, 48 bits virtual
power management:

processor	: 13
vendor_id	: GenuineIntel
cpu family	: 6
model		: 44
model name	: Intel(R) Xeon(R) CPU           E5620  @ 2.40GHz
stepping	: 2
microcode	: 0x1a
cpu MHz		: 2394.110
cache size	: 12288 KB
physical id	: 0
siblings	: 8
core id		: 9
cpu cores	: 4
apicid		: 19
initial apicid	: 19
fpu		: yes
fpu_exception	: yes
cpuid level	: 11
wp		: yes
flags		: fpu vme de pse tsc msr pae mce cx8 apic sep mtrr pge mca cmov pat pse36 clflush dts acpi mmx fxsr sse sse2 ss ht tm pbe syscall nx pdpe1gb rdtscp lm constant_tsc arch_perfmon pebs bts rep_good nopl xtopology nonstop_tsc aperfmperf pni pclmulqdq dtes64 monitor ds_cpl vmx smx est tm2 ssse3 cx16 xtpr pdcm pcid dca sse4_1 sse4_2 popcnt aes lahf_lm tpr_shadow vnmi flexpriority ept vpid dtherm ida arat
bogomips	: 4787.83
clflush size	: 64
cache_alignment	: 64
address sizes	: 40 bits physical, 48 bits virtual
power management:

processor	: 14
vendor_id	: GenuineIntel
cpu family	: 6
model		: 44
model name	: Intel(R) Xeon(R) CPU           E5620  @ 2.40GHz
stepping	: 2
microcode	: 0x1a
cpu MHz		: 2394.110
cache size	: 12288 KB
physical id	: 1
siblings	: 8
core id		: 10
cpu cores	: 4
apicid		: 53
initial apicid	: 53
fpu		: yes
fpu_exception	: yes
cpuid level	: 11
wp		: yes
flags		: fpu vme de pse tsc msr pae mce cx8 apic sep mtrr pge mca cmov pat pse36 clflush dts acpi mmx fxsr sse sse2 ss ht tm pbe syscall nx pdpe1gb rdtscp lm constant_tsc arch_perfmon pebs bts rep_good nopl xtopology nonstop_tsc aperfmperf pni pclmulqdq dtes64 monitor ds_cpl vmx smx est tm2 ssse3 cx16 xtpr pdcm pcid dca sse4_1 sse4_2 popcnt aes lahf_lm tpr_shadow vnmi flexpriority ept vpid dtherm ida arat
bogomips	: 4788.22
clflush size	: 64
cache_alignment	: 64
address sizes	: 40 bits physical, 48 bits virtual
power management:

processor	: 15
vendor_id	: GenuineIntel
cpu family	: 6
model		: 44
model name	: Intel(R) Xeon(R) CPU           E5620  @ 2.40GHz
stepping	: 2
microcode	: 0x1a
cpu MHz		: 2394.110
cache size	: 12288 KB
physical id	: 0
siblings	: 8
core id		: 10
cpu cores	: 4
apicid		: 21
initial apicid	: 21
fpu		: yes
fpu_exception	: yes
cpuid level	: 11
wp		: yes
flags		: fpu vme de pse tsc msr pae mce cx8 apic sep mtrr pge mca cmov pat pse36 clflush dts acpi mmx fxsr sse sse2 ss ht tm pbe syscall nx pdpe1gb rdtscp lm constant_tsc arch_perfmon pebs bts rep_good nopl xtopology nonstop_tsc aperfmperf pni pclmulqdq dtes64 monitor ds_cpl vmx smx est tm2 ssse3 cx16 xtpr pdcm pcid dca sse4_1 sse4_2 popcnt aes lahf_lm tpr_shadow vnmi flexpriority ept vpid dtherm ida arat
bogomips	: 4787.83
clflush size	: 64
cache_alignment	: 64
address sizes	: 40 bits physical, 48 bits virtual
power management:



Memory: 4k page, physical 12121656k(130692k free), swap 4194300k(0k free)

vm_info: OpenJDK 64-Bit Server VM (25.171-b10) for linux-amd64 JRE (1.8.0_171-b10), built on May 22 2018 01:32:00 by "mockbuild" with gcc 4.8.5 20150623 (Red Hat 4.8.5-28)

time: Wed Jul  4 13:49:17 2018
elapsed time: 13 seconds (0d 0h 0m 13s)

