#
# There is insufficient memory for the Java Runtime Environment to continue.
# Native memory allocation (mmap) failed to map 248512512 bytes for committing reserved memory.
# Possible reasons:
#   The system is out of physical RAM or swap space
#   In 32 bit mode, the process size limit was hit
# Possible solutions:
#   Reduce memory load on the system
#   Increase physical memory or swap space
#   Check if swap backing store is full
#   Use 64 bit Java on a 64 bit OS
#   Decrease Java heap size (-Xmx/-Xms)
#   Decrease number of Java threads
#   Decrease Java thread stack sizes (-Xss)
#   Set larger code cache with -XX:ReservedCodeCacheSize=
# This output file may be truncated or incomplete.
#
#  Out of Memory Error (os_linux.cpp:2657), pid=29935, tid=0x00007f9744198700
#
# JRE version: OpenJDK Runtime Environment (8.0_171-b10) (build 1.8.0_171-b10)
# Java VM: OpenJDK 64-Bit Server VM (25.171-b10 mixed mode linux-amd64 compressed oops)
# Failed to write core dump. Core dumps have been disabled. To enable core dumping, try "ulimit -c unlimited" before starting Java again
#

---------------  T H R E A D  ---------------

Current thread (0x00007f978c093260):  VMThread [stack: 0x00007f9744099000,0x00007f9744199000] [id=29954]

Stack: [0x00007f9744099000,0x00007f9744199000],  sp=0x00007f9744197460,  free space=1017k
Native frames: (J=compiled Java code, j=interpreted, Vv=VM code, C=native code)
V  [libjvm.so+0xab47fd]
V  [libjvm.so+0x4ec92a]
V  [libjvm.so+0x8b0ee8]
V  [libjvm.so+0x8ab3fe]
V  [libjvm.so+0x92477b]
V  [libjvm.so+0x925450]
V  [libjvm.so+0x9257ab]
V  [libjvm.so+0x92211c]
V  [libjvm.so+0x9228f8]
V  [libjvm.so+0x8d4e33]
V  [libjvm.so+0xab65d3]
V  [libjvm.so+0xabab87]
V  [libjvm.so+0xab9498]
V  [libjvm.so+0xab9969]
V  [libjvm.so+0xab9dc1]
V  [libjvm.so+0x8ae232]

VM_Operation (0x00007f973d533e40): ParallelGCFailedAllocation, mode: safepoint, requested by thread 0x00007f978cc1f9a0


---------------  P R O C E S S  ---------------

Java Threads: ( => current thread )
  0x00007f978cc387a0 JavaThread "clojure-agent-send-pool-17" [_thread_blocked, id=30103, stack(0x00007f973ca2b000,0x00007f973cb2c000)]
  0x00007f978cc3d940 JavaThread "clojure-agent-send-pool-16" [_thread_blocked, id=30102, stack(0x00007f973cb2c000,0x00007f973cc2d000)]
  0x00007f978cc33070 JavaThread "clojure-agent-send-pool-15" [_thread_blocked, id=30101, stack(0x00007f973cc2d000,0x00007f973cd2e000)]
  0x00007f978cc3bd70 JavaThread "clojure-agent-send-pool-14" [_thread_blocked, id=30100, stack(0x00007f973cd2e000,0x00007f973ce2f000)]
  0x00007f978cc36140 JavaThread "clojure-agent-send-pool-13" [_thread_blocked, id=30099, stack(0x00007f973ce2f000,0x00007f973cf30000)]
  0x00007f978cc34910 JavaThread "clojure-agent-send-pool-12" [_thread_blocked, id=30098, stack(0x00007f973cf30000,0x00007f973d031000)]
  0x00007f978cc233a0 JavaThread "clojure-agent-send-pool-11" [_thread_blocked, id=30097, stack(0x00007f973d031000,0x00007f973d132000)]
  0x00007f978c5d7510 JavaThread "clojure-agent-send-pool-10" [_thread_blocked, id=30096, stack(0x00007f973d132000,0x00007f973d233000)]
  0x00007f978cc2c8b0 JavaThread "clojure-agent-send-pool-9" [_thread_blocked, id=30095, stack(0x00007f973d233000,0x00007f973d334000)]
  0x00007f978cc1e200 JavaThread "clojure-agent-send-pool-8" [_thread_blocked, id=30094, stack(0x00007f973d334000,0x00007f973d435000)]
  0x00007f978cc1f9a0 JavaThread "clojure-agent-send-pool-7" [_thread_blocked, id=30093, stack(0x00007f973d435000,0x00007f973d536000)]
  0x00007f978cc1c6b0 JavaThread "clojure-agent-send-pool-6" [_thread_blocked, id=30092, stack(0x00007f973d536000,0x00007f973d637000)]
  0x00007f978cc14c20 JavaThread "clojure-agent-send-pool-5" [_thread_blocked, id=30091, stack(0x00007f973d637000,0x00007f973d738000)]
  0x00007f978cc136b0 JavaThread "clojure-agent-send-pool-4" [_thread_blocked, id=30090, stack(0x00007f973d738000,0x00007f973d839000)]
  0x00007f978cc168a0 JavaThread "clojure-agent-send-pool-3" [_thread_blocked, id=30089, stack(0x00007f973d839000,0x00007f973d93a000)]
  0x00007f978cc033f0 JavaThread "clojure-agent-send-pool-2" [_thread_blocked, id=30088, stack(0x00007f973d93a000,0x00007f973da3b000)]
  0x00007f978cc08360 JavaThread "clojure-agent-send-pool-1" [_thread_blocked, id=30087, stack(0x00007f973da3b000,0x00007f973db3c000)]
  0x00007f978cc0a040 JavaThread "clojure-agent-send-pool-0" [_thread_blocked, id=30086, stack(0x00007f973db3c000,0x00007f973dc3d000)]
  0x00007f978c0f6540 JavaThread "Service Thread" daemon [_thread_blocked, id=29970, stack(0x00007f973eff0000,0x00007f973f0f1000)]
  0x00007f978c0f19f0 JavaThread "C1 CompilerThread11" daemon [_thread_blocked, id=29969, stack(0x00007f973f0f2000,0x00007f973f1f2000)]
  0x00007f978c0f01e0 JavaThread "C1 CompilerThread10" daemon [_thread_blocked, id=29968, stack(0x00007f973f1f3000,0x00007f973f2f3000)]
  0x00007f978c0ee9d0 JavaThread "C1 CompilerThread9" daemon [_thread_blocked, id=29967, stack(0x00007f973f2f4000,0x00007f973f3f4000)]
  0x00007f978c0ecdd0 JavaThread "C1 CompilerThread8" daemon [_thread_blocked, id=29966, stack(0x00007f973f3f5000,0x00007f973f4f5000)]
  0x00007f978c0eb1d0 JavaThread "C2 CompilerThread7" daemon [_thread_blocked, id=29965, stack(0x00007f973f4f6000,0x00007f973f5f6000)]
  0x00007f978c0e95d0 JavaThread "C2 CompilerThread6" daemon [_thread_blocked, id=29964, stack(0x00007f973f5f7000,0x00007f973f6f7000)]
  0x00007f978c0e79f0 JavaThread "C2 CompilerThread5" daemon [_thread_blocked, id=29963, stack(0x00007f973f6f8000,0x00007f973f7f8000)]
  0x00007f978c0dde20 JavaThread "C2 CompilerThread4" daemon [_thread_blocked, id=29962, stack(0x00007f973f7f9000,0x00007f973f8f9000)]
  0x00007f978c0dc240 JavaThread "C2 CompilerThread3" daemon [_thread_blocked, id=29961, stack(0x00007f973f8fa000,0x00007f973f9fa000)]
  0x00007f978c0da660 JavaThread "C2 CompilerThread2" daemon [_thread_blocked, id=29960, stack(0x00007f973f9fb000,0x00007f973fafb000)]
  0x00007f978c01cb30 JavaThread "C2 CompilerThread1" daemon [_thread_blocked, id=29959, stack(0x00007f973fafc000,0x00007f973fbfc000)]
  0x00007f978c0cc1a0 JavaThread "C2 CompilerThread0" daemon [_thread_blocked, id=29958, stack(0x00007f973fbfd000,0x00007f973fcfd000)]
  0x00007f978c0ca7f0 JavaThread "Signal Dispatcher" daemon [_thread_blocked, id=29957, stack(0x00007f973fcfd000,0x00007f973fdfe000)]
  0x00007f978c0a0970 JavaThread "Finalizer" daemon [_thread_blocked, id=29956, stack(0x00007f973fdfe000,0x00007f973feff000)]
  0x00007f978c09c700 JavaThread "Reference Handler" daemon [_thread_blocked, id=29955, stack(0x00007f973feff000,0x00007f9740000000)]
  0x00007f978c00aef0 JavaThread "main" [_thread_blocked, id=29940, stack(0x00007f9795e69000,0x00007f9795f69000)]

Other Threads:
=>0x00007f978c093260 VMThread [stack: 0x00007f9744099000,0x00007f9744199000] [id=29954]
  0x00007f978c0f8350 WatcherThread [stack: 0x00007f973eef0000,0x00007f973eff0000] [id=29971]

VM state:at safepoint (normal execution)

VM Mutex/Monitor currently owned by a thread:  ([mutex/lock_event])
[0x00007f978c0082f0] Threads_lock - owner thread: 0x00007f978c093260
[0x00007f978c0087f0] Heap_lock - owner thread: 0x00007f978cc1f9a0

Heap:
 PSYoungGen      total 560640K, used 14336K [0x0000000782580000, 0x00000007a9e80000, 0x00000007c0000000)
  eden space 546304K, 0% used [0x0000000782580000,0x0000000782580000,0x00000007a3b00000)
  from space 14336K, 100% used [0x00000007a3b00000,0x00000007a4900000,0x00000007a4900000)
  to   space 9728K, 0% used [0x00000007a4900000,0x00000007a4900000,0x00000007a5280000)
 ParOldGen       total 68096K, used 42286K [0x0000000707000000, 0x000000070b280000, 0x0000000782580000)
  object space 68096K, 62% used [0x0000000707000000,0x000000070994ba20,0x000000070b280000)
 Metaspace       used 27317K, capacity 34831K, committed 34944K, reserved 1075200K
  class space    used 6681K, capacity 9520K, committed 9600K, reserved 1048576K

Card table byte_map: [0x00007f9791b56000,0x00007f979211f000] byte_map_base: 0x00007f978e31e000

Marking Bits: (ParMarkBitMap*) 0x00007f979511ee00
 Begin Bits: [0x00007f9746380000, 0x00007f97491c0000)
 End Bits:   [0x00007f97491c0000, 0x00007f974c000000)

Polling page: 0x00007f9795e67000

CodeCache: size=245760Kb used=17220Kb max_used=17239Kb free=228539Kb
 bounds [0x00007f977d000000, 0x00007f977e100000, 0x00007f978c000000]
 total_blobs=3406 nmethods=3048 adapters=267
 compilation: enabled

Compilation events (10 events):
Event: 23.721 Thread 0x00007f978c0dc240 3567       4       clojush.util$list_concat::doInvoke (10 bytes)
Event: 23.745 Thread 0x00007f978c0dde20 nmethod 3558 0x00007f977e0ba290 code [0x00007f977e0ba420, 0x00007f977e0bab38]
Event: 23.745 Thread 0x00007f978c0dde20 3568       4       clojush.util$list_concat::invokeStatic (44 bytes)
Event: 23.823 Thread 0x00007f978c0dc240 nmethod 3567 0x00007f977e0c3810 code [0x00007f977e0c3aa0, 0x00007f977e0c44e0]
Event: 23.838 Thread 0x00007f978c0dc240 3628       4       java.util.regex.Pattern$BnM::optimize (179 bytes)
Event: 24.084 Thread 0x00007f978c0dde20 nmethod 3568 0x00007f977e0ca110 code [0x00007f977e0ca460, 0x00007f977e0cb5e8]
Event: 24.084 Thread 0x00007f978c0dde20 3478       4       clojush.instructions.common$lookup_instruction_paren_groups::invoke (7 bytes)
Event: 24.085 Thread 0x00007f978c0dde20 nmethod 3478 0x00007f977e089d90 code [0x00007f977e089ee0, 0x00007f977e089f68]
Event: 24.085 Thread 0x00007f978c0dde20 3547       4       clojure.lang.RestFn::invoke (119 bytes)
Event: 24.100 Thread 0x00007f978c0e95d0 nmethod 3432 0x00007f977e0d9f10 code [0x00007f977e0dada0, 0x00007f977e0e0038]

GC Heap History (10 events):
Event: 7.699 GC heap after
Heap after GC invocations=5 (full 0):
 PSYoungGen      total 200192K, used 7552K [0x0000000782580000, 0x000000079af80000, 0x00000007c0000000)
  eden space 192512K, 0% used [0x0000000782580000,0x0000000782580000,0x000000078e180000)
  from space 7680K, 98% used [0x000000078e180000,0x000000078e8e0080,0x000000078e900000)
  to   space 9216K, 0% used [0x000000079a680000,0x000000079a680000,0x000000079af80000)
 ParOldGen       total 126976K, used 294K [0x0000000707000000, 0x000000070ec00000, 0x0000000782580000)
  object space 126976K, 0% used [0x0000000707000000,0x0000000707049b40,0x000000070ec00000)
 Metaspace       used 18440K, capacity 21259K, committed 21296K, reserved 1064960K
  class space    used 3887K, capacity 4956K, committed 4992K, reserved 1048576K
}
Event: 7.699 GC heap before
{Heap before GC invocations=6 (full 1):
 PSYoungGen      total 200192K, used 7552K [0x0000000782580000, 0x000000079af80000, 0x00000007c0000000)
  eden space 192512K, 0% used [0x0000000782580000,0x0000000782580000,0x000000078e180000)
  from space 7680K, 98% used [0x000000078e180000,0x000000078e8e0080,0x000000078e900000)
  to   space 9216K, 0% used [0x000000079a680000,0x000000079a680000,0x000000079af80000)
 ParOldGen       total 126976K, used 294K [0x0000000707000000, 0x000000070ec00000, 0x0000000782580000)
  object space 126976K, 0% used [0x0000000707000000,0x0000000707049b40,0x000000070ec00000)
 Metaspace       used 18440K, capacity 21259K, committed 21296K, reserved 1064960K
  class space    used 3887K, capacity 4956K, committed 4992K, reserved 1048576K
Event: 7.794 GC heap after
Heap after GC invocations=6 (full 1):
 PSYoungGen      total 200192K, used 0K [0x0000000782580000, 0x000000079af80000, 0x00000007c0000000)
  eden space 192512K, 0% used [0x0000000782580000,0x0000000782580000,0x000000078e180000)
  from space 7680K, 0% used [0x000000078e180000,0x000000078e180000,0x000000078e900000)
  to   space 9216K, 0% used [0x000000079a680000,0x000000079a680000,0x000000079af80000)
 ParOldGen       total 68096K, used 7326K [0x0000000707000000, 0x000000070b280000, 0x0000000782580000)
  object space 68096K, 10% used [0x0000000707000000,0x0000000707727a10,0x000000070b280000)
 Metaspace       used 18440K, capacity 21259K, committed 21296K, reserved 1064960K
  class space    used 3887K, capacity 4956K, committed 4992K, reserved 1048576K
}
Event: 10.538 GC heap before
{Heap before GC invocations=7 (full 1):
 PSYoungGen      total 200192K, used 192512K [0x0000000782580000, 0x000000079af80000, 0x00000007c0000000)
  eden space 192512K, 100% used [0x0000000782580000,0x000000078e180000,0x000000078e180000)
  from space 7680K, 0% used [0x000000078e180000,0x000000078e180000,0x000000078e900000)
  to   space 9216K, 0% used [0x000000079a680000,0x000000079a680000,0x000000079af80000)
 ParOldGen       total 68096K, used 7326K [0x0000000707000000, 0x000000070b280000, 0x0000000782580000)
  object space 68096K, 10% used [0x0000000707000000,0x0000000707727a10,0x000000070b280000)
 Metaspace       used 23882K, capacity 29951K, committed 30208K, reserved 1071104K
  class space    used 5645K, capacity 7928K, committed 7936K, reserved 1048576K
Event: 10.573 GC heap after
Heap after GC invocations=7 (full 1):
 PSYoungGen      total 334848K, used 4477K [0x0000000782580000, 0x000000079ab00000, 0x00000007c0000000)
  eden space 330240K, 0% used [0x0000000782580000,0x0000000782580000,0x0000000796800000)
  from space 4608K, 97% used [0x000000079a680000,0x000000079aadf608,0x000000079ab00000)
  to   space 9216K, 0% used [0x0000000799900000,0x0000000799900000,0x000000079a200000)
 ParOldGen       total 68096K, used 7334K [0x0000000707000000, 0x000000070b280000, 0x0000000782580000)
  object space 68096K, 10% used [0x0000000707000000,0x0000000707729a10,0x000000070b280000)
 Metaspace       used 23882K, capacity 29951K, committed 30208K, reserved 1071104K
  class space    used 5645K, capacity 7928K, committed 7936K, reserved 1048576K
}
Event: 15.365 GC heap before
{Heap before GC invocations=8 (full 1):
 PSYoungGen      total 334848K, used 334717K [0x0000000782580000, 0x000000079ab00000, 0x00000007c0000000)
  eden space 330240K, 100% used [0x0000000782580000,0x0000000796800000,0x0000000796800000)
  from space 4608K, 97% used [0x000000079a680000,0x000000079aadf608,0x000000079ab00000)
  to   space 9216K, 0% used [0x0000000799900000,0x0000000799900000,0x000000079a200000)
 ParOldGen       total 68096K, used 7334K [0x0000000707000000, 0x000000070b280000, 0x0000000782580000)
  object space 68096K, 10% used [0x0000000707000000,0x0000000707729a10,0x000000070b280000)
 Metaspace       used 27042K, capacity 34447K, committed 34688K, reserved 1075200K
  class space    used 6665K, capacity 9488K, committed 9600K, reserved 1048576K
Event: 15.393 GC heap after
Heap after GC invocations=8 (full 1):
 PSYoungGen      total 389632K, used 8304K [0x0000000782580000, 0x00000007a5280000, 0x00000007c0000000)
  eden space 380416K, 0% used [0x0000000782580000,0x0000000782580000,0x0000000799900000)
  from space 9216K, 90% used [0x0000000799900000,0x000000079a11c010,0x000000079a200000)
  to   space 9728K, 0% used [0x00000007a4900000,0x00000007a4900000,0x00000007a5280000)
 ParOldGen       total 68096K, used 7342K [0x0000000707000000, 0x000000070b280000, 0x0000000782580000)
  object space 68096K, 10% used [0x0000000707000000,0x000000070772ba10,0x000000070b280000)
 Metaspace       used 27042K, capacity 34447K, committed 34688K, reserved 1075200K
  class space    used 6665K, capacity 9488K, committed 9600K, reserved 1048576K
}
Event: 20.896 GC heap before
{Heap before GC invocations=9 (full 1):
 PSYoungGen      total 389632K, used 388720K [0x0000000782580000, 0x00000007a5280000, 0x00000007c0000000)
  eden space 380416K, 100% used [0x0000000782580000,0x0000000799900000,0x0000000799900000)
  from space 9216K, 90% used [0x0000000799900000,0x000000079a11c010,0x000000079a200000)
  to   space 9728K, 0% used [0x00000007a4900000,0x00000007a4900000,0x00000007a5280000)
 ParOldGen       total 68096K, used 7342K [0x0000000707000000, 0x000000070b280000, 0x0000000782580000)
  object space 68096K, 10% used [0x0000000707000000,0x000000070772ba10,0x000000070b280000)
 Metaspace       used 27059K, capacity 34459K, committed 34688K, reserved 1075200K
  class space    used 6665K, capacity 9488K, committed 9600K, reserved 1048576K
Event: 20.948 GC heap after
Heap after GC invocations=9 (full 1):
 PSYoungGen      total 556032K, used 9712K [0x0000000782580000, 0x00000007a9e80000, 0x00000007c0000000)
  eden space 546304K, 0% used [0x0000000782580000,0x0000000782580000,0x00000007a3b00000)
  from space 9728K, 99% used [0x00000007a4900000,0x00000007a527c010,0x00000007a5280000)
  to   space 14336K, 0% used [0x00000007a3b00000,0x00000007a3b00000,0x00000007a4900000)
 ParOldGen       total 68096K, used 15798K [0x0000000707000000, 0x000000070b280000, 0x0000000782580000)
  object space 68096K, 23% used [0x0000000707000000,0x0000000707f6da10,0x000000070b280000)
 Metaspace       used 27059K, capacity 34459K, committed 34688K, reserved 1075200K
  class space    used 6665K, capacity 9488K, committed 9600K, reserved 1048576K
}
Event: 24.471 GC heap before
{Heap before GC invocations=10 (full 1):
 PSYoungGen      total 556032K, used 556016K [0x0000000782580000, 0x00000007a9e80000, 0x00000007c0000000)
  eden space 546304K, 100% used [0x0000000782580000,0x00000007a3b00000,0x00000007a3b00000)
  from space 9728K, 99% used [0x00000007a4900000,0x00000007a527c010,0x00000007a5280000)
  to   space 14336K, 0% used [0x00000007a3b00000,0x00000007a3b00000,0x00000007a4900000)
 ParOldGen       total 68096K, used 15798K [0x0000000707000000, 0x000000070b280000, 0x0000000782580000)
  object space 68096K, 23% used [0x0000000707000000,0x0000000707f6da10,0x000000070b280000)
 Metaspace       used 27317K, capacity 34831K, committed 34944K, reserved 1075200K
  class space    used 6681K, capacity 9520K, committed 9600K, reserved 1048576K

Deoptimization events (10 events):
Event: 23.213 Thread 0x00007f978cc1c6b0 Uncommon trap: reason=class_check action=maybe_recompile pc=0x00007f977d2b6f34 method=clojure.lang.LispReader.readDelimitedList(CLjava/io/PushbackReader;ZLjava/lang/Object;Ljava/lang/Object;)Ljava/util/List; @ 1
Event: 23.213 Thread 0x00007f978cc08360 Uncommon trap: reason=class_check action=maybe_recompile pc=0x00007f977dba30ec method=clojure.lang.LispReader.unread(Ljava/io/PushbackReader;I)V @ 7
Event: 23.213 Thread 0x00007f978cc1c6b0 Uncommon trap: reason=class_check action=maybe_recompile pc=0x00007f977d36b208 method=clojure.lang.LispReader$ListReader.invoke(Ljava/lang/Object;Ljava/lang/Object;Ljava/lang/Object;Ljava/lang/Object;)Ljava/lang/Object; @ 1
Event: 23.213 Thread 0x00007f978cc1c6b0 Uncommon trap: reason=class_check action=maybe_recompile pc=0x00007f977d2b6f34 method=clojure.lang.LispReader.readDelimitedList(CLjava/io/PushbackReader;ZLjava/lang/Object;Ljava/lang/Object;)Ljava/util/List; @ 1
Event: 23.214 Thread 0x00007f978cc08360 Uncommon trap: reason=class_check action=maybe_recompile pc=0x00007f977d64e504 method=clojure.lang.LispReader$StringReader.invoke(Ljava/lang/Object;Ljava/lang/Object;Ljava/lang/Object;Ljava/lang/Object;)Ljava/lang/Object; @ 10
Event: 23.214 Thread 0x00007f978cc08360 Uncommon trap: reason=class_check action=maybe_recompile pc=0x00007f977d64e504 method=clojure.lang.LispReader$StringReader.invoke(Ljava/lang/Object;Ljava/lang/Object;Ljava/lang/Object;Ljava/lang/Object;)Ljava/lang/Object; @ 10
Event: 23.215 Thread 0x00007f978cc08360 Uncommon trap: reason=class_check action=maybe_recompile pc=0x00007f977d64e504 method=clojure.lang.LispReader$StringReader.invoke(Ljava/lang/Object;Ljava/lang/Object;Ljava/lang/Object;Ljava/lang/Object;)Ljava/lang/Object; @ 10
Event: 23.216 Thread 0x00007f978cc08360 Uncommon trap: reason=class_check action=maybe_recompile pc=0x00007f977d64e504 method=clojure.lang.LispReader$StringReader.invoke(Ljava/lang/Object;Ljava/lang/Object;Ljava/lang/Object;Ljava/lang/Object;)Ljava/lang/Object; @ 10
Event: 23.235 Thread 0x00007f978cc1c6b0 Uncommon trap: reason=null_check action=make_not_entrant pc=0x00007f977e030590 method=clojure.lang.PersistentList$Primordial.doInvoke(Ljava/lang/Object;)Ljava/lang/Object; @ 1
Event: 23.431 Thread 0x00007f978c5d7510 Uncommon trap: reason=unstable_if action=reinterpret pc=0x00007f977dfef5e0 method=java.util.concurrent.locks.AbstractQueuedSynchronizer.release(I)Z @ 14

Classes redefined (0 events):
No events

Internal exceptions (10 events):
Event: 3.844 Thread 0x00007f978c00aef0 Implicit null exception at 0x00007f977d6ab98f to 0x00007f977d6aca05
Event: 6.662 Thread 0x00007f978c00aef0 Implicit null exception at 0x00007f977db0b987 to 0x00007f977db10bdd
Event: 7.122 Thread 0x00007f978c00aef0 Implicit null exception at 0x00007f977dcaec01 to 0x00007f977dcaeed5
Event: 8.580 Thread 0x00007f978c00aef0 Implicit null exception at 0x00007f977d2ebb8f to 0x00007f977d2ebde9
Event: 8.795 Thread 0x00007f978c00aef0 Implicit null exception at 0x00007f977dc73579 to 0x00007f977dc73a6d
Event: 13.587 Thread 0x00007f978c00aef0 Exception <a 'java/io/FileNotFoundException'> (0x000000078fd099c8) thrown at [/builddir/build/BUILD/java-1.8.0-openjdk-1.8.0.171-8.b10.el7_5.x86_64/openjdk/hotspot/src/share/vm/prims/jni.cpp, line 710]
Event: 13.602 Thread 0x00007f978c00aef0 Implicit null exception at 0x00007f977d52e42f to 0x00007f977d52eadd
Event: 13.603 Thread 0x00007f978c00aef0 Implicit null exception at 0x00007f977d727df4 to 0x00007f977d7281d5
Event: 22.701 Thread 0x00007f978c00aef0 Implicit null exception at 0x00007f977df1b8cc to 0x00007f977df1b934
Event: 23.235 Thread 0x00007f978cc1c6b0 Implicit null exception at 0x00007f977e02f96c to 0x00007f977e030583

Events (10 events):
Event: 23.291 Thread 0x00007f978cc033f0 DEOPT PACKING pc=0x00007f977e0255be sp=0x00007f973da38d40
Event: 23.291 Thread 0x00007f978cc033f0 DEOPT UNPACKING pc=0x00007f977d0470c4 sp=0x00007f973da38b28 mode 0
Event: 23.293 Thread 0x00007f978cc136b0 DEOPT PACKING pc=0x00007f977e0255be sp=0x00007f973d836d30
Event: 23.293 Thread 0x00007f978cc136b0 DEOPT UNPACKING pc=0x00007f977d0470c4 sp=0x00007f973d836b18 mode 0
Event: 23.294 Thread 0x00007f978cc0a040 DEOPT PACKING pc=0x00007f977e0255be sp=0x00007f973dc3ad40
Event: 23.294 Thread 0x00007f978cc0a040 DEOPT UNPACKING pc=0x00007f977d0470c4 sp=0x00007f973dc3ab28 mode 0
Event: 23.431 Thread 0x00007f978c5d7510 Uncommon trap: trap_request=0xffffff65 fr.pc=0x00007f977dfef5e0
Event: 23.431 Thread 0x00007f978c5d7510 DEOPT PACKING pc=0x00007f977dfef5e0 sp=0x00007f973d231830
Event: 23.431 Thread 0x00007f978c5d7510 DEOPT UNPACKING pc=0x00007f977d04547a sp=0x00007f973d231790 mode 2
Event: 24.104 Executing VM operation: ParallelGCFailedAllocation


Dynamic libraries:
00400000-00401000 r-xp 00000000 08:05 76037027                           /usr/lib/jvm/java-1.8.0-openjdk-1.8.0.171-8.b10.el7_5.x86_64/jre/bin/java
00600000-00601000 r--p 00000000 08:05 76037027                           /usr/lib/jvm/java-1.8.0-openjdk-1.8.0.171-8.b10.el7_5.x86_64/jre/bin/java
00601000-00602000 rw-p 00001000 08:05 76037027                           /usr/lib/jvm/java-1.8.0-openjdk-1.8.0.171-8.b10.el7_5.x86_64/jre/bin/java
00d82000-00da3000 rw-p 00000000 00:00 0                                  [heap]
707000000-70b280000 rw-p 00000000 00:00 0 
70b280000-782580000 ---p 00000000 00:00 0 
782580000-7a9e80000 rw-p 00000000 00:00 0 
7b8b80000-7c0000000 ---p 00000000 00:00 0 
7c0000000-7c0960000 rw-p 00000000 00:00 0 
7c0960000-800000000 ---p 00000000 00:00 0 
7f96a0000000-7f96a0021000 rw-p 00000000 00:00 0 
7f96a0021000-7f96a4000000 ---p 00000000 00:00 0 
7f96a8000000-7f96a8021000 rw-p 00000000 00:00 0 
7f96a8021000-7f96ac000000 ---p 00000000 00:00 0 
7f96ac000000-7f96ac021000 rw-p 00000000 00:00 0 
7f96ac021000-7f96b0000000 ---p 00000000 00:00 0 
7f96b0000000-7f96b0021000 rw-p 00000000 00:00 0 
7f96b0021000-7f96b4000000 ---p 00000000 00:00 0 
7f96b4000000-7f96b4021000 rw-p 00000000 00:00 0 
7f96b4021000-7f96b8000000 ---p 00000000 00:00 0 
7f96b8000000-7f96b8021000 rw-p 00000000 00:00 0 
7f96b8021000-7f96bc000000 ---p 00000000 00:00 0 
7f96bc000000-7f96bc021000 rw-p 00000000 00:00 0 
7f96bc021000-7f96c0000000 ---p 00000000 00:00 0 
7f96c0000000-7f96c0021000 rw-p 00000000 00:00 0 
7f96c0021000-7f96c4000000 ---p 00000000 00:00 0 
7f96c4000000-7f96c4021000 rw-p 00000000 00:00 0 
7f96c4021000-7f96c8000000 ---p 00000000 00:00 0 
7f96c8000000-7f96c8021000 rw-p 00000000 00:00 0 
7f96c8021000-7f96cc000000 ---p 00000000 00:00 0 
7f96cc000000-7f96cc021000 rw-p 00000000 00:00 0 
7f96cc021000-7f96d0000000 ---p 00000000 00:00 0 
7f96d0000000-7f96d0021000 rw-p 00000000 00:00 0 
7f96d0021000-7f96d4000000 ---p 00000000 00:00 0 
7f96d4000000-7f96d4021000 rw-p 00000000 00:00 0 
7f96d4021000-7f96d8000000 ---p 00000000 00:00 0 
7f96d8000000-7f96d8021000 rw-p 00000000 00:00 0 
7f96d8021000-7f96dc000000 ---p 00000000 00:00 0 
7f96dc000000-7f96dc021000 rw-p 00000000 00:00 0 
7f96dc021000-7f96e0000000 ---p 00000000 00:00 0 
7f96e0000000-7f96e0021000 rw-p 00000000 00:00 0 
7f96e0021000-7f96e4000000 ---p 00000000 00:00 0 
7f96e4000000-7f96e4021000 rw-p 00000000 00:00 0 
7f96e4021000-7f96e8000000 ---p 00000000 00:00 0 
7f96e8000000-7f96e8021000 rw-p 00000000 00:00 0 
7f96e8021000-7f96ec000000 ---p 00000000 00:00 0 
7f96ec000000-7f96ec021000 rw-p 00000000 00:00 0 
7f96ec021000-7f96f0000000 ---p 00000000 00:00 0 
7f96f0000000-7f96f02c1000 rw-p 00000000 00:00 0 
7f96f02c1000-7f96f4000000 ---p 00000000 00:00 0 
7f96f4000000-7f96f4021000 rw-p 00000000 00:00 0 
7f96f4021000-7f96f8000000 ---p 00000000 00:00 0 
7f96f8000000-7f96f845c000 rw-p 00000000 00:00 0 
7f96f845c000-7f96fc000000 ---p 00000000 00:00 0 
7f96fc000000-7f96fc17f000 rw-p 00000000 00:00 0 
7f96fc17f000-7f9700000000 ---p 00000000 00:00 0 
7f9700000000-7f970139b000 rw-p 00000000 00:00 0 
7f970139b000-7f9704000000 ---p 00000000 00:00 0 
7f9704000000-7f97043a8000 rw-p 00000000 00:00 0 
7f97043a8000-7f9708000000 ---p 00000000 00:00 0 
7f9708000000-7f9709132000 rw-p 00000000 00:00 0 
7f9709132000-7f970c000000 ---p 00000000 00:00 0 
7f970c000000-7f970ccd0000 rw-p 00000000 00:00 0 
7f970ccd0000-7f9710000000 ---p 00000000 00:00 0 
7f9710000000-7f9710cb5000 rw-p 00000000 00:00 0 
7f9710cb5000-7f9714000000 ---p 00000000 00:00 0 
7f9714000000-7f9714b3b000 rw-p 00000000 00:00 0 
7f9714b3b000-7f9718000000 ---p 00000000 00:00 0 
7f9718000000-7f971970c000 rw-p 00000000 00:00 0 
7f971970c000-7f971c000000 ---p 00000000 00:00 0 
7f971c000000-7f971cb0a000 rw-p 00000000 00:00 0 
7f971cb0a000-7f9720000000 ---p 00000000 00:00 0 
7f9720000000-7f9721130000 rw-p 00000000 00:00 0 
7f9721130000-7f9724000000 ---p 00000000 00:00 0 
7f9725ad7000-7f972c000000 r--p 00000000 08:05 135339676                  /usr/lib/locale/locale-archive
7f972c000000-7f972c021000 rw-p 00000000 00:00 0 
7f972c021000-7f9730000000 ---p 00000000 00:00 0 
7f9730000000-7f9730021000 rw-p 00000000 00:00 0 
7f9730021000-7f9734000000 ---p 00000000 00:00 0 
7f9734000000-7f9734021000 rw-p 00000000 00:00 0 
7f9734021000-7f9738000000 ---p 00000000 00:00 0 
7f9738000000-7f9738021000 rw-p 00000000 00:00 0 
7f9738021000-7f973c000000 ---p 00000000 00:00 0 
7f973ca2b000-7f973ca2e000 ---p 00000000 00:00 0 
7f973ca2e000-7f973cb2c000 rw-p 00000000 00:00 0 
7f973cb2c000-7f973cb2f000 ---p 00000000 00:00 0 
7f973cb2f000-7f973cc2d000 rw-p 00000000 00:00 0 
7f973cc2d000-7f973cc30000 ---p 00000000 00:00 0 
7f973cc30000-7f973cd2e000 rw-p 00000000 00:00 0 
7f973cd2e000-7f973cd31000 ---p 00000000 00:00 0 
7f973cd31000-7f973ce2f000 rw-p 00000000 00:00 0 
7f973ce2f000-7f973ce32000 ---p 00000000 00:00 0 
7f973ce32000-7f973cf30000 rw-p 00000000 00:00 0 
7f973cf30000-7f973cf33000 ---p 00000000 00:00 0 
7f973cf33000-7f973d031000 rw-p 00000000 00:00 0 
7f973d031000-7f973d034000 ---p 00000000 00:00 0 
7f973d034000-7f973d132000 rw-p 00000000 00:00 0 
7f973d132000-7f973d135000 ---p 00000000 00:00 0 
7f973d135000-7f973d233000 rw-p 00000000 00:00 0 
7f973d233000-7f973d236000 ---p 00000000 00:00 0 
7f973d236000-7f973d334000 rw-p 00000000 00:00 0 
7f973d334000-7f973d337000 ---p 00000000 00:00 0 
7f973d337000-7f973d435000 rw-p 00000000 00:00 0 
7f973d435000-7f973d438000 ---p 00000000 00:00 0 
7f973d438000-7f973d536000 rw-p 00000000 00:00 0 
7f973d536000-7f973d539000 ---p 00000000 00:00 0 
7f973d539000-7f973d637000 rw-p 00000000 00:00 0 
7f973d637000-7f973d63a000 ---p 00000000 00:00 0 
7f973d63a000-7f973d738000 rw-p 00000000 00:00 0 
7f973d738000-7f973d73b000 ---p 00000000 00:00 0 
7f973d73b000-7f973d839000 rw-p 00000000 00:00 0 
7f973d839000-7f973d83c000 ---p 00000000 00:00 0 
7f973d83c000-7f973d93a000 rw-p 00000000 00:00 0 
7f973d93a000-7f973d93d000 ---p 00000000 00:00 0 
7f973d93d000-7f973da3b000 rw-p 00000000 00:00 0 
7f973da3b000-7f973da3e000 ---p 00000000 00:00 0 
7f973da3e000-7f973db3c000 rw-p 00000000 00:00 0 
7f973db3c000-7f973db3f000 ---p 00000000 00:00 0 
7f973db3f000-7f973dcfd000 rw-p 00000000 00:00 0 
7f973dcfd000-7f973de3d000 ---p 00000000 00:00 0 
7f973de3d000-7f973e03d000 rw-p 00000000 00:00 0 
7f973e0ef000-7f973e2ef000 rw-p 00000000 00:00 0 
7f973e2ef000-7f973e4ef000 rw-p 00000000 00:00 0 
7f973e4ef000-7f973e6ef000 rw-p 00000000 00:00 0 
7f973e6ef000-7f973e8ef000 rw-p 00000000 00:00 0 
7f973e8ef000-7f973eaef000 rw-p 00000000 00:00 0 
7f973eaef000-7f973ecef000 rw-p 00000000 00:00 0 
7f973ecef000-7f973eeef000 rw-p 00000000 00:00 0 
7f973eeef000-7f973eef0000 ---p 00000000 00:00 0 
7f973eef0000-7f973eff0000 rw-p 00000000 00:00 0 
7f973eff0000-7f973eff3000 ---p 00000000 00:00 0 
7f973eff3000-7f973f0f1000 rw-p 00000000 00:00 0 
7f973f0f1000-7f973f0f5000 ---p 00000000 00:00 0 
7f973f0f5000-7f973f1f2000 rw-p 00000000 00:00 0 
7f973f1f2000-7f973f1f6000 ---p 00000000 00:00 0 
7f973f1f6000-7f973f2f3000 rw-p 00000000 00:00 0 
7f973f2f3000-7f973f2f7000 ---p 00000000 00:00 0 
7f973f2f7000-7f973f3f4000 rw-p 00000000 00:00 0 
7f973f3f4000-7f973f3f8000 ---p 00000000 00:00 0 
7f973f3f8000-7f973f4f5000 rw-p 00000000 00:00 0 
7f973f4f5000-7f973f4f9000 ---p 00000000 00:00 0 
7f973f4f9000-7f973f5f6000 rw-p 00000000 00:00 0 
7f973f5f6000-7f973f5fa000 ---p 00000000 00:00 0 
7f973f5fa000-7f973f6f7000 rw-p 00000000 00:00 0 
7f973f6f7000-7f973f6fb000 ---p 00000000 00:00 0 
7f973f6fb000-7f973f7f8000 rw-p 00000000 00:00 0 
7f973f7f8000-7f973f7fc000 ---p 00000000 00:00 0 
7f973f7fc000-7f973f8f9000 rw-p 00000000 00:00 0 
7f973f8f9000-7f973f8fd000 ---p 00000000 00:00 0 
7f973f8fd000-7f973f9fa000 rw-p 00000000 00:00 0 
7f973f9fa000-7f973f9fe000 ---p 00000000 00:00 0 
7f973f9fe000-7f973fafb000 rw-p 00000000 00:00 0 
7f973fafb000-7f973faff000 ---p 00000000 00:00 0 
7f973faff000-7f973fbfc000 rw-p 00000000 00:00 0 
7f973fbfc000-7f973fc00000 ---p 00000000 00:00 0 
7f973fc00000-7f973fcfd000 rw-p 00000000 00:00 0 
7f973fcfd000-7f973fd00000 ---p 00000000 00:00 0 
7f973fd00000-7f973fdfe000 rw-p 00000000 00:00 0 
7f973fdfe000-7f973fe01000 ---p 00000000 00:00 0 
7f973fe01000-7f973feff000 rw-p 00000000 00:00 0 
7f973feff000-7f973ff02000 ---p 00000000 00:00 0 
7f973ff02000-7f9740000000 rw-p 00000000 00:00 0 
7f9740000000-7f9740021000 rw-p 00000000 00:00 0 
7f9740021000-7f9744000000 ---p 00000000 00:00 0 
7f9744037000-7f9744055000 r--s 00180000 00:2e 249006533                  /home/xhe/.m2/repository/org/apache/commons/commons-math3/3.2/commons-math3-3.2.jar
7f9744055000-7f9744098000 r--s 00332000 00:2e 249006526                  /home/xhe/.m2/repository/org/clojure/clojure/1.8.0/clojure-1.8.0.jar
7f9744098000-7f9744099000 ---p 00000000 00:00 0 
7f9744099000-7f974c000000 rw-p 00000000 00:00 0 
7f974c000000-7f974c021000 rw-p 00000000 00:00 0 
7f974c021000-7f9750000000 ---p 00000000 00:00 0 
7f9750000000-7f9750021000 rw-p 00000000 00:00 0 
7f9750021000-7f9754000000 ---p 00000000 00:00 0 
7f9754000000-7f9754021000 rw-p 00000000 00:00 0 
7f9754021000-7f9758000000 ---p 00000000 00:00 0 
7f9758000000-7f9758021000 rw-p 00000000 00:00 0 
7f9758021000-7f975c000000 ---p 00000000 00:00 0 
7f975c000000-7f975c021000 rw-p 00000000 00:00 0 
7f975c021000-7f9760000000 ---p 00000000 00:00 0 
7f9760000000-7f9760021000 rw-p 00000000 00:00 0 
7f9760021000-7f9764000000 ---p 00000000 00:00 0 
7f9764000000-7f9764021000 rw-p 00000000 00:00 0 
7f9764021000-7f9768000000 ---p 00000000 00:00 0 
7f9768000000-7f9768021000 rw-p 00000000 00:00 0 
7f9768021000-7f976c000000 ---p 00000000 00:00 0 
7f976c000000-7f976c021000 rw-p 00000000 00:00 0 
7f976c021000-7f9770000000 ---p 00000000 00:00 0 
7f9770000000-7f9770021000 rw-p 00000000 00:00 0 
7f9770021000-7f9774000000 ---p 00000000 00:00 0 
7f9774000000-7f9774021000 rw-p 00000000 00:00 0 
7f9774021000-7f9778000000 ---p 00000000 00:00 0 
7f9778000000-7f9778021000 rw-p 00000000 00:00 0 
7f9778021000-7f977c000000 ---p 00000000 00:00 0 
7f977c003000-7f977c004000 rw-p 00000000 00:00 0 
7f977c004000-7f977c009000 r--s 000b6000 08:05 67543830                   /usr/lib/jvm/java-1.8.0-openjdk-1.8.0.171-8.b10.el7_5.x86_64/jre/lib/jsse.jar
7f977c009000-7f977c00d000 r--s 00041000 00:2e 249006532                  /home/xhe/.m2/repository/com/fasterxml/jackson/core/jackson-core/2.8.6/jackson-core-2.8.6.jar
7f977c00d000-7f977c00f000 r--s 00000000 00:2e 249006558                  /home/xhe/.m2/repository/net/totakke/libra/0.1.0/libra-0.1.0.jar
7f977c00f000-7f977c011000 r--s 00011000 00:2e 249006534                  /home/xhe/.m2/repository/com/fasterxml/jackson/dataformat/jackson-dataformat-smile/2.8.6/jackson-dataformat-smile-2.8.6.jar
7f977c011000-7f977c012000 r--s 00001000 00:2e 249006530                  /home/xhe/.m2/repository/org/clojure/data.json/0.2.6/data.json-0.2.6.jar
7f977c012000-7f977d000000 rw-p 00000000 00:00 0 
7f977d000000-7f977e100000 rwxp 00000000 00:00 0 
7f977e100000-7f978c000000 ---p 00000000 00:00 0 
7f978c000000-7f978cf6e000 rw-p 00000000 00:00 0 
7f978cf6e000-7f9790000000 ---p 00000000 00:00 0 
7f9790000000-7f9790001000 r--s 00000000 00:2e 249006552                  /home/xhe/.m2/repository/de/kotka/lazymap/3.1.0/lazymap-3.1.0.jar
7f9790001000-7f9790003000 r--s 0000b000 00:2e 249006548                  /home/xhe/.m2/repository/kephale/uncommons-maths/1.2.3/uncommons-maths-1.2.3.jar
7f9790003000-7f979000d000 r--s 00056000 00:2e 249006438                  /home/xhe/.m2/repository/cider/cider-nrepl/0.17.0/cider-nrepl-0.17.0.jar
7f979000d000-7f979000f000 r--s 00005000 00:2e 249006550                  /home/xhe/.m2/repository/cheshire/cheshire/5.7.1/cheshire-5.7.1.jar
7f979000f000-7f9790010000 r--s 00000000 00:2e 249006543                  /home/xhe/.m2/repository/clj-random/clj-random/0.1.7/clj-random-0.1.7.jar
7f9790010000-7f9790011000 r--s 00000000 00:2e 249006542                  /home/xhe/.m2/repository/local-file/local-file/0.1.0/local-file-0.1.0.jar
7f9790011000-7f9790261000 rw-p 00000000 00:00 0 
7f9790261000-7f9790430000 r--s 0440f000 08:05 67543839                   /usr/lib/jvm/java-1.8.0-openjdk-1.8.0.171-8.b10.el7_5.x86_64/jre/lib/rt.jar
7f9790430000-7f9790a6e000 rw-p 00000000 00:00 0 
7f9790a6e000-7f9790a6f000 ---p 00000000 00:00 0 
7f9790a6f000-7f9790b6f000 rw-p 00000000 00:00 0 
7f9790b6f000-7f9790b70000 ---p 00000000 00:00 0 
7f9790b70000-7f9790c70000 rw-p 00000000 00:00 0 
7f9790c70000-7f9790c71000 ---p 00000000 00:00 0 
7f9790c71000-7f9790d71000 rw-p 00000000 00:00 0 
7f9790d71000-7f9790d72000 ---p 00000000 00:00 0 
7f9790d72000-7f9790e72000 rw-p 00000000 00:00 0 
7f9790e72000-7f9790e73000 ---p 00000000 00:00 0 
7f9790e73000-7f9790f73000 rw-p 00000000 00:00 0 
7f9790f73000-7f9790f74000 ---p 00000000 00:00 0 
7f9790f74000-7f9791074000 rw-p 00000000 00:00 0 
7f9791074000-7f9791075000 ---p 00000000 00:00 0 
7f9791075000-7f9791175000 rw-p 00000000 00:00 0 
7f9791175000-7f9791176000 ---p 00000000 00:00 0 
7f9791176000-7f9791276000 rw-p 00000000 00:00 0 
7f9791276000-7f9791277000 ---p 00000000 00:00 0 
7f9791277000-7f9791377000 rw-p 00000000 00:00 0 
7f9791377000-7f9791378000 ---p 00000000 00:00 0 
7f9791378000-7f9791478000 rw-p 00000000 00:00 0 
7f9791478000-7f9791479000 ---p 00000000 00:00 0 
7f9791479000-7f9791579000 rw-p 00000000 00:00 0 
7f9791579000-7f979157a000 ---p 00000000 00:00 0 
7f979157a000-7f979167a000 rw-p 00000000 00:00 0 
7f979167a000-7f979167b000 ---p 00000000 00:00 0 
7f979167b000-7f979179d000 rw-p 00000000 00:00 0 
7f979179d000-7f9791b56000 ---p 00000000 00:00 0 
7f9791b56000-7f9791b78000 rw-p 00000000 00:00 0 
7f9791b78000-7f9791f30000 ---p 00000000 00:00 0 
7f9791f30000-7f979206e000 rw-p 00000000 00:00 0 
7f979206e000-7f979211e000 ---p 00000000 00:00 0 
7f979211e000-7f9792163000 rw-p 00000000 00:00 0 
7f9792163000-7f97924df000 ---p 00000000 00:00 0 
7f97924df000-7f97924e7000 r-xp 00000000 08:05 135994947                  /usr/lib/jvm/java-1.8.0-openjdk-1.8.0.171-8.b10.el7_5.x86_64/jre/lib/amd64/libzip.so
7f97924e7000-7f97926e6000 ---p 00008000 08:05 135994947                  /usr/lib/jvm/java-1.8.0-openjdk-1.8.0.171-8.b10.el7_5.x86_64/jre/lib/amd64/libzip.so
7f97926e6000-7f97926e7000 r--p 00007000 08:05 135994947                  /usr/lib/jvm/java-1.8.0-openjdk-1.8.0.171-8.b10.el7_5.x86_64/jre/lib/amd64/libzip.so
7f97926e7000-7f97926e8000 rw-p 00008000 08:05 135994947                  /usr/lib/jvm/java-1.8.0-openjdk-1.8.0.171-8.b10.el7_5.x86_64/jre/lib/amd64/libzip.so
7f97926e8000-7f9792eed000 r--s 00000000 08:03 38155                      /var/lib/sss/mc/passwd
7f9792eed000-7f9792ef5000 r-xp 00000000 08:05 204933493                  /usr/lib64/libnss_sss.so.2
7f9792ef5000-7f97930f4000 ---p 00008000 08:05 204933493                  /usr/lib64/libnss_sss.so.2
7f97930f4000-7f97930f5000 r--p 00007000 08:05 204933493                  /usr/lib64/libnss_sss.so.2
7f97930f5000-7f97930f6000 rw-p 00008000 08:05 204933493                  /usr/lib64/libnss_sss.so.2
7f97930f6000-7f9793102000 r-xp 00000000 08:05 202816356                  /usr/lib64/libnss_files-2.17.so
7f9793102000-7f9793301000 ---p 0000c000 08:05 202816356                  /usr/lib64/libnss_files-2.17.so
7f9793301000-7f9793302000 r--p 0000b000 08:05 202816356                  /usr/lib64/libnss_files-2.17.so
7f9793302000-7f9793303000 rw-p 0000c000 08:05 202816356                  /usr/lib64/libnss_files-2.17.so
7f9793303000-7f9793309000 rw-p 00000000 00:00 0 
7f9793309000-7f9793337000 r-xp 00000000 08:05 135994923                  /usr/lib/jvm/java-1.8.0-openjdk-1.8.0.171-8.b10.el7_5.x86_64/jre/lib/amd64/libjava.so
7f9793337000-7f9793536000 ---p 0002e000 08:05 135994923                  /usr/lib/jvm/java-1.8.0-openjdk-1.8.0.171-8.b10.el7_5.x86_64/jre/lib/amd64/libjava.so
7f9793536000-7f9793537000 r--p 0002d000 08:05 135994923                  /usr/lib/jvm/java-1.8.0-openjdk-1.8.0.171-8.b10.el7_5.x86_64/jre/lib/amd64/libjava.so
7f9793537000-7f9793539000 rw-p 0002e000 08:05 135994923                  /usr/lib/jvm/java-1.8.0-openjdk-1.8.0.171-8.b10.el7_5.x86_64/jre/lib/amd64/libjava.so
7f9793539000-7f9793546000 r-xp 00000000 08:05 135994946                  /usr/lib/jvm/java-1.8.0-openjdk-1.8.0.171-8.b10.el7_5.x86_64/jre/lib/amd64/libverify.so
7f9793546000-7f9793745000 ---p 0000d000 08:05 135994946                  /usr/lib/jvm/java-1.8.0-openjdk-1.8.0.171-8.b10.el7_5.x86_64/jre/lib/amd64/libverify.so
7f9793745000-7f9793747000 r--p 0000c000 08:05 135994946                  /usr/lib/jvm/java-1.8.0-openjdk-1.8.0.171-8.b10.el7_5.x86_64/jre/lib/amd64/libverify.so
7f9793747000-7f9793748000 rw-p 0000e000 08:05 135994946                  /usr/lib/jvm/java-1.8.0-openjdk-1.8.0.171-8.b10.el7_5.x86_64/jre/lib/amd64/libverify.so
7f9793748000-7f979374f000 r-xp 00000000 08:05 202816363                  /usr/lib64/librt-2.17.so
7f979374f000-7f979394e000 ---p 00007000 08:05 202816363                  /usr/lib64/librt-2.17.so
7f979394e000-7f979394f000 r--p 00006000 08:05 202816363                  /usr/lib64/librt-2.17.so
7f979394f000-7f9793950000 rw-p 00007000 08:05 202816363                  /usr/lib64/librt-2.17.so
7f9793950000-7f9793965000 r-xp 00000000 08:05 201429134                  /usr/lib64/libgcc_s-4.8.5-20150702.so.1
7f9793965000-7f9793b64000 ---p 00015000 08:05 201429134                  /usr/lib64/libgcc_s-4.8.5-20150702.so.1
7f9793b64000-7f9793b65000 r--p 00014000 08:05 201429134                  /usr/lib64/libgcc_s-4.8.5-20150702.so.1
7f9793b65000-7f9793b66000 rw-p 00015000 08:05 201429134                  /usr/lib64/libgcc_s-4.8.5-20150702.so.1
7f9793b66000-7f9793c67000 r-xp 00000000 08:05 202816345                  /usr/lib64/libm-2.17.so
7f9793c67000-7f9793e66000 ---p 00101000 08:05 202816345                  /usr/lib64/libm-2.17.so
7f9793e66000-7f9793e67000 r--p 00100000 08:05 202816345                  /usr/lib64/libm-2.17.so
7f9793e67000-7f9793e68000 rw-p 00101000 08:05 202816345                  /usr/lib64/libm-2.17.so
7f9793e68000-7f9793f51000 r-xp 00000000 08:05 202418614                  /usr/lib64/libstdc++.so.6.0.19
7f9793f51000-7f9794150000 ---p 000e9000 08:05 202418614                  /usr/lib64/libstdc++.so.6.0.19
7f9794150000-7f9794158000 r--p 000e8000 08:05 202418614                  /usr/lib64/libstdc++.so.6.0.19
7f9794158000-7f979415a000 rw-p 000f0000 08:05 202418614                  /usr/lib64/libstdc++.so.6.0.19
7f979415a000-7f979416f000 rw-p 00000000 00:00 0 
7f979416f000-7f9794e35000 r-xp 00000000 08:05 67543813                   /usr/lib/jvm/java-1.8.0-openjdk-1.8.0.171-8.b10.el7_5.x86_64/jre/lib/amd64/server/libjvm.so
7f9794e35000-7f9795035000 ---p 00cc6000 08:05 67543813                   /usr/lib/jvm/java-1.8.0-openjdk-1.8.0.171-8.b10.el7_5.x86_64/jre/lib/amd64/server/libjvm.so
7f9795035000-7f97950e0000 r--p 00cc6000 08:05 67543813                   /usr/lib/jvm/java-1.8.0-openjdk-1.8.0.171-8.b10.el7_5.x86_64/jre/lib/amd64/server/libjvm.so
7f97950e0000-7f9795109000 rw-p 00d71000 08:05 67543813                   /usr/lib/jvm/java-1.8.0-openjdk-1.8.0.171-8.b10.el7_5.x86_64/jre/lib/amd64/server/libjvm.so
7f9795109000-7f979513c000 rw-p 00000000 00:00 0 
7f979513c000-7f97952ff000 r-xp 00000000 08:05 201328629                  /usr/lib64/libc-2.17.so
7f97952ff000-7f97954fe000 ---p 001c3000 08:05 201328629                  /usr/lib64/libc-2.17.so
7f97954fe000-7f9795502000 r--p 001c2000 08:05 201328629                  /usr/lib64/libc-2.17.so
7f9795502000-7f9795504000 rw-p 001c6000 08:05 201328629                  /usr/lib64/libc-2.17.so
7f9795504000-7f9795509000 rw-p 00000000 00:00 0 
7f9795509000-7f979550b000 r-xp 00000000 08:05 202816343                  /usr/lib64/libdl-2.17.so
7f979550b000-7f979570b000 ---p 00002000 08:05 202816343                  /usr/lib64/libdl-2.17.so
7f979570b000-7f979570c000 r--p 00002000 08:05 202816343                  /usr/lib64/libdl-2.17.so
7f979570c000-7f979570d000 rw-p 00003000 08:05 202816343                  /usr/lib64/libdl-2.17.so
7f979570d000-7f979571b000 r-xp 00000000 08:05 1726550                    /usr/lib/jvm/java-1.8.0-openjdk-1.8.0.171-8.b10.el7_5.x86_64/jre/lib/amd64/jli/libjli.so
7f979571b000-7f979591a000 ---p 0000e000 08:05 1726550                    /usr/lib/jvm/java-1.8.0-openjdk-1.8.0.171-8.b10.el7_5.x86_64/jre/lib/amd64/jli/libjli.so
7f979591a000-7f979591b000 r--p 0000d000 08:05 1726550                    /usr/lib/jvm/java-1.8.0-openjdk-1.8.0.171-8.b10.el7_5.x86_64/jre/lib/amd64/jli/libjli.so
7f979591b000-7f979591c000 rw-p 0000e000 08:05 1726550                    /usr/lib/jvm/java-1.8.0-openjdk-1.8.0.171-8.b10.el7_5.x86_64/jre/lib/amd64/jli/libjli.so
7f979591c000-7f9795931000 r-xp 00000000 08:05 204492934                  /usr/lib64/libz.so.1.2.7
7f9795931000-7f9795b30000 ---p 00015000 08:05 204492934                  /usr/lib64/libz.so.1.2.7
7f9795b30000-7f9795b31000 r--p 00014000 08:05 204492934                  /usr/lib64/libz.so.1.2.7
7f9795b31000-7f9795b32000 rw-p 00015000 08:05 204492934                  /usr/lib64/libz.so.1.2.7
7f9795b32000-7f9795b49000 r-xp 00000000 08:05 201328655                  /usr/lib64/libpthread-2.17.so
7f9795b49000-7f9795d48000 ---p 00017000 08:05 201328655                  /usr/lib64/libpthread-2.17.so
7f9795d48000-7f9795d49000 r--p 00016000 08:05 201328655                  /usr/lib64/libpthread-2.17.so
7f9795d49000-7f9795d4a000 rw-p 00017000 08:05 201328655                  /usr/lib64/libpthread-2.17.so
7f9795d4a000-7f9795d4e000 rw-p 00000000 00:00 0 
7f9795d4e000-7f9795d70000 r-xp 00000000 08:05 201328622                  /usr/lib64/ld-2.17.so
7f9795d70000-7f9795d72000 r--s 00000000 00:2e 249006523                  /home/xhe/.m2/repository/org/clojure/math.numeric-tower/0.0.4/math.numeric-tower-0.0.4.jar
7f9795d72000-7f9795d74000 r--s 0000b000 00:2e 249006535                  /home/xhe/.m2/repository/com/fasterxml/jackson/dataformat/jackson-dataformat-cbor/2.8.6/jackson-dataformat-cbor-2.8.6.jar
7f9795d74000-7f9795d75000 r--s 00001000 00:2e 249006541                  /home/xhe/.m2/repository/clojure-csv/clojure-csv/2.0.1/clojure-csv-2.0.1.jar
7f9795d75000-7f9795d76000 r--s 00002000 00:2e 249006566                  /home/xhe/.m2/repository/clojure-complete/clojure-complete/0.2.4/clojure-complete-0.2.4.jar
7f9795d76000-7f9795d78000 r--s 00008000 00:2e 249006544                  /home/xhe/.m2/repository/org/clojars/etosch/cosmos/1.0.0/cosmos-1.0.0.jar
7f9795d78000-7f9795d79000 r--s 00009000 00:2e 249006564                  /home/xhe/.m2/repository/org/clojure/tools.nrepl/0.2.12/tools.nrepl-0.2.12.jar
7f9795d79000-7f9795d7b000 r--s 0000c000 00:2e 249006551                  /home/xhe/.m2/repository/prismatic/plumbing/0.5.4/plumbing-0.5.4.jar
7f9795d7b000-7f9795d7c000 r--s 00000000 00:2e 249006525                  /home/xhe/.m2/repository/org/clojure/data.csv/0.1.3/data.csv-0.1.3.jar
7f9795d7c000-7f9795d7d000 r--s 0000f000 00:2e 249006555                  /home/xhe/.m2/repository/prismatic/schema/1.0.1/schema-1.0.1.jar
7f9795d7d000-7f9795d7e000 r--s 00009000 00:2e 249006557                  /home/xhe/.m2/repository/criterium/criterium/0.4.4/criterium-0.4.4.jar
7f9795d7e000-7f9795d7f000 r--s 00001000 00:2e 249006425                  /home/xhe/.m2/repository/tigris/tigris/0.1.1/tigris-0.1.1.jar
7f9795d7f000-7f9795d80000 r--s 00002000 00:2e 249006524                  /home/xhe/.m2/repository/org/clojure/math.combinatorics/0.1.1/math.combinatorics-0.1.1.jar
7f9795d80000-7f9795e5e000 rw-p 00000000 00:00 0 
7f9795e5e000-7f9795e66000 rw-s 00000000 08:05 136213802                  /tmp/hsperfdata_xhe/29935
7f9795e66000-7f9795e67000 rw-p 00000000 00:00 0 
7f9795e67000-7f9795e68000 ---p 00000000 00:00 0 
7f9795e68000-7f9795e6c000 ---p 00000000 00:00 0 
7f9795e6c000-7f9795f6f000 rw-p 00000000 00:00 0 
7f9795f6f000-7f9795f70000 r--p 00021000 08:05 201328622                  /usr/lib64/ld-2.17.so
7f9795f70000-7f9795f71000 rw-p 00022000 08:05 201328622                  /usr/lib64/ld-2.17.so
7f9795f71000-7f9795f72000 rw-p 00000000 00:00 0 
7ffd9d63f000-7ffd9d661000 rw-p 00000000 00:00 0                          [stack]
7ffd9d6cf000-7ffd9d6d1000 r-xp 00000000 00:00 0                          [vdso]
ffffffffff600000-ffffffffff601000 r-xp 00000000 00:00 0                  [vsyscall]

VM Arguments:
jvm_args: -Dfile.encoding=UTF-8 -Dclojure.compile.path=/home/xhe/clojush7/target/classes -Dclojush.version=3.11.1-1-SNAPSHOT -Dclojure.debug=false 
java_command: clojure.main -i /tmp/form-init1588534798672513958.clj
java_class_path (initial): /home/xhe/clojush7/test:/home/xhe/clojush7/src:/home/xhe/clojush7/dev-resources:/home/xhe/clojush7/resources:/home/xhe/clojush7/target/classes:/home/xhe/.m2/repository/org/clojure/math.combinatorics/0.1.1/math.combinatorics-0.1.1.jar:/home/xhe/.m2/repository/org/clojure/clojure/1.8.0/clojure-1.8.0.jar:/home/xhe/.m2/repository/tigris/tigris/0.1.1/tigris-0.1.1.jar:/home/xhe/.m2/repository/criterium/criterium/0.4.4/criterium-0.4.4.jar:/home/xhe/.m2/repository/prismatic/schema/1.0.1/schema-1.0.1.jar:/home/xhe/.m2/repository/org/clojure/data.csv/0.1.3/data.csv-0.1.3.jar:/home/xhe/.m2/repository/prismatic/plumbing/0.5.4/plumbing-0.5.4.jar:/home/xhe/.m2/repository/org/clojure/tools.nrepl/0.2.12/tools.nrepl-0.2.12.jar:/home/xhe/.m2/repository/org/clojars/etosch/cosmos/1.0.0/cosmos-1.0.0.jar:/home/xhe/.m2/repository/clojure-complete/clojure-complete/0.2.4/clojure-complete-0.2.4.jar:/home/xhe/.m2/repository/clojure-csv/clojure-csv/2.0.1/clojure-csv-2.0.1.jar:/home/xhe/.m2/repository/com/fasterxml/jackson/dataformat/jackson-dataformat-cbor/2.8.6/jackson-dataformat-cbor-2.8.6.jar:/home/xhe/.m2/repository/org/clojure/math.numeric-tower/0.0.4/math.numeric-tower-0.0.4.jar:/home/xhe/.m2/repository/local-file/local-file/0.1.0/local-file-0.1.0.jar:/home/xhe/.m2/repository/clj-random/clj-random/0.1.7/clj-random-0.1.7.jar:/home/xhe/.m2/repository/cheshire/cheshire/5.7.1/cheshire-5.7.1.jar:/home/xhe/.m2/repository/cider/cider-nrepl/0.17.0/cider-nrepl-0.17.0.jar:/home/xhe/.m2/repository/kephale/uncommons-maths/1.2.3/uncommons-maths-1.2.3.jar:/home/xhe/.m2/repository/de/kotka/lazymap/3.1.0/lazymap-3.1.0.jar:/home/xhe/.m2/repository/org/clojure/data.json/0.2.6/data.json-0.2.6.jar:/home/xhe/.m2/repository/com/fasterxml/jackson/dataformat/jackson-dataformat-smile/2.8.6/jackson-dataformat-smile-2.8.6.jar:/home/xhe/.m2/repository/net/totakke/libra/0.1.0/libra-0.1.0.jar:/home/xhe/.m2/repository/org/apache/commons/commons-math3/3.2/commons-math3-3.2.jar:/home/xhe/.m2
Launcher Type: SUN_STANDARD

Environment Variables:
CLASSPATH=/home/xhe/.lein/self-installs/leiningen-2.7.1-standalone.jar
PATH=/sbin:/bin:/usr/local/bin:/usr/bin:/usr/sbin:/usr/X11R6/bin:/usr/local/sbin:/usr/bin/X11:/usr/local/global/bin:/usr/local/global/sbin:/usr/kerberos/bin/:/home/xhe/bin:/home/xhe/.local/bin:/home/xhe/bin
LD_LIBRARY_PATH=/lib:/usr/lib:/usr/local/lib:/usr/local/lib/X11:/usr/local/global/lib:/usr/lib64:/home/xhe/lib:/home/xhe/lib64
SHELL=/bin/bash
DISPLAY=localhost:10.0
OSTYPE=Linux
ARCH=x86_64

Signal Handlers:
SIGSEGV: [libjvm.so+0xab5320], sa_mask[0]=11111111011111111101111111111110, sa_flags=SA_RESTART|SA_SIGINFO
SIGBUS: [libjvm.so+0xab5320], sa_mask[0]=11111111011111111101111111111110, sa_flags=SA_RESTART|SA_SIGINFO
SIGFPE: [libjvm.so+0x8ac6b0], sa_mask[0]=11111111011111111101111111111110, sa_flags=SA_RESTART|SA_SIGINFO
SIGPIPE: [libjvm.so+0x8ac6b0], sa_mask[0]=11111111011111111101111111111110, sa_flags=SA_RESTART|SA_SIGINFO
SIGXFSZ: [libjvm.so+0x8ac6b0], sa_mask[0]=11111111011111111101111111111110, sa_flags=SA_RESTART|SA_SIGINFO
SIGILL: [libjvm.so+0x8ac6b0], sa_mask[0]=11111111011111111101111111111110, sa_flags=SA_RESTART|SA_SIGINFO
SIGUSR1: SIG_DFL, sa_mask[0]=00000000000000000000000000000000, sa_flags=none
SIGUSR2: [libjvm.so+0x8ac560], sa_mask[0]=00100000000000000000000000000000, sa_flags=SA_RESTART|SA_SIGINFO
SIGHUP: [libjvm.so+0x8ac770], sa_mask[0]=11111111011111111101111111111110, sa_flags=SA_RESTART|SA_SIGINFO
SIGINT: [libjvm.so+0x8ac770], sa_mask[0]=11111111011111111101111111111110, sa_flags=SA_RESTART|SA_SIGINFO
SIGTERM: [libjvm.so+0x8ac770], sa_mask[0]=11111111011111111101111111111110, sa_flags=SA_RESTART|SA_SIGINFO
SIGQUIT: [libjvm.so+0x8ac770], sa_mask[0]=11111111011111111101111111111110, sa_flags=SA_RESTART|SA_SIGINFO


---------------  S Y S T E M  ---------------

OS:CentOS Linux release 7.5.1804 (Core) 

uname:Linux 3.10.0-862.3.2.el7.x86_64 #1 SMP Mon May 21 23:36:36 UTC 2018 x86_64
libc:glibc 2.17 NPTL 2.17 
rlimit: STACK 8192k, CORE 0k, NPROC 4096, NOFILE 4096, AS infinity
load average:14.90 12.99 12.06

/proc/meminfo:
MemTotal:       12121656 kB
MemFree:          165300 kB
MemAvailable:      46256 kB
Buffers:               0 kB
Cached:            55036 kB
SwapCached:        35064 kB
Active:          9601796 kB
Inactive:        1856712 kB
Active(anon):    9589744 kB
Inactive(anon):  1839052 kB
Active(file):      12052 kB
Inactive(file):    17660 kB
Unevictable:           0 kB
Mlocked:               0 kB
SwapTotal:       4194300 kB
SwapFree:          64368 kB
Dirty:                52 kB
Writeback:             0 kB
AnonPages:      11367448 kB
Mapped:            36584 kB
Shmem:             25816 kB
Slab:             194528 kB
SReclaimable:      55580 kB
SUnreclaim:       138948 kB
KernelStack:       40256 kB
PageTables:        83684 kB
NFS_Unstable:          0 kB
Bounce:                0 kB
WritebackTmp:          0 kB
CommitLimit:    10255128 kB
Committed_AS:   30805696 kB
VmallocTotal:   34359738367 kB
VmallocUsed:      322072 kB
VmallocChunk:   34352560124 kB
HardwareCorrupted:     0 kB
AnonHugePages:    229376 kB
CmaTotal:              0 kB
CmaFree:               0 kB
HugePages_Total:       0
HugePages_Free:        0
HugePages_Rsvd:        0
HugePages_Surp:        0
Hugepagesize:       2048 kB
DirectMap4k:      261604 kB
DirectMap2M:     6017024 kB
DirectMap1G:     6291456 kB


CPU:total 16 (initial active 16) (4 cores per cpu, 2 threads per core) family 6 model 44 stepping 2, cmov, cx8, fxsr, mmx, sse, sse2, sse3, ssse3, sse4.1, sse4.2, popcnt, aes, clmul, ht, tsc, tscinvbit, tscinv

/proc/cpuinfo:
processor	: 0
vendor_id	: GenuineIntel
cpu family	: 6
model		: 44
model name	: Intel(R) Xeon(R) CPU           E5620  @ 2.40GHz
stepping	: 2
microcode	: 0x1a
cpu MHz		: 2394.110
cache size	: 12288 KB
physical id	: 1
siblings	: 8
core id		: 0
cpu cores	: 4
apicid		: 32
initial apicid	: 32
fpu		: yes
fpu_exception	: yes
cpuid level	: 11
wp		: yes
flags		: fpu vme de pse tsc msr pae mce cx8 apic sep mtrr pge mca cmov pat pse36 clflush dts acpi mmx fxsr sse sse2 ss ht tm pbe syscall nx pdpe1gb rdtscp lm constant_tsc arch_perfmon pebs bts rep_good nopl xtopology nonstop_tsc aperfmperf pni pclmulqdq dtes64 monitor ds_cpl vmx smx est tm2 ssse3 cx16 xtpr pdcm pcid dca sse4_1 sse4_2 popcnt aes lahf_lm tpr_shadow vnmi flexpriority ept vpid dtherm ida arat
bogomips	: 4788.22
clflush size	: 64
cache_alignment	: 64
address sizes	: 40 bits physical, 48 bits virtual
power management:

processor	: 1
vendor_id	: GenuineIntel
cpu family	: 6
model		: 44
model name	: Intel(R) Xeon(R) CPU           E5620  @ 2.40GHz
stepping	: 2
microcode	: 0x1a
cpu MHz		: 2394.110
cache size	: 12288 KB
physical id	: 0
siblings	: 8
core id		: 0
cpu cores	: 4
apicid		: 0
initial apicid	: 0
fpu		: yes
fpu_exception	: yes
cpuid level	: 11
wp		: yes
flags		: fpu vme de pse tsc msr pae mce cx8 apic sep mtrr pge mca cmov pat pse36 clflush dts acpi mmx fxsr sse sse2 ss ht tm pbe syscall nx pdpe1gb rdtscp lm constant_tsc arch_perfmon pebs bts rep_good nopl xtopology nonstop_tsc aperfmperf pni pclmulqdq dtes64 monitor ds_cpl vmx smx est tm2 ssse3 cx16 xtpr pdcm pcid dca sse4_1 sse4_2 popcnt aes lahf_lm tpr_shadow vnmi flexpriority ept vpid dtherm ida arat
bogomips	: 4787.83
clflush size	: 64
cache_alignment	: 64
address sizes	: 40 bits physical, 48 bits virtual
power management:

processor	: 2
vendor_id	: GenuineIntel
cpu family	: 6
model		: 44
model name	: Intel(R) Xeon(R) CPU           E5620  @ 2.40GHz
stepping	: 2
microcode	: 0x1a
cpu MHz		: 2394.110
cache size	: 12288 KB
physical id	: 1
siblings	: 8
core id		: 1
cpu cores	: 4
apicid		: 34
initial apicid	: 34
fpu		: yes
fpu_exception	: yes
cpuid level	: 11
wp		: yes
flags		: fpu vme de pse tsc msr pae mce cx8 apic sep mtrr pge mca cmov pat pse36 clflush dts acpi mmx fxsr sse sse2 ss ht tm pbe syscall nx pdpe1gb rdtscp lm constant_tsc arch_perfmon pebs bts rep_good nopl xtopology nonstop_tsc aperfmperf pni pclmulqdq dtes64 monitor ds_cpl vmx smx est tm2 ssse3 cx16 xtpr pdcm pcid dca sse4_1 sse4_2 popcnt aes lahf_lm tpr_shadow vnmi flexpriority ept vpid dtherm ida arat
bogomips	: 4788.22
clflush size	: 64
cache_alignment	: 64
address sizes	: 40 bits physical, 48 bits virtual
power management:

processor	: 3
vendor_id	: GenuineIntel
cpu family	: 6
model		: 44
model name	: Intel(R) Xeon(R) CPU           E5620  @ 2.40GHz
stepping	: 2
microcode	: 0x1a
cpu MHz		: 2394.110
cache size	: 12288 KB
physical id	: 0
siblings	: 8
core id		: 1
cpu cores	: 4
apicid		: 2
initial apicid	: 2
fpu		: yes
fpu_exception	: yes
cpuid level	: 11
wp		: yes
flags		: fpu vme de pse tsc msr pae mce cx8 apic sep mtrr pge mca cmov pat pse36 clflush dts acpi mmx fxsr sse sse2 ss ht tm pbe syscall nx pdpe1gb rdtscp lm constant_tsc arch_perfmon pebs bts rep_good nopl xtopology nonstop_tsc aperfmperf pni pclmulqdq dtes64 monitor ds_cpl vmx smx est tm2 ssse3 cx16 xtpr pdcm pcid dca sse4_1 sse4_2 popcnt aes lahf_lm tpr_shadow vnmi flexpriority ept vpid dtherm ida arat
bogomips	: 4787.83
clflush size	: 64
cache_alignment	: 64
address sizes	: 40 bits physical, 48 bits virtual
power management:

processor	: 4
vendor_id	: GenuineIntel
cpu family	: 6
model		: 44
model name	: Intel(R) Xeon(R) CPU           E5620  @ 2.40GHz
stepping	: 2
microcode	: 0x1a
cpu MHz		: 2394.110
cache size	: 12288 KB
physical id	: 1
siblings	: 8
core id		: 9
cpu cores	: 4
apicid		: 50
initial apicid	: 50
fpu		: yes
fpu_exception	: yes
cpuid level	: 11
wp		: yes
flags		: fpu vme de pse tsc msr pae mce cx8 apic sep mtrr pge mca cmov pat pse36 clflush dts acpi mmx fxsr sse sse2 ss ht tm pbe syscall nx pdpe1gb rdtscp lm constant_tsc arch_perfmon pebs bts rep_good nopl xtopology nonstop_tsc aperfmperf pni pclmulqdq dtes64 monitor ds_cpl vmx smx est tm2 ssse3 cx16 xtpr pdcm pcid dca sse4_1 sse4_2 popcnt aes lahf_lm tpr_shadow vnmi flexpriority ept vpid dtherm ida arat
bogomips	: 4788.22
clflush size	: 64
cache_alignment	: 64
address sizes	: 40 bits physical, 48 bits virtual
power management:

processor	: 5
vendor_id	: GenuineIntel
cpu family	: 6
model		: 44
model name	: Intel(R) Xeon(R) CPU           E5620  @ 2.40GHz
stepping	: 2
microcode	: 0x1a
cpu MHz		: 2394.110
cache size	: 12288 KB
physical id	: 0
siblings	: 8
core id		: 9
cpu cores	: 4
apicid		: 18
initial apicid	: 18
fpu		: yes
fpu_exception	: yes
cpuid level	: 11
wp		: yes
flags		: fpu vme de pse tsc msr pae mce cx8 apic sep mtrr pge mca cmov pat pse36 clflush dts acpi mmx fxsr sse sse2 ss ht tm pbe syscall nx pdpe1gb rdtscp lm constant_tsc arch_perfmon pebs bts rep_good nopl xtopology nonstop_tsc aperfmperf pni pclmulqdq dtes64 monitor ds_cpl vmx smx est tm2 ssse3 cx16 xtpr pdcm pcid dca sse4_1 sse4_2 popcnt aes lahf_lm tpr_shadow vnmi flexpriority ept vpid dtherm ida arat
bogomips	: 4787.83
clflush size	: 64
cache_alignment	: 64
address sizes	: 40 bits physical, 48 bits virtual
power management:

processor	: 6
vendor_id	: GenuineIntel
cpu family	: 6
model		: 44
model name	: Intel(R) Xeon(R) CPU           E5620  @ 2.40GHz
stepping	: 2
microcode	: 0x1a
cpu MHz		: 2394.110
cache size	: 12288 KB
physical id	: 1
siblings	: 8
core id		: 10
cpu cores	: 4
apicid		: 52
initial apicid	: 52
fpu		: yes
fpu_exception	: yes
cpuid level	: 11
wp		: yes
flags		: fpu vme de pse tsc msr pae mce cx8 apic sep mtrr pge mca cmov pat pse36 clflush dts acpi mmx fxsr sse sse2 ss ht tm pbe syscall nx pdpe1gb rdtscp lm constant_tsc arch_perfmon pebs bts rep_good nopl xtopology nonstop_tsc aperfmperf pni pclmulqdq dtes64 monitor ds_cpl vmx smx est tm2 ssse3 cx16 xtpr pdcm pcid dca sse4_1 sse4_2 popcnt aes lahf_lm tpr_shadow vnmi flexpriority ept vpid dtherm ida arat
bogomips	: 4788.22
clflush size	: 64
cache_alignment	: 64
address sizes	: 40 bits physical, 48 bits virtual
power management:

processor	: 7
vendor_id	: GenuineIntel
cpu family	: 6
model		: 44
model name	: Intel(R) Xeon(R) CPU           E5620  @ 2.40GHz
stepping	: 2
microcode	: 0x1a
cpu MHz		: 2394.110
cache size	: 12288 KB
physical id	: 0
siblings	: 8
core id		: 10
cpu cores	: 4
apicid		: 20
initial apicid	: 20
fpu		: yes
fpu_exception	: yes
cpuid level	: 11
wp		: yes
flags		: fpu vme de pse tsc msr pae mce cx8 apic sep mtrr pge mca cmov pat pse36 clflush dts acpi mmx fxsr sse sse2 ss ht tm pbe syscall nx pdpe1gb rdtscp lm constant_tsc arch_perfmon pebs bts rep_good nopl xtopology nonstop_tsc aperfmperf pni pclmulqdq dtes64 monitor ds_cpl vmx smx est tm2 ssse3 cx16 xtpr pdcm pcid dca sse4_1 sse4_2 popcnt aes lahf_lm tpr_shadow vnmi flexpriority ept vpid dtherm ida arat
bogomips	: 4787.83
clflush size	: 64
cache_alignment	: 64
address sizes	: 40 bits physical, 48 bits virtual
power management:

processor	: 8
vendor_id	: GenuineIntel
cpu family	: 6
model		: 44
model name	: Intel(R) Xeon(R) CPU           E5620  @ 2.40GHz
stepping	: 2
microcode	: 0x1a
cpu MHz		: 2394.110
cache size	: 12288 KB
physical id	: 1
siblings	: 8
core id		: 0
cpu cores	: 4
apicid		: 33
initial apicid	: 33
fpu		: yes
fpu_exception	: yes
cpuid level	: 11
wp		: yes
flags		: fpu vme de pse tsc msr pae mce cx8 apic sep mtrr pge mca cmov pat pse36 clflush dts acpi mmx fxsr sse sse2 ss ht tm pbe syscall nx pdpe1gb rdtscp lm constant_tsc arch_perfmon pebs bts rep_good nopl xtopology nonstop_tsc aperfmperf pni pclmulqdq dtes64 monitor ds_cpl vmx smx est tm2 ssse3 cx16 xtpr pdcm pcid dca sse4_1 sse4_2 popcnt aes lahf_lm tpr_shadow vnmi flexpriority ept vpid dtherm ida arat
bogomips	: 4788.22
clflush size	: 64
cache_alignment	: 64
address sizes	: 40 bits physical, 48 bits virtual
power management:

processor	: 9
vendor_id	: GenuineIntel
cpu family	: 6
model		: 44
model name	: Intel(R) Xeon(R) CPU           E5620  @ 2.40GHz
stepping	: 2
microcode	: 0x1a
cpu MHz		: 2394.110
cache size	: 12288 KB
physical id	: 0
siblings	: 8
core id		: 0
cpu cores	: 4
apicid		: 1
initial apicid	: 1
fpu		: yes
fpu_exception	: yes
cpuid level	: 11
wp		: yes
flags		: fpu vme de pse tsc msr pae mce cx8 apic sep mtrr pge mca cmov pat pse36 clflush dts acpi mmx fxsr sse sse2 ss ht tm pbe syscall nx pdpe1gb rdtscp lm constant_tsc arch_perfmon pebs bts rep_good nopl xtopology nonstop_tsc aperfmperf pni pclmulqdq dtes64 monitor ds_cpl vmx smx est tm2 ssse3 cx16 xtpr pdcm pcid dca sse4_1 sse4_2 popcnt aes lahf_lm tpr_shadow vnmi flexpriority ept vpid dtherm ida arat
bogomips	: 4787.83
clflush size	: 64
cache_alignment	: 64
address sizes	: 40 bits physical, 48 bits virtual
power management:

processor	: 10
vendor_id	: GenuineIntel
cpu family	: 6
model		: 44
model name	: Intel(R) Xeon(R) CPU           E5620  @ 2.40GHz
stepping	: 2
microcode	: 0x1a
cpu MHz		: 2394.110
cache size	: 12288 KB
physical id	: 1
siblings	: 8
core id		: 1
cpu cores	: 4
apicid		: 35
initial apicid	: 35
fpu		: yes
fpu_exception	: yes
cpuid level	: 11
wp		: yes
flags		: fpu vme de pse tsc msr pae mce cx8 apic sep mtrr pge mca cmov pat pse36 clflush dts acpi mmx fxsr sse sse2 ss ht tm pbe syscall nx pdpe1gb rdtscp lm constant_tsc arch_perfmon pebs bts rep_good nopl xtopology nonstop_tsc aperfmperf pni pclmulqdq dtes64 monitor ds_cpl vmx smx est tm2 ssse3 cx16 xtpr pdcm pcid dca sse4_1 sse4_2 popcnt aes lahf_lm tpr_shadow vnmi flexpriority ept vpid dtherm ida arat
bogomips	: 4788.22
clflush size	: 64
cache_alignment	: 64
address sizes	: 40 bits physical, 48 bits virtual
power management:

processor	: 11
vendor_id	: GenuineIntel
cpu family	: 6
model		: 44
model name	: Intel(R) Xeon(R) CPU           E5620  @ 2.40GHz
stepping	: 2
microcode	: 0x1a
cpu MHz		: 2394.110
cache size	: 12288 KB
physical id	: 0
siblings	: 8
core id		: 1
cpu cores	: 4
apicid		: 3
initial apicid	: 3
fpu		: yes
fpu_exception	: yes
cpuid level	: 11
wp		: yes
flags		: fpu vme de pse tsc msr pae mce cx8 apic sep mtrr pge mca cmov pat pse36 clflush dts acpi mmx fxsr sse sse2 ss ht tm pbe syscall nx pdpe1gb rdtscp lm constant_tsc arch_perfmon pebs bts rep_good nopl xtopology nonstop_tsc aperfmperf pni pclmulqdq dtes64 monitor ds_cpl vmx smx est tm2 ssse3 cx16 xtpr pdcm pcid dca sse4_1 sse4_2 popcnt aes lahf_lm tpr_shadow vnmi flexpriority ept vpid dtherm ida arat
bogomips	: 4787.83
clflush size	: 64
cache_alignment	: 64
address sizes	: 40 bits physical, 48 bits virtual
power management:

processor	: 12
vendor_id	: GenuineIntel
cpu family	: 6
model		: 44
model name	: Intel(R) Xeon(R) CPU           E5620  @ 2.40GHz
stepping	: 2
microcode	: 0x1a
cpu MHz		: 2394.110
cache size	: 12288 KB
physical id	: 1
siblings	: 8
core id		: 9
cpu cores	: 4
apicid		: 51
initial apicid	: 51
fpu		: yes
fpu_exception	: yes
cpuid level	: 11
wp		: yes
flags		: fpu vme de pse tsc msr pae mce cx8 apic sep mtrr pge mca cmov pat pse36 clflush dts acpi mmx fxsr sse sse2 ss ht tm pbe syscall nx pdpe1gb rdtscp lm constant_tsc arch_perfmon pebs bts rep_good nopl xtopology nonstop_tsc aperfmperf pni pclmulqdq dtes64 monitor ds_cpl vmx smx est tm2 ssse3 cx16 xtpr pdcm pcid dca sse4_1 sse4_2 popcnt aes lahf_lm tpr_shadow vnmi flexpriority ept vpid dtherm ida arat
bogomips	: 4788.22
clflush size	: 64
cache_alignment	: 64
address sizes	: 40 bits physical, 48 bits virtual
power management:

processor	: 13
vendor_id	: GenuineIntel
cpu family	: 6
model		: 44
model name	: Intel(R) Xeon(R) CPU           E5620  @ 2.40GHz
stepping	: 2
microcode	: 0x1a
cpu MHz		: 2394.110
cache size	: 12288 KB
physical id	: 0
siblings	: 8
core id		: 9
cpu cores	: 4
apicid		: 19
initial apicid	: 19
fpu		: yes
fpu_exception	: yes
cpuid level	: 11
wp		: yes
flags		: fpu vme de pse tsc msr pae mce cx8 apic sep mtrr pge mca cmov pat pse36 clflush dts acpi mmx fxsr sse sse2 ss ht tm pbe syscall nx pdpe1gb rdtscp lm constant_tsc arch_perfmon pebs bts rep_good nopl xtopology nonstop_tsc aperfmperf pni pclmulqdq dtes64 monitor ds_cpl vmx smx est tm2 ssse3 cx16 xtpr pdcm pcid dca sse4_1 sse4_2 popcnt aes lahf_lm tpr_shadow vnmi flexpriority ept vpid dtherm ida arat
bogomips	: 4787.83
clflush size	: 64
cache_alignment	: 64
address sizes	: 40 bits physical, 48 bits virtual
power management:

processor	: 14
vendor_id	: GenuineIntel
cpu family	: 6
model		: 44
model name	: Intel(R) Xeon(R) CPU           E5620  @ 2.40GHz
stepping	: 2
microcode	: 0x1a
cpu MHz		: 2394.110
cache size	: 12288 KB
physical id	: 1
siblings	: 8
core id		: 10
cpu cores	: 4
apicid		: 53
initial apicid	: 53
fpu		: yes
fpu_exception	: yes
cpuid level	: 11
wp		: yes
flags		: fpu vme de pse tsc msr pae mce cx8 apic sep mtrr pge mca cmov pat pse36 clflush dts acpi mmx fxsr sse sse2 ss ht tm pbe syscall nx pdpe1gb rdtscp lm constant_tsc arch_perfmon pebs bts rep_good nopl xtopology nonstop_tsc aperfmperf pni pclmulqdq dtes64 monitor ds_cpl vmx smx est tm2 ssse3 cx16 xtpr pdcm pcid dca sse4_1 sse4_2 popcnt aes lahf_lm tpr_shadow vnmi flexpriority ept vpid dtherm ida arat
bogomips	: 4788.22
clflush size	: 64
cache_alignment	: 64
address sizes	: 40 bits physical, 48 bits virtual
power management:

processor	: 15
vendor_id	: GenuineIntel
cpu family	: 6
model		: 44
model name	: Intel(R) Xeon(R) CPU           E5620  @ 2.40GHz
stepping	: 2
microcode	: 0x1a
cpu MHz		: 2394.110
cache size	: 12288 KB
physical id	: 0
siblings	: 8
core id		: 10
cpu cores	: 4
apicid		: 21
initial apicid	: 21
fpu		: yes
fpu_exception	: yes
cpuid level	: 11
wp		: yes
flags		: fpu vme de pse tsc msr pae mce cx8 apic sep mtrr pge mca cmov pat pse36 clflush dts acpi mmx fxsr sse sse2 ss ht tm pbe syscall nx pdpe1gb rdtscp lm constant_tsc arch_perfmon pebs bts rep_good nopl xtopology nonstop_tsc aperfmperf pni pclmulqdq dtes64 monitor ds_cpl vmx smx est tm2 ssse3 cx16 xtpr pdcm pcid dca sse4_1 sse4_2 popcnt aes lahf_lm tpr_shadow vnmi flexpriority ept vpid dtherm ida arat
bogomips	: 4787.83
clflush size	: 64
cache_alignment	: 64
address sizes	: 40 bits physical, 48 bits virtual
power management:



Memory: 4k page, physical 12121656k(165300k free), swap 4194300k(64368k free)

vm_info: OpenJDK 64-Bit Server VM (25.171-b10) for linux-amd64 JRE (1.8.0_171-b10), built on May 22 2018 01:32:00 by "mockbuild" with gcc 4.8.5 20150623 (Red Hat 4.8.5-28)

time: Wed Jul  4 14:26:29 2018
elapsed time: 29 seconds (0d 0h 0m 29s)

