#
# There is insufficient memory for the Java Runtime Environment to continue.
# Native memory allocation (mmap) failed to map 130023424 bytes for committing reserved memory.
# Possible reasons:
#   The system is out of physical RAM or swap space
#   In 32 bit mode, the process size limit was hit
# Possible solutions:
#   Reduce memory load on the system
#   Increase physical memory or swap space
#   Check if swap backing store is full
#   Use 64 bit Java on a 64 bit OS
#   Decrease Java heap size (-Xmx/-Xms)
#   Decrease number of Java threads
#   Decrease Java thread stack sizes (-Xss)
#   Set larger code cache with -XX:ReservedCodeCacheSize=
# This output file may be truncated or incomplete.
#
#  Out of Memory Error (os_linux.cpp:2657), pid=2616, tid=0x00007f28e6dc3700
#
# JRE version:  (8.0_171-b10) (build )
# Java VM: OpenJDK 64-Bit Server VM (25.171-b10 mixed mode linux-amd64 compressed oops)
# Failed to write core dump. Core dumps have been disabled. To enable core dumping, try "ulimit -c unlimited" before starting Java again
#

---------------  T H R E A D  ---------------

Current thread (0x00007f28e000af10):  JavaThread "Unknown thread" [_thread_in_vm, id=2624, stack(0x00007f28e6cc4000,0x00007f28e6dc4000)]

Stack: [0x00007f28e6cc4000,0x00007f28e6dc4000],  sp=0x00007f28e6dc25a0,  free space=1017k
Native frames: (J=compiled Java code, j=interpreted, Vv=VM code, C=native code)
V  [libjvm.so+0xab47fd]
V  [libjvm.so+0x4ec92a]
V  [libjvm.so+0x8b0ee8]
V  [libjvm.so+0x8ab3fe]
V  [libjvm.so+0x92477b]
V  [libjvm.so+0x916298]
V  [libjvm.so+0x2e9f63]
V  [libjvm.so+0x8d5570]
V  [libjvm.so+0xa7db99]
V  [libjvm.so+0xa7de32]
V  [libjvm.so+0x61cd45]
V  [libjvm.so+0xa60c8e]
V  [libjvm.so+0x6978e5]  JNI_CreateJavaVM+0x65
C  [libjli.so+0x2ff7]
C  [libpthread.so.0+0x7e25]  start_thread+0xc5


---------------  P R O C E S S  ---------------

Java Threads: ( => current thread )

Other Threads:

=>0x00007f28e000af10 (exited) JavaThread "Unknown thread" [_thread_in_vm, id=2624, stack(0x00007f28e6cc4000,0x00007f28e6dc4000)]

VM state:not at safepoint (not fully initialized)

VM Mutex/Monitor currently owned by a thread: None

GC Heap History (0 events):
No events

Deoptimization events (0 events):
No events

Classes redefined (0 events):
No events

Internal exceptions (0 events):
No events

Events (0 events):
No events


Dynamic libraries:
00400000-00401000 r-xp 00000000 08:05 76037027                           /usr/lib/jvm/java-1.8.0-openjdk-1.8.0.171-8.b10.el7_5.x86_64/jre/bin/java
00600000-00601000 r--p 00000000 08:05 76037027                           /usr/lib/jvm/java-1.8.0-openjdk-1.8.0.171-8.b10.el7_5.x86_64/jre/bin/java
00601000-00602000 rw-p 00001000 08:05 76037027                           /usr/lib/jvm/java-1.8.0-openjdk-1.8.0.171-8.b10.el7_5.x86_64/jre/bin/java
01758000-01779000 rw-p 00000000 00:00 0                                  [heap]
70ec00000-782580000 ---p 00000000 00:00 0 
782580000-786380000 rw-p 00000000 00:00 0 
786380000-7c0000000 ---p 00000000 00:00 0 
7f28cf84d000-7f28cfc27000 ---p 00000000 00:00 0 
7f28cfc27000-7f28cfc47000 rw-p 00000000 00:00 0 
7f28cfc47000-7f28cfe15000 ---p 00000000 00:00 0 
7f28cfe15000-7f28cfe20000 rw-p 00000000 00:00 0 
7f28cfe20000-7f28d01d6000 ---p 00000000 00:00 0 
7f28d01d6000-7f28d0446000 rwxp 00000000 00:00 0 
7f28d0446000-7f28df1d6000 ---p 00000000 00:00 0 
7f28df1d6000-7f28df1de000 r-xp 00000000 08:05 135994947                  /usr/lib/jvm/java-1.8.0-openjdk-1.8.0.171-8.b10.el7_5.x86_64/jre/lib/amd64/libzip.so
7f28df1de000-7f28df3dd000 ---p 00008000 08:05 135994947                  /usr/lib/jvm/java-1.8.0-openjdk-1.8.0.171-8.b10.el7_5.x86_64/jre/lib/amd64/libzip.so
7f28df3dd000-7f28df3de000 r--p 00007000 08:05 135994947                  /usr/lib/jvm/java-1.8.0-openjdk-1.8.0.171-8.b10.el7_5.x86_64/jre/lib/amd64/libzip.so
7f28df3de000-7f28df3df000 rw-p 00008000 08:05 135994947                  /usr/lib/jvm/java-1.8.0-openjdk-1.8.0.171-8.b10.el7_5.x86_64/jre/lib/amd64/libzip.so
7f28df3df000-7f28dfbe4000 r--s 00000000 08:03 13028                      /var/lib/sss/mc/passwd
7f28dfbe4000-7f28dfbec000 r-xp 00000000 08:05 204933493                  /usr/lib64/libnss_sss.so.2
7f28dfbec000-7f28dfdeb000 ---p 00008000 08:05 204933493                  /usr/lib64/libnss_sss.so.2
7f28dfdeb000-7f28dfdec000 r--p 00007000 08:05 204933493                  /usr/lib64/libnss_sss.so.2
7f28dfdec000-7f28dfded000 rw-p 00008000 08:05 204933493                  /usr/lib64/libnss_sss.so.2
7f28dfded000-7f28dfdf9000 r-xp 00000000 08:05 202816356                  /usr/lib64/libnss_files-2.17.so
7f28dfdf9000-7f28dfff8000 ---p 0000c000 08:05 202816356                  /usr/lib64/libnss_files-2.17.so
7f28dfff8000-7f28dfff9000 r--p 0000b000 08:05 202816356                  /usr/lib64/libnss_files-2.17.so
7f28dfff9000-7f28dfffa000 rw-p 0000c000 08:05 202816356                  /usr/lib64/libnss_files-2.17.so
7f28dfffa000-7f28e0000000 rw-p 00000000 00:00 0 
7f28e0000000-7f28e0032000 rw-p 00000000 00:00 0 
7f28e0032000-7f28e4000000 ---p 00000000 00:00 0 
7f28e4164000-7f28e4192000 r-xp 00000000 08:05 135994923                  /usr/lib/jvm/java-1.8.0-openjdk-1.8.0.171-8.b10.el7_5.x86_64/jre/lib/amd64/libjava.so
7f28e4192000-7f28e4391000 ---p 0002e000 08:05 135994923                  /usr/lib/jvm/java-1.8.0-openjdk-1.8.0.171-8.b10.el7_5.x86_64/jre/lib/amd64/libjava.so
7f28e4391000-7f28e4392000 r--p 0002d000 08:05 135994923                  /usr/lib/jvm/java-1.8.0-openjdk-1.8.0.171-8.b10.el7_5.x86_64/jre/lib/amd64/libjava.so
7f28e4392000-7f28e4394000 rw-p 0002e000 08:05 135994923                  /usr/lib/jvm/java-1.8.0-openjdk-1.8.0.171-8.b10.el7_5.x86_64/jre/lib/amd64/libjava.so
7f28e4394000-7f28e43a1000 r-xp 00000000 08:05 135994946                  /usr/lib/jvm/java-1.8.0-openjdk-1.8.0.171-8.b10.el7_5.x86_64/jre/lib/amd64/libverify.so
7f28e43a1000-7f28e45a0000 ---p 0000d000 08:05 135994946                  /usr/lib/jvm/java-1.8.0-openjdk-1.8.0.171-8.b10.el7_5.x86_64/jre/lib/amd64/libverify.so
7f28e45a0000-7f28e45a2000 r--p 0000c000 08:05 135994946                  /usr/lib/jvm/java-1.8.0-openjdk-1.8.0.171-8.b10.el7_5.x86_64/jre/lib/amd64/libverify.so
7f28e45a2000-7f28e45a3000 rw-p 0000e000 08:05 135994946                  /usr/lib/jvm/java-1.8.0-openjdk-1.8.0.171-8.b10.el7_5.x86_64/jre/lib/amd64/libverify.so
7f28e45a3000-7f28e45aa000 r-xp 00000000 08:05 202816363                  /usr/lib64/librt-2.17.so
7f28e45aa000-7f28e47a9000 ---p 00007000 08:05 202816363                  /usr/lib64/librt-2.17.so
7f28e47a9000-7f28e47aa000 r--p 00006000 08:05 202816363                  /usr/lib64/librt-2.17.so
7f28e47aa000-7f28e47ab000 rw-p 00007000 08:05 202816363                  /usr/lib64/librt-2.17.so
7f28e47ab000-7f28e47c0000 r-xp 00000000 08:05 201429134                  /usr/lib64/libgcc_s-4.8.5-20150702.so.1
7f28e47c0000-7f28e49bf000 ---p 00015000 08:05 201429134                  /usr/lib64/libgcc_s-4.8.5-20150702.so.1
7f28e49bf000-7f28e49c0000 r--p 00014000 08:05 201429134                  /usr/lib64/libgcc_s-4.8.5-20150702.so.1
7f28e49c0000-7f28e49c1000 rw-p 00015000 08:05 201429134                  /usr/lib64/libgcc_s-4.8.5-20150702.so.1
7f28e49c1000-7f28e4ac2000 r-xp 00000000 08:05 202816345                  /usr/lib64/libm-2.17.so
7f28e4ac2000-7f28e4cc1000 ---p 00101000 08:05 202816345                  /usr/lib64/libm-2.17.so
7f28e4cc1000-7f28e4cc2000 r--p 00100000 08:05 202816345                  /usr/lib64/libm-2.17.so
7f28e4cc2000-7f28e4cc3000 rw-p 00101000 08:05 202816345                  /usr/lib64/libm-2.17.so
7f28e4cc3000-7f28e4dac000 r-xp 00000000 08:05 202418614                  /usr/lib64/libstdc++.so.6.0.19
7f28e4dac000-7f28e4fab000 ---p 000e9000 08:05 202418614                  /usr/lib64/libstdc++.so.6.0.19
7f28e4fab000-7f28e4fb3000 r--p 000e8000 08:05 202418614                  /usr/lib64/libstdc++.so.6.0.19
7f28e4fb3000-7f28e4fb5000 rw-p 000f0000 08:05 202418614                  /usr/lib64/libstdc++.so.6.0.19
7f28e4fb5000-7f28e4fca000 rw-p 00000000 00:00 0 
7f28e4fca000-7f28e5c90000 r-xp 00000000 08:05 67543813                   /usr/lib/jvm/java-1.8.0-openjdk-1.8.0.171-8.b10.el7_5.x86_64/jre/lib/amd64/server/libjvm.so
7f28e5c90000-7f28e5e90000 ---p 00cc6000 08:05 67543813                   /usr/lib/jvm/java-1.8.0-openjdk-1.8.0.171-8.b10.el7_5.x86_64/jre/lib/amd64/server/libjvm.so
7f28e5e90000-7f28e5f3b000 r--p 00cc6000 08:05 67543813                   /usr/lib/jvm/java-1.8.0-openjdk-1.8.0.171-8.b10.el7_5.x86_64/jre/lib/amd64/server/libjvm.so
7f28e5f3b000-7f28e5f64000 rw-p 00d71000 08:05 67543813                   /usr/lib/jvm/java-1.8.0-openjdk-1.8.0.171-8.b10.el7_5.x86_64/jre/lib/amd64/server/libjvm.so
7f28e5f64000-7f28e5f97000 rw-p 00000000 00:00 0 
7f28e5f97000-7f28e615a000 r-xp 00000000 08:05 201328629                  /usr/lib64/libc-2.17.so
7f28e615a000-7f28e6359000 ---p 001c3000 08:05 201328629                  /usr/lib64/libc-2.17.so
7f28e6359000-7f28e635d000 r--p 001c2000 08:05 201328629                  /usr/lib64/libc-2.17.so
7f28e635d000-7f28e635f000 rw-p 001c6000 08:05 201328629                  /usr/lib64/libc-2.17.so
7f28e635f000-7f28e6364000 rw-p 00000000 00:00 0 
7f28e6364000-7f28e6366000 r-xp 00000000 08:05 202816343                  /usr/lib64/libdl-2.17.so
7f28e6366000-7f28e6566000 ---p 00002000 08:05 202816343                  /usr/lib64/libdl-2.17.so
7f28e6566000-7f28e6567000 r--p 00002000 08:05 202816343                  /usr/lib64/libdl-2.17.so
7f28e6567000-7f28e6568000 rw-p 00003000 08:05 202816343                  /usr/lib64/libdl-2.17.so
7f28e6568000-7f28e6576000 r-xp 00000000 08:05 1726550                    /usr/lib/jvm/java-1.8.0-openjdk-1.8.0.171-8.b10.el7_5.x86_64/jre/lib/amd64/jli/libjli.so
7f28e6576000-7f28e6775000 ---p 0000e000 08:05 1726550                    /usr/lib/jvm/java-1.8.0-openjdk-1.8.0.171-8.b10.el7_5.x86_64/jre/lib/amd64/jli/libjli.so
7f28e6775000-7f28e6776000 r--p 0000d000 08:05 1726550                    /usr/lib/jvm/java-1.8.0-openjdk-1.8.0.171-8.b10.el7_5.x86_64/jre/lib/amd64/jli/libjli.so
7f28e6776000-7f28e6777000 rw-p 0000e000 08:05 1726550                    /usr/lib/jvm/java-1.8.0-openjdk-1.8.0.171-8.b10.el7_5.x86_64/jre/lib/amd64/jli/libjli.so
7f28e6777000-7f28e678c000 r-xp 00000000 08:05 204492934                  /usr/lib64/libz.so.1.2.7
7f28e678c000-7f28e698b000 ---p 00015000 08:05 204492934                  /usr/lib64/libz.so.1.2.7
7f28e698b000-7f28e698c000 r--p 00014000 08:05 204492934                  /usr/lib64/libz.so.1.2.7
7f28e698c000-7f28e698d000 rw-p 00015000 08:05 204492934                  /usr/lib64/libz.so.1.2.7
7f28e698d000-7f28e69a4000 r-xp 00000000 08:05 201328655                  /usr/lib64/libpthread-2.17.so
7f28e69a4000-7f28e6ba3000 ---p 00017000 08:05 201328655                  /usr/lib64/libpthread-2.17.so
7f28e6ba3000-7f28e6ba4000 r--p 00016000 08:05 201328655                  /usr/lib64/libpthread-2.17.so
7f28e6ba4000-7f28e6ba5000 rw-p 00017000 08:05 201328655                  /usr/lib64/libpthread-2.17.so
7f28e6ba5000-7f28e6ba9000 rw-p 00000000 00:00 0 
7f28e6ba9000-7f28e6bcb000 r-xp 00000000 08:05 201328622                  /usr/lib64/ld-2.17.so
7f28e6cb6000-7f28e6cb9000 rw-p 00000000 00:00 0 
7f28e6cb9000-7f28e6cc1000 rw-s 00000000 08:05 71258766                   /tmp/hsperfdata_xhe/2616
7f28e6cc1000-7f28e6cc2000 rw-p 00000000 00:00 0 
7f28e6cc2000-7f28e6cc3000 r--p 00000000 00:00 0 
7f28e6cc3000-7f28e6cc7000 ---p 00000000 00:00 0 
7f28e6cc7000-7f28e6dca000 rw-p 00000000 00:00 0 
7f28e6dca000-7f28e6dcb000 r--p 00021000 08:05 201328622                  /usr/lib64/ld-2.17.so
7f28e6dcb000-7f28e6dcc000 rw-p 00022000 08:05 201328622                  /usr/lib64/ld-2.17.so
7f28e6dcc000-7f28e6dcd000 rw-p 00000000 00:00 0 
7ffcbe69d000-7ffcbe6bf000 rw-p 00000000 00:00 0                          [stack]
7ffcbe6ee000-7ffcbe6f0000 r-xp 00000000 00:00 0                          [vdso]
ffffffffff600000-ffffffffff601000 r-xp 00000000 00:00 0                  [vsyscall]

VM Arguments:
jvm_args: -Dfile.encoding=UTF-8 -Dclojure.compile.path=/home/xhe/clojush31/target/classes -Dclojush.version=3.11.1-1-SNAPSHOT -Dclojure.debug=false 
java_command: clojure.main -i /tmp/form-init7903714608103921275.clj
java_class_path (initial): /home/xhe/clojush31/test:/home/xhe/clojush31/src:/home/xhe/clojush31/dev-resources:/home/xhe/clojush31/resources:/home/xhe/clojush31/target/classes:/home/xhe/.m2/repository/org/clojure/math.combinatorics/0.1.1/math.combinatorics-0.1.1.jar:/home/xhe/.m2/repository/org/clojure/clojure/1.8.0/clojure-1.8.0.jar:/home/xhe/.m2/repository/tigris/tigris/0.1.1/tigris-0.1.1.jar:/home/xhe/.m2/repository/criterium/criterium/0.4.4/criterium-0.4.4.jar:/home/xhe/.m2/repository/prismatic/schema/1.0.1/schema-1.0.1.jar:/home/xhe/.m2/repository/org/clojure/data.csv/0.1.3/data.csv-0.1.3.jar:/home/xhe/.m2/repository/prismatic/plumbing/0.5.4/plumbing-0.5.4.jar:/home/xhe/.m2/repository/org/clojure/tools.nrepl/0.2.12/tools.nrepl-0.2.12.jar:/home/xhe/.m2/repository/org/clojars/etosch/cosmos/1.0.0/cosmos-1.0.0.jar:/home/xhe/.m2/repository/clojure-complete/clojure-complete/0.2.4/clojure-complete-0.2.4.jar:/home/xhe/.m2/repository/clojure-csv/clojure-csv/2.0.1/clojure-csv-2.0.1.jar:/home/xhe/.m2/repository/com/fasterxml/jackson/dataformat/jackson-dataformat-cbor/2.8.6/jackson-dataformat-cbor-2.8.6.jar:/home/xhe/.m2/repository/org/clojure/math.numeric-tower/0.0.4/math.numeric-tower-0.0.4.jar:/home/xhe/.m2/repository/local-file/local-file/0.1.0/local-file-0.1.0.jar:/home/xhe/.m2/repository/clj-random/clj-random/0.1.7/clj-random-0.1.7.jar:/home/xhe/.m2/repository/cheshire/cheshire/5.7.1/cheshire-5.7.1.jar:/home/xhe/.m2/repository/cider/cider-nrepl/0.17.0/cider-nrepl-0.17.0.jar:/home/xhe/.m2/repository/kephale/uncommons-maths/1.2.3/uncommons-maths-1.2.3.jar:/home/xhe/.m2/repository/de/kotka/lazymap/3.1.0/lazymap-3.1.0.jar:/home/xhe/.m2/repository/org/clojure/data.json/0.2.6/data.json-0.2.6.jar:/home/xhe/.m2/repository/com/fasterxml/jackson/dataformat/jackson-dataformat-smile/2.8.6/jackson-dataformat-smile-2.8.6.jar:/home/xhe/.m2/repository/net/totakke/libra/0.1.0/libra-0.1.0.jar:/home/xhe/.m2/repository/org/apache/commons/commons-math3/3.2/commons-math3-3.2.jar:/home/xh
Launcher Type: SUN_STANDARD

Environment Variables:
CLASSPATH=/home/xhe/.lein/self-installs/leiningen-2.7.1-standalone.jar
PATH=/sbin:/bin:/usr/local/bin:/usr/bin:/usr/sbin:/usr/X11R6/bin:/usr/local/sbin:/usr/bin/X11:/usr/local/global/bin:/usr/local/global/sbin:/usr/kerberos/bin/:/home/xhe/bin:/home/xhe/.local/bin:/home/xhe/bin
LD_LIBRARY_PATH=/lib:/usr/lib:/usr/local/lib:/usr/local/lib/X11:/usr/local/global/lib:/usr/lib64:/home/xhe/lib:/home/xhe/lib64
SHELL=/bin/bash
OSTYPE=Linux
ARCH=x86_64

Signal Handlers:
SIGSEGV: [libjvm.so+0xab5320], sa_mask[0]=11111111011111111101111111111110, sa_flags=SA_RESTART|SA_SIGINFO
SIGBUS: [libjvm.so+0xab5320], sa_mask[0]=11111111011111111101111111111110, sa_flags=SA_RESTART|SA_SIGINFO
SIGFPE: [libjvm.so+0x8ac6b0], sa_mask[0]=11111111011111111101111111111110, sa_flags=SA_RESTART|SA_SIGINFO
SIGPIPE: [libjvm.so+0x8ac6b0], sa_mask[0]=11111111011111111101111111111110, sa_flags=SA_RESTART|SA_SIGINFO
SIGXFSZ: [libjvm.so+0x8ac6b0], sa_mask[0]=11111111011111111101111111111110, sa_flags=SA_RESTART|SA_SIGINFO
SIGILL: [libjvm.so+0x8ac6b0], sa_mask[0]=11111111011111111101111111111110, sa_flags=SA_RESTART|SA_SIGINFO
SIGUSR1: SIG_DFL, sa_mask[0]=00000000000000000000000000000000, sa_flags=none
SIGUSR2: [libjvm.so+0x8ac560], sa_mask[0]=00100000000000000000000000000000, sa_flags=SA_RESTART|SA_SIGINFO
SIGHUP: SIG_DFL, sa_mask[0]=00000000000000000000000000000000, sa_flags=none
SIGINT: SIG_DFL, sa_mask[0]=00000000000000000000000000000000, sa_flags=none
SIGTERM: SIG_DFL, sa_mask[0]=00000000000000000000000000000000, sa_flags=none
SIGQUIT: SIG_DFL, sa_mask[0]=00000000000000000000000000000000, sa_flags=none


---------------  S Y S T E M  ---------------

OS:CentOS Linux release 7.5.1804 (Core) 

uname:Linux 3.10.0-862.3.2.el7.x86_64 #1 SMP Mon May 21 23:36:36 UTC 2018 x86_64
libc:glibc 2.17 NPTL 2.17 
rlimit: STACK 8192k, CORE 0k, NPROC 4096, NOFILE 4096, AS infinity
load average:5.95 4.87 3.40

/proc/meminfo:
MemTotal:       12121648 kB
MemFree:          146020 kB
MemAvailable:      38812 kB
Buffers:               0 kB
Cached:           142072 kB
SwapCached:        10564 kB
Active:          9612924 kB
Inactive:        1878628 kB
Active(anon):    9598616 kB
Inactive(anon):  1848924 kB
Active(file):      14308 kB
Inactive(file):    29704 kB
Unevictable:           0 kB
Mlocked:               0 kB
SwapTotal:       4194300 kB
SwapFree:              0 kB
Dirty:                 0 kB
Writeback:           268 kB
AnonPages:      11339744 kB
Mapped:            21924 kB
Shmem:             97340 kB
Slab:             195772 kB
SReclaimable:      65052 kB
SUnreclaim:       130720 kB
KernelStack:       29840 kB
PageTables:        72632 kB
NFS_Unstable:          0 kB
Bounce:                0 kB
WritebackTmp:          0 kB
CommitLimit:    10255124 kB
Committed_AS:   24571960 kB
VmallocTotal:   34359738367 kB
VmallocUsed:      336408 kB
VmallocChunk:   34352560124 kB
HardwareCorrupted:     0 kB
AnonHugePages:    169984 kB
CmaTotal:              0 kB
CmaFree:               0 kB
HugePages_Total:       0
HugePages_Free:        0
HugePages_Rsvd:        0
HugePages_Surp:        0
Hugepagesize:       2048 kB
DirectMap4k:      277988 kB
DirectMap2M:     7049216 kB
DirectMap1G:     5242880 kB


CPU:total 16 (initial active 16) (4 cores per cpu, 2 threads per core) family 6 model 44 stepping 2, cmov, cx8, fxsr, mmx, sse, sse2, sse3, ssse3, sse4.1, sse4.2, popcnt, aes, clmul, ht, tsc, tscinvbit, tscinv

/proc/cpuinfo:
processor	: 0
vendor_id	: GenuineIntel
cpu family	: 6
model		: 44
model name	: Intel(R) Xeon(R) CPU           E5620  @ 2.40GHz
stepping	: 2
microcode	: 0x1a
cpu MHz		: 2393.833
cache size	: 12288 KB
physical id	: 1
siblings	: 8
core id		: 0
cpu cores	: 4
apicid		: 32
initial apicid	: 32
fpu		: yes
fpu_exception	: yes
cpuid level	: 11
wp		: yes
flags		: fpu vme de pse tsc msr pae mce cx8 apic sep mtrr pge mca cmov pat pse36 clflush dts acpi mmx fxsr sse sse2 ss ht tm pbe syscall nx pdpe1gb rdtscp lm constant_tsc arch_perfmon pebs bts rep_good nopl xtopology nonstop_tsc aperfmperf pni pclmulqdq dtes64 monitor ds_cpl vmx smx est tm2 ssse3 cx16 xtpr pdcm pcid dca sse4_1 sse4_2 popcnt aes lahf_lm tpr_shadow vnmi flexpriority ept vpid dtherm ida arat
bogomips	: 4787.66
clflush size	: 64
cache_alignment	: 64
address sizes	: 40 bits physical, 48 bits virtual
power management:

processor	: 1
vendor_id	: GenuineIntel
cpu family	: 6
model		: 44
model name	: Intel(R) Xeon(R) CPU           E5620  @ 2.40GHz
stepping	: 2
microcode	: 0x1a
cpu MHz		: 2393.833
cache size	: 12288 KB
physical id	: 0
siblings	: 8
core id		: 0
cpu cores	: 4
apicid		: 0
initial apicid	: 0
fpu		: yes
fpu_exception	: yes
cpuid level	: 11
wp		: yes
flags		: fpu vme de pse tsc msr pae mce cx8 apic sep mtrr pge mca cmov pat pse36 clflush dts acpi mmx fxsr sse sse2 ss ht tm pbe syscall nx pdpe1gb rdtscp lm constant_tsc arch_perfmon pebs bts rep_good nopl xtopology nonstop_tsc aperfmperf pni pclmulqdq dtes64 monitor ds_cpl vmx smx est tm2 ssse3 cx16 xtpr pdcm pcid dca sse4_1 sse4_2 popcnt aes lahf_lm tpr_shadow vnmi flexpriority ept vpid dtherm ida arat
bogomips	: 4787.83
clflush size	: 64
cache_alignment	: 64
address sizes	: 40 bits physical, 48 bits virtual
power management:

processor	: 2
vendor_id	: GenuineIntel
cpu family	: 6
model		: 44
model name	: Intel(R) Xeon(R) CPU           E5620  @ 2.40GHz
stepping	: 2
microcode	: 0x1a
cpu MHz		: 2393.833
cache size	: 12288 KB
physical id	: 1
siblings	: 8
core id		: 1
cpu cores	: 4
apicid		: 34
initial apicid	: 34
fpu		: yes
fpu_exception	: yes
cpuid level	: 11
wp		: yes
flags		: fpu vme de pse tsc msr pae mce cx8 apic sep mtrr pge mca cmov pat pse36 clflush dts acpi mmx fxsr sse sse2 ss ht tm pbe syscall nx pdpe1gb rdtscp lm constant_tsc arch_perfmon pebs bts rep_good nopl xtopology nonstop_tsc aperfmperf pni pclmulqdq dtes64 monitor ds_cpl vmx smx est tm2 ssse3 cx16 xtpr pdcm pcid dca sse4_1 sse4_2 popcnt aes lahf_lm tpr_shadow vnmi flexpriority ept vpid dtherm ida arat
bogomips	: 4787.66
clflush size	: 64
cache_alignment	: 64
address sizes	: 40 bits physical, 48 bits virtual
power management:

processor	: 3
vendor_id	: GenuineIntel
cpu family	: 6
model		: 44
model name	: Intel(R) Xeon(R) CPU           E5620  @ 2.40GHz
stepping	: 2
microcode	: 0x1a
cpu MHz		: 2393.833
cache size	: 12288 KB
physical id	: 0
siblings	: 8
core id		: 1
cpu cores	: 4
apicid		: 2
initial apicid	: 2
fpu		: yes
fpu_exception	: yes
cpuid level	: 11
wp		: yes
flags		: fpu vme de pse tsc msr pae mce cx8 apic sep mtrr pge mca cmov pat pse36 clflush dts acpi mmx fxsr sse sse2 ss ht tm pbe syscall nx pdpe1gb rdtscp lm constant_tsc arch_perfmon pebs bts rep_good nopl xtopology nonstop_tsc aperfmperf pni pclmulqdq dtes64 monitor ds_cpl vmx smx est tm2 ssse3 cx16 xtpr pdcm pcid dca sse4_1 sse4_2 popcnt aes lahf_lm tpr_shadow vnmi flexpriority ept vpid dtherm ida arat
bogomips	: 4787.83
clflush size	: 64
cache_alignment	: 64
address sizes	: 40 bits physical, 48 bits virtual
power management:

processor	: 4
vendor_id	: GenuineIntel
cpu family	: 6
model		: 44
model name	: Intel(R) Xeon(R) CPU           E5620  @ 2.40GHz
stepping	: 2
microcode	: 0x1a
cpu MHz		: 2393.833
cache size	: 12288 KB
physical id	: 1
siblings	: 8
core id		: 9
cpu cores	: 4
apicid		: 50
initial apicid	: 50
fpu		: yes
fpu_exception	: yes
cpuid level	: 11
wp		: yes
flags		: fpu vme de pse tsc msr pae mce cx8 apic sep mtrr pge mca cmov pat pse36 clflush dts acpi mmx fxsr sse sse2 ss ht tm pbe syscall nx pdpe1gb rdtscp lm constant_tsc arch_perfmon pebs bts rep_good nopl xtopology nonstop_tsc aperfmperf pni pclmulqdq dtes64 monitor ds_cpl vmx smx est tm2 ssse3 cx16 xtpr pdcm pcid dca sse4_1 sse4_2 popcnt aes lahf_lm tpr_shadow vnmi flexpriority ept vpid dtherm ida arat
bogomips	: 4787.66
clflush size	: 64
cache_alignment	: 64
address sizes	: 40 bits physical, 48 bits virtual
power management:

processor	: 5
vendor_id	: GenuineIntel
cpu family	: 6
model		: 44
model name	: Intel(R) Xeon(R) CPU           E5620  @ 2.40GHz
stepping	: 2
microcode	: 0x1a
cpu MHz		: 2393.833
cache size	: 12288 KB
physical id	: 0
siblings	: 8
core id		: 9
cpu cores	: 4
apicid		: 18
initial apicid	: 18
fpu		: yes
fpu_exception	: yes
cpuid level	: 11
wp		: yes
flags		: fpu vme de pse tsc msr pae mce cx8 apic sep mtrr pge mca cmov pat pse36 clflush dts acpi mmx fxsr sse sse2 ss ht tm pbe syscall nx pdpe1gb rdtscp lm constant_tsc arch_perfmon pebs bts rep_good nopl xtopology nonstop_tsc aperfmperf pni pclmulqdq dtes64 monitor ds_cpl vmx smx est tm2 ssse3 cx16 xtpr pdcm pcid dca sse4_1 sse4_2 popcnt aes lahf_lm tpr_shadow vnmi flexpriority ept vpid dtherm ida arat
bogomips	: 4787.83
clflush size	: 64
cache_alignment	: 64
address sizes	: 40 bits physical, 48 bits virtual
power management:

processor	: 6
vendor_id	: GenuineIntel
cpu family	: 6
model		: 44
model name	: Intel(R) Xeon(R) CPU           E5620  @ 2.40GHz
stepping	: 2
microcode	: 0x1a
cpu MHz		: 2393.833
cache size	: 12288 KB
physical id	: 1
siblings	: 8
core id		: 10
cpu cores	: 4
apicid		: 52
initial apicid	: 52
fpu		: yes
fpu_exception	: yes
cpuid level	: 11
wp		: yes
flags		: fpu vme de pse tsc msr pae mce cx8 apic sep mtrr pge mca cmov pat pse36 clflush dts acpi mmx fxsr sse sse2 ss ht tm pbe syscall nx pdpe1gb rdtscp lm constant_tsc arch_perfmon pebs bts rep_good nopl xtopology nonstop_tsc aperfmperf pni pclmulqdq dtes64 monitor ds_cpl vmx smx est tm2 ssse3 cx16 xtpr pdcm pcid dca sse4_1 sse4_2 popcnt aes lahf_lm tpr_shadow vnmi flexpriority ept vpid dtherm ida arat
bogomips	: 4787.66
clflush size	: 64
cache_alignment	: 64
address sizes	: 40 bits physical, 48 bits virtual
power management:

processor	: 7
vendor_id	: GenuineIntel
cpu family	: 6
model		: 44
model name	: Intel(R) Xeon(R) CPU           E5620  @ 2.40GHz
stepping	: 2
microcode	: 0x1a
cpu MHz		: 2393.833
cache size	: 12288 KB
physical id	: 0
siblings	: 8
core id		: 10
cpu cores	: 4
apicid		: 20
initial apicid	: 20
fpu		: yes
fpu_exception	: yes
cpuid level	: 11
wp		: yes
flags		: fpu vme de pse tsc msr pae mce cx8 apic sep mtrr pge mca cmov pat pse36 clflush dts acpi mmx fxsr sse sse2 ss ht tm pbe syscall nx pdpe1gb rdtscp lm constant_tsc arch_perfmon pebs bts rep_good nopl xtopology nonstop_tsc aperfmperf pni pclmulqdq dtes64 monitor ds_cpl vmx smx est tm2 ssse3 cx16 xtpr pdcm pcid dca sse4_1 sse4_2 popcnt aes lahf_lm tpr_shadow vnmi flexpriority ept vpid dtherm ida arat
bogomips	: 4787.83
clflush size	: 64
cache_alignment	: 64
address sizes	: 40 bits physical, 48 bits virtual
power management:

processor	: 8
vendor_id	: GenuineIntel
cpu family	: 6
model		: 44
model name	: Intel(R) Xeon(R) CPU           E5620  @ 2.40GHz
stepping	: 2
microcode	: 0x1a
cpu MHz		: 2393.833
cache size	: 12288 KB
physical id	: 1
siblings	: 8
core id		: 0
cpu cores	: 4
apicid		: 33
initial apicid	: 33
fpu		: yes
fpu_exception	: yes
cpuid level	: 11
wp		: yes
flags		: fpu vme de pse tsc msr pae mce cx8 apic sep mtrr pge mca cmov pat pse36 clflush dts acpi mmx fxsr sse sse2 ss ht tm pbe syscall nx pdpe1gb rdtscp lm constant_tsc arch_perfmon pebs bts rep_good nopl xtopology nonstop_tsc aperfmperf pni pclmulqdq dtes64 monitor ds_cpl vmx smx est tm2 ssse3 cx16 xtpr pdcm pcid dca sse4_1 sse4_2 popcnt aes lahf_lm tpr_shadow vnmi flexpriority ept vpid dtherm ida arat
bogomips	: 4787.66
clflush size	: 64
cache_alignment	: 64
address sizes	: 40 bits physical, 48 bits virtual
power management:

processor	: 9
vendor_id	: GenuineIntel
cpu family	: 6
model		: 44
model name	: Intel(R) Xeon(R) CPU           E5620  @ 2.40GHz
stepping	: 2
microcode	: 0x1a
cpu MHz		: 2393.833
cache size	: 12288 KB
physical id	: 0
siblings	: 8
core id		: 0
cpu cores	: 4
apicid		: 1
initial apicid	: 1
fpu		: yes
fpu_exception	: yes
cpuid level	: 11
wp		: yes
flags		: fpu vme de pse tsc msr pae mce cx8 apic sep mtrr pge mca cmov pat pse36 clflush dts acpi mmx fxsr sse sse2 ss ht tm pbe syscall nx pdpe1gb rdtscp lm constant_tsc arch_perfmon pebs bts rep_good nopl xtopology nonstop_tsc aperfmperf pni pclmulqdq dtes64 monitor ds_cpl vmx smx est tm2 ssse3 cx16 xtpr pdcm pcid dca sse4_1 sse4_2 popcnt aes lahf_lm tpr_shadow vnmi flexpriority ept vpid dtherm ida arat
bogomips	: 4787.83
clflush size	: 64
cache_alignment	: 64
address sizes	: 40 bits physical, 48 bits virtual
power management:

processor	: 10
vendor_id	: GenuineIntel
cpu family	: 6
model		: 44
model name	: Intel(R) Xeon(R) CPU           E5620  @ 2.40GHz
stepping	: 2
microcode	: 0x1a
cpu MHz		: 2393.833
cache size	: 12288 KB
physical id	: 1
siblings	: 8
core id		: 1
cpu cores	: 4
apicid		: 35
initial apicid	: 35
fpu		: yes
fpu_exception	: yes
cpuid level	: 11
wp		: yes
flags		: fpu vme de pse tsc msr pae mce cx8 apic sep mtrr pge mca cmov pat pse36 clflush dts acpi mmx fxsr sse sse2 ss ht tm pbe syscall nx pdpe1gb rdtscp lm constant_tsc arch_perfmon pebs bts rep_good nopl xtopology nonstop_tsc aperfmperf pni pclmulqdq dtes64 monitor ds_cpl vmx smx est tm2 ssse3 cx16 xtpr pdcm pcid dca sse4_1 sse4_2 popcnt aes lahf_lm tpr_shadow vnmi flexpriority ept vpid dtherm ida arat
bogomips	: 4787.66
clflush size	: 64
cache_alignment	: 64
address sizes	: 40 bits physical, 48 bits virtual
power management:

processor	: 11
vendor_id	: GenuineIntel
cpu family	: 6
model		: 44
model name	: Intel(R) Xeon(R) CPU           E5620  @ 2.40GHz
stepping	: 2
microcode	: 0x1a
cpu MHz		: 2393.833
cache size	: 12288 KB
physical id	: 0
siblings	: 8
core id		: 1
cpu cores	: 4
apicid		: 3
initial apicid	: 3
fpu		: yes
fpu_exception	: yes
cpuid level	: 11
wp		: yes
flags		: fpu vme de pse tsc msr pae mce cx8 apic sep mtrr pge mca cmov pat pse36 clflush dts acpi mmx fxsr sse sse2 ss ht tm pbe syscall nx pdpe1gb rdtscp lm constant_tsc arch_perfmon pebs bts rep_good nopl xtopology nonstop_tsc aperfmperf pni pclmulqdq dtes64 monitor ds_cpl vmx smx est tm2 ssse3 cx16 xtpr pdcm pcid dca sse4_1 sse4_2 popcnt aes lahf_lm tpr_shadow vnmi flexpriority ept vpid dtherm ida arat
bogomips	: 4787.83
clflush size	: 64
cache_alignment	: 64
address sizes	: 40 bits physical, 48 bits virtual
power management:

processor	: 12
vendor_id	: GenuineIntel
cpu family	: 6
model		: 44
model name	: Intel(R) Xeon(R) CPU           E5620  @ 2.40GHz
stepping	: 2
microcode	: 0x1a
cpu MHz		: 2393.833
cache size	: 12288 KB
physical id	: 1
siblings	: 8
core id		: 9
cpu cores	: 4
apicid		: 51
initial apicid	: 51
fpu		: yes
fpu_exception	: yes
cpuid level	: 11
wp		: yes
flags		: fpu vme de pse tsc msr pae mce cx8 apic sep mtrr pge mca cmov pat pse36 clflush dts acpi mmx fxsr sse sse2 ss ht tm pbe syscall nx pdpe1gb rdtscp lm constant_tsc arch_perfmon pebs bts rep_good nopl xtopology nonstop_tsc aperfmperf pni pclmulqdq dtes64 monitor ds_cpl vmx smx est tm2 ssse3 cx16 xtpr pdcm pcid dca sse4_1 sse4_2 popcnt aes lahf_lm tpr_shadow vnmi flexpriority ept vpid dtherm ida arat
bogomips	: 4787.66
clflush size	: 64
cache_alignment	: 64
address sizes	: 40 bits physical, 48 bits virtual
power management:

processor	: 13
vendor_id	: GenuineIntel
cpu family	: 6
model		: 44
model name	: Intel(R) Xeon(R) CPU           E5620  @ 2.40GHz
stepping	: 2
microcode	: 0x1a
cpu MHz		: 2393.833
cache size	: 12288 KB
physical id	: 0
siblings	: 8
core id		: 9
cpu cores	: 4
apicid		: 19
initial apicid	: 19
fpu		: yes
fpu_exception	: yes
cpuid level	: 11
wp		: yes
flags		: fpu vme de pse tsc msr pae mce cx8 apic sep mtrr pge mca cmov pat pse36 clflush dts acpi mmx fxsr sse sse2 ss ht tm pbe syscall nx pdpe1gb rdtscp lm constant_tsc arch_perfmon pebs bts rep_good nopl xtopology nonstop_tsc aperfmperf pni pclmulqdq dtes64 monitor ds_cpl vmx smx est tm2 ssse3 cx16 xtpr pdcm pcid dca sse4_1 sse4_2 popcnt aes lahf_lm tpr_shadow vnmi flexpriority ept vpid dtherm ida arat
bogomips	: 4787.83
clflush size	: 64
cache_alignment	: 64
address sizes	: 40 bits physical, 48 bits virtual
power management:

processor	: 14
vendor_id	: GenuineIntel
cpu family	: 6
model		: 44
model name	: Intel(R) Xeon(R) CPU           E5620  @ 2.40GHz
stepping	: 2
microcode	: 0x1a
cpu MHz		: 2393.833
cache size	: 12288 KB
physical id	: 1
siblings	: 8
core id		: 10
cpu cores	: 4
apicid		: 53
initial apicid	: 53
fpu		: yes
fpu_exception	: yes
cpuid level	: 11
wp		: yes
flags		: fpu vme de pse tsc msr pae mce cx8 apic sep mtrr pge mca cmov pat pse36 clflush dts acpi mmx fxsr sse sse2 ss ht tm pbe syscall nx pdpe1gb rdtscp lm constant_tsc arch_perfmon pebs bts rep_good nopl xtopology nonstop_tsc aperfmperf pni pclmulqdq dtes64 monitor ds_cpl vmx smx est tm2 ssse3 cx16 xtpr pdcm pcid dca sse4_1 sse4_2 popcnt aes lahf_lm tpr_shadow vnmi flexpriority ept vpid dtherm ida arat
bogomips	: 4787.66
clflush size	: 64
cache_alignment	: 64
address sizes	: 40 bits physical, 48 bits virtual
power management:

processor	: 15
vendor_id	: GenuineIntel
cpu family	: 6
model		: 44
model name	: Intel(R) Xeon(R) CPU           E5620  @ 2.40GHz
stepping	: 2
microcode	: 0x1a
cpu MHz		: 2393.833
cache size	: 12288 KB
physical id	: 0
siblings	: 8
core id		: 10
cpu cores	: 4
apicid		: 21
initial apicid	: 21
fpu		: yes
fpu_exception	: yes
cpuid level	: 11
wp		: yes
flags		: fpu vme de pse tsc msr pae mce cx8 apic sep mtrr pge mca cmov pat pse36 clflush dts acpi mmx fxsr sse sse2 ss ht tm pbe syscall nx pdpe1gb rdtscp lm constant_tsc arch_perfmon pebs bts rep_good nopl xtopology nonstop_tsc aperfmperf pni pclmulqdq dtes64 monitor ds_cpl vmx smx est tm2 ssse3 cx16 xtpr pdcm pcid dca sse4_1 sse4_2 popcnt aes lahf_lm tpr_shadow vnmi flexpriority ept vpid dtherm ida arat
bogomips	: 4787.83
clflush size	: 64
cache_alignment	: 64
address sizes	: 40 bits physical, 48 bits virtual
power management:



Memory: 4k page, physical 12121648k(146020k free), swap 4194300k(0k free)

vm_info: OpenJDK 64-Bit Server VM (25.171-b10) for linux-amd64 JRE (1.8.0_171-b10), built on May 22 2018 01:32:00 by "mockbuild" with gcc 4.8.5 20150623 (Red Hat 4.8.5-28)

time: Thu Aug 23 18:33:46 2018
elapsed time: 4 seconds (0d 0h 0m 4s)

