#
# There is insufficient memory for the Java Runtime Environment to continue.
# Native memory allocation (mmap) failed to map 207093760 bytes for committing reserved memory.
# Possible reasons:
#   The system is out of physical RAM or swap space
#   In 32 bit mode, the process size limit was hit
# Possible solutions:
#   Reduce memory load on the system
#   Increase physical memory or swap space
#   Check if swap backing store is full
#   Use 64 bit Java on a 64 bit OS
#   Decrease Java heap size (-Xmx/-Xms)
#   Decrease number of Java threads
#   Decrease Java thread stack sizes (-Xss)
#   Set larger code cache with -XX:ReservedCodeCacheSize=
# This output file may be truncated or incomplete.
#
#  Out of Memory Error (os_linux.cpp:2657), pid=1675, tid=0x00007f741114e700
#
# JRE version: OpenJDK Runtime Environment (8.0_171-b10) (build 1.8.0_171-b10)
# Java VM: OpenJDK 64-Bit Server VM (25.171-b10 mixed mode linux-amd64 compressed oops)
# Failed to write core dump. Core dumps have been disabled. To enable core dumping, try "ulimit -c unlimited" before starting Java again
#

---------------  T H R E A D  ---------------

Current thread (0x00007f7454093260):  VMThread [stack: 0x00007f741104f000,0x00007f741114f000] [id=1694]

Stack: [0x00007f741104f000,0x00007f741114f000],  sp=0x00007f741114d460,  free space=1017k
Native frames: (J=compiled Java code, j=interpreted, Vv=VM code, C=native code)
V  [libjvm.so+0xab47fd]
V  [libjvm.so+0x4ec92a]
V  [libjvm.so+0x8b0ee8]
V  [libjvm.so+0x8ab3fe]
V  [libjvm.so+0x92477b]
V  [libjvm.so+0x925450]
V  [libjvm.so+0x9257ab]
V  [libjvm.so+0x92211c]
V  [libjvm.so+0x9228f8]
V  [libjvm.so+0x8d4e33]
V  [libjvm.so+0xab65d3]
V  [libjvm.so+0xabab87]
V  [libjvm.so+0xab9498]
V  [libjvm.so+0xab9969]
V  [libjvm.so+0xab9dc1]
V  [libjvm.so+0x8ae232]

VM_Operation (0x00007f740422af70): ParallelGCFailedAllocation, mode: safepoint, requested by thread 0x00007f7454a56680


---------------  P R O C E S S  ---------------

Java Threads: ( => current thread )
  0x00007f7454a72620 JavaThread "clojure-agent-send-pool-17" [_thread_blocked, id=1749, stack(0x00007f73f18d5000,0x00007f73f19d6000)]
  0x00007f7454a78ad0 JavaThread "clojure-agent-send-pool-16" [_thread_blocked, id=1748, stack(0x00007f73f19d6000,0x00007f73f1ad7000)]
  0x00007f7454a74070 JavaThread "clojure-agent-send-pool-15" [_thread_blocked, id=1747, stack(0x00007f740402c000,0x00007f740412d000)]
  0x00007f7454a56680 JavaThread "clojure-agent-send-pool-14" [_thread_blocked, id=1746, stack(0x00007f740412d000,0x00007f740422e000)]
  0x00007f7454a38220 JavaThread "clojure-agent-send-pool-13" [_thread_blocked, id=1745, stack(0x00007f740422e000,0x00007f740432f000)]
  0x00007f7454a6bc90 JavaThread "clojure-agent-send-pool-12" [_thread_blocked, id=1744, stack(0x00007f740432f000,0x00007f7404430000)]
  0x00007f7454a69470 JavaThread "clojure-agent-send-pool-11" [_thread_blocked, id=1743, stack(0x00007f7404430000,0x00007f7404531000)]
  0x00007f7454a606f0 JavaThread "clojure-agent-send-pool-10" [_thread_blocked, id=1742, stack(0x00007f7404531000,0x00007f7404632000)]
  0x00007f7454a676e0 JavaThread "clojure-agent-send-pool-9" [_thread_blocked, id=1741, stack(0x00007f7404632000,0x00007f7404733000)]
  0x00007f7454a5c410 JavaThread "clojure-agent-send-pool-8" [_thread_blocked, id=1740, stack(0x00007f7404733000,0x00007f7404834000)]
  0x00007f7454a59f20 JavaThread "clojure-agent-send-pool-7" [_thread_blocked, id=1739, stack(0x00007f7404834000,0x00007f7404935000)]
  0x00007f7454bd0ae0 JavaThread "clojure-agent-send-pool-6" [_thread_blocked, id=1738, stack(0x00007f7404935000,0x00007f7404a36000)]
  0x00007f7454a62bf0 JavaThread "clojure-agent-send-pool-5" [_thread_blocked, id=1737, stack(0x00007f7404a36000,0x00007f7404b37000)]
  0x00007f7454a5e440 JavaThread "clojure-agent-send-pool-4" [_thread_blocked, id=1736, stack(0x00007f7404b37000,0x00007f7404c38000)]
  0x00007f7454a51c60 JavaThread "clojure-agent-send-pool-3" [_thread_blocked, id=1735, stack(0x00007f7404c38000,0x00007f7404d39000)]
  0x00007f7454b9e9b0 JavaThread "clojure-agent-send-pool-2" [_thread_blocked, id=1734, stack(0x00007f7404d39000,0x00007f7404e3a000)]
  0x00007f7454a584e0 JavaThread "clojure-agent-send-pool-1" [_thread_blocked, id=1733, stack(0x00007f7404e3a000,0x00007f7404f3b000)]
  0x00007f7454ac6eb0 JavaThread "clojure-agent-send-pool-0" [_thread_blocked, id=1732, stack(0x00007f7404f3b000,0x00007f740503c000)]
  0x00007f74540f6930 JavaThread "Service Thread" daemon [_thread_blocked, id=1710, stack(0x00007f741003e000,0x00007f741013f000)]
  0x00007f74540f1de0 JavaThread "C1 CompilerThread11" daemon [_thread_blocked, id=1709, stack(0x00007f7410140000,0x00007f7410240000)]
  0x00007f74540f05d0 JavaThread "C1 CompilerThread10" daemon [_thread_blocked, id=1708, stack(0x00007f7410241000,0x00007f7410341000)]
  0x00007f74540ee9d0 JavaThread "C1 CompilerThread9" daemon [_thread_blocked, id=1707, stack(0x00007f7410342000,0x00007f7410442000)]
  0x00007f74540ecdd0 JavaThread "C1 CompilerThread8" daemon [_thread_blocked, id=1706, stack(0x00007f7410443000,0x00007f7410543000)]
  0x00007f74540eb1d0 JavaThread "C2 CompilerThread7" daemon [_thread_blocked, id=1705, stack(0x00007f7410544000,0x00007f7410644000)]
  0x00007f74540e95d0 JavaThread "C2 CompilerThread6" daemon [_thread_blocked, id=1704, stack(0x00007f7410645000,0x00007f7410745000)]
  0x00007f74540e79f0 JavaThread "C2 CompilerThread5" daemon [_thread_blocked, id=1703, stack(0x00007f7410746000,0x00007f7410846000)]
  0x00007f74540dde20 JavaThread "C2 CompilerThread4" daemon [_thread_in_native, id=1702, stack(0x00007f7410847000,0x00007f7410947000)]
  0x00007f74540dc240 JavaThread "C2 CompilerThread3" daemon [_thread_blocked, id=1701, stack(0x00007f7410948000,0x00007f7410a48000)]
  0x00007f74540da660 JavaThread "C2 CompilerThread2" daemon [_thread_blocked, id=1700, stack(0x00007f7410a49000,0x00007f7410b49000)]
  0x00007f745401cb30 JavaThread "C2 CompilerThread1" daemon [_thread_blocked, id=1699, stack(0x00007f7410b4a000,0x00007f7410c4a000)]
  0x00007f74540cc1a0 JavaThread "C2 CompilerThread0" daemon [_thread_blocked, id=1698, stack(0x00007f7410c4b000,0x00007f7410d4b000)]
  0x00007f74540ca7f0 JavaThread "Signal Dispatcher" daemon [_thread_blocked, id=1697, stack(0x00007f7410d4b000,0x00007f7410e4c000)]
  0x00007f74540a0970 JavaThread "Finalizer" daemon [_thread_blocked, id=1696, stack(0x00007f7410e4c000,0x00007f7410f4d000)]
  0x00007f745409c700 JavaThread "Reference Handler" daemon [_thread_blocked, id=1695, stack(0x00007f7410f4d000,0x00007f741104e000)]
  0x00007f745400aef0 JavaThread "main" [_thread_blocked, id=1680, stack(0x00007f745d19e000,0x00007f745d29e000)]

Other Threads:
=>0x00007f7454093260 VMThread [stack: 0x00007f741104f000,0x00007f741114f000] [id=1694]
  0x00007f74540f8740 WatcherThread [stack: 0x00007f7406280000,0x00007f7406380000] [id=1711]

VM state:at safepoint (normal execution)

VM Mutex/Monitor currently owned by a thread:  ([mutex/lock_event])
[0x00007f74540082f0] Threads_lock - owner thread: 0x00007f7454093260
[0x00007f74540087f0] Heap_lock - owner thread: 0x00007f7454a56680
[0x00007f7454008df0] MethodCompileQueue_lock - owner thread: 0x00007f74540f1de0

Heap:
 PSYoungGen      total 589824K, used 14848K [0x0000000782580000, 0x00000007aae80000, 0x00000007c0000000)
  eden space 574976K, 0% used [0x0000000782580000,0x0000000782580000,0x00000007a5700000)
  from space 14848K, 100% used [0x00000007a5700000,0x00000007a6580000,0x00000007a6580000)
  to   space 10240K, 0% used [0x00000007a6580000,0x00000007a6580000,0x00000007a6f80000)
 ParOldGen       total 65536K, used 43093K [0x0000000707000000, 0x000000070b000000, 0x0000000782580000)
  object space 65536K, 65% used [0x0000000707000000,0x0000000709a15708,0x000000070b000000)
 Metaspace       used 27536K, capacity 35281K, committed 35456K, reserved 1075200K
  class space    used 6698K, capacity 9526K, committed 9600K, reserved 1048576K

Card table byte_map: [0x00007f7458e8b000,0x00007f7459454000] byte_map_base: 0x00007f7455653000

Marking Bits: (ParMarkBitMap*) 0x00007f745c453e00
 Begin Bits: [0x00007f7406380000, 0x00007f74091c0000)
 End Bits:   [0x00007f74091c0000, 0x00007f740c000000)

Polling page: 0x00007f745d19c000

CodeCache: size=245760Kb used=18011Kb max_used=18011Kb free=227748Kb
 bounds [0x00007f7445000000, 0x00007f74461c0000, 0x00007f7454000000]
 total_blobs=3629 nmethods=3273 adapters=268
 compilation: enabled

Compilation events (10 events):
Event: 12.811 Thread 0x00007f74540f1de0 nmethod 3807 0x00007f744616f610 code [0x00007f744616f7a0, 0x00007f744616fb88]
Event: 12.811 Thread 0x00007f74540f1de0 3808       3       clojush.util$compute_next_row$fn__1254::<init> (15 bytes)
Event: 12.811 Thread 0x00007f74540f1de0 nmethod 3808 0x00007f7446190390 code [0x00007f7446190500, 0x00007f74461907b0]
Event: 12.811 Thread 0x00007f74540f1de0 3809       3       clojure.core$map::invoke (18 bytes)
Event: 12.812 Thread 0x00007f74540f1de0 nmethod 3809 0x00007f744618f890 code [0x00007f744618fa40, 0x00007f744618ffb0]
Event: 12.812 Thread 0x00007f74540f1de0 3881       3       clojush.instructions.common$yankduper$fn__1783::invoke (440 bytes)
Event: 12.821 Thread 0x00007f74540f1de0 nmethod 3881 0x00007f74461a3650 code [0x00007f74461a3c60, 0x00007f74461a8208]
Event: 12.821 Thread 0x00007f74540f1de0 3903       2       clojure.lang.PersistentVector::pushTail (106 bytes)
Event: 12.822 Thread 0x00007f74540ecdd0 nmethod 3837 0x00007f74461a9dd0 code [0x00007f74461aa360, 0x00007f74461ae8c8]
Event: 12.822 Thread 0x00007f74540ecdd0 3850       3       clojush.instructions.input_output$printer$fn__2195::invoke (368 bytes)

GC Heap History (10 events):
Event: 4.310 GC heap after
Heap after GC invocations=5 (full 0):
 PSYoungGen      total 200192K, used 7552K [0x0000000782580000, 0x000000079af80000, 0x00000007c0000000)
  eden space 192512K, 0% used [0x0000000782580000,0x0000000782580000,0x000000078e180000)
  from space 7680K, 98% used [0x000000078e180000,0x000000078e8e0080,0x000000078e900000)
  to   space 9216K, 0% used [0x000000079a680000,0x000000079a680000,0x000000079af80000)
 ParOldGen       total 126976K, used 374K [0x0000000707000000, 0x000000070ec00000, 0x0000000782580000)
  object space 126976K, 0% used [0x0000000707000000,0x000000070705db40,0x000000070ec00000)
 Metaspace       used 18452K, capacity 21259K, committed 21296K, reserved 1064960K
  class space    used 3888K, capacity 4956K, committed 4992K, reserved 1048576K
}
Event: 4.311 GC heap before
{Heap before GC invocations=6 (full 1):
 PSYoungGen      total 200192K, used 7552K [0x0000000782580000, 0x000000079af80000, 0x00000007c0000000)
  eden space 192512K, 0% used [0x0000000782580000,0x0000000782580000,0x000000078e180000)
  from space 7680K, 98% used [0x000000078e180000,0x000000078e8e0080,0x000000078e900000)
  to   space 9216K, 0% used [0x000000079a680000,0x000000079a680000,0x000000079af80000)
 ParOldGen       total 126976K, used 374K [0x0000000707000000, 0x000000070ec00000, 0x0000000782580000)
  object space 126976K, 0% used [0x0000000707000000,0x000000070705db40,0x000000070ec00000)
 Metaspace       used 18452K, capacity 21259K, committed 21296K, reserved 1064960K
  class space    used 3888K, capacity 4956K, committed 4992K, reserved 1048576K
Event: 4.379 GC heap after
Heap after GC invocations=6 (full 1):
 PSYoungGen      total 200192K, used 0K [0x0000000782580000, 0x000000079af80000, 0x00000007c0000000)
  eden space 192512K, 0% used [0x0000000782580000,0x0000000782580000,0x000000078e180000)
  from space 7680K, 0% used [0x000000078e180000,0x000000078e180000,0x000000078e900000)
  to   space 9216K, 0% used [0x000000079a680000,0x000000079a680000,0x000000079af80000)
 ParOldGen       total 65536K, used 7327K [0x0000000707000000, 0x000000070b000000, 0x0000000782580000)
  object space 65536K, 11% used [0x0000000707000000,0x0000000707727cd0,0x000000070b000000)
 Metaspace       used 18452K, capacity 21259K, committed 21296K, reserved 1064960K
  class space    used 3888K, capacity 4956K, committed 4992K, reserved 1048576K
}
Event: 6.061 GC heap before
{Heap before GC invocations=7 (full 1):
 PSYoungGen      total 200192K, used 192512K [0x0000000782580000, 0x000000079af80000, 0x00000007c0000000)
  eden space 192512K, 100% used [0x0000000782580000,0x000000078e180000,0x000000078e180000)
  from space 7680K, 0% used [0x000000078e180000,0x000000078e180000,0x000000078e900000)
  to   space 9216K, 0% used [0x000000079a680000,0x000000079a680000,0x000000079af80000)
 ParOldGen       total 65536K, used 7327K [0x0000000707000000, 0x000000070b000000, 0x0000000782580000)
  object space 65536K, 11% used [0x0000000707000000,0x0000000707727cd0,0x000000070b000000)
 Metaspace       used 23906K, capacity 29999K, committed 30336K, reserved 1071104K
  class space    used 5655K, capacity 7944K, committed 8064K, reserved 1048576K
Event: 6.077 GC heap after
Heap after GC invocations=7 (full 1):
 PSYoungGen      total 343040K, used 4510K [0x0000000782580000, 0x000000079ab00000, 0x00000007c0000000)
  eden space 338432K, 0% used [0x0000000782580000,0x0000000782580000,0x0000000797000000)
  from space 4608K, 97% used [0x000000079a680000,0x000000079aae7850,0x000000079ab00000)
  to   space 9216K, 0% used [0x0000000799900000,0x0000000799900000,0x000000079a200000)
 ParOldGen       total 65536K, used 7335K [0x0000000707000000, 0x000000070b000000, 0x0000000782580000)
  object space 65536K, 11% used [0x0000000707000000,0x0000000707729cd0,0x000000070b000000)
 Metaspace       used 23906K, capacity 29999K, committed 30336K, reserved 1071104K
  class space    used 5655K, capacity 7944K, committed 8064K, reserved 1048576K
}
Event: 9.054 GC heap before
{Heap before GC invocations=8 (full 1):
 PSYoungGen      total 343040K, used 342942K [0x0000000782580000, 0x000000079ab00000, 0x00000007c0000000)
  eden space 338432K, 100% used [0x0000000782580000,0x0000000797000000,0x0000000797000000)
  from space 4608K, 97% used [0x000000079a680000,0x000000079aae7850,0x000000079ab00000)
  to   space 9216K, 0% used [0x0000000799900000,0x0000000799900000,0x000000079a200000)
 ParOldGen       total 65536K, used 7335K [0x0000000707000000, 0x000000070b000000, 0x0000000782580000)
  object space 65536K, 11% used [0x0000000707000000,0x0000000707729cd0,0x000000070b000000)
 Metaspace       used 27037K, capacity 34449K, committed 34688K, reserved 1075200K
  class space    used 6667K, capacity 9490K, committed 9600K, reserved 1048576K
Event: 9.082 GC heap after
Heap after GC invocations=8 (full 1):
 PSYoungGen      total 389632K, used 8720K [0x0000000782580000, 0x00000007a6f80000, 0x00000007c0000000)
  eden space 380416K, 0% used [0x0000000782580000,0x0000000782580000,0x0000000799900000)
  from space 9216K, 94% used [0x0000000799900000,0x000000079a184010,0x000000079a200000)
  to   space 10240K, 0% used [0x00000007a6580000,0x00000007a6580000,0x00000007a6f80000)
 ParOldGen       total 65536K, used 7343K [0x0000000707000000, 0x000000070b000000, 0x0000000782580000)
  object space 65536K, 11% used [0x0000000707000000,0x000000070772bcd0,0x000000070b000000)
 Metaspace       used 27037K, capacity 34449K, committed 34688K, reserved 1075200K
  class space    used 6667K, capacity 9490K, committed 9600K, reserved 1048576K
}
Event: 11.865 GC heap before
{Heap before GC invocations=9 (full 1):
 PSYoungGen      total 389632K, used 389136K [0x0000000782580000, 0x00000007a6f80000, 0x00000007c0000000)
  eden space 380416K, 100% used [0x0000000782580000,0x0000000799900000,0x0000000799900000)
  from space 9216K, 94% used [0x0000000799900000,0x000000079a184010,0x000000079a200000)
  to   space 10240K, 0% used [0x00000007a6580000,0x00000007a6580000,0x00000007a6f80000)
 ParOldGen       total 65536K, used 7343K [0x0000000707000000, 0x000000070b000000, 0x0000000782580000)
  object space 65536K, 11% used [0x0000000707000000,0x000000070772bcd0,0x000000070b000000)
 Metaspace       used 27054K, capacity 34461K, committed 34688K, reserved 1075200K
  class space    used 6667K, capacity 9490K, committed 9600K, reserved 1048576K
Event: 11.894 GC heap after
Heap after GC invocations=9 (full 1):
 PSYoungGen      total 585216K, used 10240K [0x0000000782580000, 0x00000007aae80000, 0x00000007c0000000)
  eden space 574976K, 0% used [0x0000000782580000,0x0000000782580000,0x00000007a5700000)
  from space 10240K, 100% used [0x00000007a6580000,0x00000007a6f80000,0x00000007a6f80000)
  to   space 14848K, 0% used [0x00000007a5700000,0x00000007a5700000,0x00000007a6580000)
 ParOldGen       total 65536K, used 15695K [0x0000000707000000, 0x000000070b000000, 0x0000000782580000)
  object space 65536K, 23% used [0x0000000707000000,0x0000000707f53cd0,0x000000070b000000)
 Metaspace       used 27054K, capacity 34461K, committed 34688K, reserved 1075200K
  class space    used 6667K, capacity 9490K, committed 9600K, reserved 1048576K
}
Event: 12.832 GC heap before
{Heap before GC invocations=10 (full 1):
 PSYoungGen      total 585216K, used 585216K [0x0000000782580000, 0x00000007aae80000, 0x00000007c0000000)
  eden space 574976K, 100% used [0x0000000782580000,0x00000007a5700000,0x00000007a5700000)
  from space 10240K, 100% used [0x00000007a6580000,0x00000007a6f80000,0x00000007a6f80000)
  to   space 14848K, 0% used [0x00000007a5700000,0x00000007a5700000,0x00000007a6580000)
 ParOldGen       total 65536K, used 15695K [0x0000000707000000, 0x000000070b000000, 0x0000000782580000)
  object space 65536K, 23% used [0x0000000707000000,0x0000000707f53cd0,0x000000070b000000)
 Metaspace       used 27536K, capacity 35281K, committed 35456K, reserved 1075200K
  class space    used 6698K, capacity 9526K, committed 9600K, reserved 1048576K

Deoptimization events (10 events):
Event: 12.659 Thread 0x00007f7454a74070 Uncommon trap: reason=speculate_class_check action=maybe_recompile pc=0x00007f744613c484 method=clojure.lang.RT.nthFrom(Ljava/lang/Object;I)Ljava/lang/Object; @ 88
Event: 12.659 Thread 0x00007f7454a59f20 Uncommon trap: reason=speculate_class_check action=maybe_recompile pc=0x00007f744613c484 method=clojure.lang.RT.nthFrom(Ljava/lang/Object;I)Ljava/lang/Object; @ 88
Event: 12.660 Thread 0x00007f7454a62bf0 Uncommon trap: reason=class_check action=maybe_recompile pc=0x00007f74460cd350 method=clojure.core$repeat.invokeStatic(Ljava/lang/Object;Ljava/lang/Object;)Ljava/lang/Object; @ 3
Event: 12.699 Thread 0x00007f7454a51c60 Uncommon trap: reason=unstable_if action=reinterpret pc=0x00007f74460f9aac method=java.util.regex.Pattern$BnM.optimize(Ljava/util/regex/Pattern$Node;)Ljava/util/regex/Pattern$Node; @ 91
Event: 12.701 Thread 0x00007f7454a51c60 Uncommon trap: reason=unstable_if action=reinterpret pc=0x00007f744569a4c0 method=java.lang.String.indexOf([CII[CIII)I @ 27
Event: 12.705 Thread 0x00007f7454a584e0 Uncommon trap: reason=speculate_class_check action=maybe_recompile pc=0x00007f7446151c80 method=clojure.lang.RT.seq(Ljava/lang/Object;)Lclojure/lang/ISeq; @ 1
Event: 12.706 Thread 0x00007f7454a584e0 Uncommon trap: reason=speculate_class_check action=maybe_recompile pc=0x00007f7446151c80 method=clojure.lang.RT.seq(Ljava/lang/Object;)Lclojure/lang/ISeq; @ 1
Event: 12.768 Thread 0x00007f7454a62bf0 Uncommon trap: reason=unstable_if action=reinterpret pc=0x00007f7445737cfc method=java.lang.String.indexOf([CII[CIII)I @ 8
Event: 12.780 Thread 0x00007f7454a62bf0 Uncommon trap: reason=unstable_if action=reinterpret pc=0x00007f7445700c38 method=java.lang.String.indexOf([CII[CIII)I @ 8
Event: 12.815 Thread 0x00007f7454a62bf0 Uncommon trap: reason=unstable_if action=reinterpret pc=0x00007f74460f932c method=clojure.lang.PersistentVector.pushTail(ILclojure/lang/PersistentVector$Node;Lclojure/lang/PersistentVector$Node;)Lclojure/lang/PersistentVector$Node; @ 38

Classes redefined (0 events):
No events

Internal exceptions (10 events):
Event: 7.004 Thread 0x00007f745400aef0 Implicit null exception at 0x00007f744548ef72 to 0x00007f744548efdd
Event: 7.683 Thread 0x00007f745400aef0 Exception <a 'java/io/FileNotFoundException'> (0x000000078fa6ca60) thrown at [/builddir/build/BUILD/java-1.8.0-openjdk-1.8.0.171-8.b10.el7_5.x86_64/openjdk/hotspot/src/share/vm/prims/jni.cpp, line 710]
Event: 7.686 Thread 0x00007f745400aef0 Implicit null exception at 0x00007f74455805f4 to 0x00007f7445581069
Event: 12.066 Thread 0x00007f745400aef0 Implicit null exception at 0x00007f7445f3a60c to 0x00007f7445f3a674
Event: 12.595 Thread 0x00007f7454a78ad0 Implicit null exception at 0x00007f7445a8ad94 to 0x00007f7445a8b30d
Event: 12.597 Thread 0x00007f7454a6bc90 Implicit null exception at 0x00007f7446042d6c to 0x00007f7446043101
Event: 12.597 Thread 0x00007f7454a78ad0 Implicit null exception at 0x00007f7445c01d4f to 0x00007f7445c01f2d
Event: 12.597 Thread 0x00007f7454a78ad0 Implicit null exception at 0x00007f74459c624c to 0x00007f74459c627d
Event: 12.598 Thread 0x00007f7454a5c410 Implicit null exception at 0x00007f7445b3090f to 0x00007f7445b30aed
Event: 12.637 Thread 0x00007f7454a6bc90 Implicit null exception at 0x00007f7445b1cab1 to 0x00007f7445b1ce1d

Events (10 events):
Event: 12.768 Thread 0x00007f7454a62bf0 Uncommon trap: trap_request=0xffffff65 fr.pc=0x00007f7445737cfc
Event: 12.768 Thread 0x00007f7454a62bf0 DEOPT PACKING pc=0x00007f7445737cfc sp=0x00007f7404b34890
Event: 12.768 Thread 0x00007f7454a62bf0 DEOPT UNPACKING pc=0x00007f744504547a sp=0x00007f7404b347b0 mode 2
Event: 12.780 Thread 0x00007f7454a62bf0 Uncommon trap: trap_request=0xffffff65 fr.pc=0x00007f7445700c38
Event: 12.780 Thread 0x00007f7454a62bf0 DEOPT PACKING pc=0x00007f7445700c38 sp=0x00007f7404b347f0
Event: 12.780 Thread 0x00007f7454a62bf0 DEOPT UNPACKING pc=0x00007f744504547a sp=0x00007f7404b347a8 mode 2
Event: 12.815 Thread 0x00007f7454a62bf0 Uncommon trap: trap_request=0xffffff65 fr.pc=0x00007f74460f932c
Event: 12.815 Thread 0x00007f7454a62bf0 DEOPT PACKING pc=0x00007f74460f932c sp=0x00007f7404b342e0
Event: 12.815 Thread 0x00007f7454a62bf0 DEOPT UNPACKING pc=0x00007f744504547a sp=0x00007f7404b34290 mode 2
Event: 12.831 Executing VM operation: ParallelGCFailedAllocation


Dynamic libraries:
00400000-00401000 r-xp 00000000 08:05 76037027                           /usr/lib/jvm/java-1.8.0-openjdk-1.8.0.171-8.b10.el7_5.x86_64/jre/bin/java
00600000-00601000 r--p 00000000 08:05 76037027                           /usr/lib/jvm/java-1.8.0-openjdk-1.8.0.171-8.b10.el7_5.x86_64/jre/bin/java
00601000-00602000 rw-p 00001000 08:05 76037027                           /usr/lib/jvm/java-1.8.0-openjdk-1.8.0.171-8.b10.el7_5.x86_64/jre/bin/java
0162c000-0164d000 rw-p 00000000 00:00 0                                  [heap]
707000000-70b000000 rw-p 00000000 00:00 0 
70b000000-782580000 ---p 00000000 00:00 0 
782580000-7aae80000 rw-p 00000000 00:00 0 
7b7400000-7c0000000 ---p 00000000 00:00 0 
7c0000000-7c0960000 rw-p 00000000 00:00 0 
7c0960000-800000000 ---p 00000000 00:00 0 
7f736c000000-7f736c021000 rw-p 00000000 00:00 0 
7f736c021000-7f7370000000 ---p 00000000 00:00 0 
7f7370000000-7f7370021000 rw-p 00000000 00:00 0 
7f7370021000-7f7374000000 ---p 00000000 00:00 0 
7f7374000000-7f7374021000 rw-p 00000000 00:00 0 
7f7374021000-7f7378000000 ---p 00000000 00:00 0 
7f7378000000-7f7378025000 rw-p 00000000 00:00 0 
7f7378025000-7f737c000000 ---p 00000000 00:00 0 
7f737c000000-7f737c021000 rw-p 00000000 00:00 0 
7f737c021000-7f7380000000 ---p 00000000 00:00 0 
7f7380000000-7f7380021000 rw-p 00000000 00:00 0 
7f7380021000-7f7384000000 ---p 00000000 00:00 0 
7f7384000000-7f7384021000 rw-p 00000000 00:00 0 
7f7384021000-7f7388000000 ---p 00000000 00:00 0 
7f7388000000-7f7388021000 rw-p 00000000 00:00 0 
7f7388021000-7f738c000000 ---p 00000000 00:00 0 
7f738c000000-7f738c021000 rw-p 00000000 00:00 0 
7f738c021000-7f7390000000 ---p 00000000 00:00 0 
7f7390000000-7f7390021000 rw-p 00000000 00:00 0 
7f7390021000-7f7394000000 ---p 00000000 00:00 0 
7f7394000000-7f7394021000 rw-p 00000000 00:00 0 
7f7394021000-7f7398000000 ---p 00000000 00:00 0 
7f7398000000-7f7398021000 rw-p 00000000 00:00 0 
7f7398021000-7f739c000000 ---p 00000000 00:00 0 
7f739c000000-7f739c021000 rw-p 00000000 00:00 0 
7f739c021000-7f73a0000000 ---p 00000000 00:00 0 
7f73a0000000-7f73a0021000 rw-p 00000000 00:00 0 
7f73a0021000-7f73a4000000 ---p 00000000 00:00 0 
7f73a4000000-7f73a4021000 rw-p 00000000 00:00 0 
7f73a4021000-7f73a8000000 ---p 00000000 00:00 0 
7f73a8000000-7f73a8021000 rw-p 00000000 00:00 0 
7f73a8021000-7f73ac000000 ---p 00000000 00:00 0 
7f73ac000000-7f73ac021000 rw-p 00000000 00:00 0 
7f73ac021000-7f73b0000000 ---p 00000000 00:00 0 
7f73b0000000-7f73b0021000 rw-p 00000000 00:00 0 
7f73b0021000-7f73b4000000 ---p 00000000 00:00 0 
7f73b4000000-7f73b4021000 rw-p 00000000 00:00 0 
7f73b4021000-7f73b8000000 ---p 00000000 00:00 0 
7f73b8000000-7f73b8021000 rw-p 00000000 00:00 0 
7f73b8021000-7f73bc000000 ---p 00000000 00:00 0 
7f73bc000000-7f73bc2dd000 rw-p 00000000 00:00 0 
7f73bc2dd000-7f73c0000000 ---p 00000000 00:00 0 
7f73c0000000-7f73c038f000 rw-p 00000000 00:00 0 
7f73c038f000-7f73c4000000 ---p 00000000 00:00 0 
7f73c4000000-7f73c4499000 rw-p 00000000 00:00 0 
7f73c4499000-7f73c8000000 ---p 00000000 00:00 0 
7f73c8000000-7f73c83aa000 rw-p 00000000 00:00 0 
7f73c83aa000-7f73cc000000 ---p 00000000 00:00 0 
7f73cc000000-7f73ccb86000 rw-p 00000000 00:00 0 
7f73ccb86000-7f73d0000000 ---p 00000000 00:00 0 
7f73d0000000-7f73d0c66000 rw-p 00000000 00:00 0 
7f73d0c66000-7f73d4000000 ---p 00000000 00:00 0 
7f73d4000000-7f73d4c30000 rw-p 00000000 00:00 0 
7f73d4c30000-7f73d8000000 ---p 00000000 00:00 0 
7f73d8000000-7f73d8cd0000 rw-p 00000000 00:00 0 
7f73d8cd0000-7f73dc000000 ---p 00000000 00:00 0 
7f73dc000000-7f73dcc6e000 rw-p 00000000 00:00 0 
7f73dcc6e000-7f73e0000000 ---p 00000000 00:00 0 
7f73e0000000-7f73e15d6000 rw-p 00000000 00:00 0 
7f73e15d6000-7f73e4000000 ---p 00000000 00:00 0 
7f73e4000000-7f73e4d08000 rw-p 00000000 00:00 0 
7f73e4d08000-7f73e8000000 ---p 00000000 00:00 0 
7f73e8000000-7f73e8cca000 rw-p 00000000 00:00 0 
7f73e8cca000-7f73ec000000 ---p 00000000 00:00 0 
7f73ec000000-7f73ec021000 rw-p 00000000 00:00 0 
7f73ec021000-7f73f0000000 ---p 00000000 00:00 0 
7f73f18d5000-7f73f18d8000 ---p 00000000 00:00 0 
7f73f18d8000-7f73f19d6000 rw-p 00000000 00:00 0 
7f73f19d6000-7f73f19d9000 ---p 00000000 00:00 0 
7f73f19d9000-7f73f1ad7000 rw-p 00000000 00:00 0 
7f73f1ad7000-7f73f8000000 r--p 00000000 08:05 135339676                  /usr/lib/locale/locale-archive
7f73f8000000-7f73f8021000 rw-p 00000000 00:00 0 
7f73f8021000-7f73fc000000 ---p 00000000 00:00 0 
7f73fc000000-7f73fc021000 rw-p 00000000 00:00 0 
7f73fc021000-7f7400000000 ---p 00000000 00:00 0 
7f7400000000-7f7400021000 rw-p 00000000 00:00 0 
7f7400021000-7f7404000000 ---p 00000000 00:00 0 
7f740402c000-7f740402f000 ---p 00000000 00:00 0 
7f740402f000-7f740412d000 rw-p 00000000 00:00 0 
7f740412d000-7f7404130000 ---p 00000000 00:00 0 
7f7404130000-7f740422e000 rw-p 00000000 00:00 0 
7f740422e000-7f7404231000 ---p 00000000 00:00 0 
7f7404231000-7f740432f000 rw-p 00000000 00:00 0 
7f740432f000-7f7404332000 ---p 00000000 00:00 0 
7f7404332000-7f7404430000 rw-p 00000000 00:00 0 
7f7404430000-7f7404433000 ---p 00000000 00:00 0 
7f7404433000-7f7404531000 rw-p 00000000 00:00 0 
7f7404531000-7f7404534000 ---p 00000000 00:00 0 
7f7404534000-7f7404632000 rw-p 00000000 00:00 0 
7f7404632000-7f7404635000 ---p 00000000 00:00 0 
7f7404635000-7f7404733000 rw-p 00000000 00:00 0 
7f7404733000-7f7404736000 ---p 00000000 00:00 0 
7f7404736000-7f7404834000 rw-p 00000000 00:00 0 
7f7404834000-7f7404837000 ---p 00000000 00:00 0 
7f7404837000-7f7404935000 rw-p 00000000 00:00 0 
7f7404935000-7f7404938000 ---p 00000000 00:00 0 
7f7404938000-7f7404a36000 rw-p 00000000 00:00 0 
7f7404a36000-7f7404a39000 ---p 00000000 00:00 0 
7f7404a39000-7f7404b37000 rw-p 00000000 00:00 0 
7f7404b37000-7f7404b3a000 ---p 00000000 00:00 0 
7f7404b3a000-7f7404c38000 rw-p 00000000 00:00 0 
7f7404c38000-7f7404c3b000 ---p 00000000 00:00 0 
7f7404c3b000-7f7404d39000 rw-p 00000000 00:00 0 
7f7404d39000-7f7404d3c000 ---p 00000000 00:00 0 
7f7404d3c000-7f7404e3a000 rw-p 00000000 00:00 0 
7f7404e3a000-7f7404e3d000 ---p 00000000 00:00 0 
7f7404e3d000-7f7404f3b000 rw-p 00000000 00:00 0 
7f7404f3b000-7f7404f3e000 ---p 00000000 00:00 0 
7f7404f3e000-7f740517c000 rw-p 00000000 00:00 0 
7f740517c000-7f740523c000 ---p 00000000 00:00 0 
7f740523c000-7f740543c000 rw-p 00000000 00:00 0 
7f740543c000-7f740563c000 rw-p 00000000 00:00 0 
7f740563c000-7f740583c000 rw-p 00000000 00:00 0 
7f740583c000-7f7405a3c000 rw-p 00000000 00:00 0 
7f7405a3c000-7f7405c3c000 rw-p 00000000 00:00 0 
7f7405c3c000-7f7405e3c000 rw-p 00000000 00:00 0 
7f7405e3c000-7f740603c000 rw-p 00000000 00:00 0 
7f740603c000-7f740623c000 rw-p 00000000 00:00 0 
7f740623c000-7f740627f000 r--s 00332000 00:2e 249006526                  /home/xhe/.m2/repository/org/clojure/clojure/1.8.0/clojure-1.8.0.jar
7f740627f000-7f7406280000 ---p 00000000 00:00 0 
7f7406280000-7f740c000000 rw-p 00000000 00:00 0 
7f740c000000-7f740c021000 rw-p 00000000 00:00 0 
7f740c021000-7f7410000000 ---p 00000000 00:00 0 
7f7410020000-7f741003e000 r--s 00180000 00:2e 249006533                  /home/xhe/.m2/repository/org/apache/commons/commons-math3/3.2/commons-math3-3.2.jar
7f741003e000-7f7410041000 ---p 00000000 00:00 0 
7f7410041000-7f741013f000 rw-p 00000000 00:00 0 
7f741013f000-7f7410143000 ---p 00000000 00:00 0 
7f7410143000-7f7410240000 rw-p 00000000 00:00 0 
7f7410240000-7f7410244000 ---p 00000000 00:00 0 
7f7410244000-7f7410341000 rw-p 00000000 00:00 0 
7f7410341000-7f7410345000 ---p 00000000 00:00 0 
7f7410345000-7f7410442000 rw-p 00000000 00:00 0 
7f7410442000-7f7410446000 ---p 00000000 00:00 0 
7f7410446000-7f7410543000 rw-p 00000000 00:00 0 
7f7410543000-7f7410547000 ---p 00000000 00:00 0 
7f7410547000-7f7410644000 rw-p 00000000 00:00 0 
7f7410644000-7f7410648000 ---p 00000000 00:00 0 
7f7410648000-7f7410745000 rw-p 00000000 00:00 0 
7f7410745000-7f7410749000 ---p 00000000 00:00 0 
7f7410749000-7f7410846000 rw-p 00000000 00:00 0 
7f7410846000-7f741084a000 ---p 00000000 00:00 0 
7f741084a000-7f7410947000 rw-p 00000000 00:00 0 
7f7410947000-7f741094b000 ---p 00000000 00:00 0 
7f741094b000-7f7410a48000 rw-p 00000000 00:00 0 
7f7410a48000-7f7410a4c000 ---p 00000000 00:00 0 
7f7410a4c000-7f7410b49000 rw-p 00000000 00:00 0 
7f7410b49000-7f7410b4d000 ---p 00000000 00:00 0 
7f7410b4d000-7f7410c4a000 rw-p 00000000 00:00 0 
7f7410c4a000-7f7410c4e000 ---p 00000000 00:00 0 
7f7410c4e000-7f7410d4b000 rw-p 00000000 00:00 0 
7f7410d4b000-7f7410d4e000 ---p 00000000 00:00 0 
7f7410d4e000-7f7410e4c000 rw-p 00000000 00:00 0 
7f7410e4c000-7f7410e4f000 ---p 00000000 00:00 0 
7f7410e4f000-7f7410f4d000 rw-p 00000000 00:00 0 
7f7410f4d000-7f7410f50000 ---p 00000000 00:00 0 
7f7410f50000-7f741104e000 rw-p 00000000 00:00 0 
7f741104e000-7f741104f000 ---p 00000000 00:00 0 
7f741104f000-7f7414000000 rw-p 00000000 00:00 0 
7f7414000000-7f7414021000 rw-p 00000000 00:00 0 
7f7414021000-7f7418000000 ---p 00000000 00:00 0 
7f7418000000-7f7418021000 rw-p 00000000 00:00 0 
7f7418021000-7f741c000000 ---p 00000000 00:00 0 
7f741c000000-7f741c021000 rw-p 00000000 00:00 0 
7f741c021000-7f7420000000 ---p 00000000 00:00 0 
7f7420000000-7f7420021000 rw-p 00000000 00:00 0 
7f7420021000-7f7424000000 ---p 00000000 00:00 0 
7f7424000000-7f7424021000 rw-p 00000000 00:00 0 
7f7424021000-7f7428000000 ---p 00000000 00:00 0 
7f7428000000-7f7428021000 rw-p 00000000 00:00 0 
7f7428021000-7f742c000000 ---p 00000000 00:00 0 
7f742c000000-7f742c021000 rw-p 00000000 00:00 0 
7f742c021000-7f7430000000 ---p 00000000 00:00 0 
7f7430000000-7f7430021000 rw-p 00000000 00:00 0 
7f7430021000-7f7434000000 ---p 00000000 00:00 0 
7f7434000000-7f7434021000 rw-p 00000000 00:00 0 
7f7434021000-7f7438000000 ---p 00000000 00:00 0 
7f7438000000-7f7438021000 rw-p 00000000 00:00 0 
7f7438021000-7f743c000000 ---p 00000000 00:00 0 
7f743c000000-7f743c021000 rw-p 00000000 00:00 0 
7f743c021000-7f7440000000 ---p 00000000 00:00 0 
7f7440000000-7f7440021000 rw-p 00000000 00:00 0 
7f7440021000-7f7444000000 ---p 00000000 00:00 0 
7f7444002000-7f7444003000 rw-p 00000000 00:00 0 
7f7444003000-7f7444008000 r--s 000b6000 08:05 67543830                   /usr/lib/jvm/java-1.8.0-openjdk-1.8.0.171-8.b10.el7_5.x86_64/jre/lib/jsse.jar
7f7444008000-7f744400c000 r--s 00041000 00:2e 249006532                  /home/xhe/.m2/repository/com/fasterxml/jackson/core/jackson-core/2.8.6/jackson-core-2.8.6.jar
7f744400c000-7f744400e000 r--s 00000000 00:2e 249006558                  /home/xhe/.m2/repository/net/totakke/libra/0.1.0/libra-0.1.0.jar
7f744400e000-7f7444010000 r--s 00011000 00:2e 249006534                  /home/xhe/.m2/repository/com/fasterxml/jackson/dataformat/jackson-dataformat-smile/2.8.6/jackson-dataformat-smile-2.8.6.jar
7f7444010000-7f7444011000 r--s 00001000 00:2e 249006530                  /home/xhe/.m2/repository/org/clojure/data.json/0.2.6/data.json-0.2.6.jar
7f7444011000-7f7444013000 r--s 0000b000 00:2e 249006548                  /home/xhe/.m2/repository/kephale/uncommons-maths/1.2.3/uncommons-maths-1.2.3.jar
7f7444013000-7f7444566000 rw-p 00000000 00:00 0 
7f7444566000-7f7444735000 r--s 0440f000 08:05 67543839                   /usr/lib/jvm/java-1.8.0-openjdk-1.8.0.171-8.b10.el7_5.x86_64/jre/lib/rt.jar
7f7444735000-7f7444cfd000 rw-p 00000000 00:00 0 
7f7444cfd000-7f7444cfe000 ---p 00000000 00:00 0 
7f7444cfe000-7f7444dfe000 rw-p 00000000 00:00 0 
7f7444dfe000-7f7444dff000 ---p 00000000 00:00 0 
7f7444dff000-7f7444eff000 rw-p 00000000 00:00 0 
7f7444eff000-7f7444f00000 ---p 00000000 00:00 0 
7f7444f00000-7f7445000000 rw-p 00000000 00:00 0 
7f7445000000-7f74461c0000 rwxp 00000000 00:00 0 
7f74461c0000-7f7454000000 ---p 00000000 00:00 0 
7f7454000000-7f7454cd2000 rw-p 00000000 00:00 0 
7f7454cd2000-7f7458000000 ---p 00000000 00:00 0 
7f7458000000-7f7458001000 r--s 00000000 00:2e 249006552                  /home/xhe/.m2/repository/de/kotka/lazymap/3.1.0/lazymap-3.1.0.jar
7f7458001000-7f745800b000 r--s 00056000 00:2e 249006438                  /home/xhe/.m2/repository/cider/cider-nrepl/0.17.0/cider-nrepl-0.17.0.jar
7f745800b000-7f745800d000 r--s 00005000 00:2e 249006550                  /home/xhe/.m2/repository/cheshire/cheshire/5.7.1/cheshire-5.7.1.jar
7f745800d000-7f745800e000 r--s 00000000 00:2e 249006543                  /home/xhe/.m2/repository/clj-random/clj-random/0.1.7/clj-random-0.1.7.jar
7f745800e000-7f745800f000 r--s 00000000 00:2e 249006542                  /home/xhe/.m2/repository/local-file/local-file/0.1.0/local-file-0.1.0.jar
7f745800f000-7f74580a6000 rw-p 00000000 00:00 0 
7f74580a6000-7f74580a7000 ---p 00000000 00:00 0 
7f74580a7000-7f74581a7000 rw-p 00000000 00:00 0 
7f74581a7000-7f74581a8000 ---p 00000000 00:00 0 
7f74581a8000-7f74582a8000 rw-p 00000000 00:00 0 
7f74582a8000-7f74582a9000 ---p 00000000 00:00 0 
7f74582a9000-7f74583a9000 rw-p 00000000 00:00 0 
7f74583a9000-7f74583aa000 ---p 00000000 00:00 0 
7f74583aa000-7f74584aa000 rw-p 00000000 00:00 0 
7f74584aa000-7f74584ab000 ---p 00000000 00:00 0 
7f74584ab000-7f74585ab000 rw-p 00000000 00:00 0 
7f74585ab000-7f74585ac000 ---p 00000000 00:00 0 
7f74585ac000-7f74586ac000 rw-p 00000000 00:00 0 
7f74586ac000-7f74586ad000 ---p 00000000 00:00 0 
7f74586ad000-7f74587ad000 rw-p 00000000 00:00 0 
7f74587ad000-7f74587ae000 ---p 00000000 00:00 0 
7f74587ae000-7f74588ae000 rw-p 00000000 00:00 0 
7f74588ae000-7f74588af000 ---p 00000000 00:00 0 
7f74588af000-7f74589af000 rw-p 00000000 00:00 0 
7f74589af000-7f74589b0000 ---p 00000000 00:00 0 
7f74589b0000-7f7458ad0000 rw-p 00000000 00:00 0 
7f7458ad0000-7f7458e8b000 ---p 00000000 00:00 0 
7f7458e8b000-7f7458eab000 rw-p 00000000 00:00 0 
7f7458eab000-7f7459265000 ---p 00000000 00:00 0 
7f7459265000-7f74593ab000 rw-p 00000000 00:00 0 
7f74593ab000-7f7459453000 ---p 00000000 00:00 0 
7f7459453000-7f745949b000 rw-p 00000000 00:00 0 
7f745949b000-7f7459814000 ---p 00000000 00:00 0 
7f7459814000-7f745981c000 r-xp 00000000 08:05 135994947                  /usr/lib/jvm/java-1.8.0-openjdk-1.8.0.171-8.b10.el7_5.x86_64/jre/lib/amd64/libzip.so
7f745981c000-7f7459a1b000 ---p 00008000 08:05 135994947                  /usr/lib/jvm/java-1.8.0-openjdk-1.8.0.171-8.b10.el7_5.x86_64/jre/lib/amd64/libzip.so
7f7459a1b000-7f7459a1c000 r--p 00007000 08:05 135994947                  /usr/lib/jvm/java-1.8.0-openjdk-1.8.0.171-8.b10.el7_5.x86_64/jre/lib/amd64/libzip.so
7f7459a1c000-7f7459a1d000 rw-p 00008000 08:05 135994947                  /usr/lib/jvm/java-1.8.0-openjdk-1.8.0.171-8.b10.el7_5.x86_64/jre/lib/amd64/libzip.so
7f7459a1d000-7f745a222000 r--s 00000000 08:03 38155                      /var/lib/sss/mc/passwd
7f745a222000-7f745a22a000 r-xp 00000000 08:05 204933493                  /usr/lib64/libnss_sss.so.2
7f745a22a000-7f745a429000 ---p 00008000 08:05 204933493                  /usr/lib64/libnss_sss.so.2
7f745a429000-7f745a42a000 r--p 00007000 08:05 204933493                  /usr/lib64/libnss_sss.so.2
7f745a42a000-7f745a42b000 rw-p 00008000 08:05 204933493                  /usr/lib64/libnss_sss.so.2
7f745a42b000-7f745a437000 r-xp 00000000 08:05 202816356                  /usr/lib64/libnss_files-2.17.so
7f745a437000-7f745a636000 ---p 0000c000 08:05 202816356                  /usr/lib64/libnss_files-2.17.so
7f745a636000-7f745a637000 r--p 0000b000 08:05 202816356                  /usr/lib64/libnss_files-2.17.so
7f745a637000-7f745a638000 rw-p 0000c000 08:05 202816356                  /usr/lib64/libnss_files-2.17.so
7f745a638000-7f745a63e000 rw-p 00000000 00:00 0 
7f745a63e000-7f745a66c000 r-xp 00000000 08:05 135994923                  /usr/lib/jvm/java-1.8.0-openjdk-1.8.0.171-8.b10.el7_5.x86_64/jre/lib/amd64/libjava.so
7f745a66c000-7f745a86b000 ---p 0002e000 08:05 135994923                  /usr/lib/jvm/java-1.8.0-openjdk-1.8.0.171-8.b10.el7_5.x86_64/jre/lib/amd64/libjava.so
7f745a86b000-7f745a86c000 r--p 0002d000 08:05 135994923                  /usr/lib/jvm/java-1.8.0-openjdk-1.8.0.171-8.b10.el7_5.x86_64/jre/lib/amd64/libjava.so
7f745a86c000-7f745a86e000 rw-p 0002e000 08:05 135994923                  /usr/lib/jvm/java-1.8.0-openjdk-1.8.0.171-8.b10.el7_5.x86_64/jre/lib/amd64/libjava.so
7f745a86e000-7f745a87b000 r-xp 00000000 08:05 135994946                  /usr/lib/jvm/java-1.8.0-openjdk-1.8.0.171-8.b10.el7_5.x86_64/jre/lib/amd64/libverify.so
7f745a87b000-7f745aa7a000 ---p 0000d000 08:05 135994946                  /usr/lib/jvm/java-1.8.0-openjdk-1.8.0.171-8.b10.el7_5.x86_64/jre/lib/amd64/libverify.so
7f745aa7a000-7f745aa7c000 r--p 0000c000 08:05 135994946                  /usr/lib/jvm/java-1.8.0-openjdk-1.8.0.171-8.b10.el7_5.x86_64/jre/lib/amd64/libverify.so
7f745aa7c000-7f745aa7d000 rw-p 0000e000 08:05 135994946                  /usr/lib/jvm/java-1.8.0-openjdk-1.8.0.171-8.b10.el7_5.x86_64/jre/lib/amd64/libverify.so
7f745aa7d000-7f745aa84000 r-xp 00000000 08:05 202816363                  /usr/lib64/librt-2.17.so
7f745aa84000-7f745ac83000 ---p 00007000 08:05 202816363                  /usr/lib64/librt-2.17.so
7f745ac83000-7f745ac84000 r--p 00006000 08:05 202816363                  /usr/lib64/librt-2.17.so
7f745ac84000-7f745ac85000 rw-p 00007000 08:05 202816363                  /usr/lib64/librt-2.17.so
7f745ac85000-7f745ac9a000 r-xp 00000000 08:05 201429134                  /usr/lib64/libgcc_s-4.8.5-20150702.so.1
7f745ac9a000-7f745ae99000 ---p 00015000 08:05 201429134                  /usr/lib64/libgcc_s-4.8.5-20150702.so.1
7f745ae99000-7f745ae9a000 r--p 00014000 08:05 201429134                  /usr/lib64/libgcc_s-4.8.5-20150702.so.1
7f745ae9a000-7f745ae9b000 rw-p 00015000 08:05 201429134                  /usr/lib64/libgcc_s-4.8.5-20150702.so.1
7f745ae9b000-7f745af9c000 r-xp 00000000 08:05 202816345                  /usr/lib64/libm-2.17.so
7f745af9c000-7f745b19b000 ---p 00101000 08:05 202816345                  /usr/lib64/libm-2.17.so
7f745b19b000-7f745b19c000 r--p 00100000 08:05 202816345                  /usr/lib64/libm-2.17.so
7f745b19c000-7f745b19d000 rw-p 00101000 08:05 202816345                  /usr/lib64/libm-2.17.so
7f745b19d000-7f745b286000 r-xp 00000000 08:05 202418614                  /usr/lib64/libstdc++.so.6.0.19
7f745b286000-7f745b485000 ---p 000e9000 08:05 202418614                  /usr/lib64/libstdc++.so.6.0.19
7f745b485000-7f745b48d000 r--p 000e8000 08:05 202418614                  /usr/lib64/libstdc++.so.6.0.19
7f745b48d000-7f745b48f000 rw-p 000f0000 08:05 202418614                  /usr/lib64/libstdc++.so.6.0.19
7f745b48f000-7f745b4a4000 rw-p 00000000 00:00 0 
7f745b4a4000-7f745c16a000 r-xp 00000000 08:05 67543813                   /usr/lib/jvm/java-1.8.0-openjdk-1.8.0.171-8.b10.el7_5.x86_64/jre/lib/amd64/server/libjvm.so
7f745c16a000-7f745c36a000 ---p 00cc6000 08:05 67543813                   /usr/lib/jvm/java-1.8.0-openjdk-1.8.0.171-8.b10.el7_5.x86_64/jre/lib/amd64/server/libjvm.so
7f745c36a000-7f745c415000 r--p 00cc6000 08:05 67543813                   /usr/lib/jvm/java-1.8.0-openjdk-1.8.0.171-8.b10.el7_5.x86_64/jre/lib/amd64/server/libjvm.so
7f745c415000-7f745c43e000 rw-p 00d71000 08:05 67543813                   /usr/lib/jvm/java-1.8.0-openjdk-1.8.0.171-8.b10.el7_5.x86_64/jre/lib/amd64/server/libjvm.so
7f745c43e000-7f745c471000 rw-p 00000000 00:00 0 
7f745c471000-7f745c634000 r-xp 00000000 08:05 201328629                  /usr/lib64/libc-2.17.so
7f745c634000-7f745c833000 ---p 001c3000 08:05 201328629                  /usr/lib64/libc-2.17.so
7f745c833000-7f745c837000 r--p 001c2000 08:05 201328629                  /usr/lib64/libc-2.17.so
7f745c837000-7f745c839000 rw-p 001c6000 08:05 201328629                  /usr/lib64/libc-2.17.so
7f745c839000-7f745c83e000 rw-p 00000000 00:00 0 
7f745c83e000-7f745c840000 r-xp 00000000 08:05 202816343                  /usr/lib64/libdl-2.17.so
7f745c840000-7f745ca40000 ---p 00002000 08:05 202816343                  /usr/lib64/libdl-2.17.so
7f745ca40000-7f745ca41000 r--p 00002000 08:05 202816343                  /usr/lib64/libdl-2.17.so
7f745ca41000-7f745ca42000 rw-p 00003000 08:05 202816343                  /usr/lib64/libdl-2.17.so
7f745ca42000-7f745ca50000 r-xp 00000000 08:05 1726550                    /usr/lib/jvm/java-1.8.0-openjdk-1.8.0.171-8.b10.el7_5.x86_64/jre/lib/amd64/jli/libjli.so
7f745ca50000-7f745cc4f000 ---p 0000e000 08:05 1726550                    /usr/lib/jvm/java-1.8.0-openjdk-1.8.0.171-8.b10.el7_5.x86_64/jre/lib/amd64/jli/libjli.so
7f745cc4f000-7f745cc50000 r--p 0000d000 08:05 1726550                    /usr/lib/jvm/java-1.8.0-openjdk-1.8.0.171-8.b10.el7_5.x86_64/jre/lib/amd64/jli/libjli.so
7f745cc50000-7f745cc51000 rw-p 0000e000 08:05 1726550                    /usr/lib/jvm/java-1.8.0-openjdk-1.8.0.171-8.b10.el7_5.x86_64/jre/lib/amd64/jli/libjli.so
7f745cc51000-7f745cc66000 r-xp 00000000 08:05 204492934                  /usr/lib64/libz.so.1.2.7
7f745cc66000-7f745ce65000 ---p 00015000 08:05 204492934                  /usr/lib64/libz.so.1.2.7
7f745ce65000-7f745ce66000 r--p 00014000 08:05 204492934                  /usr/lib64/libz.so.1.2.7
7f745ce66000-7f745ce67000 rw-p 00015000 08:05 204492934                  /usr/lib64/libz.so.1.2.7
7f745ce67000-7f745ce7e000 r-xp 00000000 08:05 201328655                  /usr/lib64/libpthread-2.17.so
7f745ce7e000-7f745d07d000 ---p 00017000 08:05 201328655                  /usr/lib64/libpthread-2.17.so
7f745d07d000-7f745d07e000 r--p 00016000 08:05 201328655                  /usr/lib64/libpthread-2.17.so
7f745d07e000-7f745d07f000 rw-p 00017000 08:05 201328655                  /usr/lib64/libpthread-2.17.so
7f745d07f000-7f745d083000 rw-p 00000000 00:00 0 
7f745d083000-7f745d0a5000 r-xp 00000000 08:05 201328622                  /usr/lib64/ld-2.17.so
7f745d0a5000-7f745d0a7000 r--s 00000000 00:2e 249006523                  /home/xhe/.m2/repository/org/clojure/math.numeric-tower/0.0.4/math.numeric-tower-0.0.4.jar
7f745d0a7000-7f745d0a9000 r--s 0000b000 00:2e 249006535                  /home/xhe/.m2/repository/com/fasterxml/jackson/dataformat/jackson-dataformat-cbor/2.8.6/jackson-dataformat-cbor-2.8.6.jar
7f745d0a9000-7f745d0aa000 r--s 00001000 00:2e 249006541                  /home/xhe/.m2/repository/clojure-csv/clojure-csv/2.0.1/clojure-csv-2.0.1.jar
7f745d0aa000-7f745d0ab000 r--s 00002000 00:2e 249006566                  /home/xhe/.m2/repository/clojure-complete/clojure-complete/0.2.4/clojure-complete-0.2.4.jar
7f745d0ab000-7f745d0ad000 r--s 00008000 00:2e 249006544                  /home/xhe/.m2/repository/org/clojars/etosch/cosmos/1.0.0/cosmos-1.0.0.jar
7f745d0ad000-7f745d0ae000 r--s 00009000 00:2e 249006564                  /home/xhe/.m2/repository/org/clojure/tools.nrepl/0.2.12/tools.nrepl-0.2.12.jar
7f745d0ae000-7f745d0b0000 r--s 0000c000 00:2e 249006551                  /home/xhe/.m2/repository/prismatic/plumbing/0.5.4/plumbing-0.5.4.jar
7f745d0b0000-7f745d0b1000 r--s 00000000 00:2e 249006525                  /home/xhe/.m2/repository/org/clojure/data.csv/0.1.3/data.csv-0.1.3.jar
7f745d0b1000-7f745d0b2000 r--s 0000f000 00:2e 249006555                  /home/xhe/.m2/repository/prismatic/schema/1.0.1/schema-1.0.1.jar
7f745d0b2000-7f745d0b3000 r--s 00009000 00:2e 249006557                  /home/xhe/.m2/repository/criterium/criterium/0.4.4/criterium-0.4.4.jar
7f745d0b3000-7f745d0b4000 r--s 00001000 00:2e 249006425                  /home/xhe/.m2/repository/tigris/tigris/0.1.1/tigris-0.1.1.jar
7f745d0b4000-7f745d0b5000 r--s 00002000 00:2e 249006524                  /home/xhe/.m2/repository/org/clojure/math.combinatorics/0.1.1/math.combinatorics-0.1.1.jar
7f745d0b5000-7f745d193000 rw-p 00000000 00:00 0 
7f745d193000-7f745d19b000 rw-s 00000000 08:05 136213803                  /tmp/hsperfdata_xhe/1675
7f745d19b000-7f745d19c000 rw-p 00000000 00:00 0 
7f745d19c000-7f745d19d000 ---p 00000000 00:00 0 
7f745d19d000-7f745d1a1000 ---p 00000000 00:00 0 
7f745d1a1000-7f745d2a4000 rw-p 00000000 00:00 0 
7f745d2a4000-7f745d2a5000 r--p 00021000 08:05 201328622                  /usr/lib64/ld-2.17.so
7f745d2a5000-7f745d2a6000 rw-p 00022000 08:05 201328622                  /usr/lib64/ld-2.17.so
7f745d2a6000-7f745d2a7000 rw-p 00000000 00:00 0 
7ffdce2fe000-7ffdce320000 rw-p 00000000 00:00 0                          [stack]
7ffdce3c4000-7ffdce3c6000 r-xp 00000000 00:00 0                          [vdso]
ffffffffff600000-ffffffffff601000 r-xp 00000000 00:00 0                  [vsyscall]

VM Arguments:
jvm_args: -Dfile.encoding=UTF-8 -Dclojure.compile.path=/home/xhe/clojush7/target/classes -Dclojush.version=3.11.1-1-SNAPSHOT -Dclojure.debug=false 
java_command: clojure.main -i /tmp/form-init1950558940532005954.clj
java_class_path (initial): /home/xhe/clojush7/test:/home/xhe/clojush7/src:/home/xhe/clojush7/dev-resources:/home/xhe/clojush7/resources:/home/xhe/clojush7/target/classes:/home/xhe/.m2/repository/org/clojure/math.combinatorics/0.1.1/math.combinatorics-0.1.1.jar:/home/xhe/.m2/repository/org/clojure/clojure/1.8.0/clojure-1.8.0.jar:/home/xhe/.m2/repository/tigris/tigris/0.1.1/tigris-0.1.1.jar:/home/xhe/.m2/repository/criterium/criterium/0.4.4/criterium-0.4.4.jar:/home/xhe/.m2/repository/prismatic/schema/1.0.1/schema-1.0.1.jar:/home/xhe/.m2/repository/org/clojure/data.csv/0.1.3/data.csv-0.1.3.jar:/home/xhe/.m2/repository/prismatic/plumbing/0.5.4/plumbing-0.5.4.jar:/home/xhe/.m2/repository/org/clojure/tools.nrepl/0.2.12/tools.nrepl-0.2.12.jar:/home/xhe/.m2/repository/org/clojars/etosch/cosmos/1.0.0/cosmos-1.0.0.jar:/home/xhe/.m2/repository/clojure-complete/clojure-complete/0.2.4/clojure-complete-0.2.4.jar:/home/xhe/.m2/repository/clojure-csv/clojure-csv/2.0.1/clojure-csv-2.0.1.jar:/home/xhe/.m2/repository/com/fasterxml/jackson/dataformat/jackson-dataformat-cbor/2.8.6/jackson-dataformat-cbor-2.8.6.jar:/home/xhe/.m2/repository/org/clojure/math.numeric-tower/0.0.4/math.numeric-tower-0.0.4.jar:/home/xhe/.m2/repository/local-file/local-file/0.1.0/local-file-0.1.0.jar:/home/xhe/.m2/repository/clj-random/clj-random/0.1.7/clj-random-0.1.7.jar:/home/xhe/.m2/repository/cheshire/cheshire/5.7.1/cheshire-5.7.1.jar:/home/xhe/.m2/repository/cider/cider-nrepl/0.17.0/cider-nrepl-0.17.0.jar:/home/xhe/.m2/repository/kephale/uncommons-maths/1.2.3/uncommons-maths-1.2.3.jar:/home/xhe/.m2/repository/de/kotka/lazymap/3.1.0/lazymap-3.1.0.jar:/home/xhe/.m2/repository/org/clojure/data.json/0.2.6/data.json-0.2.6.jar:/home/xhe/.m2/repository/com/fasterxml/jackson/dataformat/jackson-dataformat-smile/2.8.6/jackson-dataformat-smile-2.8.6.jar:/home/xhe/.m2/repository/net/totakke/libra/0.1.0/libra-0.1.0.jar:/home/xhe/.m2/repository/org/apache/commons/commons-math3/3.2/commons-math3-3.2.jar:/home/xhe/.m2
Launcher Type: SUN_STANDARD

Environment Variables:
CLASSPATH=/home/xhe/.lein/self-installs/leiningen-2.7.1-standalone.jar
PATH=/sbin:/bin:/usr/local/bin:/usr/bin:/usr/sbin:/usr/X11R6/bin:/usr/local/sbin:/usr/bin/X11:/usr/local/global/bin:/usr/local/global/sbin:/usr/kerberos/bin/:/home/xhe/bin:/home/xhe/.local/bin:/home/xhe/bin
LD_LIBRARY_PATH=/lib:/usr/lib:/usr/local/lib:/usr/local/lib/X11:/usr/local/global/lib:/usr/lib64:/home/xhe/lib:/home/xhe/lib64
SHELL=/bin/bash
DISPLAY=localhost:10.0
OSTYPE=Linux
ARCH=x86_64

Signal Handlers:
SIGSEGV: [libjvm.so+0xab5320], sa_mask[0]=11111111011111111101111111111110, sa_flags=SA_RESTART|SA_SIGINFO
SIGBUS: [libjvm.so+0xab5320], sa_mask[0]=11111111011111111101111111111110, sa_flags=SA_RESTART|SA_SIGINFO
SIGFPE: [libjvm.so+0x8ac6b0], sa_mask[0]=11111111011111111101111111111110, sa_flags=SA_RESTART|SA_SIGINFO
SIGPIPE: [libjvm.so+0x8ac6b0], sa_mask[0]=11111111011111111101111111111110, sa_flags=SA_RESTART|SA_SIGINFO
SIGXFSZ: [libjvm.so+0x8ac6b0], sa_mask[0]=11111111011111111101111111111110, sa_flags=SA_RESTART|SA_SIGINFO
SIGILL: [libjvm.so+0x8ac6b0], sa_mask[0]=11111111011111111101111111111110, sa_flags=SA_RESTART|SA_SIGINFO
SIGUSR1: SIG_DFL, sa_mask[0]=00000000000000000000000000000000, sa_flags=none
SIGUSR2: [libjvm.so+0x8ac560], sa_mask[0]=00100000000000000000000000000000, sa_flags=SA_RESTART|SA_SIGINFO
SIGHUP: [libjvm.so+0x8ac770], sa_mask[0]=11111111011111111101111111111110, sa_flags=SA_RESTART|SA_SIGINFO
SIGINT: [libjvm.so+0x8ac770], sa_mask[0]=11111111011111111101111111111110, sa_flags=SA_RESTART|SA_SIGINFO
SIGTERM: [libjvm.so+0x8ac770], sa_mask[0]=11111111011111111101111111111110, sa_flags=SA_RESTART|SA_SIGINFO
SIGQUIT: [libjvm.so+0x8ac770], sa_mask[0]=11111111011111111101111111111110, sa_flags=SA_RESTART|SA_SIGINFO


---------------  S Y S T E M  ---------------

OS:CentOS Linux release 7.5.1804 (Core) 

uname:Linux 3.10.0-862.3.2.el7.x86_64 #1 SMP Mon May 21 23:36:36 UTC 2018 x86_64
libc:glibc 2.17 NPTL 2.17 
rlimit: STACK 8192k, CORE 0k, NPROC 4096, NOFILE 4096, AS infinity
load average:3.58 10.66 12.59

/proc/meminfo:
MemTotal:       12121656 kB
MemFree:          154728 kB
MemAvailable:      60040 kB
Buffers:               0 kB
Cached:           102476 kB
SwapCached:        23884 kB
Active:          9582196 kB
Inactive:        1886012 kB
Active(anon):    9541188 kB
Inactive(anon):  1850648 kB
Active(file):      41008 kB
Inactive(file):    35364 kB
Unevictable:           0 kB
Mlocked:               0 kB
SwapTotal:       4194300 kB
SwapFree:              0 kB
Dirty:               812 kB
Writeback:             0 kB
AnonPages:      11344120 kB
Mapped:            48344 kB
Shmem:             26548 kB
Slab:             195552 kB
SReclaimable:      56896 kB
SUnreclaim:       138656 kB
KernelStack:       40320 kB
PageTables:        83572 kB
NFS_Unstable:          0 kB
Bounce:                0 kB
WritebackTmp:          0 kB
CommitLimit:    10255128 kB
Committed_AS:   30885660 kB
VmallocTotal:   34359738367 kB
VmallocUsed:      322072 kB
VmallocChunk:   34352560124 kB
HardwareCorrupted:     0 kB
AnonHugePages:    229376 kB
CmaTotal:              0 kB
CmaFree:               0 kB
HugePages_Total:       0
HugePages_Free:        0
HugePages_Rsvd:        0
HugePages_Surp:        0
Hugepagesize:       2048 kB
DirectMap4k:      261604 kB
DirectMap2M:     6017024 kB
DirectMap1G:     6291456 kB


CPU:total 16 (initial active 16) (4 cores per cpu, 2 threads per core) family 6 model 44 stepping 2, cmov, cx8, fxsr, mmx, sse, sse2, sse3, ssse3, sse4.1, sse4.2, popcnt, aes, clmul, ht, tsc, tscinvbit, tscinv

/proc/cpuinfo:
processor	: 0
vendor_id	: GenuineIntel
cpu family	: 6
model		: 44
model name	: Intel(R) Xeon(R) CPU           E5620  @ 2.40GHz
stepping	: 2
microcode	: 0x1a
cpu MHz		: 2394.110
cache size	: 12288 KB
physical id	: 1
siblings	: 8
core id		: 0
cpu cores	: 4
apicid		: 32
initial apicid	: 32
fpu		: yes
fpu_exception	: yes
cpuid level	: 11
wp		: yes
flags		: fpu vme de pse tsc msr pae mce cx8 apic sep mtrr pge mca cmov pat pse36 clflush dts acpi mmx fxsr sse sse2 ss ht tm pbe syscall nx pdpe1gb rdtscp lm constant_tsc arch_perfmon pebs bts rep_good nopl xtopology nonstop_tsc aperfmperf pni pclmulqdq dtes64 monitor ds_cpl vmx smx est tm2 ssse3 cx16 xtpr pdcm pcid dca sse4_1 sse4_2 popcnt aes lahf_lm tpr_shadow vnmi flexpriority ept vpid dtherm ida arat
bogomips	: 4788.22
clflush size	: 64
cache_alignment	: 64
address sizes	: 40 bits physical, 48 bits virtual
power management:

processor	: 1
vendor_id	: GenuineIntel
cpu family	: 6
model		: 44
model name	: Intel(R) Xeon(R) CPU           E5620  @ 2.40GHz
stepping	: 2
microcode	: 0x1a
cpu MHz		: 2394.110
cache size	: 12288 KB
physical id	: 0
siblings	: 8
core id		: 0
cpu cores	: 4
apicid		: 0
initial apicid	: 0
fpu		: yes
fpu_exception	: yes
cpuid level	: 11
wp		: yes
flags		: fpu vme de pse tsc msr pae mce cx8 apic sep mtrr pge mca cmov pat pse36 clflush dts acpi mmx fxsr sse sse2 ss ht tm pbe syscall nx pdpe1gb rdtscp lm constant_tsc arch_perfmon pebs bts rep_good nopl xtopology nonstop_tsc aperfmperf pni pclmulqdq dtes64 monitor ds_cpl vmx smx est tm2 ssse3 cx16 xtpr pdcm pcid dca sse4_1 sse4_2 popcnt aes lahf_lm tpr_shadow vnmi flexpriority ept vpid dtherm ida arat
bogomips	: 4787.83
clflush size	: 64
cache_alignment	: 64
address sizes	: 40 bits physical, 48 bits virtual
power management:

processor	: 2
vendor_id	: GenuineIntel
cpu family	: 6
model		: 44
model name	: Intel(R) Xeon(R) CPU           E5620  @ 2.40GHz
stepping	: 2
microcode	: 0x1a
cpu MHz		: 2394.110
cache size	: 12288 KB
physical id	: 1
siblings	: 8
core id		: 1
cpu cores	: 4
apicid		: 34
initial apicid	: 34
fpu		: yes
fpu_exception	: yes
cpuid level	: 11
wp		: yes
flags		: fpu vme de pse tsc msr pae mce cx8 apic sep mtrr pge mca cmov pat pse36 clflush dts acpi mmx fxsr sse sse2 ss ht tm pbe syscall nx pdpe1gb rdtscp lm constant_tsc arch_perfmon pebs bts rep_good nopl xtopology nonstop_tsc aperfmperf pni pclmulqdq dtes64 monitor ds_cpl vmx smx est tm2 ssse3 cx16 xtpr pdcm pcid dca sse4_1 sse4_2 popcnt aes lahf_lm tpr_shadow vnmi flexpriority ept vpid dtherm ida arat
bogomips	: 4788.22
clflush size	: 64
cache_alignment	: 64
address sizes	: 40 bits physical, 48 bits virtual
power management:

processor	: 3
vendor_id	: GenuineIntel
cpu family	: 6
model		: 44
model name	: Intel(R) Xeon(R) CPU           E5620  @ 2.40GHz
stepping	: 2
microcode	: 0x1a
cpu MHz		: 2394.110
cache size	: 12288 KB
physical id	: 0
siblings	: 8
core id		: 1
cpu cores	: 4
apicid		: 2
initial apicid	: 2
fpu		: yes
fpu_exception	: yes
cpuid level	: 11
wp		: yes
flags		: fpu vme de pse tsc msr pae mce cx8 apic sep mtrr pge mca cmov pat pse36 clflush dts acpi mmx fxsr sse sse2 ss ht tm pbe syscall nx pdpe1gb rdtscp lm constant_tsc arch_perfmon pebs bts rep_good nopl xtopology nonstop_tsc aperfmperf pni pclmulqdq dtes64 monitor ds_cpl vmx smx est tm2 ssse3 cx16 xtpr pdcm pcid dca sse4_1 sse4_2 popcnt aes lahf_lm tpr_shadow vnmi flexpriority ept vpid dtherm ida arat
bogomips	: 4787.83
clflush size	: 64
cache_alignment	: 64
address sizes	: 40 bits physical, 48 bits virtual
power management:

processor	: 4
vendor_id	: GenuineIntel
cpu family	: 6
model		: 44
model name	: Intel(R) Xeon(R) CPU           E5620  @ 2.40GHz
stepping	: 2
microcode	: 0x1a
cpu MHz		: 2394.110
cache size	: 12288 KB
physical id	: 1
siblings	: 8
core id		: 9
cpu cores	: 4
apicid		: 50
initial apicid	: 50
fpu		: yes
fpu_exception	: yes
cpuid level	: 11
wp		: yes
flags		: fpu vme de pse tsc msr pae mce cx8 apic sep mtrr pge mca cmov pat pse36 clflush dts acpi mmx fxsr sse sse2 ss ht tm pbe syscall nx pdpe1gb rdtscp lm constant_tsc arch_perfmon pebs bts rep_good nopl xtopology nonstop_tsc aperfmperf pni pclmulqdq dtes64 monitor ds_cpl vmx smx est tm2 ssse3 cx16 xtpr pdcm pcid dca sse4_1 sse4_2 popcnt aes lahf_lm tpr_shadow vnmi flexpriority ept vpid dtherm ida arat
bogomips	: 4788.22
clflush size	: 64
cache_alignment	: 64
address sizes	: 40 bits physical, 48 bits virtual
power management:

processor	: 5
vendor_id	: GenuineIntel
cpu family	: 6
model		: 44
model name	: Intel(R) Xeon(R) CPU           E5620  @ 2.40GHz
stepping	: 2
microcode	: 0x1a
cpu MHz		: 2394.110
cache size	: 12288 KB
physical id	: 0
siblings	: 8
core id		: 9
cpu cores	: 4
apicid		: 18
initial apicid	: 18
fpu		: yes
fpu_exception	: yes
cpuid level	: 11
wp		: yes
flags		: fpu vme de pse tsc msr pae mce cx8 apic sep mtrr pge mca cmov pat pse36 clflush dts acpi mmx fxsr sse sse2 ss ht tm pbe syscall nx pdpe1gb rdtscp lm constant_tsc arch_perfmon pebs bts rep_good nopl xtopology nonstop_tsc aperfmperf pni pclmulqdq dtes64 monitor ds_cpl vmx smx est tm2 ssse3 cx16 xtpr pdcm pcid dca sse4_1 sse4_2 popcnt aes lahf_lm tpr_shadow vnmi flexpriority ept vpid dtherm ida arat
bogomips	: 4787.83
clflush size	: 64
cache_alignment	: 64
address sizes	: 40 bits physical, 48 bits virtual
power management:

processor	: 6
vendor_id	: GenuineIntel
cpu family	: 6
model		: 44
model name	: Intel(R) Xeon(R) CPU           E5620  @ 2.40GHz
stepping	: 2
microcode	: 0x1a
cpu MHz		: 2394.110
cache size	: 12288 KB
physical id	: 1
siblings	: 8
core id		: 10
cpu cores	: 4
apicid		: 52
initial apicid	: 52
fpu		: yes
fpu_exception	: yes
cpuid level	: 11
wp		: yes
flags		: fpu vme de pse tsc msr pae mce cx8 apic sep mtrr pge mca cmov pat pse36 clflush dts acpi mmx fxsr sse sse2 ss ht tm pbe syscall nx pdpe1gb rdtscp lm constant_tsc arch_perfmon pebs bts rep_good nopl xtopology nonstop_tsc aperfmperf pni pclmulqdq dtes64 monitor ds_cpl vmx smx est tm2 ssse3 cx16 xtpr pdcm pcid dca sse4_1 sse4_2 popcnt aes lahf_lm tpr_shadow vnmi flexpriority ept vpid dtherm ida arat
bogomips	: 4788.22
clflush size	: 64
cache_alignment	: 64
address sizes	: 40 bits physical, 48 bits virtual
power management:

processor	: 7
vendor_id	: GenuineIntel
cpu family	: 6
model		: 44
model name	: Intel(R) Xeon(R) CPU           E5620  @ 2.40GHz
stepping	: 2
microcode	: 0x1a
cpu MHz		: 2394.110
cache size	: 12288 KB
physical id	: 0
siblings	: 8
core id		: 10
cpu cores	: 4
apicid		: 20
initial apicid	: 20
fpu		: yes
fpu_exception	: yes
cpuid level	: 11
wp		: yes
flags		: fpu vme de pse tsc msr pae mce cx8 apic sep mtrr pge mca cmov pat pse36 clflush dts acpi mmx fxsr sse sse2 ss ht tm pbe syscall nx pdpe1gb rdtscp lm constant_tsc arch_perfmon pebs bts rep_good nopl xtopology nonstop_tsc aperfmperf pni pclmulqdq dtes64 monitor ds_cpl vmx smx est tm2 ssse3 cx16 xtpr pdcm pcid dca sse4_1 sse4_2 popcnt aes lahf_lm tpr_shadow vnmi flexpriority ept vpid dtherm ida arat
bogomips	: 4787.83
clflush size	: 64
cache_alignment	: 64
address sizes	: 40 bits physical, 48 bits virtual
power management:

processor	: 8
vendor_id	: GenuineIntel
cpu family	: 6
model		: 44
model name	: Intel(R) Xeon(R) CPU           E5620  @ 2.40GHz
stepping	: 2
microcode	: 0x1a
cpu MHz		: 2394.110
cache size	: 12288 KB
physical id	: 1
siblings	: 8
core id		: 0
cpu cores	: 4
apicid		: 33
initial apicid	: 33
fpu		: yes
fpu_exception	: yes
cpuid level	: 11
wp		: yes
flags		: fpu vme de pse tsc msr pae mce cx8 apic sep mtrr pge mca cmov pat pse36 clflush dts acpi mmx fxsr sse sse2 ss ht tm pbe syscall nx pdpe1gb rdtscp lm constant_tsc arch_perfmon pebs bts rep_good nopl xtopology nonstop_tsc aperfmperf pni pclmulqdq dtes64 monitor ds_cpl vmx smx est tm2 ssse3 cx16 xtpr pdcm pcid dca sse4_1 sse4_2 popcnt aes lahf_lm tpr_shadow vnmi flexpriority ept vpid dtherm ida arat
bogomips	: 4788.22
clflush size	: 64
cache_alignment	: 64
address sizes	: 40 bits physical, 48 bits virtual
power management:

processor	: 9
vendor_id	: GenuineIntel
cpu family	: 6
model		: 44
model name	: Intel(R) Xeon(R) CPU           E5620  @ 2.40GHz
stepping	: 2
microcode	: 0x1a
cpu MHz		: 2394.110
cache size	: 12288 KB
physical id	: 0
siblings	: 8
core id		: 0
cpu cores	: 4
apicid		: 1
initial apicid	: 1
fpu		: yes
fpu_exception	: yes
cpuid level	: 11
wp		: yes
flags		: fpu vme de pse tsc msr pae mce cx8 apic sep mtrr pge mca cmov pat pse36 clflush dts acpi mmx fxsr sse sse2 ss ht tm pbe syscall nx pdpe1gb rdtscp lm constant_tsc arch_perfmon pebs bts rep_good nopl xtopology nonstop_tsc aperfmperf pni pclmulqdq dtes64 monitor ds_cpl vmx smx est tm2 ssse3 cx16 xtpr pdcm pcid dca sse4_1 sse4_2 popcnt aes lahf_lm tpr_shadow vnmi flexpriority ept vpid dtherm ida arat
bogomips	: 4787.83
clflush size	: 64
cache_alignment	: 64
address sizes	: 40 bits physical, 48 bits virtual
power management:

processor	: 10
vendor_id	: GenuineIntel
cpu family	: 6
model		: 44
model name	: Intel(R) Xeon(R) CPU           E5620  @ 2.40GHz
stepping	: 2
microcode	: 0x1a
cpu MHz		: 2394.110
cache size	: 12288 KB
physical id	: 1
siblings	: 8
core id		: 1
cpu cores	: 4
apicid		: 35
initial apicid	: 35
fpu		: yes
fpu_exception	: yes
cpuid level	: 11
wp		: yes
flags		: fpu vme de pse tsc msr pae mce cx8 apic sep mtrr pge mca cmov pat pse36 clflush dts acpi mmx fxsr sse sse2 ss ht tm pbe syscall nx pdpe1gb rdtscp lm constant_tsc arch_perfmon pebs bts rep_good nopl xtopology nonstop_tsc aperfmperf pni pclmulqdq dtes64 monitor ds_cpl vmx smx est tm2 ssse3 cx16 xtpr pdcm pcid dca sse4_1 sse4_2 popcnt aes lahf_lm tpr_shadow vnmi flexpriority ept vpid dtherm ida arat
bogomips	: 4788.22
clflush size	: 64
cache_alignment	: 64
address sizes	: 40 bits physical, 48 bits virtual
power management:

processor	: 11
vendor_id	: GenuineIntel
cpu family	: 6
model		: 44
model name	: Intel(R) Xeon(R) CPU           E5620  @ 2.40GHz
stepping	: 2
microcode	: 0x1a
cpu MHz		: 2394.110
cache size	: 12288 KB
physical id	: 0
siblings	: 8
core id		: 1
cpu cores	: 4
apicid		: 3
initial apicid	: 3
fpu		: yes
fpu_exception	: yes
cpuid level	: 11
wp		: yes
flags		: fpu vme de pse tsc msr pae mce cx8 apic sep mtrr pge mca cmov pat pse36 clflush dts acpi mmx fxsr sse sse2 ss ht tm pbe syscall nx pdpe1gb rdtscp lm constant_tsc arch_perfmon pebs bts rep_good nopl xtopology nonstop_tsc aperfmperf pni pclmulqdq dtes64 monitor ds_cpl vmx smx est tm2 ssse3 cx16 xtpr pdcm pcid dca sse4_1 sse4_2 popcnt aes lahf_lm tpr_shadow vnmi flexpriority ept vpid dtherm ida arat
bogomips	: 4787.83
clflush size	: 64
cache_alignment	: 64
address sizes	: 40 bits physical, 48 bits virtual
power management:

processor	: 12
vendor_id	: GenuineIntel
cpu family	: 6
model		: 44
model name	: Intel(R) Xeon(R) CPU           E5620  @ 2.40GHz
stepping	: 2
microcode	: 0x1a
cpu MHz		: 2394.110
cache size	: 12288 KB
physical id	: 1
siblings	: 8
core id		: 9
cpu cores	: 4
apicid		: 51
initial apicid	: 51
fpu		: yes
fpu_exception	: yes
cpuid level	: 11
wp		: yes
flags		: fpu vme de pse tsc msr pae mce cx8 apic sep mtrr pge mca cmov pat pse36 clflush dts acpi mmx fxsr sse sse2 ss ht tm pbe syscall nx pdpe1gb rdtscp lm constant_tsc arch_perfmon pebs bts rep_good nopl xtopology nonstop_tsc aperfmperf pni pclmulqdq dtes64 monitor ds_cpl vmx smx est tm2 ssse3 cx16 xtpr pdcm pcid dca sse4_1 sse4_2 popcnt aes lahf_lm tpr_shadow vnmi flexpriority ept vpid dtherm ida arat
bogomips	: 4788.22
clflush size	: 64
cache_alignment	: 64
address sizes	: 40 bits physical, 48 bits virtual
power management:

processor	: 13
vendor_id	: GenuineIntel
cpu family	: 6
model		: 44
model name	: Intel(R) Xeon(R) CPU           E5620  @ 2.40GHz
stepping	: 2
microcode	: 0x1a
cpu MHz		: 2394.110
cache size	: 12288 KB
physical id	: 0
siblings	: 8
core id		: 9
cpu cores	: 4
apicid		: 19
initial apicid	: 19
fpu		: yes
fpu_exception	: yes
cpuid level	: 11
wp		: yes
flags		: fpu vme de pse tsc msr pae mce cx8 apic sep mtrr pge mca cmov pat pse36 clflush dts acpi mmx fxsr sse sse2 ss ht tm pbe syscall nx pdpe1gb rdtscp lm constant_tsc arch_perfmon pebs bts rep_good nopl xtopology nonstop_tsc aperfmperf pni pclmulqdq dtes64 monitor ds_cpl vmx smx est tm2 ssse3 cx16 xtpr pdcm pcid dca sse4_1 sse4_2 popcnt aes lahf_lm tpr_shadow vnmi flexpriority ept vpid dtherm ida arat
bogomips	: 4787.83
clflush size	: 64
cache_alignment	: 64
address sizes	: 40 bits physical, 48 bits virtual
power management:

processor	: 14
vendor_id	: GenuineIntel
cpu family	: 6
model		: 44
model name	: Intel(R) Xeon(R) CPU           E5620  @ 2.40GHz
stepping	: 2
microcode	: 0x1a
cpu MHz		: 2394.110
cache size	: 12288 KB
physical id	: 1
siblings	: 8
core id		: 10
cpu cores	: 4
apicid		: 53
initial apicid	: 53
fpu		: yes
fpu_exception	: yes
cpuid level	: 11
wp		: yes
flags		: fpu vme de pse tsc msr pae mce cx8 apic sep mtrr pge mca cmov pat pse36 clflush dts acpi mmx fxsr sse sse2 ss ht tm pbe syscall nx pdpe1gb rdtscp lm constant_tsc arch_perfmon pebs bts rep_good nopl xtopology nonstop_tsc aperfmperf pni pclmulqdq dtes64 monitor ds_cpl vmx smx est tm2 ssse3 cx16 xtpr pdcm pcid dca sse4_1 sse4_2 popcnt aes lahf_lm tpr_shadow vnmi flexpriority ept vpid dtherm ida arat
bogomips	: 4788.22
clflush size	: 64
cache_alignment	: 64
address sizes	: 40 bits physical, 48 bits virtual
power management:

processor	: 15
vendor_id	: GenuineIntel
cpu family	: 6
model		: 44
model name	: Intel(R) Xeon(R) CPU           E5620  @ 2.40GHz
stepping	: 2
microcode	: 0x1a
cpu MHz		: 2394.110
cache size	: 12288 KB
physical id	: 0
siblings	: 8
core id		: 10
cpu cores	: 4
apicid		: 21
initial apicid	: 21
fpu		: yes
fpu_exception	: yes
cpuid level	: 11
wp		: yes
flags		: fpu vme de pse tsc msr pae mce cx8 apic sep mtrr pge mca cmov pat pse36 clflush dts acpi mmx fxsr sse sse2 ss ht tm pbe syscall nx pdpe1gb rdtscp lm constant_tsc arch_perfmon pebs bts rep_good nopl xtopology nonstop_tsc aperfmperf pni pclmulqdq dtes64 monitor ds_cpl vmx smx est tm2 ssse3 cx16 xtpr pdcm pcid dca sse4_1 sse4_2 popcnt aes lahf_lm tpr_shadow vnmi flexpriority ept vpid dtherm ida arat
bogomips	: 4787.83
clflush size	: 64
cache_alignment	: 64
address sizes	: 40 bits physical, 48 bits virtual
power management:



Memory: 4k page, physical 12121656k(164220k free), swap 4194300k(0k free)

vm_info: OpenJDK 64-Bit Server VM (25.171-b10) for linux-amd64 JRE (1.8.0_171-b10), built on May 22 2018 01:32:00 by "mockbuild" with gcc 4.8.5 20150623 (Red Hat 4.8.5-28)

time: Wed Jul  4 14:45:30 2018
elapsed time: 12 seconds (0d 0h 0m 12s)

