#
# There is insufficient memory for the Java Runtime Environment to continue.
# Native memory allocation (mmap) failed to map 229638144 bytes for committing reserved memory.
# Possible reasons:
#   The system is out of physical RAM or swap space
#   In 32 bit mode, the process size limit was hit
# Possible solutions:
#   Reduce memory load on the system
#   Increase physical memory or swap space
#   Check if swap backing store is full
#   Use 64 bit Java on a 64 bit OS
#   Decrease Java heap size (-Xmx/-Xms)
#   Decrease number of Java threads
#   Decrease Java thread stack sizes (-Xss)
#   Set larger code cache with -XX:ReservedCodeCacheSize=
# This output file may be truncated or incomplete.
#
#  Out of Memory Error (os_linux.cpp:2657), pid=1107, tid=0x00007f439d3ff700
#
# JRE version: OpenJDK Runtime Environment (8.0_171-b10) (build 1.8.0_171-b10)
# Java VM: OpenJDK 64-Bit Server VM (25.171-b10 mixed mode linux-amd64 compressed oops)
# Failed to write core dump. Core dumps have been disabled. To enable core dumping, try "ulimit -c unlimited" before starting Java again
#

---------------  T H R E A D  ---------------

Current thread (0x00007f43d4093260):  VMThread [stack: 0x00007f439d300000,0x00007f439d400000] [id=1126]

Stack: [0x00007f439d300000,0x00007f439d400000],  sp=0x00007f439d3fe460,  free space=1017k
Native frames: (J=compiled Java code, j=interpreted, Vv=VM code, C=native code)
V  [libjvm.so+0xab47fd]
V  [libjvm.so+0x4ec92a]
V  [libjvm.so+0x8b0ee8]
V  [libjvm.so+0x8ab3fe]
V  [libjvm.so+0x92477b]
V  [libjvm.so+0x925450]
V  [libjvm.so+0x9257ab]
V  [libjvm.so+0x92211c]
V  [libjvm.so+0x9228f8]
V  [libjvm.so+0x8d4e33]
V  [libjvm.so+0xab65d3]
V  [libjvm.so+0xabab87]
V  [libjvm.so+0xab9498]
V  [libjvm.so+0xab9969]
V  [libjvm.so+0xab9dc1]
V  [libjvm.so+0x8ae232]

VM_Operation (0x00007f439634d520): ParallelGCFailedAllocation, mode: safepoint, requested by thread 0x00007f43d4b74f10


---------------  P R O C E S S  ---------------

Java Threads: ( => current thread )
  0x00007f43d4cb3760 JavaThread "clojure-agent-send-pool-17" [_thread_blocked, id=1175, stack(0x00007f4395c49000,0x00007f4395d4a000)]
  0x00007f43d4b8e7d0 JavaThread "clojure-agent-send-pool-16" [_thread_blocked, id=1174, stack(0x00007f4395d4a000,0x00007f4395e4b000)]
  0x00007f43d4b89cb0 JavaThread "clojure-agent-send-pool-15" [_thread_blocked, id=1173, stack(0x00007f4395e4b000,0x00007f4395f4c000)]
  0x00007f43d4b87f10 JavaThread "clojure-agent-send-pool-14" [_thread_blocked, id=1172, stack(0x00007f4395f4c000,0x00007f439604d000)]
  0x00007f43d4b5cba0 JavaThread "clojure-agent-send-pool-13" [_thread_blocked, id=1171, stack(0x00007f439604d000,0x00007f439614e000)]
  0x00007f43d4b78b90 JavaThread "clojure-agent-send-pool-12" [_thread_blocked, id=1170, stack(0x00007f439614e000,0x00007f439624f000)]
  0x00007f43d4b74f10 JavaThread "clojure-agent-send-pool-11" [_thread_blocked, id=1169, stack(0x00007f439624f000,0x00007f4396350000)]
  0x00007f43d4c58720 JavaThread "clojure-agent-send-pool-10" [_thread_blocked, id=1168, stack(0x00007f4396350000,0x00007f4396451000)]
  0x00007f43d4b50d30 JavaThread "clojure-agent-send-pool-9" [_thread_blocked, id=1167, stack(0x00007f4396451000,0x00007f4396552000)]
  0x00007f43d4b52660 JavaThread "clojure-agent-send-pool-8" [_thread_blocked, id=1166, stack(0x00007f4396552000,0x00007f4396653000)]
  0x00007f43d4b333c0 JavaThread "clojure-agent-send-pool-7" [_thread_blocked, id=1165, stack(0x00007f4396653000,0x00007f4396754000)]
  0x00007f43d4c5db60 JavaThread "clojure-agent-send-pool-6" [_thread_blocked, id=1164, stack(0x00007f4396754000,0x00007f4396855000)]
  0x00007f43d4b567e0 JavaThread "clojure-agent-send-pool-5" [_thread_blocked, id=1163, stack(0x00007f4396855000,0x00007f4396956000)]
  0x00007f43d4b62c20 JavaThread "clojure-agent-send-pool-4" [_thread_blocked, id=1162, stack(0x00007f4396956000,0x00007f4396a57000)]
  0x00007f43d4b4aa00 JavaThread "clojure-agent-send-pool-3" [_thread_blocked, id=1161, stack(0x00007f4396a57000,0x00007f4396b58000)]
  0x00007f43d4b20aa0 JavaThread "clojure-agent-send-pool-2" [_thread_blocked, id=1160, stack(0x00007f4396b58000,0x00007f4396c59000)]
  0x00007f43d4b4e730 JavaThread "clojure-agent-send-pool-1" [_thread_blocked, id=1157, stack(0x00007f4396c59000,0x00007f4396d5a000)]
  0x00007f43d4c0e880 JavaThread "clojure-agent-send-pool-0" [_thread_blocked, id=1156, stack(0x00007f439c0a5000,0x00007f439c1a6000)]
  0x00007f43d40f6540 JavaThread "Service Thread" daemon [_thread_blocked, id=1142, stack(0x00007f439c2ef000,0x00007f439c3f0000)]
  0x00007f43d40f1de0 JavaThread "C1 CompilerThread11" daemon [_thread_blocked, id=1141, stack(0x00007f439c3f1000,0x00007f439c4f1000)]
  0x00007f43d40f05d0 JavaThread "C1 CompilerThread10" daemon [_thread_blocked, id=1140, stack(0x00007f439c4f2000,0x00007f439c5f2000)]
  0x00007f43d40ee9d0 JavaThread "C1 CompilerThread9" daemon [_thread_blocked, id=1139, stack(0x00007f439c5f3000,0x00007f439c6f3000)]
  0x00007f43d40ecdd0 JavaThread "C1 CompilerThread8" daemon [_thread_blocked, id=1138, stack(0x00007f439c6f4000,0x00007f439c7f4000)]
  0x00007f43d40eb1d0 JavaThread "C2 CompilerThread7" daemon [_thread_blocked, id=1137, stack(0x00007f439c7f5000,0x00007f439c8f5000)]
  0x00007f43d40e95d0 JavaThread "C2 CompilerThread6" daemon [_thread_blocked, id=1136, stack(0x00007f439c8f6000,0x00007f439c9f6000)]
  0x00007f43d40e79f0 JavaThread "C2 CompilerThread5" daemon [_thread_in_native, id=1135, stack(0x00007f439c9f7000,0x00007f439caf7000)]
  0x00007f43d40dde20 JavaThread "C2 CompilerThread4" daemon [_thread_blocked, id=1134, stack(0x00007f439caf8000,0x00007f439cbf8000)]
  0x00007f43d40dc240 JavaThread "C2 CompilerThread3" daemon [_thread_blocked, id=1133, stack(0x00007f439cbf9000,0x00007f439ccf9000)]
  0x00007f43d40da660 JavaThread "C2 CompilerThread2" daemon [_thread_blocked, id=1132, stack(0x00007f439ccfa000,0x00007f439cdfa000)]
  0x00007f43d401cb30 JavaThread "C2 CompilerThread1" daemon [_thread_blocked, id=1131, stack(0x00007f439cdfb000,0x00007f439cefb000)]
  0x00007f43d40cc1a0 JavaThread "C2 CompilerThread0" daemon [_thread_blocked, id=1130, stack(0x00007f439cefc000,0x00007f439cffc000)]
  0x00007f43d40ca7f0 JavaThread "Signal Dispatcher" daemon [_thread_blocked, id=1129, stack(0x00007f439cffc000,0x00007f439d0fd000)]
  0x00007f43d40a0970 JavaThread "Finalizer" daemon [_thread_blocked, id=1128, stack(0x00007f439d0fd000,0x00007f439d1fe000)]
  0x00007f43d409c700 JavaThread "Reference Handler" daemon [_thread_blocked, id=1127, stack(0x00007f439d1fe000,0x00007f439d2ff000)]
  0x00007f43d400aef0 JavaThread "main" [_thread_blocked, id=1112, stack(0x00007f43dd448000,0x00007f43dd548000)]

Other Threads:
=>0x00007f43d4093260 VMThread [stack: 0x00007f439d300000,0x00007f439d400000] [id=1126]
  0x00007f43d40f8350 WatcherThread [stack: 0x00007f439c1ef000,0x00007f439c2ef000] [id=1143]

VM state:at safepoint (normal execution)

VM Mutex/Monitor currently owned by a thread:  ([mutex/lock_event])
[0x00007f43d40082f0] Threads_lock - owner thread: 0x00007f43d4093260
[0x00007f43d40087f0] Heap_lock - owner thread: 0x00007f43d4b74f10
[0x00007f43d4008cf0] Compile_lock - owner thread: 0x00007f43d4b52660
[0x00007f43d4008df0] MethodCompileQueue_lock - owner thread: 0x00007f43d40da660

Heap:
 PSYoungGen      total 612864K, used 14848K [0x0000000782580000, 0x00000007abb00000, 0x00000007c0000000)
  eden space 598016K, 0% used [0x0000000782580000,0x0000000782580000,0x00000007a6d80000)
  from space 14848K, 100% used [0x00000007a6d80000,0x00000007a7c00000,0x00000007a7c00000)
  to   space 10240K, 0% used [0x00000007a7c00000,0x00000007a7c00000,0x00000007a8600000)
 ParOldGen       total 64512K, used 45461K [0x0000000707000000, 0x000000070af00000, 0x0000000782580000)
  object space 64512K, 70% used [0x0000000707000000,0x0000000709c65450,0x000000070af00000)
 Metaspace       used 27453K, capacity 35253K, committed 35456K, reserved 1075200K
  class space    used 6687K, capacity 9522K, committed 9600K, reserved 1048576K

Card table byte_map: [0x00007f43d9135000,0x00007f43d96fe000] byte_map_base: 0x00007f43d58fd000

Marking Bits: (ParMarkBitMap*) 0x00007f43dc6fde00
 Begin Bits: [0x00007f437a380000, 0x00007f437d1c0000)
 End Bits:   [0x00007f437d1c0000, 0x00007f4380000000)

Polling page: 0x00007f43dd446000

CodeCache: size=245760Kb used=17872Kb max_used=17872Kb free=227888Kb
 bounds [0x00007f43c5000000, 0x00007f43c6190000, 0x00007f43d4000000]
 total_blobs=3582 nmethods=3225 adapters=267
 compilation: enabled

Compilation events (10 events):
Event: 15.332 Thread 0x00007f43d40ee9d0 nmethod 3828 0x00007f43c6167ed0 code [0x00007f43c6168040, 0x00007f43c61681a8]
Event: 15.332 Thread 0x00007f43d40ee9d0 3822       3       clojush.instructions.common$duper$fn__1460::invoke (85 bytes)
Event: 15.333 Thread 0x00007f43d40ee9d0 nmethod 3822 0x00007f43c6166ed0 code [0x00007f43c61670c0, 0x00007f43c6167c18]
Event: 15.333 Thread 0x00007f43d40ee9d0 3823       3       clojush.instructions.common$yanker$fn__1744::invoke (561 bytes)
Event: 15.338 Thread 0x00007f43d40f05d0 nmethod 3820 0x00007f43c617a450 code [0x00007f43c617a8a0, 0x00007f43c617da38]
Event: 15.338 Thread 0x00007f43d40f05d0 3825       3       clojure.core$drop$fn__4847::invoke (36 bytes)
Event: 15.339 Thread 0x00007f43d40f05d0 nmethod 3825 0x00007f43c6166910 code [0x00007f43c6166a80, 0x00007f43c6166de8]
Event: 15.342 Thread 0x00007f43d40f05d0 3832       3       clojush.interpreter$eval_push::invokeStatic (1417 bytes)
Event: 15.352 Thread 0x00007f43d40f1de0 nmethod 3819 0x00007f43c617e810 code [0x00007f43c617ed00, 0x00007f43c6182708]
Event: 15.352 Thread 0x00007f43d40f1de0 3838       2       clojure.lang.LongRange::<init> (27 bytes)

GC Heap History (10 events):
Event: 4.816 GC heap after
Heap after GC invocations=5 (full 0):
 PSYoungGen      total 200192K, used 7536K [0x0000000782580000, 0x000000079af80000, 0x00000007c0000000)
  eden space 192512K, 0% used [0x0000000782580000,0x0000000782580000,0x000000078e180000)
  from space 7680K, 98% used [0x000000078e180000,0x000000078e8dc090,0x000000078e900000)
  to   space 9216K, 0% used [0x000000079a680000,0x000000079a680000,0x000000079af80000)
 ParOldGen       total 126976K, used 390K [0x0000000707000000, 0x000000070ec00000, 0x0000000782580000)
  object space 126976K, 0% used [0x0000000707000000,0x0000000707061b40,0x000000070ec00000)
 Metaspace       used 18455K, capacity 21259K, committed 21296K, reserved 1064960K
  class space    used 3887K, capacity 4956K, committed 4992K, reserved 1048576K
}
Event: 4.816 GC heap before
{Heap before GC invocations=6 (full 1):
 PSYoungGen      total 200192K, used 7536K [0x0000000782580000, 0x000000079af80000, 0x00000007c0000000)
  eden space 192512K, 0% used [0x0000000782580000,0x0000000782580000,0x000000078e180000)
  from space 7680K, 98% used [0x000000078e180000,0x000000078e8dc090,0x000000078e900000)
  to   space 9216K, 0% used [0x000000079a680000,0x000000079a680000,0x000000079af80000)
 ParOldGen       total 126976K, used 390K [0x0000000707000000, 0x000000070ec00000, 0x0000000782580000)
  object space 126976K, 0% used [0x0000000707000000,0x0000000707061b40,0x000000070ec00000)
 Metaspace       used 18455K, capacity 21259K, committed 21296K, reserved 1064960K
  class space    used 3887K, capacity 4956K, committed 4992K, reserved 1048576K
Event: 4.861 GC heap after
Heap after GC invocations=6 (full 1):
 PSYoungGen      total 200192K, used 0K [0x0000000782580000, 0x000000079af80000, 0x00000007c0000000)
  eden space 192512K, 0% used [0x0000000782580000,0x0000000782580000,0x000000078e180000)
  from space 7680K, 0% used [0x000000078e180000,0x000000078e180000,0x000000078e900000)
  to   space 9216K, 0% used [0x000000079a680000,0x000000079a680000,0x000000079af80000)
 ParOldGen       total 64512K, used 7325K [0x0000000707000000, 0x000000070af00000, 0x0000000782580000)
  object space 64512K, 11% used [0x0000000707000000,0x0000000707727440,0x000000070af00000)
 Metaspace       used 18455K, capacity 21259K, committed 21296K, reserved 1064960K
  class space    used 3887K, capacity 4956K, committed 4992K, reserved 1048576K
}
Event: 6.401 GC heap before
{Heap before GC invocations=7 (full 1):
 PSYoungGen      total 200192K, used 192512K [0x0000000782580000, 0x000000079af80000, 0x00000007c0000000)
  eden space 192512K, 100% used [0x0000000782580000,0x000000078e180000,0x000000078e180000)
  from space 7680K, 0% used [0x000000078e180000,0x000000078e180000,0x000000078e900000)
  to   space 9216K, 0% used [0x000000079a680000,0x000000079a680000,0x000000079af80000)
 ParOldGen       total 64512K, used 7325K [0x0000000707000000, 0x000000070af00000, 0x0000000782580000)
  object space 64512K, 11% used [0x0000000707000000,0x0000000707727440,0x000000070af00000)
 Metaspace       used 23857K, capacity 29909K, committed 29952K, reserved 1071104K
  class space    used 5637K, capacity 7914K, committed 7936K, reserved 1048576K
Event: 6.412 GC heap after
Heap after GC invocations=7 (full 1):
 PSYoungGen      total 349184K, used 4424K [0x0000000782580000, 0x000000079ab00000, 0x00000007c0000000)
  eden space 344576K, 0% used [0x0000000782580000,0x0000000782580000,0x0000000797600000)
  from space 4608K, 96% used [0x000000079a680000,0x000000079aad23d0,0x000000079ab00000)
  to   space 9216K, 0% used [0x0000000799900000,0x0000000799900000,0x000000079a200000)
 ParOldGen       total 64512K, used 7333K [0x0000000707000000, 0x000000070af00000, 0x0000000782580000)
  object space 64512K, 11% used [0x0000000707000000,0x0000000707729440,0x000000070af00000)
 Metaspace       used 23857K, capacity 29909K, committed 29952K, reserved 1071104K
  class space    used 5637K, capacity 7914K, committed 7936K, reserved 1048576K
}
Event: 9.212 GC heap before
{Heap before GC invocations=8 (full 1):
 PSYoungGen      total 349184K, used 349000K [0x0000000782580000, 0x000000079ab00000, 0x00000007c0000000)
  eden space 344576K, 100% used [0x0000000782580000,0x0000000797600000,0x0000000797600000)
  from space 4608K, 96% used [0x000000079a680000,0x000000079aad23d0,0x000000079ab00000)
  to   space 9216K, 0% used [0x0000000799900000,0x0000000799900000,0x000000079a200000)
 ParOldGen       total 64512K, used 7333K [0x0000000707000000, 0x000000070af00000, 0x0000000782580000)
  object space 64512K, 11% used [0x0000000707000000,0x0000000707729440,0x000000070af00000)
 Metaspace       used 27043K, capacity 34449K, committed 34688K, reserved 1075200K
  class space    used 6667K, capacity 9490K, committed 9600K, reserved 1048576K
Event: 9.228 GC heap after
Heap after GC invocations=8 (full 1):
 PSYoungGen      total 389632K, used 8720K [0x0000000782580000, 0x00000007a8600000, 0x00000007c0000000)
  eden space 380416K, 0% used [0x0000000782580000,0x0000000782580000,0x0000000799900000)
  from space 9216K, 94% used [0x0000000799900000,0x000000079a184010,0x000000079a200000)
  to   space 10240K, 0% used [0x00000007a7c00000,0x00000007a7c00000,0x00000007a8600000)
 ParOldGen       total 64512K, used 7341K [0x0000000707000000, 0x000000070af00000, 0x0000000782580000)
  object space 64512K, 11% used [0x0000000707000000,0x000000070772b440,0x000000070af00000)
 Metaspace       used 27043K, capacity 34449K, committed 34688K, reserved 1075200K
  class space    used 6667K, capacity 9490K, committed 9600K, reserved 1048576K
}
Event: 12.386 GC heap before
{Heap before GC invocations=9 (full 1):
 PSYoungGen      total 389632K, used 389136K [0x0000000782580000, 0x00000007a8600000, 0x00000007c0000000)
  eden space 380416K, 100% used [0x0000000782580000,0x0000000799900000,0x0000000799900000)
  from space 9216K, 94% used [0x0000000799900000,0x000000079a184010,0x000000079a200000)
  to   space 10240K, 0% used [0x00000007a7c00000,0x00000007a7c00000,0x00000007a8600000)
 ParOldGen       total 64512K, used 7341K [0x0000000707000000, 0x000000070af00000, 0x0000000782580000)
  object space 64512K, 11% used [0x0000000707000000,0x000000070772b440,0x000000070af00000)
 Metaspace       used 27059K, capacity 34461K, committed 34688K, reserved 1075200K
  class space    used 6667K, capacity 9490K, committed 9600K, reserved 1048576K
Event: 12.402 GC heap after
Heap after GC invocations=9 (full 1):
 PSYoungGen      total 608256K, used 10224K [0x0000000782580000, 0x00000007abb00000, 0x00000007c0000000)
  eden space 598016K, 0% used [0x0000000782580000,0x0000000782580000,0x00000007a6d80000)
  from space 10240K, 99% used [0x00000007a7c00000,0x00000007a85fc010,0x00000007a8600000)
  to   space 14848K, 0% used [0x00000007a6d80000,0x00000007a6d80000,0x00000007a7c00000)
 ParOldGen       total 64512K, used 15597K [0x0000000707000000, 0x000000070af00000, 0x0000000782580000)
  object space 64512K, 24% used [0x0000000707000000,0x0000000707f3b440,0x000000070af00000)
 Metaspace       used 27059K, capacity 34461K, committed 34688K, reserved 1075200K
  class space    used 6667K, capacity 9490K, committed 9600K, reserved 1048576K
}
Event: 15.367 GC heap before
{Heap before GC invocations=10 (full 1):
 PSYoungGen      total 608256K, used 608240K [0x0000000782580000, 0x00000007abb00000, 0x00000007c0000000)
  eden space 598016K, 100% used [0x0000000782580000,0x00000007a6d80000,0x00000007a6d80000)
  from space 10240K, 99% used [0x00000007a7c00000,0x00000007a85fc010,0x00000007a8600000)
  to   space 14848K, 0% used [0x00000007a6d80000,0x00000007a6d80000,0x00000007a7c00000)
 ParOldGen       total 64512K, used 15597K [0x0000000707000000, 0x000000070af00000, 0x0000000782580000)
  object space 64512K, 24% used [0x0000000707000000,0x0000000707f3b440,0x000000070af00000)
 Metaspace       used 27453K, capacity 35253K, committed 35456K, reserved 1075200K
  class space    used 6687K, capacity 9522K, committed 9600K, reserved 1048576K

Deoptimization events (10 events):
Event: 15.250 Thread 0x00007f43d4b62c20 Uncommon trap: reason=bimorphic action=maybe_recompile pc=0x00007f43c5dc437c method=clojure.core$filter$fn__4812.invoke()Ljava/lang/Object; @ 104
Event: 15.250 Thread 0x00007f43d4b89cb0 Uncommon trap: reason=class_check action=maybe_recompile pc=0x00007f43c60e8410 method=clojure.core$repeat.invokeStatic(Ljava/lang/Object;Ljava/lang/Object;)Ljava/lang/Object; @ 3
Event: 15.254 Thread 0x00007f43d4cb3760 Uncommon trap: reason=class_check action=maybe_recompile pc=0x00007f43c60e8410 method=clojure.core$repeat.invokeStatic(Ljava/lang/Object;Ljava/lang/Object;)Ljava/lang/Object; @ 3
Event: 15.257 Thread 0x00007f43d4b8e7d0 Uncommon trap: reason=class_check action=maybe_recompile pc=0x00007f43c6117a20 method=clojure.lang.RT.more(Ljava/lang/Object;)Lclojure/lang/ISeq; @ 31
Event: 15.258 Thread 0x00007f43d4b8e7d0 Uncommon trap: reason=class_check action=maybe_recompile pc=0x00007f43c6117a20 method=clojure.lang.RT.more(Ljava/lang/Object;)Lclojure/lang/ISeq; @ 31
Event: 15.259 Thread 0x00007f43d4b87f10 Uncommon trap: reason=unstable_if action=reinterpret pc=0x00007f43c61239ec method=clojure.lang.Numbers.ops(Ljava/lang/Object;)Lclojure/lang/Numbers$Ops; @ 31
Event: 15.261 Thread 0x00007f43d4b567e0 Uncommon trap: reason=bimorphic action=maybe_recompile pc=0x00007f43c5dc437c method=clojure.core$filter$fn__4812.invoke()Ljava/lang/Object; @ 104
Event: 15.323 Thread 0x00007f43d4b5cba0 Uncommon trap: reason=class_check action=maybe_recompile pc=0x00007f43c60291a8 method=clojure.lang.Numbers$LongOps.gte(Ljava/lang/Number;Ljava/lang/Number;)Z @ 1
Event: 15.327 Thread 0x00007f43d4b89cb0 Uncommon trap: reason=class_check action=maybe_recompile pc=0x00007f43c60e8410 method=clojure.core$repeat.invokeStatic(Ljava/lang/Object;Ljava/lang/Object;)Ljava/lang/Object; @ 3
Event: 15.354 Thread 0x00007f43d4b5cba0 Uncommon trap: reason=class_check action=maybe_recompile pc=0x00007f43c60291a8 method=clojure.lang.Numbers$LongOps.gte(Ljava/lang/Number;Ljava/lang/Number;)Z @ 1

Classes redefined (0 events):
No events

Internal exceptions (10 events):
Event: 7.289 Thread 0x00007f43d400aef0 Implicit null exception at 0x00007f43c54d5546 to 0x00007f43c54d55d1
Event: 7.748 Thread 0x00007f43d400aef0 Exception <a 'java/io/FileNotFoundException'> (0x000000078ff7c7a8) thrown at [/builddir/build/BUILD/java-1.8.0-openjdk-1.8.0.171-8.b10.el7_5.x86_64/openjdk/hotspot/src/share/vm/prims/jni.cpp, line 710]
Event: 7.751 Thread 0x00007f43d400aef0 Implicit null exception at 0x00007f43c5585ab4 to 0x00007f43c5586565
Event: 12.844 Thread 0x00007f43d400aef0 Implicit null exception at 0x00007f43c5f2a48c to 0x00007f43c5f2a4f4
Event: 13.011 Thread 0x00007f43d4b87f10 Implicit null exception at 0x00007f43c6069aec to 0x00007f43c606a707
Event: 15.188 Thread 0x00007f43d4b4aa00 Implicit null exception at 0x00007f43c5a7d694 to 0x00007f43c5a7dc0d
Event: 15.195 Thread 0x00007f43d4b8e7d0 Implicit null exception at 0x00007f43c605e26c to 0x00007f43c605e5fd
Event: 15.196 Thread 0x00007f43d4b62c20 Implicit null exception at 0x00007f43c5c14b8f to 0x00007f43c5c14d6d
Event: 15.196 Thread 0x00007f43d4b87f10 Implicit null exception at 0x00007f43c5b2a7cf to 0x00007f43c5b2a9ad
Event: 15.220 Thread 0x00007f43d4b74f10 Implicit null exception at 0x00007f43c5af7eb1 to 0x00007f43c5af821d

Events (10 events):
Event: 15.324 Thread 0x00007f43d4b5cba0 DEOPT UNPACKING pc=0x00007f43c504547a sp=0x00007f439614b6e0 mode 2
Event: 15.327 Thread 0x00007f43d4b89cb0 Uncommon trap: trap_request=0xffffffde fr.pc=0x00007f43c60e8410
Event: 15.327 Thread 0x00007f43d4b89cb0 DEOPT PACKING pc=0x00007f43c60e8410 sp=0x00007f4395f497e0
Event: 15.327 Thread 0x00007f43d4b89cb0 DEOPT UNPACKING pc=0x00007f43c504547a sp=0x00007f4395f49748 mode 2
Event: 15.354 Thread 0x00007f43d4b5cba0 Uncommon trap: trap_request=0xffffffde fr.pc=0x00007f43c60291a8
Event: 15.354 Thread 0x00007f43d4b5cba0 DEOPT PACKING pc=0x00007f43c60291a8 sp=0x00007f439614b6e0
Event: 15.354 Thread 0x00007f43d4b5cba0 DEOPT UNPACKING pc=0x00007f43c504547a sp=0x00007f439614b690 mode 2
Event: 15.355 loading class clojure/core$tree_seq$walk__5273
Event: 15.355 loading class clojure/core$tree_seq$walk__5273 done
Event: 15.362 Executing VM operation: ParallelGCFailedAllocation


Dynamic libraries:
00400000-00401000 r-xp 00000000 08:05 76037027                           /usr/lib/jvm/java-1.8.0-openjdk-1.8.0.171-8.b10.el7_5.x86_64/jre/bin/java
00600000-00601000 r--p 00000000 08:05 76037027                           /usr/lib/jvm/java-1.8.0-openjdk-1.8.0.171-8.b10.el7_5.x86_64/jre/bin/java
00601000-00602000 rw-p 00001000 08:05 76037027                           /usr/lib/jvm/java-1.8.0-openjdk-1.8.0.171-8.b10.el7_5.x86_64/jre/bin/java
0183d000-0185e000 rw-p 00000000 00:00 0                                  [heap]
707000000-70af00000 rw-p 00000000 00:00 0 
70af00000-782580000 ---p 00000000 00:00 0 
782580000-7abb00000 rw-p 00000000 00:00 0 
7b9600000-7c0000000 ---p 00000000 00:00 0 
7c0000000-7c0960000 rw-p 00000000 00:00 0 
7c0960000-800000000 ---p 00000000 00:00 0 
7f42e0000000-7f42e0021000 rw-p 00000000 00:00 0 
7f42e0021000-7f42e4000000 ---p 00000000 00:00 0 
7f42e8000000-7f42e8021000 rw-p 00000000 00:00 0 
7f42e8021000-7f42ec000000 ---p 00000000 00:00 0 
7f42ec000000-7f42ec021000 rw-p 00000000 00:00 0 
7f42ec021000-7f42f0000000 ---p 00000000 00:00 0 
7f42f0000000-7f42f0021000 rw-p 00000000 00:00 0 
7f42f0021000-7f42f4000000 ---p 00000000 00:00 0 
7f42f4000000-7f42f4021000 rw-p 00000000 00:00 0 
7f42f4021000-7f42f8000000 ---p 00000000 00:00 0 
7f42f8000000-7f42f8021000 rw-p 00000000 00:00 0 
7f42f8021000-7f42fc000000 ---p 00000000 00:00 0 
7f42fc000000-7f42fc021000 rw-p 00000000 00:00 0 
7f42fc021000-7f4300000000 ---p 00000000 00:00 0 
7f4300000000-7f4300025000 rw-p 00000000 00:00 0 
7f4300025000-7f4304000000 ---p 00000000 00:00 0 
7f4304000000-7f4304021000 rw-p 00000000 00:00 0 
7f4304021000-7f4308000000 ---p 00000000 00:00 0 
7f4308000000-7f4308021000 rw-p 00000000 00:00 0 
7f4308021000-7f430c000000 ---p 00000000 00:00 0 
7f430c000000-7f430c021000 rw-p 00000000 00:00 0 
7f430c021000-7f4310000000 ---p 00000000 00:00 0 
7f4310000000-7f4310021000 rw-p 00000000 00:00 0 
7f4310021000-7f4314000000 ---p 00000000 00:00 0 
7f4314000000-7f4314021000 rw-p 00000000 00:00 0 
7f4314021000-7f4318000000 ---p 00000000 00:00 0 
7f4318000000-7f4318021000 rw-p 00000000 00:00 0 
7f4318021000-7f431c000000 ---p 00000000 00:00 0 
7f431c000000-7f431c021000 rw-p 00000000 00:00 0 
7f431c021000-7f4320000000 ---p 00000000 00:00 0 
7f4320000000-7f4320021000 rw-p 00000000 00:00 0 
7f4320021000-7f4324000000 ---p 00000000 00:00 0 
7f4324000000-7f4324021000 rw-p 00000000 00:00 0 
7f4324021000-7f4328000000 ---p 00000000 00:00 0 
7f4328000000-7f4328021000 rw-p 00000000 00:00 0 
7f4328021000-7f432c000000 ---p 00000000 00:00 0 
7f432c000000-7f432c021000 rw-p 00000000 00:00 0 
7f432c021000-7f4330000000 ---p 00000000 00:00 0 
7f4330000000-7f4330411000 rw-p 00000000 00:00 0 
7f4330411000-7f4334000000 ---p 00000000 00:00 0 
7f4334000000-7f4334021000 rw-p 00000000 00:00 0 
7f4334021000-7f4338000000 ---p 00000000 00:00 0 
7f4338000000-7f4338309000 rw-p 00000000 00:00 0 
7f4338309000-7f433c000000 ---p 00000000 00:00 0 
7f433c000000-7f433c357000 rw-p 00000000 00:00 0 
7f433c357000-7f4340000000 ---p 00000000 00:00 0 
7f4340000000-7f43417af000 rw-p 00000000 00:00 0 
7f43417af000-7f4344000000 ---p 00000000 00:00 0 
7f4344000000-7f4344550000 rw-p 00000000 00:00 0 
7f4344550000-7f4348000000 ---p 00000000 00:00 0 
7f4348000000-7f43490e3000 rw-p 00000000 00:00 0 
7f43490e3000-7f434c000000 ---p 00000000 00:00 0 
7f434c000000-7f434d1a6000 rw-p 00000000 00:00 0 
7f434d1a6000-7f4350000000 ---p 00000000 00:00 0 
7f4350000000-7f435146c000 rw-p 00000000 00:00 0 
7f435146c000-7f4354000000 ---p 00000000 00:00 0 
7f4354000000-7f4354de4000 rw-p 00000000 00:00 0 
7f4354de4000-7f4358000000 ---p 00000000 00:00 0 
7f4358000000-7f4358b7c000 rw-p 00000000 00:00 0 
7f4358b7c000-7f435c000000 ---p 00000000 00:00 0 
7f435c000000-7f435cc51000 rw-p 00000000 00:00 0 
7f435cc51000-7f4360000000 ---p 00000000 00:00 0 
7f4360000000-7f4360850000 rw-p 00000000 00:00 0 
7f4360850000-7f4364000000 ---p 00000000 00:00 0 
7f4365ad7000-7f436c000000 r--p 00000000 08:05 135339676                  /usr/lib/locale/locale-archive
7f436c000000-7f436c021000 rw-p 00000000 00:00 0 
7f436c021000-7f4370000000 ---p 00000000 00:00 0 
7f4370000000-7f4370021000 rw-p 00000000 00:00 0 
7f4370021000-7f4374000000 ---p 00000000 00:00 0 
7f4374000000-7f4374021000 rw-p 00000000 00:00 0 
7f4374021000-7f4378000000 ---p 00000000 00:00 0 
7f437a380000-7f4380000000 rw-p 00000000 00:00 0 
7f4380000000-7f4380021000 rw-p 00000000 00:00 0 
7f4380021000-7f4384000000 ---p 00000000 00:00 0 
7f4384000000-7f4384021000 rw-p 00000000 00:00 0 
7f4384021000-7f4388000000 ---p 00000000 00:00 0 
7f4388000000-7f4388021000 rw-p 00000000 00:00 0 
7f4388021000-7f438c000000 ---p 00000000 00:00 0 
7f4390000000-7f4390021000 rw-p 00000000 00:00 0 
7f4390021000-7f4394000000 ---p 00000000 00:00 0 
7f4395c49000-7f4395c4c000 ---p 00000000 00:00 0 
7f4395c4c000-7f4395d4a000 rw-p 00000000 00:00 0 
7f4395d4a000-7f4395d4d000 ---p 00000000 00:00 0 
7f4395d4d000-7f4395e4b000 rw-p 00000000 00:00 0 
7f4395e4b000-7f4395e4e000 ---p 00000000 00:00 0 
7f4395e4e000-7f4395f4c000 rw-p 00000000 00:00 0 
7f4395f4c000-7f4395f4f000 ---p 00000000 00:00 0 
7f4395f4f000-7f439604d000 rw-p 00000000 00:00 0 
7f439604d000-7f4396050000 ---p 00000000 00:00 0 
7f4396050000-7f439614e000 rw-p 00000000 00:00 0 
7f439614e000-7f4396151000 ---p 00000000 00:00 0 
7f4396151000-7f439624f000 rw-p 00000000 00:00 0 
7f439624f000-7f4396252000 ---p 00000000 00:00 0 
7f4396252000-7f4396350000 rw-p 00000000 00:00 0 
7f4396350000-7f4396353000 ---p 00000000 00:00 0 
7f4396353000-7f4396451000 rw-p 00000000 00:00 0 
7f4396451000-7f4396454000 ---p 00000000 00:00 0 
7f4396454000-7f4396552000 rw-p 00000000 00:00 0 
7f4396552000-7f4396555000 ---p 00000000 00:00 0 
7f4396555000-7f4396653000 rw-p 00000000 00:00 0 
7f4396653000-7f4396656000 ---p 00000000 00:00 0 
7f4396656000-7f4396754000 rw-p 00000000 00:00 0 
7f4396754000-7f4396757000 ---p 00000000 00:00 0 
7f4396757000-7f4396855000 rw-p 00000000 00:00 0 
7f4396855000-7f4396858000 ---p 00000000 00:00 0 
7f4396858000-7f4396956000 rw-p 00000000 00:00 0 
7f4396956000-7f4396959000 ---p 00000000 00:00 0 
7f4396959000-7f4396a57000 rw-p 00000000 00:00 0 
7f4396a57000-7f4396a5a000 ---p 00000000 00:00 0 
7f4396a5a000-7f4396b58000 rw-p 00000000 00:00 0 
7f4396b58000-7f4396b5b000 ---p 00000000 00:00 0 
7f4396b5b000-7f4396c59000 rw-p 00000000 00:00 0 
7f4396c59000-7f4396c5c000 ---p 00000000 00:00 0 
7f4396c5c000-7f4396e9a000 rw-p 00000000 00:00 0 
7f4396e9a000-7f4396f5a000 ---p 00000000 00:00 0 
7f4396f5a000-7f439715a000 rw-p 00000000 00:00 0 
7f439715a000-7f439735a000 rw-p 00000000 00:00 0 
7f439735a000-7f439755a000 rw-p 00000000 00:00 0 
7f439755a000-7f439775a000 rw-p 00000000 00:00 0 
7f439775a000-7f439795a000 rw-p 00000000 00:00 0 
7f4397a00000-7f4397c00000 rw-p 00000000 00:00 0 
7f4397c00000-7f4397e00000 rw-p 00000000 00:00 0 
7f4397e00000-7f4398000000 rw-p 00000000 00:00 0 
7f4398000000-7f4398021000 rw-p 00000000 00:00 0 
7f4398021000-7f439c000000 ---p 00000000 00:00 0 
7f439c06a000-7f439c088000 r--s 00180000 00:2e 249006533                  /home/xhe/.m2/repository/org/apache/commons/commons-math3/3.2/commons-math3-3.2.jar
7f439c0a5000-7f439c0a8000 ---p 00000000 00:00 0 
7f439c0a8000-7f439c1a6000 rw-p 00000000 00:00 0 
7f439c1a6000-7f439c1ab000 r--s 000b6000 08:05 67543830                   /usr/lib/jvm/java-1.8.0-openjdk-1.8.0.171-8.b10.el7_5.x86_64/jre/lib/jsse.jar
7f439c1ab000-7f439c1ee000 r--s 00332000 00:2e 249006526                  /home/xhe/.m2/repository/org/clojure/clojure/1.8.0/clojure-1.8.0.jar
7f439c1ee000-7f439c1ef000 ---p 00000000 00:00 0 
7f439c1ef000-7f439c2ef000 rw-p 00000000 00:00 0 
7f439c2ef000-7f439c2f2000 ---p 00000000 00:00 0 
7f439c2f2000-7f439c3f0000 rw-p 00000000 00:00 0 
7f439c3f0000-7f439c3f4000 ---p 00000000 00:00 0 
7f439c3f4000-7f439c4f1000 rw-p 00000000 00:00 0 
7f439c4f1000-7f439c4f5000 ---p 00000000 00:00 0 
7f439c4f5000-7f439c5f2000 rw-p 00000000 00:00 0 
7f439c5f2000-7f439c5f6000 ---p 00000000 00:00 0 
7f439c5f6000-7f439c6f3000 rw-p 00000000 00:00 0 
7f439c6f3000-7f439c6f7000 ---p 00000000 00:00 0 
7f439c6f7000-7f439c7f4000 rw-p 00000000 00:00 0 
7f439c7f4000-7f439c7f8000 ---p 00000000 00:00 0 
7f439c7f8000-7f439c8f5000 rw-p 00000000 00:00 0 
7f439c8f5000-7f439c8f9000 ---p 00000000 00:00 0 
7f439c8f9000-7f439c9f6000 rw-p 00000000 00:00 0 
7f439c9f6000-7f439c9fa000 ---p 00000000 00:00 0 
7f439c9fa000-7f439caf7000 rw-p 00000000 00:00 0 
7f439caf7000-7f439cafb000 ---p 00000000 00:00 0 
7f439cafb000-7f439cbf8000 rw-p 00000000 00:00 0 
7f439cbf8000-7f439cbfc000 ---p 00000000 00:00 0 
7f439cbfc000-7f439ccf9000 rw-p 00000000 00:00 0 
7f439ccf9000-7f439ccfd000 ---p 00000000 00:00 0 
7f439ccfd000-7f439cdfa000 rw-p 00000000 00:00 0 
7f439cdfa000-7f439cdfe000 ---p 00000000 00:00 0 
7f439cdfe000-7f439cefb000 rw-p 00000000 00:00 0 
7f439cefb000-7f439ceff000 ---p 00000000 00:00 0 
7f439ceff000-7f439cffc000 rw-p 00000000 00:00 0 
7f439cffc000-7f439cfff000 ---p 00000000 00:00 0 
7f439cfff000-7f439d0fd000 rw-p 00000000 00:00 0 
7f439d0fd000-7f439d100000 ---p 00000000 00:00 0 
7f439d100000-7f439d1fe000 rw-p 00000000 00:00 0 
7f439d1fe000-7f439d201000 ---p 00000000 00:00 0 
7f439d201000-7f439d2ff000 rw-p 00000000 00:00 0 
7f439d2ff000-7f439d300000 ---p 00000000 00:00 0 
7f439d300000-7f439fe31000 rw-p 00000000 00:00 0 
7f439fe31000-7f43a0000000 r--s 0440f000 08:05 67543839                   /usr/lib/jvm/java-1.8.0-openjdk-1.8.0.171-8.b10.el7_5.x86_64/jre/lib/rt.jar
7f43a0000000-7f43a0021000 rw-p 00000000 00:00 0 
7f43a0021000-7f43a4000000 ---p 00000000 00:00 0 
7f43a4000000-7f43a4021000 rw-p 00000000 00:00 0 
7f43a4021000-7f43a8000000 ---p 00000000 00:00 0 
7f43a8000000-7f43a8021000 rw-p 00000000 00:00 0 
7f43a8021000-7f43ac000000 ---p 00000000 00:00 0 
7f43ac000000-7f43ac021000 rw-p 00000000 00:00 0 
7f43ac021000-7f43b0000000 ---p 00000000 00:00 0 
7f43b0000000-7f43b0021000 rw-p 00000000 00:00 0 
7f43b0021000-7f43b4000000 ---p 00000000 00:00 0 
7f43b4000000-7f43b4021000 rw-p 00000000 00:00 0 
7f43b4021000-7f43b8000000 ---p 00000000 00:00 0 
7f43b8000000-7f43b8021000 rw-p 00000000 00:00 0 
7f43b8021000-7f43bc000000 ---p 00000000 00:00 0 
7f43bc000000-7f43bc021000 rw-p 00000000 00:00 0 
7f43bc021000-7f43c0000000 ---p 00000000 00:00 0 
7f43c0000000-7f43c0021000 rw-p 00000000 00:00 0 
7f43c0021000-7f43c4000000 ---p 00000000 00:00 0 
7f43c4000000-7f43c4004000 r--s 00041000 00:2e 249006532                  /home/xhe/.m2/repository/com/fasterxml/jackson/core/jackson-core/2.8.6/jackson-core-2.8.6.jar
7f43c4004000-7f43c4006000 r--s 00000000 00:2e 249006558                  /home/xhe/.m2/repository/net/totakke/libra/0.1.0/libra-0.1.0.jar
7f43c4006000-7f43c4010000 r--s 00056000 00:2e 249006438                  /home/xhe/.m2/repository/cider/cider-nrepl/0.17.0/cider-nrepl-0.17.0.jar
7f43c4010000-7f43c5000000 rw-p 00000000 00:00 0 
7f43c5000000-7f43c6190000 rwxp 00000000 00:00 0 
7f43c6190000-7f43d4000000 ---p 00000000 00:00 0 
7f43d4000000-7f43d4f1d000 rw-p 00000000 00:00 0 
7f43d4f1d000-7f43d8000000 ---p 00000000 00:00 0 
7f43d8000000-7f43d8001000 rw-p 00000000 00:00 0 
7f43d8001000-7f43d8003000 r--s 00011000 00:2e 249006534                  /home/xhe/.m2/repository/com/fasterxml/jackson/dataformat/jackson-dataformat-smile/2.8.6/jackson-dataformat-smile-2.8.6.jar
7f43d8003000-7f43d8004000 r--s 00001000 00:2e 249006530                  /home/xhe/.m2/repository/org/clojure/data.json/0.2.6/data.json-0.2.6.jar
7f43d8004000-7f43d8005000 r--s 00000000 00:2e 249006552                  /home/xhe/.m2/repository/de/kotka/lazymap/3.1.0/lazymap-3.1.0.jar
7f43d8005000-7f43d8007000 r--s 0000b000 00:2e 249006548                  /home/xhe/.m2/repository/kephale/uncommons-maths/1.2.3/uncommons-maths-1.2.3.jar
7f43d8007000-7f43d8009000 r--s 00005000 00:2e 249006550                  /home/xhe/.m2/repository/cheshire/cheshire/5.7.1/cheshire-5.7.1.jar
7f43d8009000-7f43d800a000 r--s 00000000 00:2e 249006543                  /home/xhe/.m2/repository/clj-random/clj-random/0.1.7/clj-random-0.1.7.jar
7f43d800a000-7f43d800b000 r--s 00000000 00:2e 249006542                  /home/xhe/.m2/repository/local-file/local-file/0.1.0/local-file-0.1.0.jar
7f43d800b000-7f43d804d000 rw-p 00000000 00:00 0 
7f43d804d000-7f43d804e000 ---p 00000000 00:00 0 
7f43d804e000-7f43d814e000 rw-p 00000000 00:00 0 
7f43d814e000-7f43d814f000 ---p 00000000 00:00 0 
7f43d814f000-7f43d824f000 rw-p 00000000 00:00 0 
7f43d824f000-7f43d8250000 ---p 00000000 00:00 0 
7f43d8250000-7f43d8350000 rw-p 00000000 00:00 0 
7f43d8350000-7f43d8351000 ---p 00000000 00:00 0 
7f43d8351000-7f43d8451000 rw-p 00000000 00:00 0 
7f43d8451000-7f43d8452000 ---p 00000000 00:00 0 
7f43d8452000-7f43d8552000 rw-p 00000000 00:00 0 
7f43d8552000-7f43d8553000 ---p 00000000 00:00 0 
7f43d8553000-7f43d8653000 rw-p 00000000 00:00 0 
7f43d8653000-7f43d8654000 ---p 00000000 00:00 0 
7f43d8654000-7f43d8754000 rw-p 00000000 00:00 0 
7f43d8754000-7f43d8755000 ---p 00000000 00:00 0 
7f43d8755000-7f43d8855000 rw-p 00000000 00:00 0 
7f43d8855000-7f43d8856000 ---p 00000000 00:00 0 
7f43d8856000-7f43d8956000 rw-p 00000000 00:00 0 
7f43d8956000-7f43d8957000 ---p 00000000 00:00 0 
7f43d8957000-7f43d8a57000 rw-p 00000000 00:00 0 
7f43d8a57000-7f43d8a58000 ---p 00000000 00:00 0 
7f43d8a58000-7f43d8b58000 rw-p 00000000 00:00 0 
7f43d8b58000-7f43d8b59000 ---p 00000000 00:00 0 
7f43d8b59000-7f43d8c59000 rw-p 00000000 00:00 0 
7f43d8c59000-7f43d8c5a000 ---p 00000000 00:00 0 
7f43d8c5a000-7f43d8d7a000 rw-p 00000000 00:00 0 
7f43d8d7a000-7f43d9135000 ---p 00000000 00:00 0 
7f43d9135000-7f43d9155000 rw-p 00000000 00:00 0 
7f43d9155000-7f43d950f000 ---p 00000000 00:00 0 
7f43d950f000-7f43d965b000 rw-p 00000000 00:00 0 
7f43d965b000-7f43d96fd000 ---p 00000000 00:00 0 
7f43d96fd000-7f43d9745000 rw-p 00000000 00:00 0 
7f43d9745000-7f43d9abe000 ---p 00000000 00:00 0 
7f43d9abe000-7f43d9ac6000 r-xp 00000000 08:05 135994947                  /usr/lib/jvm/java-1.8.0-openjdk-1.8.0.171-8.b10.el7_5.x86_64/jre/lib/amd64/libzip.so
7f43d9ac6000-7f43d9cc5000 ---p 00008000 08:05 135994947                  /usr/lib/jvm/java-1.8.0-openjdk-1.8.0.171-8.b10.el7_5.x86_64/jre/lib/amd64/libzip.so
7f43d9cc5000-7f43d9cc6000 r--p 00007000 08:05 135994947                  /usr/lib/jvm/java-1.8.0-openjdk-1.8.0.171-8.b10.el7_5.x86_64/jre/lib/amd64/libzip.so
7f43d9cc6000-7f43d9cc7000 rw-p 00008000 08:05 135994947                  /usr/lib/jvm/java-1.8.0-openjdk-1.8.0.171-8.b10.el7_5.x86_64/jre/lib/amd64/libzip.so
7f43d9cc7000-7f43da4cc000 r--s 00000000 08:03 38155                      /var/lib/sss/mc/passwd
7f43da4cc000-7f43da4d4000 r-xp 00000000 08:05 204933493                  /usr/lib64/libnss_sss.so.2
7f43da4d4000-7f43da6d3000 ---p 00008000 08:05 204933493                  /usr/lib64/libnss_sss.so.2
7f43da6d3000-7f43da6d4000 r--p 00007000 08:05 204933493                  /usr/lib64/libnss_sss.so.2
7f43da6d4000-7f43da6d5000 rw-p 00008000 08:05 204933493                  /usr/lib64/libnss_sss.so.2
7f43da6d5000-7f43da6e1000 r-xp 00000000 08:05 202816356                  /usr/lib64/libnss_files-2.17.so
7f43da6e1000-7f43da8e0000 ---p 0000c000 08:05 202816356                  /usr/lib64/libnss_files-2.17.so
7f43da8e0000-7f43da8e1000 r--p 0000b000 08:05 202816356                  /usr/lib64/libnss_files-2.17.so
7f43da8e1000-7f43da8e2000 rw-p 0000c000 08:05 202816356                  /usr/lib64/libnss_files-2.17.so
7f43da8e2000-7f43da8e8000 rw-p 00000000 00:00 0 
7f43da8e8000-7f43da916000 r-xp 00000000 08:05 135994923                  /usr/lib/jvm/java-1.8.0-openjdk-1.8.0.171-8.b10.el7_5.x86_64/jre/lib/amd64/libjava.so
7f43da916000-7f43dab15000 ---p 0002e000 08:05 135994923                  /usr/lib/jvm/java-1.8.0-openjdk-1.8.0.171-8.b10.el7_5.x86_64/jre/lib/amd64/libjava.so
7f43dab15000-7f43dab16000 r--p 0002d000 08:05 135994923                  /usr/lib/jvm/java-1.8.0-openjdk-1.8.0.171-8.b10.el7_5.x86_64/jre/lib/amd64/libjava.so
7f43dab16000-7f43dab18000 rw-p 0002e000 08:05 135994923                  /usr/lib/jvm/java-1.8.0-openjdk-1.8.0.171-8.b10.el7_5.x86_64/jre/lib/amd64/libjava.so
7f43dab18000-7f43dab25000 r-xp 00000000 08:05 135994946                  /usr/lib/jvm/java-1.8.0-openjdk-1.8.0.171-8.b10.el7_5.x86_64/jre/lib/amd64/libverify.so
7f43dab25000-7f43dad24000 ---p 0000d000 08:05 135994946                  /usr/lib/jvm/java-1.8.0-openjdk-1.8.0.171-8.b10.el7_5.x86_64/jre/lib/amd64/libverify.so
7f43dad24000-7f43dad26000 r--p 0000c000 08:05 135994946                  /usr/lib/jvm/java-1.8.0-openjdk-1.8.0.171-8.b10.el7_5.x86_64/jre/lib/amd64/libverify.so
7f43dad26000-7f43dad27000 rw-p 0000e000 08:05 135994946                  /usr/lib/jvm/java-1.8.0-openjdk-1.8.0.171-8.b10.el7_5.x86_64/jre/lib/amd64/libverify.so
7f43dad27000-7f43dad2e000 r-xp 00000000 08:05 202816363                  /usr/lib64/librt-2.17.so
7f43dad2e000-7f43daf2d000 ---p 00007000 08:05 202816363                  /usr/lib64/librt-2.17.so
7f43daf2d000-7f43daf2e000 r--p 00006000 08:05 202816363                  /usr/lib64/librt-2.17.so
7f43daf2e000-7f43daf2f000 rw-p 00007000 08:05 202816363                  /usr/lib64/librt-2.17.so
7f43daf2f000-7f43daf44000 r-xp 00000000 08:05 201429134                  /usr/lib64/libgcc_s-4.8.5-20150702.so.1
7f43daf44000-7f43db143000 ---p 00015000 08:05 201429134                  /usr/lib64/libgcc_s-4.8.5-20150702.so.1
7f43db143000-7f43db144000 r--p 00014000 08:05 201429134                  /usr/lib64/libgcc_s-4.8.5-20150702.so.1
7f43db144000-7f43db145000 rw-p 00015000 08:05 201429134                  /usr/lib64/libgcc_s-4.8.5-20150702.so.1
7f43db145000-7f43db246000 r-xp 00000000 08:05 202816345                  /usr/lib64/libm-2.17.so
7f43db246000-7f43db445000 ---p 00101000 08:05 202816345                  /usr/lib64/libm-2.17.so
7f43db445000-7f43db446000 r--p 00100000 08:05 202816345                  /usr/lib64/libm-2.17.so
7f43db446000-7f43db447000 rw-p 00101000 08:05 202816345                  /usr/lib64/libm-2.17.so
7f43db447000-7f43db530000 r-xp 00000000 08:05 202418614                  /usr/lib64/libstdc++.so.6.0.19
7f43db530000-7f43db72f000 ---p 000e9000 08:05 202418614                  /usr/lib64/libstdc++.so.6.0.19
7f43db72f000-7f43db737000 r--p 000e8000 08:05 202418614                  /usr/lib64/libstdc++.so.6.0.19
7f43db737000-7f43db739000 rw-p 000f0000 08:05 202418614                  /usr/lib64/libstdc++.so.6.0.19
7f43db739000-7f43db74e000 rw-p 00000000 00:00 0 
7f43db74e000-7f43dc414000 r-xp 00000000 08:05 67543813                   /usr/lib/jvm/java-1.8.0-openjdk-1.8.0.171-8.b10.el7_5.x86_64/jre/lib/amd64/server/libjvm.so
7f43dc414000-7f43dc614000 ---p 00cc6000 08:05 67543813                   /usr/lib/jvm/java-1.8.0-openjdk-1.8.0.171-8.b10.el7_5.x86_64/jre/lib/amd64/server/libjvm.so
7f43dc614000-7f43dc6bf000 r--p 00cc6000 08:05 67543813                   /usr/lib/jvm/java-1.8.0-openjdk-1.8.0.171-8.b10.el7_5.x86_64/jre/lib/amd64/server/libjvm.so
7f43dc6bf000-7f43dc6e8000 rw-p 00d71000 08:05 67543813                   /usr/lib/jvm/java-1.8.0-openjdk-1.8.0.171-8.b10.el7_5.x86_64/jre/lib/amd64/server/libjvm.so
7f43dc6e8000-7f43dc71b000 rw-p 00000000 00:00 0 
7f43dc71b000-7f43dc8de000 r-xp 00000000 08:05 201328629                  /usr/lib64/libc-2.17.so
7f43dc8de000-7f43dcadd000 ---p 001c3000 08:05 201328629                  /usr/lib64/libc-2.17.so
7f43dcadd000-7f43dcae1000 r--p 001c2000 08:05 201328629                  /usr/lib64/libc-2.17.so
7f43dcae1000-7f43dcae3000 rw-p 001c6000 08:05 201328629                  /usr/lib64/libc-2.17.so
7f43dcae3000-7f43dcae8000 rw-p 00000000 00:00 0 
7f43dcae8000-7f43dcaea000 r-xp 00000000 08:05 202816343                  /usr/lib64/libdl-2.17.so
7f43dcaea000-7f43dccea000 ---p 00002000 08:05 202816343                  /usr/lib64/libdl-2.17.so
7f43dccea000-7f43dcceb000 r--p 00002000 08:05 202816343                  /usr/lib64/libdl-2.17.so
7f43dcceb000-7f43dccec000 rw-p 00003000 08:05 202816343                  /usr/lib64/libdl-2.17.so
7f43dccec000-7f43dccfa000 r-xp 00000000 08:05 1726550                    /usr/lib/jvm/java-1.8.0-openjdk-1.8.0.171-8.b10.el7_5.x86_64/jre/lib/amd64/jli/libjli.so
7f43dccfa000-7f43dcef9000 ---p 0000e000 08:05 1726550                    /usr/lib/jvm/java-1.8.0-openjdk-1.8.0.171-8.b10.el7_5.x86_64/jre/lib/amd64/jli/libjli.so
7f43dcef9000-7f43dcefa000 r--p 0000d000 08:05 1726550                    /usr/lib/jvm/java-1.8.0-openjdk-1.8.0.171-8.b10.el7_5.x86_64/jre/lib/amd64/jli/libjli.so
7f43dcefa000-7f43dcefb000 rw-p 0000e000 08:05 1726550                    /usr/lib/jvm/java-1.8.0-openjdk-1.8.0.171-8.b10.el7_5.x86_64/jre/lib/amd64/jli/libjli.so
7f43dcefb000-7f43dcf10000 r-xp 00000000 08:05 204492934                  /usr/lib64/libz.so.1.2.7
7f43dcf10000-7f43dd10f000 ---p 00015000 08:05 204492934                  /usr/lib64/libz.so.1.2.7
7f43dd10f000-7f43dd110000 r--p 00014000 08:05 204492934                  /usr/lib64/libz.so.1.2.7
7f43dd110000-7f43dd111000 rw-p 00015000 08:05 204492934                  /usr/lib64/libz.so.1.2.7
7f43dd111000-7f43dd128000 r-xp 00000000 08:05 201328655                  /usr/lib64/libpthread-2.17.so
7f43dd128000-7f43dd327000 ---p 00017000 08:05 201328655                  /usr/lib64/libpthread-2.17.so
7f43dd327000-7f43dd328000 r--p 00016000 08:05 201328655                  /usr/lib64/libpthread-2.17.so
7f43dd328000-7f43dd329000 rw-p 00017000 08:05 201328655                  /usr/lib64/libpthread-2.17.so
7f43dd329000-7f43dd32d000 rw-p 00000000 00:00 0 
7f43dd32d000-7f43dd34f000 r-xp 00000000 08:05 201328622                  /usr/lib64/ld-2.17.so
7f43dd34f000-7f43dd351000 r--s 00000000 00:2e 249006523                  /home/xhe/.m2/repository/org/clojure/math.numeric-tower/0.0.4/math.numeric-tower-0.0.4.jar
7f43dd351000-7f43dd353000 r--s 0000b000 00:2e 249006535                  /home/xhe/.m2/repository/com/fasterxml/jackson/dataformat/jackson-dataformat-cbor/2.8.6/jackson-dataformat-cbor-2.8.6.jar
7f43dd353000-7f43dd354000 r--s 00001000 00:2e 249006541                  /home/xhe/.m2/repository/clojure-csv/clojure-csv/2.0.1/clojure-csv-2.0.1.jar
7f43dd354000-7f43dd355000 r--s 00002000 00:2e 249006566                  /home/xhe/.m2/repository/clojure-complete/clojure-complete/0.2.4/clojure-complete-0.2.4.jar
7f43dd355000-7f43dd357000 r--s 00008000 00:2e 249006544                  /home/xhe/.m2/repository/org/clojars/etosch/cosmos/1.0.0/cosmos-1.0.0.jar
7f43dd357000-7f43dd358000 r--s 00009000 00:2e 249006564                  /home/xhe/.m2/repository/org/clojure/tools.nrepl/0.2.12/tools.nrepl-0.2.12.jar
7f43dd358000-7f43dd35a000 r--s 0000c000 00:2e 249006551                  /home/xhe/.m2/repository/prismatic/plumbing/0.5.4/plumbing-0.5.4.jar
7f43dd35a000-7f43dd35b000 r--s 00000000 00:2e 249006525                  /home/xhe/.m2/repository/org/clojure/data.csv/0.1.3/data.csv-0.1.3.jar
7f43dd35b000-7f43dd35c000 r--s 0000f000 00:2e 249006555                  /home/xhe/.m2/repository/prismatic/schema/1.0.1/schema-1.0.1.jar
7f43dd35c000-7f43dd35d000 r--s 00009000 00:2e 249006557                  /home/xhe/.m2/repository/criterium/criterium/0.4.4/criterium-0.4.4.jar
7f43dd35d000-7f43dd35e000 r--s 00001000 00:2e 249006425                  /home/xhe/.m2/repository/tigris/tigris/0.1.1/tigris-0.1.1.jar
7f43dd35e000-7f43dd35f000 r--s 00002000 00:2e 249006524                  /home/xhe/.m2/repository/org/clojure/math.combinatorics/0.1.1/math.combinatorics-0.1.1.jar
7f43dd35f000-7f43dd43d000 rw-p 00000000 00:00 0 
7f43dd43d000-7f43dd445000 rw-s 00000000 08:05 136213803                  /tmp/hsperfdata_xhe/1107
7f43dd445000-7f43dd446000 rw-p 00000000 00:00 0 
7f43dd446000-7f43dd447000 ---p 00000000 00:00 0 
7f43dd447000-7f43dd44b000 ---p 00000000 00:00 0 
7f43dd44b000-7f43dd54e000 rw-p 00000000 00:00 0 
7f43dd54e000-7f43dd54f000 r--p 00021000 08:05 201328622                  /usr/lib64/ld-2.17.so
7f43dd54f000-7f43dd550000 rw-p 00022000 08:05 201328622                  /usr/lib64/ld-2.17.so
7f43dd550000-7f43dd551000 rw-p 00000000 00:00 0 
7ffcebe16000-7ffcebe38000 rw-p 00000000 00:00 0                          [stack]
7ffcebf71000-7ffcebf73000 r-xp 00000000 00:00 0                          [vdso]
ffffffffff600000-ffffffffff601000 r-xp 00000000 00:00 0                  [vsyscall]

VM Arguments:
jvm_args: -Dfile.encoding=UTF-8 -Dclojure.compile.path=/home/xhe/clojush7/target/classes -Dclojush.version=3.11.1-1-SNAPSHOT -Dclojure.debug=false 
java_command: clojure.main -i /tmp/form-init6768568790094173887.clj
java_class_path (initial): /home/xhe/clojush7/test:/home/xhe/clojush7/src:/home/xhe/clojush7/dev-resources:/home/xhe/clojush7/resources:/home/xhe/clojush7/target/classes:/home/xhe/.m2/repository/org/clojure/math.combinatorics/0.1.1/math.combinatorics-0.1.1.jar:/home/xhe/.m2/repository/org/clojure/clojure/1.8.0/clojure-1.8.0.jar:/home/xhe/.m2/repository/tigris/tigris/0.1.1/tigris-0.1.1.jar:/home/xhe/.m2/repository/criterium/criterium/0.4.4/criterium-0.4.4.jar:/home/xhe/.m2/repository/prismatic/schema/1.0.1/schema-1.0.1.jar:/home/xhe/.m2/repository/org/clojure/data.csv/0.1.3/data.csv-0.1.3.jar:/home/xhe/.m2/repository/prismatic/plumbing/0.5.4/plumbing-0.5.4.jar:/home/xhe/.m2/repository/org/clojure/tools.nrepl/0.2.12/tools.nrepl-0.2.12.jar:/home/xhe/.m2/repository/org/clojars/etosch/cosmos/1.0.0/cosmos-1.0.0.jar:/home/xhe/.m2/repository/clojure-complete/clojure-complete/0.2.4/clojure-complete-0.2.4.jar:/home/xhe/.m2/repository/clojure-csv/clojure-csv/2.0.1/clojure-csv-2.0.1.jar:/home/xhe/.m2/repository/com/fasterxml/jackson/dataformat/jackson-dataformat-cbor/2.8.6/jackson-dataformat-cbor-2.8.6.jar:/home/xhe/.m2/repository/org/clojure/math.numeric-tower/0.0.4/math.numeric-tower-0.0.4.jar:/home/xhe/.m2/repository/local-file/local-file/0.1.0/local-file-0.1.0.jar:/home/xhe/.m2/repository/clj-random/clj-random/0.1.7/clj-random-0.1.7.jar:/home/xhe/.m2/repository/cheshire/cheshire/5.7.1/cheshire-5.7.1.jar:/home/xhe/.m2/repository/cider/cider-nrepl/0.17.0/cider-nrepl-0.17.0.jar:/home/xhe/.m2/repository/kephale/uncommons-maths/1.2.3/uncommons-maths-1.2.3.jar:/home/xhe/.m2/repository/de/kotka/lazymap/3.1.0/lazymap-3.1.0.jar:/home/xhe/.m2/repository/org/clojure/data.json/0.2.6/data.json-0.2.6.jar:/home/xhe/.m2/repository/com/fasterxml/jackson/dataformat/jackson-dataformat-smile/2.8.6/jackson-dataformat-smile-2.8.6.jar:/home/xhe/.m2/repository/net/totakke/libra/0.1.0/libra-0.1.0.jar:/home/xhe/.m2/repository/org/apache/commons/commons-math3/3.2/commons-math3-3.2.jar:/home/xhe/.m2
Launcher Type: SUN_STANDARD

Environment Variables:
CLASSPATH=/home/xhe/.lein/self-installs/leiningen-2.7.1-standalone.jar
PATH=/sbin:/bin:/usr/local/bin:/usr/bin:/usr/sbin:/usr/X11R6/bin:/usr/local/sbin:/usr/bin/X11:/usr/local/global/bin:/usr/local/global/sbin:/usr/kerberos/bin/:/home/xhe/bin:/home/xhe/.local/bin:/home/xhe/bin
LD_LIBRARY_PATH=/lib:/usr/lib:/usr/local/lib:/usr/local/lib/X11:/usr/local/global/lib:/usr/lib64:/home/xhe/lib:/home/xhe/lib64
SHELL=/bin/bash
DISPLAY=localhost:10.0
OSTYPE=Linux
ARCH=x86_64

Signal Handlers:
SIGSEGV: [libjvm.so+0xab5320], sa_mask[0]=11111111011111111101111111111110, sa_flags=SA_RESTART|SA_SIGINFO
SIGBUS: [libjvm.so+0xab5320], sa_mask[0]=11111111011111111101111111111110, sa_flags=SA_RESTART|SA_SIGINFO
SIGFPE: [libjvm.so+0x8ac6b0], sa_mask[0]=11111111011111111101111111111110, sa_flags=SA_RESTART|SA_SIGINFO
SIGPIPE: [libjvm.so+0x8ac6b0], sa_mask[0]=11111111011111111101111111111110, sa_flags=SA_RESTART|SA_SIGINFO
SIGXFSZ: [libjvm.so+0x8ac6b0], sa_mask[0]=11111111011111111101111111111110, sa_flags=SA_RESTART|SA_SIGINFO
SIGILL: [libjvm.so+0x8ac6b0], sa_mask[0]=11111111011111111101111111111110, sa_flags=SA_RESTART|SA_SIGINFO
SIGUSR1: SIG_DFL, sa_mask[0]=00000000000000000000000000000000, sa_flags=none
SIGUSR2: [libjvm.so+0x8ac560], sa_mask[0]=00100000000000000000000000000000, sa_flags=SA_RESTART|SA_SIGINFO
SIGHUP: [libjvm.so+0x8ac770], sa_mask[0]=11111111011111111101111111111110, sa_flags=SA_RESTART|SA_SIGINFO
SIGINT: [libjvm.so+0x8ac770], sa_mask[0]=11111111011111111101111111111110, sa_flags=SA_RESTART|SA_SIGINFO
SIGTERM: [libjvm.so+0x8ac770], sa_mask[0]=11111111011111111101111111111110, sa_flags=SA_RESTART|SA_SIGINFO
SIGQUIT: [libjvm.so+0x8ac770], sa_mask[0]=11111111011111111101111111111110, sa_flags=SA_RESTART|SA_SIGINFO


---------------  S Y S T E M  ---------------

OS:CentOS Linux release 7.5.1804 (Core) 

uname:Linux 3.10.0-862.3.2.el7.x86_64 #1 SMP Mon May 21 23:36:36 UTC 2018 x86_64
libc:glibc 2.17 NPTL 2.17 
rlimit: STACK 8192k, CORE 0k, NPROC 4096, NOFILE 4096, AS infinity
load average:7.17 13.33 13.55

/proc/meminfo:
MemTotal:       12121656 kB
MemFree:          122352 kB
MemAvailable:      30604 kB
Buffers:               0 kB
Cached:           109676 kB
SwapCached:        26288 kB
Active:          9610384 kB
Inactive:        1893988 kB
Active(anon):    9568792 kB
Inactive(anon):  1852440 kB
Active(file):      41592 kB
Inactive(file):    41548 kB
Unevictable:           0 kB
Mlocked:               0 kB
SwapTotal:       4194300 kB
SwapFree:              0 kB
Dirty:             14616 kB
Writeback:           628 kB
AnonPages:      11368992 kB
Mapped:            49188 kB
Shmem:             26512 kB
Slab:             195972 kB
SReclaimable:      56740 kB
SUnreclaim:       139232 kB
KernelStack:       40352 kB
PageTables:        83928 kB
NFS_Unstable:          0 kB
Bounce:                0 kB
WritebackTmp:          0 kB
CommitLimit:    10255128 kB
Committed_AS:   30893808 kB
VmallocTotal:   34359738367 kB
VmallocUsed:      322072 kB
VmallocChunk:   34352560124 kB
HardwareCorrupted:     0 kB
AnonHugePages:    229376 kB
CmaTotal:              0 kB
CmaFree:               0 kB
HugePages_Total:       0
HugePages_Free:        0
HugePages_Rsvd:        0
HugePages_Surp:        0
Hugepagesize:       2048 kB
DirectMap4k:      261604 kB
DirectMap2M:     6017024 kB
DirectMap1G:     6291456 kB


CPU:total 16 (initial active 16) (4 cores per cpu, 2 threads per core) family 6 model 44 stepping 2, cmov, cx8, fxsr, mmx, sse, sse2, sse3, ssse3, sse4.1, sse4.2, popcnt, aes, clmul, ht, tsc, tscinvbit, tscinv

/proc/cpuinfo:
processor	: 0
vendor_id	: GenuineIntel
cpu family	: 6
model		: 44
model name	: Intel(R) Xeon(R) CPU           E5620  @ 2.40GHz
stepping	: 2
microcode	: 0x1a
cpu MHz		: 2394.110
cache size	: 12288 KB
physical id	: 1
siblings	: 8
core id		: 0
cpu cores	: 4
apicid		: 32
initial apicid	: 32
fpu		: yes
fpu_exception	: yes
cpuid level	: 11
wp		: yes
flags		: fpu vme de pse tsc msr pae mce cx8 apic sep mtrr pge mca cmov pat pse36 clflush dts acpi mmx fxsr sse sse2 ss ht tm pbe syscall nx pdpe1gb rdtscp lm constant_tsc arch_perfmon pebs bts rep_good nopl xtopology nonstop_tsc aperfmperf pni pclmulqdq dtes64 monitor ds_cpl vmx smx est tm2 ssse3 cx16 xtpr pdcm pcid dca sse4_1 sse4_2 popcnt aes lahf_lm tpr_shadow vnmi flexpriority ept vpid dtherm ida arat
bogomips	: 4788.22
clflush size	: 64
cache_alignment	: 64
address sizes	: 40 bits physical, 48 bits virtual
power management:

processor	: 1
vendor_id	: GenuineIntel
cpu family	: 6
model		: 44
model name	: Intel(R) Xeon(R) CPU           E5620  @ 2.40GHz
stepping	: 2
microcode	: 0x1a
cpu MHz		: 2394.110
cache size	: 12288 KB
physical id	: 0
siblings	: 8
core id		: 0
cpu cores	: 4
apicid		: 0
initial apicid	: 0
fpu		: yes
fpu_exception	: yes
cpuid level	: 11
wp		: yes
flags		: fpu vme de pse tsc msr pae mce cx8 apic sep mtrr pge mca cmov pat pse36 clflush dts acpi mmx fxsr sse sse2 ss ht tm pbe syscall nx pdpe1gb rdtscp lm constant_tsc arch_perfmon pebs bts rep_good nopl xtopology nonstop_tsc aperfmperf pni pclmulqdq dtes64 monitor ds_cpl vmx smx est tm2 ssse3 cx16 xtpr pdcm pcid dca sse4_1 sse4_2 popcnt aes lahf_lm tpr_shadow vnmi flexpriority ept vpid dtherm ida arat
bogomips	: 4787.83
clflush size	: 64
cache_alignment	: 64
address sizes	: 40 bits physical, 48 bits virtual
power management:

processor	: 2
vendor_id	: GenuineIntel
cpu family	: 6
model		: 44
model name	: Intel(R) Xeon(R) CPU           E5620  @ 2.40GHz
stepping	: 2
microcode	: 0x1a
cpu MHz		: 2394.110
cache size	: 12288 KB
physical id	: 1
siblings	: 8
core id		: 1
cpu cores	: 4
apicid		: 34
initial apicid	: 34
fpu		: yes
fpu_exception	: yes
cpuid level	: 11
wp		: yes
flags		: fpu vme de pse tsc msr pae mce cx8 apic sep mtrr pge mca cmov pat pse36 clflush dts acpi mmx fxsr sse sse2 ss ht tm pbe syscall nx pdpe1gb rdtscp lm constant_tsc arch_perfmon pebs bts rep_good nopl xtopology nonstop_tsc aperfmperf pni pclmulqdq dtes64 monitor ds_cpl vmx smx est tm2 ssse3 cx16 xtpr pdcm pcid dca sse4_1 sse4_2 popcnt aes lahf_lm tpr_shadow vnmi flexpriority ept vpid dtherm ida arat
bogomips	: 4788.22
clflush size	: 64
cache_alignment	: 64
address sizes	: 40 bits physical, 48 bits virtual
power management:

processor	: 3
vendor_id	: GenuineIntel
cpu family	: 6
model		: 44
model name	: Intel(R) Xeon(R) CPU           E5620  @ 2.40GHz
stepping	: 2
microcode	: 0x1a
cpu MHz		: 2394.110
cache size	: 12288 KB
physical id	: 0
siblings	: 8
core id		: 1
cpu cores	: 4
apicid		: 2
initial apicid	: 2
fpu		: yes
fpu_exception	: yes
cpuid level	: 11
wp		: yes
flags		: fpu vme de pse tsc msr pae mce cx8 apic sep mtrr pge mca cmov pat pse36 clflush dts acpi mmx fxsr sse sse2 ss ht tm pbe syscall nx pdpe1gb rdtscp lm constant_tsc arch_perfmon pebs bts rep_good nopl xtopology nonstop_tsc aperfmperf pni pclmulqdq dtes64 monitor ds_cpl vmx smx est tm2 ssse3 cx16 xtpr pdcm pcid dca sse4_1 sse4_2 popcnt aes lahf_lm tpr_shadow vnmi flexpriority ept vpid dtherm ida arat
bogomips	: 4787.83
clflush size	: 64
cache_alignment	: 64
address sizes	: 40 bits physical, 48 bits virtual
power management:

processor	: 4
vendor_id	: GenuineIntel
cpu family	: 6
model		: 44
model name	: Intel(R) Xeon(R) CPU           E5620  @ 2.40GHz
stepping	: 2
microcode	: 0x1a
cpu MHz		: 2394.110
cache size	: 12288 KB
physical id	: 1
siblings	: 8
core id		: 9
cpu cores	: 4
apicid		: 50
initial apicid	: 50
fpu		: yes
fpu_exception	: yes
cpuid level	: 11
wp		: yes
flags		: fpu vme de pse tsc msr pae mce cx8 apic sep mtrr pge mca cmov pat pse36 clflush dts acpi mmx fxsr sse sse2 ss ht tm pbe syscall nx pdpe1gb rdtscp lm constant_tsc arch_perfmon pebs bts rep_good nopl xtopology nonstop_tsc aperfmperf pni pclmulqdq dtes64 monitor ds_cpl vmx smx est tm2 ssse3 cx16 xtpr pdcm pcid dca sse4_1 sse4_2 popcnt aes lahf_lm tpr_shadow vnmi flexpriority ept vpid dtherm ida arat
bogomips	: 4788.22
clflush size	: 64
cache_alignment	: 64
address sizes	: 40 bits physical, 48 bits virtual
power management:

processor	: 5
vendor_id	: GenuineIntel
cpu family	: 6
model		: 44
model name	: Intel(R) Xeon(R) CPU           E5620  @ 2.40GHz
stepping	: 2
microcode	: 0x1a
cpu MHz		: 2394.110
cache size	: 12288 KB
physical id	: 0
siblings	: 8
core id		: 9
cpu cores	: 4
apicid		: 18
initial apicid	: 18
fpu		: yes
fpu_exception	: yes
cpuid level	: 11
wp		: yes
flags		: fpu vme de pse tsc msr pae mce cx8 apic sep mtrr pge mca cmov pat pse36 clflush dts acpi mmx fxsr sse sse2 ss ht tm pbe syscall nx pdpe1gb rdtscp lm constant_tsc arch_perfmon pebs bts rep_good nopl xtopology nonstop_tsc aperfmperf pni pclmulqdq dtes64 monitor ds_cpl vmx smx est tm2 ssse3 cx16 xtpr pdcm pcid dca sse4_1 sse4_2 popcnt aes lahf_lm tpr_shadow vnmi flexpriority ept vpid dtherm ida arat
bogomips	: 4787.83
clflush size	: 64
cache_alignment	: 64
address sizes	: 40 bits physical, 48 bits virtual
power management:

processor	: 6
vendor_id	: GenuineIntel
cpu family	: 6
model		: 44
model name	: Intel(R) Xeon(R) CPU           E5620  @ 2.40GHz
stepping	: 2
microcode	: 0x1a
cpu MHz		: 2394.110
cache size	: 12288 KB
physical id	: 1
siblings	: 8
core id		: 10
cpu cores	: 4
apicid		: 52
initial apicid	: 52
fpu		: yes
fpu_exception	: yes
cpuid level	: 11
wp		: yes
flags		: fpu vme de pse tsc msr pae mce cx8 apic sep mtrr pge mca cmov pat pse36 clflush dts acpi mmx fxsr sse sse2 ss ht tm pbe syscall nx pdpe1gb rdtscp lm constant_tsc arch_perfmon pebs bts rep_good nopl xtopology nonstop_tsc aperfmperf pni pclmulqdq dtes64 monitor ds_cpl vmx smx est tm2 ssse3 cx16 xtpr pdcm pcid dca sse4_1 sse4_2 popcnt aes lahf_lm tpr_shadow vnmi flexpriority ept vpid dtherm ida arat
bogomips	: 4788.22
clflush size	: 64
cache_alignment	: 64
address sizes	: 40 bits physical, 48 bits virtual
power management:

processor	: 7
vendor_id	: GenuineIntel
cpu family	: 6
model		: 44
model name	: Intel(R) Xeon(R) CPU           E5620  @ 2.40GHz
stepping	: 2
microcode	: 0x1a
cpu MHz		: 2394.110
cache size	: 12288 KB
physical id	: 0
siblings	: 8
core id		: 10
cpu cores	: 4
apicid		: 20
initial apicid	: 20
fpu		: yes
fpu_exception	: yes
cpuid level	: 11
wp		: yes
flags		: fpu vme de pse tsc msr pae mce cx8 apic sep mtrr pge mca cmov pat pse36 clflush dts acpi mmx fxsr sse sse2 ss ht tm pbe syscall nx pdpe1gb rdtscp lm constant_tsc arch_perfmon pebs bts rep_good nopl xtopology nonstop_tsc aperfmperf pni pclmulqdq dtes64 monitor ds_cpl vmx smx est tm2 ssse3 cx16 xtpr pdcm pcid dca sse4_1 sse4_2 popcnt aes lahf_lm tpr_shadow vnmi flexpriority ept vpid dtherm ida arat
bogomips	: 4787.83
clflush size	: 64
cache_alignment	: 64
address sizes	: 40 bits physical, 48 bits virtual
power management:

processor	: 8
vendor_id	: GenuineIntel
cpu family	: 6
model		: 44
model name	: Intel(R) Xeon(R) CPU           E5620  @ 2.40GHz
stepping	: 2
microcode	: 0x1a
cpu MHz		: 2394.110
cache size	: 12288 KB
physical id	: 1
siblings	: 8
core id		: 0
cpu cores	: 4
apicid		: 33
initial apicid	: 33
fpu		: yes
fpu_exception	: yes
cpuid level	: 11
wp		: yes
flags		: fpu vme de pse tsc msr pae mce cx8 apic sep mtrr pge mca cmov pat pse36 clflush dts acpi mmx fxsr sse sse2 ss ht tm pbe syscall nx pdpe1gb rdtscp lm constant_tsc arch_perfmon pebs bts rep_good nopl xtopology nonstop_tsc aperfmperf pni pclmulqdq dtes64 monitor ds_cpl vmx smx est tm2 ssse3 cx16 xtpr pdcm pcid dca sse4_1 sse4_2 popcnt aes lahf_lm tpr_shadow vnmi flexpriority ept vpid dtherm ida arat
bogomips	: 4788.22
clflush size	: 64
cache_alignment	: 64
address sizes	: 40 bits physical, 48 bits virtual
power management:

processor	: 9
vendor_id	: GenuineIntel
cpu family	: 6
model		: 44
model name	: Intel(R) Xeon(R) CPU           E5620  @ 2.40GHz
stepping	: 2
microcode	: 0x1a
cpu MHz		: 2394.110
cache size	: 12288 KB
physical id	: 0
siblings	: 8
core id		: 0
cpu cores	: 4
apicid		: 1
initial apicid	: 1
fpu		: yes
fpu_exception	: yes
cpuid level	: 11
wp		: yes
flags		: fpu vme de pse tsc msr pae mce cx8 apic sep mtrr pge mca cmov pat pse36 clflush dts acpi mmx fxsr sse sse2 ss ht tm pbe syscall nx pdpe1gb rdtscp lm constant_tsc arch_perfmon pebs bts rep_good nopl xtopology nonstop_tsc aperfmperf pni pclmulqdq dtes64 monitor ds_cpl vmx smx est tm2 ssse3 cx16 xtpr pdcm pcid dca sse4_1 sse4_2 popcnt aes lahf_lm tpr_shadow vnmi flexpriority ept vpid dtherm ida arat
bogomips	: 4787.83
clflush size	: 64
cache_alignment	: 64
address sizes	: 40 bits physical, 48 bits virtual
power management:

processor	: 10
vendor_id	: GenuineIntel
cpu family	: 6
model		: 44
model name	: Intel(R) Xeon(R) CPU           E5620  @ 2.40GHz
stepping	: 2
microcode	: 0x1a
cpu MHz		: 2394.110
cache size	: 12288 KB
physical id	: 1
siblings	: 8
core id		: 1
cpu cores	: 4
apicid		: 35
initial apicid	: 35
fpu		: yes
fpu_exception	: yes
cpuid level	: 11
wp		: yes
flags		: fpu vme de pse tsc msr pae mce cx8 apic sep mtrr pge mca cmov pat pse36 clflush dts acpi mmx fxsr sse sse2 ss ht tm pbe syscall nx pdpe1gb rdtscp lm constant_tsc arch_perfmon pebs bts rep_good nopl xtopology nonstop_tsc aperfmperf pni pclmulqdq dtes64 monitor ds_cpl vmx smx est tm2 ssse3 cx16 xtpr pdcm pcid dca sse4_1 sse4_2 popcnt aes lahf_lm tpr_shadow vnmi flexpriority ept vpid dtherm ida arat
bogomips	: 4788.22
clflush size	: 64
cache_alignment	: 64
address sizes	: 40 bits physical, 48 bits virtual
power management:

processor	: 11
vendor_id	: GenuineIntel
cpu family	: 6
model		: 44
model name	: Intel(R) Xeon(R) CPU           E5620  @ 2.40GHz
stepping	: 2
microcode	: 0x1a
cpu MHz		: 2394.110
cache size	: 12288 KB
physical id	: 0
siblings	: 8
core id		: 1
cpu cores	: 4
apicid		: 3
initial apicid	: 3
fpu		: yes
fpu_exception	: yes
cpuid level	: 11
wp		: yes
flags		: fpu vme de pse tsc msr pae mce cx8 apic sep mtrr pge mca cmov pat pse36 clflush dts acpi mmx fxsr sse sse2 ss ht tm pbe syscall nx pdpe1gb rdtscp lm constant_tsc arch_perfmon pebs bts rep_good nopl xtopology nonstop_tsc aperfmperf pni pclmulqdq dtes64 monitor ds_cpl vmx smx est tm2 ssse3 cx16 xtpr pdcm pcid dca sse4_1 sse4_2 popcnt aes lahf_lm tpr_shadow vnmi flexpriority ept vpid dtherm ida arat
bogomips	: 4787.83
clflush size	: 64
cache_alignment	: 64
address sizes	: 40 bits physical, 48 bits virtual
power management:

processor	: 12
vendor_id	: GenuineIntel
cpu family	: 6
model		: 44
model name	: Intel(R) Xeon(R) CPU           E5620  @ 2.40GHz
stepping	: 2
microcode	: 0x1a
cpu MHz		: 2394.110
cache size	: 12288 KB
physical id	: 1
siblings	: 8
core id		: 9
cpu cores	: 4
apicid		: 51
initial apicid	: 51
fpu		: yes
fpu_exception	: yes
cpuid level	: 11
wp		: yes
flags		: fpu vme de pse tsc msr pae mce cx8 apic sep mtrr pge mca cmov pat pse36 clflush dts acpi mmx fxsr sse sse2 ss ht tm pbe syscall nx pdpe1gb rdtscp lm constant_tsc arch_perfmon pebs bts rep_good nopl xtopology nonstop_tsc aperfmperf pni pclmulqdq dtes64 monitor ds_cpl vmx smx est tm2 ssse3 cx16 xtpr pdcm pcid dca sse4_1 sse4_2 popcnt aes lahf_lm tpr_shadow vnmi flexpriority ept vpid dtherm ida arat
bogomips	: 4788.22
clflush size	: 64
cache_alignment	: 64
address sizes	: 40 bits physical, 48 bits virtual
power management:

processor	: 13
vendor_id	: GenuineIntel
cpu family	: 6
model		: 44
model name	: Intel(R) Xeon(R) CPU           E5620  @ 2.40GHz
stepping	: 2
microcode	: 0x1a
cpu MHz		: 2394.110
cache size	: 12288 KB
physical id	: 0
siblings	: 8
core id		: 9
cpu cores	: 4
apicid		: 19
initial apicid	: 19
fpu		: yes
fpu_exception	: yes
cpuid level	: 11
wp		: yes
flags		: fpu vme de pse tsc msr pae mce cx8 apic sep mtrr pge mca cmov pat pse36 clflush dts acpi mmx fxsr sse sse2 ss ht tm pbe syscall nx pdpe1gb rdtscp lm constant_tsc arch_perfmon pebs bts rep_good nopl xtopology nonstop_tsc aperfmperf pni pclmulqdq dtes64 monitor ds_cpl vmx smx est tm2 ssse3 cx16 xtpr pdcm pcid dca sse4_1 sse4_2 popcnt aes lahf_lm tpr_shadow vnmi flexpriority ept vpid dtherm ida arat
bogomips	: 4787.83
clflush size	: 64
cache_alignment	: 64
address sizes	: 40 bits physical, 48 bits virtual
power management:

processor	: 14
vendor_id	: GenuineIntel
cpu family	: 6
model		: 44
model name	: Intel(R) Xeon(R) CPU           E5620  @ 2.40GHz
stepping	: 2
microcode	: 0x1a
cpu MHz		: 2394.110
cache size	: 12288 KB
physical id	: 1
siblings	: 8
core id		: 10
cpu cores	: 4
apicid		: 53
initial apicid	: 53
fpu		: yes
fpu_exception	: yes
cpuid level	: 11
wp		: yes
flags		: fpu vme de pse tsc msr pae mce cx8 apic sep mtrr pge mca cmov pat pse36 clflush dts acpi mmx fxsr sse sse2 ss ht tm pbe syscall nx pdpe1gb rdtscp lm constant_tsc arch_perfmon pebs bts rep_good nopl xtopology nonstop_tsc aperfmperf pni pclmulqdq dtes64 monitor ds_cpl vmx smx est tm2 ssse3 cx16 xtpr pdcm pcid dca sse4_1 sse4_2 popcnt aes lahf_lm tpr_shadow vnmi flexpriority ept vpid dtherm ida arat
bogomips	: 4788.22
clflush size	: 64
cache_alignment	: 64
address sizes	: 40 bits physical, 48 bits virtual
power management:

processor	: 15
vendor_id	: GenuineIntel
cpu family	: 6
model		: 44
model name	: Intel(R) Xeon(R) CPU           E5620  @ 2.40GHz
stepping	: 2
microcode	: 0x1a
cpu MHz		: 2394.110
cache size	: 12288 KB
physical id	: 0
siblings	: 8
core id		: 10
cpu cores	: 4
apicid		: 21
initial apicid	: 21
fpu		: yes
fpu_exception	: yes
cpuid level	: 11
wp		: yes
flags		: fpu vme de pse tsc msr pae mce cx8 apic sep mtrr pge mca cmov pat pse36 clflush dts acpi mmx fxsr sse sse2 ss ht tm pbe syscall nx pdpe1gb rdtscp lm constant_tsc arch_perfmon pebs bts rep_good nopl xtopology nonstop_tsc aperfmperf pni pclmulqdq dtes64 monitor ds_cpl vmx smx est tm2 ssse3 cx16 xtpr pdcm pcid dca sse4_1 sse4_2 popcnt aes lahf_lm tpr_shadow vnmi flexpriority ept vpid dtherm ida arat
bogomips	: 4787.83
clflush size	: 64
cache_alignment	: 64
address sizes	: 40 bits physical, 48 bits virtual
power management:



Memory: 4k page, physical 12121656k(122352k free), swap 4194300k(0k free)

vm_info: OpenJDK 64-Bit Server VM (25.171-b10) for linux-amd64 JRE (1.8.0_171-b10), built on May 22 2018 01:32:00 by "mockbuild" with gcc 4.8.5 20150623 (Red Hat 4.8.5-28)

time: Wed Jul  4 14:44:03 2018
elapsed time: 16 seconds (0d 0h 0m 16s)

