#
# There is insufficient memory for the Java Runtime Environment to continue.
# Native memory allocation (mmap) failed to map 245891072 bytes for committing reserved memory.
# Possible reasons:
#   The system is out of physical RAM or swap space
#   In 32 bit mode, the process size limit was hit
# Possible solutions:
#   Reduce memory load on the system
#   Increase physical memory or swap space
#   Check if swap backing store is full
#   Use 64 bit Java on a 64 bit OS
#   Decrease Java heap size (-Xmx/-Xms)
#   Decrease number of Java threads
#   Decrease Java thread stack sizes (-Xss)
#   Set larger code cache with -XX:ReservedCodeCacheSize=
# This output file may be truncated or incomplete.
#
#  Out of Memory Error (os_linux.cpp:2657), pid=25055, tid=0x00007f39794ac700
#
# JRE version: OpenJDK Runtime Environment (8.0_171-b10) (build 1.8.0_171-b10)
# Java VM: OpenJDK 64-Bit Server VM (25.171-b10 mixed mode linux-amd64 compressed oops)
# Failed to write core dump. Core dumps have been disabled. To enable core dumping, try "ulimit -c unlimited" before starting Java again
#

---------------  T H R E A D  ---------------

Current thread (0x00007f39c0093260):  VMThread [stack: 0x00007f39793ad000,0x00007f39794ad000] [id=25074]

Stack: [0x00007f39793ad000,0x00007f39794ad000],  sp=0x00007f39794ab460,  free space=1017k
Native frames: (J=compiled Java code, j=interpreted, Vv=VM code, C=native code)
V  [libjvm.so+0xab47fd]
V  [libjvm.so+0x4ec92a]
V  [libjvm.so+0x8b0ee8]
V  [libjvm.so+0x8ab3fe]
V  [libjvm.so+0x92477b]
V  [libjvm.so+0x925450]
V  [libjvm.so+0x9257ab]
V  [libjvm.so+0x92211c]
V  [libjvm.so+0x9228f8]
V  [libjvm.so+0x8d4e33]
V  [libjvm.so+0xab65d3]
V  [libjvm.so+0xabab87]
V  [libjvm.so+0xab9498]
V  [libjvm.so+0xab9969]
V  [libjvm.so+0xab9dc1]
V  [libjvm.so+0x8ae232]

VM_Operation (0x00007f38f7ffdf80): ParallelGCFailedAllocation, mode: safepoint, requested by thread 0x00007f39c0b40da0


---------------  P R O C E S S  ---------------

Java Threads: ( => current thread )
  0x00007f39c01bd490 JavaThread "clojure-agent-send-pool-17" [_thread_blocked, id=25228, stack(0x00007f38f77f8000,0x00007f38f78f9000)]
  0x00007f39c0b4bf20 JavaThread "clojure-agent-send-pool-16" [_thread_blocked, id=25227, stack(0x00007f38f78f9000,0x00007f38f79fa000)]
  0x00007f39c0bf0e40 JavaThread "clojure-agent-send-pool-15" [_thread_blocked, id=25226, stack(0x00007f38f79fa000,0x00007f38f7afb000)]
  0x00007f39c0b57260 JavaThread "clojure-agent-send-pool-14" [_thread_blocked, id=25225, stack(0x00007f38f7afb000,0x00007f38f7bfc000)]
  0x00007f39c0bcbb00 JavaThread "clojure-agent-send-pool-13" [_thread_blocked, id=25224, stack(0x00007f38f7bfc000,0x00007f38f7cfd000)]
  0x00007f39c0bfdad0 JavaThread "clojure-agent-send-pool-12" [_thread_blocked, id=25223, stack(0x00007f38f7cfd000,0x00007f38f7dfe000)]
  0x00007f39c0b46b40 JavaThread "clojure-agent-send-pool-11" [_thread_blocked, id=25222, stack(0x00007f38f7dfe000,0x00007f38f7eff000)]
  0x00007f39c0b40da0 JavaThread "clojure-agent-send-pool-10" [_thread_blocked, id=25221, stack(0x00007f38f7eff000,0x00007f38f8000000)]
  0x00007f39c0b3b220 JavaThread "clojure-agent-send-pool-9" [_thread_blocked, id=25220, stack(0x00007f395c0cf000,0x00007f395c1d0000)]
  0x00007f39c0b28a70 JavaThread "clojure-agent-send-pool-8" [_thread_blocked, id=25219, stack(0x00007f395c1d0000,0x00007f395c2d1000)]
  0x00007f39c0b25a30 JavaThread "clojure-agent-send-pool-7" [_thread_blocked, id=25218, stack(0x00007f395c2d1000,0x00007f395c3d2000)]
  0x00007f39c0b2d9b0 JavaThread "clojure-agent-send-pool-6" [_thread_blocked, id=25217, stack(0x00007f395c3d2000,0x00007f395c4d3000)]
  0x00007f39c0b2ab30 JavaThread "clojure-agent-send-pool-5" [_thread_blocked, id=25216, stack(0x00007f395c4d3000,0x00007f395c5d4000)]
  0x00007f39c0b3e6b0 JavaThread "clojure-agent-send-pool-4" [_thread_blocked, id=25215, stack(0x00007f395c5d4000,0x00007f395c6d5000)]
  0x00007f39c0b17dc0 JavaThread "clojure-agent-send-pool-3" [_thread_blocked, id=25214, stack(0x00007f395c6d5000,0x00007f395c7d6000)]
  0x00007f39c0b229c0 JavaThread "clojure-agent-send-pool-2" [_thread_blocked, id=25213, stack(0x00007f395c7d6000,0x00007f395c8d7000)]
  0x00007f39c0b0fb80 JavaThread "clojure-agent-send-pool-1" [_thread_blocked, id=25212, stack(0x00007f397800c000,0x00007f397810d000)]
  0x00007f39c0b085f0 JavaThread "clojure-agent-send-pool-0" [_thread_blocked, id=25211, stack(0x00007f3978152000,0x00007f3978253000)]
  0x00007f39c00fe530 JavaThread "Service Thread" daemon [_thread_blocked, id=25090, stack(0x00007f397839c000,0x00007f397849d000)]
  0x00007f39c00f19f0 JavaThread "C1 CompilerThread11" daemon [_thread_blocked, id=25089, stack(0x00007f397849e000,0x00007f397859e000)]
  0x00007f39c00f01e0 JavaThread "C1 CompilerThread10" daemon [_thread_blocked, id=25088, stack(0x00007f397859f000,0x00007f397869f000)]
  0x00007f39c00ee9d0 JavaThread "C1 CompilerThread9" daemon [_thread_blocked, id=25087, stack(0x00007f39786a0000,0x00007f39787a0000)]
  0x00007f39c00ecdd0 JavaThread "C1 CompilerThread8" daemon [_thread_blocked, id=25086, stack(0x00007f39787a1000,0x00007f39788a1000)]
  0x00007f39c00eb1d0 JavaThread "C2 CompilerThread7" daemon [_thread_blocked, id=25085, stack(0x00007f39788a2000,0x00007f39789a2000)]
  0x00007f39c00e95d0 JavaThread "C2 CompilerThread6" daemon [_thread_blocked, id=25084, stack(0x00007f39789a3000,0x00007f3978aa3000)]
  0x00007f39c00e79f0 JavaThread "C2 CompilerThread5" daemon [_thread_blocked, id=25083, stack(0x00007f3978aa4000,0x00007f3978ba4000)]
  0x00007f39c00dde20 JavaThread "C2 CompilerThread4" daemon [_thread_blocked, id=25082, stack(0x00007f3978ba5000,0x00007f3978ca5000)]
  0x00007f39c00dc240 JavaThread "C2 CompilerThread3" daemon [_thread_blocked, id=25081, stack(0x00007f3978ca6000,0x00007f3978da6000)]
  0x00007f39c00da660 JavaThread "C2 CompilerThread2" daemon [_thread_blocked, id=25080, stack(0x00007f3978da7000,0x00007f3978ea7000)]
  0x00007f39c001cb30 JavaThread "C2 CompilerThread1" daemon [_thread_blocked, id=25079, stack(0x00007f3978ea8000,0x00007f3978fa8000)]
  0x00007f39c00cc1a0 JavaThread "C2 CompilerThread0" daemon [_thread_blocked, id=25078, stack(0x00007f3978fa9000,0x00007f39790a9000)]
  0x00007f39c00ca7f0 JavaThread "Signal Dispatcher" daemon [_thread_blocked, id=25077, stack(0x00007f39790a9000,0x00007f39791aa000)]
  0x00007f39c00a0970 JavaThread "Finalizer" daemon [_thread_blocked, id=25076, stack(0x00007f39791aa000,0x00007f39792ab000)]
  0x00007f39c009c700 JavaThread "Reference Handler" daemon [_thread_blocked, id=25075, stack(0x00007f39792ab000,0x00007f39793ac000)]
  0x00007f39c000aef0 JavaThread "main" [_thread_blocked, id=25060, stack(0x00007f39c716a000,0x00007f39c726a000)]

Other Threads:
=>0x00007f39c0093260 VMThread [stack: 0x00007f39793ad000,0x00007f39794ad000] [id=25074]
  0x00007f39c0100340 WatcherThread [stack: 0x00007f397829c000,0x00007f397839c000] [id=25091]

VM state:at safepoint (normal execution)

VM Mutex/Monitor currently owned by a thread:  ([mutex/lock_event])
[0x00007f39c00082f0] Threads_lock - owner thread: 0x00007f39c0093260
[0x00007f39c00087f0] Heap_lock - owner thread: 0x00007f39c0b40da0

Heap:
 PSYoungGen      total 416256K, used 13312K [0x0000000782580000, 0x000000079c900000, 0x00000007c0000000)
  eden space 402944K, 0% used [0x0000000782580000,0x0000000782580000,0x000000079af00000)
  from space 13312K, 100% used [0x000000079af00000,0x000000079bc00000,0x000000079bc00000)
  to   space 9216K, 0% used [0x000000079bf00000,0x000000079bf00000,0x000000079c800000)
 ParOldGen       total 67072K, used 42775K [0x0000000707000000, 0x000000070b180000, 0x0000000782580000)
  object space 67072K, 63% used [0x0000000707000000,0x00000007099c5d98,0x000000070b180000)
 Metaspace       used 27272K, capacity 34791K, committed 34944K, reserved 1075200K
  class space    used 6670K, capacity 9508K, committed 9600K, reserved 1048576K

Card table byte_map: [0x00007f39afc69000,0x00007f39b0232000] byte_map_base: 0x00007f39ac431000

Marking Bits: (ParMarkBitMap*) 0x00007f39c641fe00
 Begin Bits: [0x00007f39a9002000, 0x00007f39abe42000)
 End Bits:   [0x00007f39abe42000, 0x00007f39aec82000)

Polling page: 0x00007f39c7168000

CodeCache: size=245760Kb used=16737Kb max_used=16832Kb free=229022Kb
 bounds [0x00007f39b05f2000, 0x00007f39b1682000, 0x00007f39bf5f2000]
 total_blobs=3341 nmethods=2986 adapters=267
 compilation: enabled

Compilation events (10 events):
Event: 24.144 Thread 0x00007f39c00e95d0 nmethod 3648 0x00007f39b0cc04d0 code [0x00007f39b0cc0620, 0x00007f39b0cc0798]
Event: 24.145 Thread 0x00007f39c00e95d0 3651       4       clojure.core$fn__6121::invoke (10 bytes)
Event: 24.151 Thread 0x00007f39c001cb30 nmethod 3649 0x00007f39b08da7d0 code [0x00007f39b08da940, 0x00007f39b08dac18]
Event: 24.152 Thread 0x00007f39c001cb30 3652       4       clojure.core$fn__6121::invokeStatic (150 bytes)
Event: 24.156 Thread 0x00007f39c00dde20 nmethod 3647 0x00007f39b0c8f350 code [0x00007f39b0c8f5a0, 0x00007f39b0c8fed8]
Event: 24.157 Thread 0x00007f39c00eb1d0 nmethod 3650 0x00007f39b09169d0 code [0x00007f39b0916b60, 0x00007f39b09170f8]
Event: 24.424 Thread 0x00007f39c00e95d0 nmethod 3651 0x00007f39b12e2a50 code [0x00007f39b12e2e60, 0x00007f39b12e4be8]
Event: 24.441 Thread 0x00007f39c001cb30 nmethod 3652 0x00007f39b0f76690 code [0x00007f39b0f76aa0, 0x00007f39b0f78808]
Event: 24.909 Thread 0x00007f39c00eb1d0 3653       4       clojure.lang.PersistentHashMap::entryAt (51 bytes)
Event: 24.941 Thread 0x00007f39c00eb1d0 nmethod 3653 0x00007f39b0c10710 code [0x00007f39b0c109e0, 0x00007f39b0c11860]

GC Heap History (10 events):
Event: 12.573 GC heap after
Heap after GC invocations=9 (full 1):
 PSYoungGen      total 184832K, used 2871K [0x0000000782580000, 0x000000078ec80000, 0x00000007c0000000)
  eden space 181760K, 0% used [0x0000000782580000,0x0000000782580000,0x000000078d700000)
  from space 3072K, 93% used [0x000000078e980000,0x000000078ec4dc28,0x000000078ec80000)
  to   space 9728K, 0% used [0x000000078d980000,0x000000078d980000,0x000000078e300000)
 ParOldGen       total 67072K, used 7335K [0x0000000707000000, 0x000000070b180000, 0x0000000782580000)
  object space 67072K, 10% used [0x0000000707000000,0x0000000707729d88,0x000000070b180000)
 Metaspace       used 21317K, capacity 26009K, committed 26112K, reserved 1069056K
  class space    used 4795K, capacity 6606K, committed 6656K, reserved 1048576K
}
Event: 15.394 GC heap before
{Heap before GC invocations=10 (full 1):
 PSYoungGen      total 184832K, used 184631K [0x0000000782580000, 0x000000078ec80000, 0x00000007c0000000)
  eden space 181760K, 100% used [0x0000000782580000,0x000000078d700000,0x000000078d700000)
  from space 3072K, 93% used [0x000000078e980000,0x000000078ec4dc28,0x000000078ec80000)
  to   space 9728K, 0% used [0x000000078d980000,0x000000078d980000,0x000000078e300000)
 ParOldGen       total 67072K, used 7335K [0x0000000707000000, 0x000000070b180000, 0x0000000782580000)
  object space 67072K, 10% used [0x0000000707000000,0x0000000707729d88,0x000000070b180000)
 Metaspace       used 26067K, capacity 33075K, committed 33408K, reserved 1073152K
  class space    used 6387K, capacity 9000K, committed 9088K, reserved 1048576K
Event: 15.407 GC heap after
Heap after GC invocations=10 (full 1):
 PSYoungGen      total 194048K, used 4832K [0x0000000782580000, 0x0000000794600000, 0x00000007c0000000)
  eden space 184320K, 0% used [0x0000000782580000,0x0000000782580000,0x000000078d980000)
  from space 9728K, 49% used [0x000000078d980000,0x000000078de38020,0x000000078e300000)
  to   space 9216K, 0% used [0x0000000793d00000,0x0000000793d00000,0x0000000794600000)
 ParOldGen       total 67072K, used 7343K [0x0000000707000000, 0x000000070b180000, 0x0000000782580000)
  object space 67072K, 10% used [0x0000000707000000,0x000000070772bd88,0x000000070b180000)
 Metaspace       used 26067K, capacity 33075K, committed 33408K, reserved 1073152K
  class space    used 6387K, capacity 9000K, committed 9088K, reserved 1048576K
}
Event: 17.493 GC heap before
{Heap before GC invocations=11 (full 1):
 PSYoungGen      total 194048K, used 189152K [0x0000000782580000, 0x0000000794600000, 0x00000007c0000000)
  eden space 184320K, 100% used [0x0000000782580000,0x000000078d980000,0x000000078d980000)
  from space 9728K, 49% used [0x000000078d980000,0x000000078de38020,0x000000078e300000)
  to   space 9216K, 0% used [0x0000000793d00000,0x0000000793d00000,0x0000000794600000)
 ParOldGen       total 67072K, used 7343K [0x0000000707000000, 0x000000070b180000, 0x0000000782580000)
  object space 67072K, 10% used [0x0000000707000000,0x000000070772bd88,0x000000070b180000)
 Metaspace       used 26979K, capacity 34407K, committed 34688K, reserved 1075200K
  class space    used 6654K, capacity 9476K, committed 9600K, reserved 1048576K
Event: 17.502 GC heap after
Heap after GC invocations=11 (full 1):
 PSYoungGen      total 286208K, used 5696K [0x0000000782580000, 0x0000000794600000, 0x00000007c0000000)
  eden space 276992K, 0% used [0x0000000782580000,0x0000000782580000,0x0000000793400000)
  from space 9216K, 61% used [0x0000000793d00000,0x0000000794290000,0x0000000794600000)
  to   space 9216K, 0% used [0x0000000793400000,0x0000000793400000,0x0000000793d00000)
 ParOldGen       total 67072K, used 8639K [0x0000000707000000, 0x000000070b180000, 0x0000000782580000)
  object space 67072K, 12% used [0x0000000707000000,0x000000070786fd88,0x000000070b180000)
 Metaspace       used 26979K, capacity 34407K, committed 34688K, reserved 1075200K
  class space    used 6654K, capacity 9476K, committed 9600K, reserved 1048576K
}
Event: 20.265 GC heap before
{Heap before GC invocations=12 (full 1):
 PSYoungGen      total 286208K, used 282688K [0x0000000782580000, 0x0000000794600000, 0x00000007c0000000)
  eden space 276992K, 100% used [0x0000000782580000,0x0000000793400000,0x0000000793400000)
  from space 9216K, 61% used [0x0000000793d00000,0x0000000794290000,0x0000000794600000)
  to   space 9216K, 0% used [0x0000000793400000,0x0000000793400000,0x0000000793d00000)
 ParOldGen       total 67072K, used 8639K [0x0000000707000000, 0x000000070b180000, 0x0000000782580000)
  object space 67072K, 12% used [0x0000000707000000,0x000000070786fd88,0x000000070b180000)
 Metaspace       used 27011K, capacity 34419K, committed 34688K, reserved 1075200K
  class space    used 6654K, capacity 9476K, committed 9600K, reserved 1048576K
Event: 20.284 GC heap after
Heap after GC invocations=12 (full 1):
 PSYoungGen      total 286208K, used 7456K [0x0000000782580000, 0x000000079c800000, 0x00000007c0000000)
  eden space 276992K, 0% used [0x0000000782580000,0x0000000782580000,0x0000000793400000)
  from space 9216K, 80% used [0x0000000793400000,0x0000000793b48000,0x0000000793d00000)
  to   space 9216K, 0% used [0x000000079bf00000,0x000000079bf00000,0x000000079c800000)
 ParOldGen       total 67072K, used 14127K [0x0000000707000000, 0x000000070b180000, 0x0000000782580000)
  object space 67072K, 21% used [0x0000000707000000,0x0000000707dcbd98,0x000000070b180000)
 Metaspace       used 27011K, capacity 34419K, committed 34688K, reserved 1075200K
  class space    used 6654K, capacity 9476K, committed 9600K, reserved 1048576K
}
Event: 22.806 GC heap before
{Heap before GC invocations=13 (full 1):
 PSYoungGen      total 286208K, used 284448K [0x0000000782580000, 0x000000079c800000, 0x00000007c0000000)
  eden space 276992K, 100% used [0x0000000782580000,0x0000000793400000,0x0000000793400000)
  from space 9216K, 80% used [0x0000000793400000,0x0000000793b48000,0x0000000793d00000)
  to   space 9216K, 0% used [0x000000079bf00000,0x000000079bf00000,0x000000079c800000)
 ParOldGen       total 67072K, used 14127K [0x0000000707000000, 0x000000070b180000, 0x0000000782580000)
  object space 67072K, 21% used [0x0000000707000000,0x0000000707dcbd98,0x000000070b180000)
 Metaspace       used 27214K, capacity 34715K, committed 34944K, reserved 1075200K
  class space    used 6670K, capacity 9508K, committed 9600K, reserved 1048576K
Event: 22.821 GC heap after
Heap after GC invocations=13 (full 1):
 PSYoungGen      total 412160K, used 9216K [0x0000000782580000, 0x000000079c900000, 0x00000007c0000000)
  eden space 402944K, 0% used [0x0000000782580000,0x0000000782580000,0x000000079af00000)
  from space 9216K, 100% used [0x000000079bf00000,0x000000079c800000,0x000000079c800000)
  to   space 13312K, 0% used [0x000000079af00000,0x000000079af00000,0x000000079bc00000)
 ParOldGen       total 67072K, used 22967K [0x0000000707000000, 0x000000070b180000, 0x0000000782580000)
  object space 67072K, 34% used [0x0000000707000000,0x000000070866dd98,0x000000070b180000)
 Metaspace       used 27214K, capacity 34715K, committed 34944K, reserved 1075200K
  class space    used 6670K, capacity 9508K, committed 9600K, reserved 1048576K
}
Event: 26.073 GC heap before
{Heap before GC invocations=14 (full 1):
 PSYoungGen      total 412160K, used 412160K [0x0000000782580000, 0x000000079c900000, 0x00000007c0000000)
  eden space 402944K, 100% used [0x0000000782580000,0x000000079af00000,0x000000079af00000)
  from space 9216K, 100% used [0x000000079bf00000,0x000000079c800000,0x000000079c800000)
  to   space 13312K, 0% used [0x000000079af00000,0x000000079af00000,0x000000079bc00000)
 ParOldGen       total 67072K, used 22967K [0x0000000707000000, 0x000000070b180000, 0x0000000782580000)
  object space 67072K, 34% used [0x0000000707000000,0x000000070866dd98,0x000000070b180000)
 Metaspace       used 27272K, capacity 34791K, committed 34944K, reserved 1075200K
  class space    used 6670K, capacity 9508K, committed 9600K, reserved 1048576K

Deoptimization events (10 events):
Event: 22.758 Thread 0x00007f39c0bcbb00 Uncommon trap: reason=class_check action=maybe_recompile pc=0x00007f39b12177ac method=clojure.lang.LispReader.unread(Ljava/io/PushbackReader;I)V @ 7
Event: 22.759 Thread 0x00007f39c0bcbb00 Uncommon trap: reason=class_check action=maybe_recompile pc=0x00007f39b1388908 method=clojure.lang.LispReader$ListReader.invoke(Ljava/lang/Object;Ljava/lang/Object;Ljava/lang/Object;Ljava/lang/Object;)Ljava/lang/Object; @ 1
Event: 22.759 Thread 0x00007f39c0bcbb00 Uncommon trap: reason=class_check action=maybe_recompile pc=0x00007f39b129a0f8 method=clojure.lang.LispReader.readDelimitedList(CLjava/io/PushbackReader;ZLjava/lang/Object;Ljava/lang/Object;)Ljava/util/List; @ 1
Event: 22.769 Thread 0x00007f39c0b2ab30 Uncommon trap: reason=null_check action=make_not_entrant pc=0x00007f39b1665410 method=clojure.lang.PersistentList$Primordial.doInvoke(Ljava/lang/Object;)Ljava/lang/Object; @ 1
Event: 22.793 Thread 0x00007f39c0bfdad0 Uncommon trap: reason=unstable_if action=reinterpret pc=0x00007f39b161e1f0 method=java.util.concurrent.locks.ReentrantLock$NonfairSync.lock()V @ 6
Event: 23.019 Thread 0x00007f39c0b3e6b0 Uncommon trap: reason=unstable_if action=reinterpret pc=0x00007f39b165ce2c method=java.util.concurrent.locks.AbstractQueuedSynchronizer.release(I)Z @ 14
Event: 23.065 Thread 0x00007f39c0b2d9b0 Uncommon trap: reason=null_check action=make_not_entrant pc=0x00007f39b0d40d18 method=clojure.core$apply.invokeStatic(Ljava/lang/Object;Ljava/lang/Object;)Ljava/lang/Object; @ 12
Event: 23.066 Thread 0x00007f39c0bf0e40 Uncommon trap: reason=class_check action=maybe_recompile pc=0x00007f39b1619ebc method=clojure.core$apply.invokeStatic(Ljava/lang/Object;Ljava/lang/Object;)Ljava/lang/Object; @ 12
Event: 23.066 Thread 0x00007f39c0b3b220 Uncommon trap: reason=class_check action=maybe_recompile pc=0x00007f39b1619ebc method=clojure.core$apply.invokeStatic(Ljava/lang/Object;Ljava/lang/Object;)Ljava/lang/Object; @ 12
Event: 23.066 Thread 0x00007f39c0b2d9b0 Uncommon trap: reason=class_check action=maybe_recompile pc=0x00007f39b1619ebc method=clojure.core$apply.invokeStatic(Ljava/lang/Object;Ljava/lang/Object;)Ljava/lang/Object; @ 12

Classes redefined (0 events):
No events

Internal exceptions (10 events):
Event: 6.699 Thread 0x00007f39c000aef0 Implicit null exception at 0x00007f39b0ca828f to 0x00007f39b0ca92f1
Event: 10.671 Thread 0x00007f39c000aef0 Implicit null exception at 0x00007f39b12afe01 to 0x00007f39b12b00d5
Event: 11.762 Thread 0x00007f39c000aef0 Implicit null exception at 0x00007f39b0b741cf to 0x00007f39b0b74691
Event: 11.943 Thread 0x00007f39c000aef0 Implicit null exception at 0x00007f39b12768b9 to 0x00007f39b1276dad
Event: 16.390 Thread 0x00007f39c000aef0 Implicit null exception at 0x00007f39b0c3935c to 0x00007f39b0c39749
Event: 16.750 Thread 0x00007f39c000aef0 Exception <a 'java/io/FileNotFoundException'> (0x000000078a6c3048) thrown at [/builddir/build/BUILD/java-1.8.0-openjdk-1.8.0.171-8.b10.el7_5.x86_64/openjdk/hotspot/src/share/vm/prims/jni.cpp, line 710]
Event: 16.751 Thread 0x00007f39c000aef0 Implicit null exception at 0x00007f39b0dbccf4 to 0x00007f39b0dbd495
Event: 16.754 Thread 0x00007f39c000aef0 Implicit null exception at 0x00007f39b0b7aeb4 to 0x00007f39b0b7b965
Event: 22.420 Thread 0x00007f39c000aef0 Implicit null exception at 0x00007f39b154154c to 0x00007f39b15415b4
Event: 22.769 Thread 0x00007f39c0b2ab30 Implicit null exception at 0x00007f39b16647ec to 0x00007f39b1665403

Events (10 events):
Event: 24.895 Thread 0x00007f39c0b3e6b0 DEOPT UNPACKING pc=0x00007f39b06390c4 sp=0x00007f395c6d3078 mode 0
Event: 24.941 Thread 0x00007f39c00eb1d0 flushing nmethod 0x00007f39b0b86390
Event: 24.941 Thread 0x00007f39c00eb1d0 flushing nmethod 0x00007f39b0b89790
Event: 24.941 Thread 0x00007f39c00eb1d0 flushing nmethod 0x00007f39b0b9e410
Event: 24.941 Thread 0x00007f39c00eb1d0 flushing nmethod 0x00007f39b0bd2f90
Event: 24.941 Thread 0x00007f39c00eb1d0 flushing nmethod 0x00007f39b0bf0410
Event: 24.941 Thread 0x00007f39c00eb1d0 flushing nmethod 0x00007f39b0bf1350
Event: 25.547 Thread 0x00007f39c0b28a70 DEOPT PACKING pc=0x00007f39b0c9f13a sp=0x00007f395c2cf180
Event: 25.547 Thread 0x00007f39c0b28a70 DEOPT UNPACKING pc=0x00007f39b06390c4 sp=0x00007f395c2cf078 mode 0
Event: 25.841 Executing VM operation: ParallelGCFailedAllocation


Dynamic libraries:
00400000-00401000 r-xp 00000000 08:05 76037027                           /usr/lib/jvm/java-1.8.0-openjdk-1.8.0.171-8.b10.el7_5.x86_64/jre/bin/java
00600000-00601000 r--p 00000000 08:05 76037027                           /usr/lib/jvm/java-1.8.0-openjdk-1.8.0.171-8.b10.el7_5.x86_64/jre/bin/java
00601000-00602000 rw-p 00001000 08:05 76037027                           /usr/lib/jvm/java-1.8.0-openjdk-1.8.0.171-8.b10.el7_5.x86_64/jre/bin/java
00b13000-00b34000 rw-p 00000000 00:00 0                                  [heap]
707000000-70b180000 rw-p 00000000 00:00 0 
70b180000-782580000 ---p 00000000 00:00 0 
782580000-79c900000 rw-p 00000000 00:00 0 
7ab380000-7c0000000 ---p 00000000 00:00 0 
7c0000000-7c0960000 rw-p 00000000 00:00 0 
7c0960000-800000000 ---p 00000000 00:00 0 
7f38d0000000-7f38d0021000 rw-p 00000000 00:00 0 
7f38d0021000-7f38d4000000 ---p 00000000 00:00 0 
7f38d8000000-7f38d8021000 rw-p 00000000 00:00 0 
7f38d8021000-7f38dc000000 ---p 00000000 00:00 0 
7f38dc000000-7f38dc021000 rw-p 00000000 00:00 0 
7f38dc021000-7f38e0000000 ---p 00000000 00:00 0 
7f38e0000000-7f38e0021000 rw-p 00000000 00:00 0 
7f38e0021000-7f38e4000000 ---p 00000000 00:00 0 
7f38e4000000-7f38e4021000 rw-p 00000000 00:00 0 
7f38e4021000-7f38e8000000 ---p 00000000 00:00 0 
7f38e8000000-7f38e8021000 rw-p 00000000 00:00 0 
7f38e8021000-7f38ec000000 ---p 00000000 00:00 0 
7f38ec000000-7f38ec021000 rw-p 00000000 00:00 0 
7f38ec021000-7f38f0000000 ---p 00000000 00:00 0 
7f38f0000000-7f38f0021000 rw-p 00000000 00:00 0 
7f38f0021000-7f38f4000000 ---p 00000000 00:00 0 
7f38f77f8000-7f38f77fb000 ---p 00000000 00:00 0 
7f38f77fb000-7f38f78f9000 rw-p 00000000 00:00 0 
7f38f78f9000-7f38f78fc000 ---p 00000000 00:00 0 
7f38f78fc000-7f38f79fa000 rw-p 00000000 00:00 0 
7f38f79fa000-7f38f79fd000 ---p 00000000 00:00 0 
7f38f79fd000-7f38f7afb000 rw-p 00000000 00:00 0 
7f38f7afb000-7f38f7afe000 ---p 00000000 00:00 0 
7f38f7afe000-7f38f7bfc000 rw-p 00000000 00:00 0 
7f38f7bfc000-7f38f7bff000 ---p 00000000 00:00 0 
7f38f7bff000-7f38f7cfd000 rw-p 00000000 00:00 0 
7f38f7cfd000-7f38f7d00000 ---p 00000000 00:00 0 
7f38f7d00000-7f38f7dfe000 rw-p 00000000 00:00 0 
7f38f7dfe000-7f38f7e01000 ---p 00000000 00:00 0 
7f38f7e01000-7f38f7eff000 rw-p 00000000 00:00 0 
7f38f7eff000-7f38f7f02000 ---p 00000000 00:00 0 
7f38f7f02000-7f38f8000000 rw-p 00000000 00:00 0 
7f38f8000000-7f38f8021000 rw-p 00000000 00:00 0 
7f38f8021000-7f38fc000000 ---p 00000000 00:00 0 
7f38fc000000-7f38fc021000 rw-p 00000000 00:00 0 
7f38fc021000-7f3900000000 ---p 00000000 00:00 0 
7f3900000000-7f3900021000 rw-p 00000000 00:00 0 
7f3900021000-7f3904000000 ---p 00000000 00:00 0 
7f3904000000-7f3904021000 rw-p 00000000 00:00 0 
7f3904021000-7f3908000000 ---p 00000000 00:00 0 
7f3908000000-7f3908021000 rw-p 00000000 00:00 0 
7f3908021000-7f390c000000 ---p 00000000 00:00 0 
7f390c000000-7f390c021000 rw-p 00000000 00:00 0 
7f390c021000-7f3910000000 ---p 00000000 00:00 0 
7f3910000000-7f3910021000 rw-p 00000000 00:00 0 
7f3910021000-7f3914000000 ---p 00000000 00:00 0 
7f3914000000-7f3914021000 rw-p 00000000 00:00 0 
7f3914021000-7f3918000000 ---p 00000000 00:00 0 
7f3918000000-7f3918021000 rw-p 00000000 00:00 0 
7f3918021000-7f391c000000 ---p 00000000 00:00 0 
7f391c000000-7f391c021000 rw-p 00000000 00:00 0 
7f391c021000-7f3920000000 ---p 00000000 00:00 0 
7f3920000000-7f3920021000 rw-p 00000000 00:00 0 
7f3920021000-7f3924000000 ---p 00000000 00:00 0 
7f3924000000-7f3924021000 rw-p 00000000 00:00 0 
7f3924021000-7f3928000000 ---p 00000000 00:00 0 
7f3928000000-7f3928324000 rw-p 00000000 00:00 0 
7f3928324000-7f392c000000 ---p 00000000 00:00 0 
7f392c000000-7f392c341000 rw-p 00000000 00:00 0 
7f392c341000-7f3930000000 ---p 00000000 00:00 0 
7f3930000000-7f39303bb000 rw-p 00000000 00:00 0 
7f39303bb000-7f3934000000 ---p 00000000 00:00 0 
7f3934000000-7f3934387000 rw-p 00000000 00:00 0 
7f3934387000-7f3938000000 ---p 00000000 00:00 0 
7f3938000000-7f3938bee000 rw-p 00000000 00:00 0 
7f3938bee000-7f393c000000 ---p 00000000 00:00 0 
7f393c000000-7f393ca5f000 rw-p 00000000 00:00 0 
7f393ca5f000-7f3940000000 ---p 00000000 00:00 0 
7f3940000000-7f3941093000 rw-p 00000000 00:00 0 
7f3941093000-7f3944000000 ---p 00000000 00:00 0 
7f3944000000-7f3944e36000 rw-p 00000000 00:00 0 
7f3944e36000-7f3948000000 ---p 00000000 00:00 0 
7f3948000000-7f3949318000 rw-p 00000000 00:00 0 
7f3949318000-7f394c000000 ---p 00000000 00:00 0 
7f394c000000-7f394d00e000 rw-p 00000000 00:00 0 
7f394d00e000-7f3950000000 ---p 00000000 00:00 0 
7f3950000000-7f3950fa3000 rw-p 00000000 00:00 0 
7f3950fa3000-7f3954000000 ---p 00000000 00:00 0 
7f3954000000-7f3955047000 rw-p 00000000 00:00 0 
7f3955047000-7f3958000000 ---p 00000000 00:00 0 
7f3958000000-7f3958021000 rw-p 00000000 00:00 0 
7f3958021000-7f395c000000 ---p 00000000 00:00 0 
7f395c0cf000-7f395c0d2000 ---p 00000000 00:00 0 
7f395c0d2000-7f395c1d0000 rw-p 00000000 00:00 0 
7f395c1d0000-7f395c1d3000 ---p 00000000 00:00 0 
7f395c1d3000-7f395c2d1000 rw-p 00000000 00:00 0 
7f395c2d1000-7f395c2d4000 ---p 00000000 00:00 0 
7f395c2d4000-7f395c3d2000 rw-p 00000000 00:00 0 
7f395c3d2000-7f395c3d5000 ---p 00000000 00:00 0 
7f395c3d5000-7f395c4d3000 rw-p 00000000 00:00 0 
7f395c4d3000-7f395c4d6000 ---p 00000000 00:00 0 
7f395c4d6000-7f395c5d4000 rw-p 00000000 00:00 0 
7f395c5d4000-7f395c5d7000 ---p 00000000 00:00 0 
7f395c5d7000-7f395c6d5000 rw-p 00000000 00:00 0 
7f395c6d5000-7f395c6d8000 ---p 00000000 00:00 0 
7f395c6d8000-7f395c7d6000 rw-p 00000000 00:00 0 
7f395c7d6000-7f395c7d9000 ---p 00000000 00:00 0 
7f395c7d9000-7f395c997000 rw-p 00000000 00:00 0 
7f395c997000-7f395cad7000 ---p 00000000 00:00 0 
7f395cad7000-7f395ccd7000 rw-p 00000000 00:00 0 
7f395ccd7000-7f395ced7000 rw-p 00000000 00:00 0 
7f395ced7000-7f395d0d7000 rw-p 00000000 00:00 0 
7f395d0d7000-7f395d2d7000 rw-p 00000000 00:00 0 
7f395d2d7000-7f395d4d7000 rw-p 00000000 00:00 0 
7f395d4d7000-7f395d6d7000 rw-p 00000000 00:00 0 
7f395d6d7000-7f395d8d7000 rw-p 00000000 00:00 0 
7f395d8d7000-7f395dad7000 rw-p 00000000 00:00 0 
7f395dad7000-7f3964000000 r--p 00000000 08:05 135339676                  /usr/lib/locale/locale-archive
7f3964000000-7f3964021000 rw-p 00000000 00:00 0 
7f3964021000-7f3968000000 ---p 00000000 00:00 0 
7f3968000000-7f3968021000 rw-p 00000000 00:00 0 
7f3968021000-7f396c000000 ---p 00000000 00:00 0 
7f396c000000-7f396c021000 rw-p 00000000 00:00 0 
7f396c021000-7f3970000000 ---p 00000000 00:00 0 
7f3970000000-7f3970021000 rw-p 00000000 00:00 0 
7f3970021000-7f3974000000 ---p 00000000 00:00 0 
7f3974000000-7f3974021000 rw-p 00000000 00:00 0 
7f3974021000-7f3978000000 ---p 00000000 00:00 0 
7f397800c000-7f397800f000 ---p 00000000 00:00 0 
7f397800f000-7f397810d000 rw-p 00000000 00:00 0 
7f397810d000-7f397812b000 r--s 00180000 00:2e 249006533                  /home/xhe/.m2/repository/org/apache/commons/commons-math3/3.2/commons-math3-3.2.jar
7f397812b000-7f3978135000 r--s 00056000 00:2e 249006438                  /home/xhe/.m2/repository/cider/cider-nrepl/0.17.0/cider-nrepl-0.17.0.jar
7f3978151000-7f3978152000 rw-p 00000000 00:00 0 
7f3978152000-7f3978155000 ---p 00000000 00:00 0 
7f3978155000-7f3978253000 rw-p 00000000 00:00 0 
7f3978253000-7f3978258000 r--s 000b6000 08:05 67543830                   /usr/lib/jvm/java-1.8.0-openjdk-1.8.0.171-8.b10.el7_5.x86_64/jre/lib/jsse.jar
7f3978258000-7f397829b000 r--s 00332000 00:2e 249006526                  /home/xhe/.m2/repository/org/clojure/clojure/1.8.0/clojure-1.8.0.jar
7f397829b000-7f397829c000 ---p 00000000 00:00 0 
7f397829c000-7f397839c000 rw-p 00000000 00:00 0 
7f397839c000-7f397839f000 ---p 00000000 00:00 0 
7f397839f000-7f397849d000 rw-p 00000000 00:00 0 
7f397849d000-7f39784a1000 ---p 00000000 00:00 0 
7f39784a1000-7f397859e000 rw-p 00000000 00:00 0 
7f397859e000-7f39785a2000 ---p 00000000 00:00 0 
7f39785a2000-7f397869f000 rw-p 00000000 00:00 0 
7f397869f000-7f39786a3000 ---p 00000000 00:00 0 
7f39786a3000-7f39787a0000 rw-p 00000000 00:00 0 
7f39787a0000-7f39787a4000 ---p 00000000 00:00 0 
7f39787a4000-7f39788a1000 rw-p 00000000 00:00 0 
7f39788a1000-7f39788a5000 ---p 00000000 00:00 0 
7f39788a5000-7f39789a2000 rw-p 00000000 00:00 0 
7f39789a2000-7f39789a6000 ---p 00000000 00:00 0 
7f39789a6000-7f3978aa3000 rw-p 00000000 00:00 0 
7f3978aa3000-7f3978aa7000 ---p 00000000 00:00 0 
7f3978aa7000-7f3978ba4000 rw-p 00000000 00:00 0 
7f3978ba4000-7f3978ba8000 ---p 00000000 00:00 0 
7f3978ba8000-7f3978ca5000 rw-p 00000000 00:00 0 
7f3978ca5000-7f3978ca9000 ---p 00000000 00:00 0 
7f3978ca9000-7f3978da6000 rw-p 00000000 00:00 0 
7f3978da6000-7f3978daa000 ---p 00000000 00:00 0 
7f3978daa000-7f3978ea7000 rw-p 00000000 00:00 0 
7f3978ea7000-7f3978eab000 ---p 00000000 00:00 0 
7f3978eab000-7f3978fa8000 rw-p 00000000 00:00 0 
7f3978fa8000-7f3978fac000 ---p 00000000 00:00 0 
7f3978fac000-7f39790a9000 rw-p 00000000 00:00 0 
7f39790a9000-7f39790ac000 ---p 00000000 00:00 0 
7f39790ac000-7f39791aa000 rw-p 00000000 00:00 0 
7f39791aa000-7f39791ad000 ---p 00000000 00:00 0 
7f39791ad000-7f39792ab000 rw-p 00000000 00:00 0 
7f39792ab000-7f39792ae000 ---p 00000000 00:00 0 
7f39792ae000-7f39793ac000 rw-p 00000000 00:00 0 
7f39793ac000-7f39793ad000 ---p 00000000 00:00 0 
7f39793ad000-7f397c000000 rw-p 00000000 00:00 0 
7f397c000000-7f397c021000 rw-p 00000000 00:00 0 
7f397c021000-7f3980000000 ---p 00000000 00:00 0 
7f3980000000-7f3980021000 rw-p 00000000 00:00 0 
7f3980021000-7f3984000000 ---p 00000000 00:00 0 
7f3984000000-7f3984021000 rw-p 00000000 00:00 0 
7f3984021000-7f3988000000 ---p 00000000 00:00 0 
7f3988000000-7f3988021000 rw-p 00000000 00:00 0 
7f3988021000-7f398c000000 ---p 00000000 00:00 0 
7f398c000000-7f398c021000 rw-p 00000000 00:00 0 
7f398c021000-7f3990000000 ---p 00000000 00:00 0 
7f3990000000-7f3990021000 rw-p 00000000 00:00 0 
7f3990021000-7f3994000000 ---p 00000000 00:00 0 
7f3994000000-7f3994021000 rw-p 00000000 00:00 0 
7f3994021000-7f3998000000 ---p 00000000 00:00 0 
7f3998000000-7f3998021000 rw-p 00000000 00:00 0 
7f3998021000-7f399c000000 ---p 00000000 00:00 0 
7f399c000000-7f399c021000 rw-p 00000000 00:00 0 
7f399c021000-7f39a0000000 ---p 00000000 00:00 0 
7f39a0000000-7f39a0021000 rw-p 00000000 00:00 0 
7f39a0021000-7f39a4000000 ---p 00000000 00:00 0 
7f39a4000000-7f39a4021000 rw-p 00000000 00:00 0 
7f39a4021000-7f39a8000000 ---p 00000000 00:00 0 
7f39a8000000-7f39a8004000 r--s 00041000 00:2e 249006532                  /home/xhe/.m2/repository/com/fasterxml/jackson/core/jackson-core/2.8.6/jackson-core-2.8.6.jar
7f39a8004000-7f39a8006000 r--s 00000000 00:2e 249006558                  /home/xhe/.m2/repository/net/totakke/libra/0.1.0/libra-0.1.0.jar
7f39a8006000-7f39a8008000 r--s 00011000 00:2e 249006534                  /home/xhe/.m2/repository/com/fasterxml/jackson/dataformat/jackson-dataformat-smile/2.8.6/jackson-dataformat-smile-2.8.6.jar
7f39a8008000-7f39a806b000 rw-p 00000000 00:00 0 
7f39a806b000-7f39a823a000 r--s 0440f000 08:05 67543839                   /usr/lib/jvm/java-1.8.0-openjdk-1.8.0.171-8.b10.el7_5.x86_64/jre/lib/rt.jar
7f39a823a000-7f39aec82000 rw-p 00000000 00:00 0 
7f39aec82000-7f39aec83000 ---p 00000000 00:00 0 
7f39aec83000-7f39aed83000 rw-p 00000000 00:00 0 
7f39aed83000-7f39aed84000 ---p 00000000 00:00 0 
7f39aed84000-7f39aee84000 rw-p 00000000 00:00 0 
7f39aee84000-7f39aee85000 ---p 00000000 00:00 0 
7f39aee85000-7f39aef85000 rw-p 00000000 00:00 0 
7f39aef85000-7f39aef86000 ---p 00000000 00:00 0 
7f39aef86000-7f39af086000 rw-p 00000000 00:00 0 
7f39af086000-7f39af087000 ---p 00000000 00:00 0 
7f39af087000-7f39af187000 rw-p 00000000 00:00 0 
7f39af187000-7f39af188000 ---p 00000000 00:00 0 
7f39af188000-7f39af288000 rw-p 00000000 00:00 0 
7f39af288000-7f39af289000 ---p 00000000 00:00 0 
7f39af289000-7f39af389000 rw-p 00000000 00:00 0 
7f39af389000-7f39af38a000 ---p 00000000 00:00 0 
7f39af38a000-7f39af48a000 rw-p 00000000 00:00 0 
7f39af48a000-7f39af48b000 ---p 00000000 00:00 0 
7f39af48b000-7f39af58b000 rw-p 00000000 00:00 0 
7f39af58b000-7f39af58c000 ---p 00000000 00:00 0 
7f39af58c000-7f39af68c000 rw-p 00000000 00:00 0 
7f39af68c000-7f39af68d000 ---p 00000000 00:00 0 
7f39af68d000-7f39af78d000 rw-p 00000000 00:00 0 
7f39af78d000-7f39af78e000 ---p 00000000 00:00 0 
7f39af78e000-7f39af8af000 rw-p 00000000 00:00 0 
7f39af8af000-7f39afc69000 ---p 00000000 00:00 0 
7f39afc69000-7f39afc8a000 rw-p 00000000 00:00 0 
7f39afc8a000-7f39b0043000 ---p 00000000 00:00 0 
7f39b0043000-7f39b0116000 rw-p 00000000 00:00 0 
7f39b0116000-7f39b0231000 ---p 00000000 00:00 0 
7f39b0231000-7f39b0275000 rw-p 00000000 00:00 0 
7f39b0275000-7f39b05f2000 ---p 00000000 00:00 0 
7f39b05f2000-7f39b1682000 rwxp 00000000 00:00 0 
7f39b1682000-7f39bf5f2000 ---p 00000000 00:00 0 
7f39bf5f2000-7f39bf5fa000 r-xp 00000000 08:05 135994947                  /usr/lib/jvm/java-1.8.0-openjdk-1.8.0.171-8.b10.el7_5.x86_64/jre/lib/amd64/libzip.so
7f39bf5fa000-7f39bf7f9000 ---p 00008000 08:05 135994947                  /usr/lib/jvm/java-1.8.0-openjdk-1.8.0.171-8.b10.el7_5.x86_64/jre/lib/amd64/libzip.so
7f39bf7f9000-7f39bf7fa000 r--p 00007000 08:05 135994947                  /usr/lib/jvm/java-1.8.0-openjdk-1.8.0.171-8.b10.el7_5.x86_64/jre/lib/amd64/libzip.so
7f39bf7fa000-7f39bf7fb000 rw-p 00008000 08:05 135994947                  /usr/lib/jvm/java-1.8.0-openjdk-1.8.0.171-8.b10.el7_5.x86_64/jre/lib/amd64/libzip.so
7f39bf7fb000-7f39c0000000 r--s 00000000 08:03 38155                      /var/lib/sss/mc/passwd
7f39c0000000-7f39c0f24000 rw-p 00000000 00:00 0 
7f39c0f24000-7f39c4000000 ---p 00000000 00:00 0 
7f39c4000000-7f39c4001000 r--s 00001000 00:2e 249006530                  /home/xhe/.m2/repository/org/clojure/data.json/0.2.6/data.json-0.2.6.jar
7f39c4001000-7f39c4002000 r--s 00000000 00:2e 249006552                  /home/xhe/.m2/repository/de/kotka/lazymap/3.1.0/lazymap-3.1.0.jar
7f39c4002000-7f39c4004000 r--s 0000b000 00:2e 249006548                  /home/xhe/.m2/repository/kephale/uncommons-maths/1.2.3/uncommons-maths-1.2.3.jar
7f39c4004000-7f39c4006000 r--s 00005000 00:2e 249006550                  /home/xhe/.m2/repository/cheshire/cheshire/5.7.1/cheshire-5.7.1.jar
7f39c4006000-7f39c4007000 r--s 00000000 00:2e 249006543                  /home/xhe/.m2/repository/clj-random/clj-random/0.1.7/clj-random-0.1.7.jar
7f39c4007000-7f39c4008000 r--s 00000000 00:2e 249006542                  /home/xhe/.m2/repository/local-file/local-file/0.1.0/local-file-0.1.0.jar
7f39c4008000-7f39c40ed000 rw-p 00000000 00:00 0 
7f39c40ed000-7f39c40ee000 ---p 00000000 00:00 0 
7f39c40ee000-7f39c41ee000 rw-p 00000000 00:00 0 
7f39c41ee000-7f39c41f6000 r-xp 00000000 08:05 204933493                  /usr/lib64/libnss_sss.so.2
7f39c41f6000-7f39c43f5000 ---p 00008000 08:05 204933493                  /usr/lib64/libnss_sss.so.2
7f39c43f5000-7f39c43f6000 r--p 00007000 08:05 204933493                  /usr/lib64/libnss_sss.so.2
7f39c43f6000-7f39c43f7000 rw-p 00008000 08:05 204933493                  /usr/lib64/libnss_sss.so.2
7f39c43f7000-7f39c4403000 r-xp 00000000 08:05 202816356                  /usr/lib64/libnss_files-2.17.so
7f39c4403000-7f39c4602000 ---p 0000c000 08:05 202816356                  /usr/lib64/libnss_files-2.17.so
7f39c4602000-7f39c4603000 r--p 0000b000 08:05 202816356                  /usr/lib64/libnss_files-2.17.so
7f39c4603000-7f39c4604000 rw-p 0000c000 08:05 202816356                  /usr/lib64/libnss_files-2.17.so
7f39c4604000-7f39c460a000 rw-p 00000000 00:00 0 
7f39c460a000-7f39c4638000 r-xp 00000000 08:05 135994923                  /usr/lib/jvm/java-1.8.0-openjdk-1.8.0.171-8.b10.el7_5.x86_64/jre/lib/amd64/libjava.so
7f39c4638000-7f39c4837000 ---p 0002e000 08:05 135994923                  /usr/lib/jvm/java-1.8.0-openjdk-1.8.0.171-8.b10.el7_5.x86_64/jre/lib/amd64/libjava.so
7f39c4837000-7f39c4838000 r--p 0002d000 08:05 135994923                  /usr/lib/jvm/java-1.8.0-openjdk-1.8.0.171-8.b10.el7_5.x86_64/jre/lib/amd64/libjava.so
7f39c4838000-7f39c483a000 rw-p 0002e000 08:05 135994923                  /usr/lib/jvm/java-1.8.0-openjdk-1.8.0.171-8.b10.el7_5.x86_64/jre/lib/amd64/libjava.so
7f39c483a000-7f39c4847000 r-xp 00000000 08:05 135994946                  /usr/lib/jvm/java-1.8.0-openjdk-1.8.0.171-8.b10.el7_5.x86_64/jre/lib/amd64/libverify.so
7f39c4847000-7f39c4a46000 ---p 0000d000 08:05 135994946                  /usr/lib/jvm/java-1.8.0-openjdk-1.8.0.171-8.b10.el7_5.x86_64/jre/lib/amd64/libverify.so
7f39c4a46000-7f39c4a48000 r--p 0000c000 08:05 135994946                  /usr/lib/jvm/java-1.8.0-openjdk-1.8.0.171-8.b10.el7_5.x86_64/jre/lib/amd64/libverify.so
7f39c4a48000-7f39c4a49000 rw-p 0000e000 08:05 135994946                  /usr/lib/jvm/java-1.8.0-openjdk-1.8.0.171-8.b10.el7_5.x86_64/jre/lib/amd64/libverify.so
7f39c4a49000-7f39c4a50000 r-xp 00000000 08:05 202816363                  /usr/lib64/librt-2.17.so
7f39c4a50000-7f39c4c4f000 ---p 00007000 08:05 202816363                  /usr/lib64/librt-2.17.so
7f39c4c4f000-7f39c4c50000 r--p 00006000 08:05 202816363                  /usr/lib64/librt-2.17.so
7f39c4c50000-7f39c4c51000 rw-p 00007000 08:05 202816363                  /usr/lib64/librt-2.17.so
7f39c4c51000-7f39c4c66000 r-xp 00000000 08:05 201429134                  /usr/lib64/libgcc_s-4.8.5-20150702.so.1
7f39c4c66000-7f39c4e65000 ---p 00015000 08:05 201429134                  /usr/lib64/libgcc_s-4.8.5-20150702.so.1
7f39c4e65000-7f39c4e66000 r--p 00014000 08:05 201429134                  /usr/lib64/libgcc_s-4.8.5-20150702.so.1
7f39c4e66000-7f39c4e67000 rw-p 00015000 08:05 201429134                  /usr/lib64/libgcc_s-4.8.5-20150702.so.1
7f39c4e67000-7f39c4f68000 r-xp 00000000 08:05 202816345                  /usr/lib64/libm-2.17.so
7f39c4f68000-7f39c5167000 ---p 00101000 08:05 202816345                  /usr/lib64/libm-2.17.so
7f39c5167000-7f39c5168000 r--p 00100000 08:05 202816345                  /usr/lib64/libm-2.17.so
7f39c5168000-7f39c5169000 rw-p 00101000 08:05 202816345                  /usr/lib64/libm-2.17.so
7f39c5169000-7f39c5252000 r-xp 00000000 08:05 202418614                  /usr/lib64/libstdc++.so.6.0.19
7f39c5252000-7f39c5451000 ---p 000e9000 08:05 202418614                  /usr/lib64/libstdc++.so.6.0.19
7f39c5451000-7f39c5459000 r--p 000e8000 08:05 202418614                  /usr/lib64/libstdc++.so.6.0.19
7f39c5459000-7f39c545b000 rw-p 000f0000 08:05 202418614                  /usr/lib64/libstdc++.so.6.0.19
7f39c545b000-7f39c5470000 rw-p 00000000 00:00 0 
7f39c5470000-7f39c6136000 r-xp 00000000 08:05 67543813                   /usr/lib/jvm/java-1.8.0-openjdk-1.8.0.171-8.b10.el7_5.x86_64/jre/lib/amd64/server/libjvm.so
7f39c6136000-7f39c6336000 ---p 00cc6000 08:05 67543813                   /usr/lib/jvm/java-1.8.0-openjdk-1.8.0.171-8.b10.el7_5.x86_64/jre/lib/amd64/server/libjvm.so
7f39c6336000-7f39c63e1000 r--p 00cc6000 08:05 67543813                   /usr/lib/jvm/java-1.8.0-openjdk-1.8.0.171-8.b10.el7_5.x86_64/jre/lib/amd64/server/libjvm.so
7f39c63e1000-7f39c640a000 rw-p 00d71000 08:05 67543813                   /usr/lib/jvm/java-1.8.0-openjdk-1.8.0.171-8.b10.el7_5.x86_64/jre/lib/amd64/server/libjvm.so
7f39c640a000-7f39c643d000 rw-p 00000000 00:00 0 
7f39c643d000-7f39c6600000 r-xp 00000000 08:05 201328629                  /usr/lib64/libc-2.17.so
7f39c6600000-7f39c67ff000 ---p 001c3000 08:05 201328629                  /usr/lib64/libc-2.17.so
7f39c67ff000-7f39c6803000 r--p 001c2000 08:05 201328629                  /usr/lib64/libc-2.17.so
7f39c6803000-7f39c6805000 rw-p 001c6000 08:05 201328629                  /usr/lib64/libc-2.17.so
7f39c6805000-7f39c680a000 rw-p 00000000 00:00 0 
7f39c680a000-7f39c680c000 r-xp 00000000 08:05 202816343                  /usr/lib64/libdl-2.17.so
7f39c680c000-7f39c6a0c000 ---p 00002000 08:05 202816343                  /usr/lib64/libdl-2.17.so
7f39c6a0c000-7f39c6a0d000 r--p 00002000 08:05 202816343                  /usr/lib64/libdl-2.17.so
7f39c6a0d000-7f39c6a0e000 rw-p 00003000 08:05 202816343                  /usr/lib64/libdl-2.17.so
7f39c6a0e000-7f39c6a1c000 r-xp 00000000 08:05 1726550                    /usr/lib/jvm/java-1.8.0-openjdk-1.8.0.171-8.b10.el7_5.x86_64/jre/lib/amd64/jli/libjli.so
7f39c6a1c000-7f39c6c1b000 ---p 0000e000 08:05 1726550                    /usr/lib/jvm/java-1.8.0-openjdk-1.8.0.171-8.b10.el7_5.x86_64/jre/lib/amd64/jli/libjli.so
7f39c6c1b000-7f39c6c1c000 r--p 0000d000 08:05 1726550                    /usr/lib/jvm/java-1.8.0-openjdk-1.8.0.171-8.b10.el7_5.x86_64/jre/lib/amd64/jli/libjli.so
7f39c6c1c000-7f39c6c1d000 rw-p 0000e000 08:05 1726550                    /usr/lib/jvm/java-1.8.0-openjdk-1.8.0.171-8.b10.el7_5.x86_64/jre/lib/amd64/jli/libjli.so
7f39c6c1d000-7f39c6c32000 r-xp 00000000 08:05 204492934                  /usr/lib64/libz.so.1.2.7
7f39c6c32000-7f39c6e31000 ---p 00015000 08:05 204492934                  /usr/lib64/libz.so.1.2.7
7f39c6e31000-7f39c6e32000 r--p 00014000 08:05 204492934                  /usr/lib64/libz.so.1.2.7
7f39c6e32000-7f39c6e33000 rw-p 00015000 08:05 204492934                  /usr/lib64/libz.so.1.2.7
7f39c6e33000-7f39c6e4a000 r-xp 00000000 08:05 201328655                  /usr/lib64/libpthread-2.17.so
7f39c6e4a000-7f39c7049000 ---p 00017000 08:05 201328655                  /usr/lib64/libpthread-2.17.so
7f39c7049000-7f39c704a000 r--p 00016000 08:05 201328655                  /usr/lib64/libpthread-2.17.so
7f39c704a000-7f39c704b000 rw-p 00017000 08:05 201328655                  /usr/lib64/libpthread-2.17.so
7f39c704b000-7f39c704f000 rw-p 00000000 00:00 0 
7f39c704f000-7f39c7071000 r-xp 00000000 08:05 201328622                  /usr/lib64/ld-2.17.so
7f39c7071000-7f39c7073000 r--s 00000000 00:2e 249006523                  /home/xhe/.m2/repository/org/clojure/math.numeric-tower/0.0.4/math.numeric-tower-0.0.4.jar
7f39c7073000-7f39c7075000 r--s 0000b000 00:2e 249006535                  /home/xhe/.m2/repository/com/fasterxml/jackson/dataformat/jackson-dataformat-cbor/2.8.6/jackson-dataformat-cbor-2.8.6.jar
7f39c7075000-7f39c7076000 r--s 00001000 00:2e 249006541                  /home/xhe/.m2/repository/clojure-csv/clojure-csv/2.0.1/clojure-csv-2.0.1.jar
7f39c7076000-7f39c7077000 r--s 00002000 00:2e 249006566                  /home/xhe/.m2/repository/clojure-complete/clojure-complete/0.2.4/clojure-complete-0.2.4.jar
7f39c7077000-7f39c7079000 r--s 00008000 00:2e 249006544                  /home/xhe/.m2/repository/org/clojars/etosch/cosmos/1.0.0/cosmos-1.0.0.jar
7f39c7079000-7f39c707a000 r--s 00009000 00:2e 249006564                  /home/xhe/.m2/repository/org/clojure/tools.nrepl/0.2.12/tools.nrepl-0.2.12.jar
7f39c707a000-7f39c707c000 r--s 0000c000 00:2e 249006551                  /home/xhe/.m2/repository/prismatic/plumbing/0.5.4/plumbing-0.5.4.jar
7f39c707c000-7f39c707d000 r--s 00000000 00:2e 249006525                  /home/xhe/.m2/repository/org/clojure/data.csv/0.1.3/data.csv-0.1.3.jar
7f39c707d000-7f39c707e000 r--s 0000f000 00:2e 249006555                  /home/xhe/.m2/repository/prismatic/schema/1.0.1/schema-1.0.1.jar
7f39c707e000-7f39c707f000 r--s 00009000 00:2e 249006557                  /home/xhe/.m2/repository/criterium/criterium/0.4.4/criterium-0.4.4.jar
7f39c707f000-7f39c7080000 r--s 00001000 00:2e 249006425                  /home/xhe/.m2/repository/tigris/tigris/0.1.1/tigris-0.1.1.jar
7f39c7080000-7f39c7081000 r--s 00002000 00:2e 249006524                  /home/xhe/.m2/repository/org/clojure/math.combinatorics/0.1.1/math.combinatorics-0.1.1.jar
7f39c7081000-7f39c715f000 rw-p 00000000 00:00 0 
7f39c715f000-7f39c7167000 rw-s 00000000 08:05 136213768                  /tmp/hsperfdata_xhe/25055
7f39c7167000-7f39c7168000 rw-p 00000000 00:00 0 
7f39c7168000-7f39c7169000 ---p 00000000 00:00 0 
7f39c7169000-7f39c716d000 ---p 00000000 00:00 0 
7f39c716d000-7f39c7270000 rw-p 00000000 00:00 0 
7f39c7270000-7f39c7271000 r--p 00021000 08:05 201328622                  /usr/lib64/ld-2.17.so
7f39c7271000-7f39c7272000 rw-p 00022000 08:05 201328622                  /usr/lib64/ld-2.17.so
7f39c7272000-7f39c7273000 rw-p 00000000 00:00 0 
7fff96f00000-7fff96f22000 rw-p 00000000 00:00 0                          [stack]
7fff96f25000-7fff96f27000 r-xp 00000000 00:00 0                          [vdso]
ffffffffff600000-ffffffffff601000 r-xp 00000000 00:00 0                  [vsyscall]

VM Arguments:
jvm_args: -Dfile.encoding=UTF-8 -Dclojure.compile.path=/home/xhe/clojush7/target/classes -Dclojush.version=3.11.1-1-SNAPSHOT -Dclojure.debug=false 
java_command: clojure.main -i /tmp/form-init2704171637715171182.clj
java_class_path (initial): /home/xhe/clojush7/test:/home/xhe/clojush7/src:/home/xhe/clojush7/dev-resources:/home/xhe/clojush7/resources:/home/xhe/clojush7/target/classes:/home/xhe/.m2/repository/org/clojure/math.combinatorics/0.1.1/math.combinatorics-0.1.1.jar:/home/xhe/.m2/repository/org/clojure/clojure/1.8.0/clojure-1.8.0.jar:/home/xhe/.m2/repository/tigris/tigris/0.1.1/tigris-0.1.1.jar:/home/xhe/.m2/repository/criterium/criterium/0.4.4/criterium-0.4.4.jar:/home/xhe/.m2/repository/prismatic/schema/1.0.1/schema-1.0.1.jar:/home/xhe/.m2/repository/org/clojure/data.csv/0.1.3/data.csv-0.1.3.jar:/home/xhe/.m2/repository/prismatic/plumbing/0.5.4/plumbing-0.5.4.jar:/home/xhe/.m2/repository/org/clojure/tools.nrepl/0.2.12/tools.nrepl-0.2.12.jar:/home/xhe/.m2/repository/org/clojars/etosch/cosmos/1.0.0/cosmos-1.0.0.jar:/home/xhe/.m2/repository/clojure-complete/clojure-complete/0.2.4/clojure-complete-0.2.4.jar:/home/xhe/.m2/repository/clojure-csv/clojure-csv/2.0.1/clojure-csv-2.0.1.jar:/home/xhe/.m2/repository/com/fasterxml/jackson/dataformat/jackson-dataformat-cbor/2.8.6/jackson-dataformat-cbor-2.8.6.jar:/home/xhe/.m2/repository/org/clojure/math.numeric-tower/0.0.4/math.numeric-tower-0.0.4.jar:/home/xhe/.m2/repository/local-file/local-file/0.1.0/local-file-0.1.0.jar:/home/xhe/.m2/repository/clj-random/clj-random/0.1.7/clj-random-0.1.7.jar:/home/xhe/.m2/repository/cheshire/cheshire/5.7.1/cheshire-5.7.1.jar:/home/xhe/.m2/repository/cider/cider-nrepl/0.17.0/cider-nrepl-0.17.0.jar:/home/xhe/.m2/repository/kephale/uncommons-maths/1.2.3/uncommons-maths-1.2.3.jar:/home/xhe/.m2/repository/de/kotka/lazymap/3.1.0/lazymap-3.1.0.jar:/home/xhe/.m2/repository/org/clojure/data.json/0.2.6/data.json-0.2.6.jar:/home/xhe/.m2/repository/com/fasterxml/jackson/dataformat/jackson-dataformat-smile/2.8.6/jackson-dataformat-smile-2.8.6.jar:/home/xhe/.m2/repository/net/totakke/libra/0.1.0/libra-0.1.0.jar:/home/xhe/.m2/repository/org/apache/commons/commons-math3/3.2/commons-math3-3.2.jar:/home/xhe/.m2
Launcher Type: SUN_STANDARD

Environment Variables:
CLASSPATH=/home/xhe/.lein/self-installs/leiningen-2.7.1-standalone.jar
PATH=/sbin:/bin:/usr/local/bin:/usr/bin:/usr/sbin:/usr/X11R6/bin:/usr/local/sbin:/usr/bin/X11:/usr/local/global/bin:/usr/local/global/sbin:/usr/kerberos/bin/:/home/xhe/bin:/home/xhe/.local/bin:/home/xhe/bin
LD_LIBRARY_PATH=/lib:/usr/lib:/usr/local/lib:/usr/local/lib/X11:/usr/local/global/lib:/usr/lib64:/home/xhe/lib:/home/xhe/lib64
SHELL=/bin/bash
DISPLAY=localhost:12.0
OSTYPE=Linux
ARCH=x86_64

Signal Handlers:
SIGSEGV: [libjvm.so+0xab5320], sa_mask[0]=11111111011111111101111111111110, sa_flags=SA_RESTART|SA_SIGINFO
SIGBUS: [libjvm.so+0xab5320], sa_mask[0]=11111111011111111101111111111110, sa_flags=SA_RESTART|SA_SIGINFO
SIGFPE: [libjvm.so+0x8ac6b0], sa_mask[0]=11111111011111111101111111111110, sa_flags=SA_RESTART|SA_SIGINFO
SIGPIPE: [libjvm.so+0x8ac6b0], sa_mask[0]=11111111011111111101111111111110, sa_flags=SA_RESTART|SA_SIGINFO
SIGXFSZ: [libjvm.so+0x8ac6b0], sa_mask[0]=11111111011111111101111111111110, sa_flags=SA_RESTART|SA_SIGINFO
SIGILL: [libjvm.so+0x8ac6b0], sa_mask[0]=11111111011111111101111111111110, sa_flags=SA_RESTART|SA_SIGINFO
SIGUSR1: SIG_DFL, sa_mask[0]=00000000000000000000000000000000, sa_flags=none
SIGUSR2: [libjvm.so+0x8ac560], sa_mask[0]=00100000000000000000000000000000, sa_flags=SA_RESTART|SA_SIGINFO
SIGHUP: [libjvm.so+0x8ac770], sa_mask[0]=11111111011111111101111111111110, sa_flags=SA_RESTART|SA_SIGINFO
SIGINT: [libjvm.so+0x8ac770], sa_mask[0]=11111111011111111101111111111110, sa_flags=SA_RESTART|SA_SIGINFO
SIGTERM: [libjvm.so+0x8ac770], sa_mask[0]=11111111011111111101111111111110, sa_flags=SA_RESTART|SA_SIGINFO
SIGQUIT: [libjvm.so+0x8ac770], sa_mask[0]=11111111011111111101111111111110, sa_flags=SA_RESTART|SA_SIGINFO


---------------  S Y S T E M  ---------------

OS:CentOS Linux release 7.5.1804 (Core) 

uname:Linux 3.10.0-862.3.2.el7.x86_64 #1 SMP Mon May 21 23:36:36 UTC 2018 x86_64
libc:glibc 2.17 NPTL 2.17 
rlimit: STACK 8192k, CORE 0k, NPROC 4096, NOFILE 4096, AS infinity
load average:5.94 3.90 3.74

/proc/meminfo:
MemTotal:       12121656 kB
MemFree:          171228 kB
MemAvailable:      73212 kB
Buffers:               0 kB
Cached:            77100 kB
SwapCached:        30888 kB
Active:          9589904 kB
Inactive:        1867676 kB
Active(anon):    9571828 kB
Inactive(anon):  1846776 kB
Active(file):      18076 kB
Inactive(file):    20900 kB
Unevictable:           0 kB
Mlocked:               0 kB
SwapTotal:       4194300 kB
SwapFree:             60 kB
Dirty:                56 kB
Writeback:           348 kB
AnonPages:      11350984 kB
Mapped:            49564 kB
Shmem:             37488 kB
Slab:             223352 kB
SReclaimable:      88372 kB
SUnreclaim:       134980 kB
KernelStack:       24912 kB
PageTables:        72404 kB
NFS_Unstable:          0 kB
Bounce:                0 kB
WritebackTmp:          0 kB
CommitLimit:    10255128 kB
Committed_AS:   22499052 kB
VmallocTotal:   34359738367 kB
VmallocUsed:      320024 kB
VmallocChunk:   34352560124 kB
HardwareCorrupted:     0 kB
AnonHugePages:    235520 kB
CmaTotal:              0 kB
CmaFree:               0 kB
HugePages_Total:       0
HugePages_Free:        0
HugePages_Rsvd:        0
HugePages_Surp:        0
Hugepagesize:       2048 kB
DirectMap4k:      261604 kB
DirectMap2M:     6017024 kB
DirectMap1G:     6291456 kB


CPU:total 16 (initial active 16) (4 cores per cpu, 2 threads per core) family 6 model 44 stepping 2, cmov, cx8, fxsr, mmx, sse, sse2, sse3, ssse3, sse4.1, sse4.2, popcnt, aes, clmul, ht, tsc, tscinvbit, tscinv

/proc/cpuinfo:
processor	: 0
vendor_id	: GenuineIntel
cpu family	: 6
model		: 44
model name	: Intel(R) Xeon(R) CPU           E5620  @ 2.40GHz
stepping	: 2
microcode	: 0x1a
cpu MHz		: 2394.110
cache size	: 12288 KB
physical id	: 1
siblings	: 8
core id		: 0
cpu cores	: 4
apicid		: 32
initial apicid	: 32
fpu		: yes
fpu_exception	: yes
cpuid level	: 11
wp		: yes
flags		: fpu vme de pse tsc msr pae mce cx8 apic sep mtrr pge mca cmov pat pse36 clflush dts acpi mmx fxsr sse sse2 ss ht tm pbe syscall nx pdpe1gb rdtscp lm constant_tsc arch_perfmon pebs bts rep_good nopl xtopology nonstop_tsc aperfmperf pni pclmulqdq dtes64 monitor ds_cpl vmx smx est tm2 ssse3 cx16 xtpr pdcm pcid dca sse4_1 sse4_2 popcnt aes lahf_lm tpr_shadow vnmi flexpriority ept vpid dtherm ida arat
bogomips	: 4788.22
clflush size	: 64
cache_alignment	: 64
address sizes	: 40 bits physical, 48 bits virtual
power management:

processor	: 1
vendor_id	: GenuineIntel
cpu family	: 6
model		: 44
model name	: Intel(R) Xeon(R) CPU           E5620  @ 2.40GHz
stepping	: 2
microcode	: 0x1a
cpu MHz		: 2394.110
cache size	: 12288 KB
physical id	: 0
siblings	: 8
core id		: 0
cpu cores	: 4
apicid		: 0
initial apicid	: 0
fpu		: yes
fpu_exception	: yes
cpuid level	: 11
wp		: yes
flags		: fpu vme de pse tsc msr pae mce cx8 apic sep mtrr pge mca cmov pat pse36 clflush dts acpi mmx fxsr sse sse2 ss ht tm pbe syscall nx pdpe1gb rdtscp lm constant_tsc arch_perfmon pebs bts rep_good nopl xtopology nonstop_tsc aperfmperf pni pclmulqdq dtes64 monitor ds_cpl vmx smx est tm2 ssse3 cx16 xtpr pdcm pcid dca sse4_1 sse4_2 popcnt aes lahf_lm tpr_shadow vnmi flexpriority ept vpid dtherm ida arat
bogomips	: 4787.83
clflush size	: 64
cache_alignment	: 64
address sizes	: 40 bits physical, 48 bits virtual
power management:

processor	: 2
vendor_id	: GenuineIntel
cpu family	: 6
model		: 44
model name	: Intel(R) Xeon(R) CPU           E5620  @ 2.40GHz
stepping	: 2
microcode	: 0x1a
cpu MHz		: 2394.110
cache size	: 12288 KB
physical id	: 1
siblings	: 8
core id		: 1
cpu cores	: 4
apicid		: 34
initial apicid	: 34
fpu		: yes
fpu_exception	: yes
cpuid level	: 11
wp		: yes
flags		: fpu vme de pse tsc msr pae mce cx8 apic sep mtrr pge mca cmov pat pse36 clflush dts acpi mmx fxsr sse sse2 ss ht tm pbe syscall nx pdpe1gb rdtscp lm constant_tsc arch_perfmon pebs bts rep_good nopl xtopology nonstop_tsc aperfmperf pni pclmulqdq dtes64 monitor ds_cpl vmx smx est tm2 ssse3 cx16 xtpr pdcm pcid dca sse4_1 sse4_2 popcnt aes lahf_lm tpr_shadow vnmi flexpriority ept vpid dtherm ida arat
bogomips	: 4788.22
clflush size	: 64
cache_alignment	: 64
address sizes	: 40 bits physical, 48 bits virtual
power management:

processor	: 3
vendor_id	: GenuineIntel
cpu family	: 6
model		: 44
model name	: Intel(R) Xeon(R) CPU           E5620  @ 2.40GHz
stepping	: 2
microcode	: 0x1a
cpu MHz		: 2394.110
cache size	: 12288 KB
physical id	: 0
siblings	: 8
core id		: 1
cpu cores	: 4
apicid		: 2
initial apicid	: 2
fpu		: yes
fpu_exception	: yes
cpuid level	: 11
wp		: yes
flags		: fpu vme de pse tsc msr pae mce cx8 apic sep mtrr pge mca cmov pat pse36 clflush dts acpi mmx fxsr sse sse2 ss ht tm pbe syscall nx pdpe1gb rdtscp lm constant_tsc arch_perfmon pebs bts rep_good nopl xtopology nonstop_tsc aperfmperf pni pclmulqdq dtes64 monitor ds_cpl vmx smx est tm2 ssse3 cx16 xtpr pdcm pcid dca sse4_1 sse4_2 popcnt aes lahf_lm tpr_shadow vnmi flexpriority ept vpid dtherm ida arat
bogomips	: 4787.83
clflush size	: 64
cache_alignment	: 64
address sizes	: 40 bits physical, 48 bits virtual
power management:

processor	: 4
vendor_id	: GenuineIntel
cpu family	: 6
model		: 44
model name	: Intel(R) Xeon(R) CPU           E5620  @ 2.40GHz
stepping	: 2
microcode	: 0x1a
cpu MHz		: 2394.110
cache size	: 12288 KB
physical id	: 1
siblings	: 8
core id		: 9
cpu cores	: 4
apicid		: 50
initial apicid	: 50
fpu		: yes
fpu_exception	: yes
cpuid level	: 11
wp		: yes
flags		: fpu vme de pse tsc msr pae mce cx8 apic sep mtrr pge mca cmov pat pse36 clflush dts acpi mmx fxsr sse sse2 ss ht tm pbe syscall nx pdpe1gb rdtscp lm constant_tsc arch_perfmon pebs bts rep_good nopl xtopology nonstop_tsc aperfmperf pni pclmulqdq dtes64 monitor ds_cpl vmx smx est tm2 ssse3 cx16 xtpr pdcm pcid dca sse4_1 sse4_2 popcnt aes lahf_lm tpr_shadow vnmi flexpriority ept vpid dtherm ida arat
bogomips	: 4788.22
clflush size	: 64
cache_alignment	: 64
address sizes	: 40 bits physical, 48 bits virtual
power management:

processor	: 5
vendor_id	: GenuineIntel
cpu family	: 6
model		: 44
model name	: Intel(R) Xeon(R) CPU           E5620  @ 2.40GHz
stepping	: 2
microcode	: 0x1a
cpu MHz		: 2394.110
cache size	: 12288 KB
physical id	: 0
siblings	: 8
core id		: 9
cpu cores	: 4
apicid		: 18
initial apicid	: 18
fpu		: yes
fpu_exception	: yes
cpuid level	: 11
wp		: yes
flags		: fpu vme de pse tsc msr pae mce cx8 apic sep mtrr pge mca cmov pat pse36 clflush dts acpi mmx fxsr sse sse2 ss ht tm pbe syscall nx pdpe1gb rdtscp lm constant_tsc arch_perfmon pebs bts rep_good nopl xtopology nonstop_tsc aperfmperf pni pclmulqdq dtes64 monitor ds_cpl vmx smx est tm2 ssse3 cx16 xtpr pdcm pcid dca sse4_1 sse4_2 popcnt aes lahf_lm tpr_shadow vnmi flexpriority ept vpid dtherm ida arat
bogomips	: 4787.83
clflush size	: 64
cache_alignment	: 64
address sizes	: 40 bits physical, 48 bits virtual
power management:

processor	: 6
vendor_id	: GenuineIntel
cpu family	: 6
model		: 44
model name	: Intel(R) Xeon(R) CPU           E5620  @ 2.40GHz
stepping	: 2
microcode	: 0x1a
cpu MHz		: 2394.110
cache size	: 12288 KB
physical id	: 1
siblings	: 8
core id		: 10
cpu cores	: 4
apicid		: 52
initial apicid	: 52
fpu		: yes
fpu_exception	: yes
cpuid level	: 11
wp		: yes
flags		: fpu vme de pse tsc msr pae mce cx8 apic sep mtrr pge mca cmov pat pse36 clflush dts acpi mmx fxsr sse sse2 ss ht tm pbe syscall nx pdpe1gb rdtscp lm constant_tsc arch_perfmon pebs bts rep_good nopl xtopology nonstop_tsc aperfmperf pni pclmulqdq dtes64 monitor ds_cpl vmx smx est tm2 ssse3 cx16 xtpr pdcm pcid dca sse4_1 sse4_2 popcnt aes lahf_lm tpr_shadow vnmi flexpriority ept vpid dtherm ida arat
bogomips	: 4788.22
clflush size	: 64
cache_alignment	: 64
address sizes	: 40 bits physical, 48 bits virtual
power management:

processor	: 7
vendor_id	: GenuineIntel
cpu family	: 6
model		: 44
model name	: Intel(R) Xeon(R) CPU           E5620  @ 2.40GHz
stepping	: 2
microcode	: 0x1a
cpu MHz		: 2394.110
cache size	: 12288 KB
physical id	: 0
siblings	: 8
core id		: 10
cpu cores	: 4
apicid		: 20
initial apicid	: 20
fpu		: yes
fpu_exception	: yes
cpuid level	: 11
wp		: yes
flags		: fpu vme de pse tsc msr pae mce cx8 apic sep mtrr pge mca cmov pat pse36 clflush dts acpi mmx fxsr sse sse2 ss ht tm pbe syscall nx pdpe1gb rdtscp lm constant_tsc arch_perfmon pebs bts rep_good nopl xtopology nonstop_tsc aperfmperf pni pclmulqdq dtes64 monitor ds_cpl vmx smx est tm2 ssse3 cx16 xtpr pdcm pcid dca sse4_1 sse4_2 popcnt aes lahf_lm tpr_shadow vnmi flexpriority ept vpid dtherm ida arat
bogomips	: 4787.83
clflush size	: 64
cache_alignment	: 64
address sizes	: 40 bits physical, 48 bits virtual
power management:

processor	: 8
vendor_id	: GenuineIntel
cpu family	: 6
model		: 44
model name	: Intel(R) Xeon(R) CPU           E5620  @ 2.40GHz
stepping	: 2
microcode	: 0x1a
cpu MHz		: 2394.110
cache size	: 12288 KB
physical id	: 1
siblings	: 8
core id		: 0
cpu cores	: 4
apicid		: 33
initial apicid	: 33
fpu		: yes
fpu_exception	: yes
cpuid level	: 11
wp		: yes
flags		: fpu vme de pse tsc msr pae mce cx8 apic sep mtrr pge mca cmov pat pse36 clflush dts acpi mmx fxsr sse sse2 ss ht tm pbe syscall nx pdpe1gb rdtscp lm constant_tsc arch_perfmon pebs bts rep_good nopl xtopology nonstop_tsc aperfmperf pni pclmulqdq dtes64 monitor ds_cpl vmx smx est tm2 ssse3 cx16 xtpr pdcm pcid dca sse4_1 sse4_2 popcnt aes lahf_lm tpr_shadow vnmi flexpriority ept vpid dtherm ida arat
bogomips	: 4788.22
clflush size	: 64
cache_alignment	: 64
address sizes	: 40 bits physical, 48 bits virtual
power management:

processor	: 9
vendor_id	: GenuineIntel
cpu family	: 6
model		: 44
model name	: Intel(R) Xeon(R) CPU           E5620  @ 2.40GHz
stepping	: 2
microcode	: 0x1a
cpu MHz		: 2394.110
cache size	: 12288 KB
physical id	: 0
siblings	: 8
core id		: 0
cpu cores	: 4
apicid		: 1
initial apicid	: 1
fpu		: yes
fpu_exception	: yes
cpuid level	: 11
wp		: yes
flags		: fpu vme de pse tsc msr pae mce cx8 apic sep mtrr pge mca cmov pat pse36 clflush dts acpi mmx fxsr sse sse2 ss ht tm pbe syscall nx pdpe1gb rdtscp lm constant_tsc arch_perfmon pebs bts rep_good nopl xtopology nonstop_tsc aperfmperf pni pclmulqdq dtes64 monitor ds_cpl vmx smx est tm2 ssse3 cx16 xtpr pdcm pcid dca sse4_1 sse4_2 popcnt aes lahf_lm tpr_shadow vnmi flexpriority ept vpid dtherm ida arat
bogomips	: 4787.83
clflush size	: 64
cache_alignment	: 64
address sizes	: 40 bits physical, 48 bits virtual
power management:

processor	: 10
vendor_id	: GenuineIntel
cpu family	: 6
model		: 44
model name	: Intel(R) Xeon(R) CPU           E5620  @ 2.40GHz
stepping	: 2
microcode	: 0x1a
cpu MHz		: 2394.110
cache size	: 12288 KB
physical id	: 1
siblings	: 8
core id		: 1
cpu cores	: 4
apicid		: 35
initial apicid	: 35
fpu		: yes
fpu_exception	: yes
cpuid level	: 11
wp		: yes
flags		: fpu vme de pse tsc msr pae mce cx8 apic sep mtrr pge mca cmov pat pse36 clflush dts acpi mmx fxsr sse sse2 ss ht tm pbe syscall nx pdpe1gb rdtscp lm constant_tsc arch_perfmon pebs bts rep_good nopl xtopology nonstop_tsc aperfmperf pni pclmulqdq dtes64 monitor ds_cpl vmx smx est tm2 ssse3 cx16 xtpr pdcm pcid dca sse4_1 sse4_2 popcnt aes lahf_lm tpr_shadow vnmi flexpriority ept vpid dtherm ida arat
bogomips	: 4788.22
clflush size	: 64
cache_alignment	: 64
address sizes	: 40 bits physical, 48 bits virtual
power management:

processor	: 11
vendor_id	: GenuineIntel
cpu family	: 6
model		: 44
model name	: Intel(R) Xeon(R) CPU           E5620  @ 2.40GHz
stepping	: 2
microcode	: 0x1a
cpu MHz		: 2394.110
cache size	: 12288 KB
physical id	: 0
siblings	: 8
core id		: 1
cpu cores	: 4
apicid		: 3
initial apicid	: 3
fpu		: yes
fpu_exception	: yes
cpuid level	: 11
wp		: yes
flags		: fpu vme de pse tsc msr pae mce cx8 apic sep mtrr pge mca cmov pat pse36 clflush dts acpi mmx fxsr sse sse2 ss ht tm pbe syscall nx pdpe1gb rdtscp lm constant_tsc arch_perfmon pebs bts rep_good nopl xtopology nonstop_tsc aperfmperf pni pclmulqdq dtes64 monitor ds_cpl vmx smx est tm2 ssse3 cx16 xtpr pdcm pcid dca sse4_1 sse4_2 popcnt aes lahf_lm tpr_shadow vnmi flexpriority ept vpid dtherm ida arat
bogomips	: 4787.83
clflush size	: 64
cache_alignment	: 64
address sizes	: 40 bits physical, 48 bits virtual
power management:

processor	: 12
vendor_id	: GenuineIntel
cpu family	: 6
model		: 44
model name	: Intel(R) Xeon(R) CPU           E5620  @ 2.40GHz
stepping	: 2
microcode	: 0x1a
cpu MHz		: 2394.110
cache size	: 12288 KB
physical id	: 1
siblings	: 8
core id		: 9
cpu cores	: 4
apicid		: 51
initial apicid	: 51
fpu		: yes
fpu_exception	: yes
cpuid level	: 11
wp		: yes
flags		: fpu vme de pse tsc msr pae mce cx8 apic sep mtrr pge mca cmov pat pse36 clflush dts acpi mmx fxsr sse sse2 ss ht tm pbe syscall nx pdpe1gb rdtscp lm constant_tsc arch_perfmon pebs bts rep_good nopl xtopology nonstop_tsc aperfmperf pni pclmulqdq dtes64 monitor ds_cpl vmx smx est tm2 ssse3 cx16 xtpr pdcm pcid dca sse4_1 sse4_2 popcnt aes lahf_lm tpr_shadow vnmi flexpriority ept vpid dtherm ida arat
bogomips	: 4788.22
clflush size	: 64
cache_alignment	: 64
address sizes	: 40 bits physical, 48 bits virtual
power management:

processor	: 13
vendor_id	: GenuineIntel
cpu family	: 6
model		: 44
model name	: Intel(R) Xeon(R) CPU           E5620  @ 2.40GHz
stepping	: 2
microcode	: 0x1a
cpu MHz		: 2394.110
cache size	: 12288 KB
physical id	: 0
siblings	: 8
core id		: 9
cpu cores	: 4
apicid		: 19
initial apicid	: 19
fpu		: yes
fpu_exception	: yes
cpuid level	: 11
wp		: yes
flags		: fpu vme de pse tsc msr pae mce cx8 apic sep mtrr pge mca cmov pat pse36 clflush dts acpi mmx fxsr sse sse2 ss ht tm pbe syscall nx pdpe1gb rdtscp lm constant_tsc arch_perfmon pebs bts rep_good nopl xtopology nonstop_tsc aperfmperf pni pclmulqdq dtes64 monitor ds_cpl vmx smx est tm2 ssse3 cx16 xtpr pdcm pcid dca sse4_1 sse4_2 popcnt aes lahf_lm tpr_shadow vnmi flexpriority ept vpid dtherm ida arat
bogomips	: 4787.83
clflush size	: 64
cache_alignment	: 64
address sizes	: 40 bits physical, 48 bits virtual
power management:

processor	: 14
vendor_id	: GenuineIntel
cpu family	: 6
model		: 44
model name	: Intel(R) Xeon(R) CPU           E5620  @ 2.40GHz
stepping	: 2
microcode	: 0x1a
cpu MHz		: 2394.110
cache size	: 12288 KB
physical id	: 1
siblings	: 8
core id		: 10
cpu cores	: 4
apicid		: 53
initial apicid	: 53
fpu		: yes
fpu_exception	: yes
cpuid level	: 11
wp		: yes
flags		: fpu vme de pse tsc msr pae mce cx8 apic sep mtrr pge mca cmov pat pse36 clflush dts acpi mmx fxsr sse sse2 ss ht tm pbe syscall nx pdpe1gb rdtscp lm constant_tsc arch_perfmon pebs bts rep_good nopl xtopology nonstop_tsc aperfmperf pni pclmulqdq dtes64 monitor ds_cpl vmx smx est tm2 ssse3 cx16 xtpr pdcm pcid dca sse4_1 sse4_2 popcnt aes lahf_lm tpr_shadow vnmi flexpriority ept vpid dtherm ida arat
bogomips	: 4788.22
clflush size	: 64
cache_alignment	: 64
address sizes	: 40 bits physical, 48 bits virtual
power management:

processor	: 15
vendor_id	: GenuineIntel
cpu family	: 6
model		: 44
model name	: Intel(R) Xeon(R) CPU           E5620  @ 2.40GHz
stepping	: 2
microcode	: 0x1a
cpu MHz		: 2394.110
cache size	: 12288 KB
physical id	: 0
siblings	: 8
core id		: 10
cpu cores	: 4
apicid		: 21
initial apicid	: 21
fpu		: yes
fpu_exception	: yes
cpuid level	: 11
wp		: yes
flags		: fpu vme de pse tsc msr pae mce cx8 apic sep mtrr pge mca cmov pat pse36 clflush dts acpi mmx fxsr sse sse2 ss ht tm pbe syscall nx pdpe1gb rdtscp lm constant_tsc arch_perfmon pebs bts rep_good nopl xtopology nonstop_tsc aperfmperf pni pclmulqdq dtes64 monitor ds_cpl vmx smx est tm2 ssse3 cx16 xtpr pdcm pcid dca sse4_1 sse4_2 popcnt aes lahf_lm tpr_shadow vnmi flexpriority ept vpid dtherm ida arat
bogomips	: 4787.83
clflush size	: 64
cache_alignment	: 64
address sizes	: 40 bits physical, 48 bits virtual
power management:



Memory: 4k page, physical 12121656k(171228k free), swap 4194300k(60k free)

vm_info: OpenJDK 64-Bit Server VM (25.171-b10) for linux-amd64 JRE (1.8.0_171-b10), built on May 22 2018 01:32:00 by "mockbuild" with gcc 4.8.5 20150623 (Red Hat 4.8.5-28)

time: Tue Jul  3 16:09:14 2018
elapsed time: 31 seconds (0d 0h 0m 31s)

