#
# There is insufficient memory for the Java Runtime Environment to continue.
# Native memory allocation (mmap) failed to map 238026752 bytes for committing reserved memory.
# Possible reasons:
#   The system is out of physical RAM or swap space
#   In 32 bit mode, the process size limit was hit
# Possible solutions:
#   Reduce memory load on the system
#   Increase physical memory or swap space
#   Check if swap backing store is full
#   Use 64 bit Java on a 64 bit OS
#   Decrease Java heap size (-Xmx/-Xms)
#   Decrease number of Java threads
#   Decrease Java thread stack sizes (-Xss)
#   Set larger code cache with -XX:ReservedCodeCacheSize=
# This output file may be truncated or incomplete.
#
#  Out of Memory Error (os_linux.cpp:2657), pid=1342, tid=0x00007f84e35f5700
#
# JRE version: OpenJDK Runtime Environment (8.0_171-b10) (build 1.8.0_171-b10)
# Java VM: OpenJDK 64-Bit Server VM (25.171-b10 mixed mode linux-amd64 compressed oops)
# Failed to write core dump. Core dumps have been disabled. To enable core dumping, try "ulimit -c unlimited" before starting Java again
#

---------------  T H R E A D  ---------------

Current thread (0x00007f851c093260):  VMThread [stack: 0x00007f84e34f6000,0x00007f84e35f6000] [id=1361]

Stack: [0x00007f84e34f6000,0x00007f84e35f6000],  sp=0x00007f84e35f4440,  free space=1017k
Native frames: (J=compiled Java code, j=interpreted, Vv=VM code, C=native code)
V  [libjvm.so+0xab47fd]
V  [libjvm.so+0x4ec92a]
V  [libjvm.so+0x8b0ee8]
V  [libjvm.so+0x8ab3fe]
V  [libjvm.so+0x92477b]
V  [libjvm.so+0x925450]
V  [libjvm.so+0x9257ab]
V  [libjvm.so+0x92211c]
V  [libjvm.so+0x91b660]
V  [libjvm.so+0x479623]
V  [libjvm.so+0xab5d49]
V  [libjvm.so+0xabab87]
V  [libjvm.so+0xab9498]
V  [libjvm.so+0xab9969]
V  [libjvm.so+0xab9dc1]
V  [libjvm.so+0x8ae232]

VM_Operation (0x00007f84e26e5210): CollectForMetadataAllocation, mode: safepoint, requested by thread 0x00007f851c0f1de0


---------------  P R O C E S S  ---------------

Java Threads: ( => current thread )
  0x00007f851cc97420 JavaThread "clojure-agent-send-pool-17" [_thread_blocked, id=1418, stack(0x00007f84dbdfe000,0x00007f84dbeff000)]
  0x00007f851c363d00 JavaThread "clojure-agent-send-pool-16" [_thread_blocked, id=1417, stack(0x00007f84dbeff000,0x00007f84dc000000)]
  0x00007f851cb65da0 JavaThread "clojure-agent-send-pool-15" [_thread_blocked, id=1416, stack(0x00007f84e00fc000,0x00007f84e01fd000)]
  0x00007f851c377ca0 JavaThread "clojure-agent-send-pool-14" [_thread_blocked, id=1415, stack(0x00007f84e01fd000,0x00007f84e02fe000)]
  0x00007f851c3444f0 JavaThread "clojure-agent-send-pool-13" [_thread_blocked, id=1414, stack(0x00007f84e02fe000,0x00007f84e03ff000)]
  0x00007f851c328eb0 JavaThread "clojure-agent-send-pool-12" [_thread_blocked, id=1413, stack(0x00007f84e03ff000,0x00007f84e0500000)]
  0x00007f851c375a10 JavaThread "clojure-agent-send-pool-11" [_thread_blocked, id=1412, stack(0x00007f84e0500000,0x00007f84e0601000)]
  0x00007f851c371800 JavaThread "clojure-agent-send-pool-10" [_thread_blocked, id=1411, stack(0x00007f84e0601000,0x00007f84e0702000)]
  0x00007f851c373660 JavaThread "clojure-agent-send-pool-9" [_thread_blocked, id=1410, stack(0x00007f84e0702000,0x00007f84e0803000)]
  0x00007f851cb7a380 JavaThread "clojure-agent-send-pool-8" [_thread_blocked, id=1409, stack(0x00007f84e0803000,0x00007f84e0904000)]
  0x00007f851c36ee70 JavaThread "clojure-agent-send-pool-7" [_thread_blocked, id=1408, stack(0x00007f84e0904000,0x00007f84e0a05000)]
  0x00007f851c36c510 JavaThread "clojure-agent-send-pool-6" [_thread_blocked, id=1407, stack(0x00007f84e0a05000,0x00007f84e0b06000)]
  0x00007f851c3683a0 JavaThread "clojure-agent-send-pool-5" [_thread_blocked, id=1406, stack(0x00007f84e0b06000,0x00007f84e0c07000)]
  0x00007f851c3588e0 JavaThread "clojure-agent-send-pool-4" [_thread_blocked, id=1405, stack(0x00007f84e0c07000,0x00007f84e0d08000)]
  0x00007f851c35f400 JavaThread "clojure-agent-send-pool-3" [_thread_blocked, id=1404, stack(0x00007f84e0d08000,0x00007f84e0e09000)]
  0x00007f851c34f8d0 JavaThread "clojure-agent-send-pool-2" [_thread_blocked, id=1403, stack(0x00007f84e0e09000,0x00007f84e0f0a000)]
  0x00007f851c354020 JavaThread "clojure-agent-send-pool-1" [_thread_blocked, id=1402, stack(0x00007f84e0f0a000,0x00007f84e100b000)]
  0x00007f851cbfea70 JavaThread "clojure-agent-send-pool-0" [_thread_blocked, id=1401, stack(0x00007f84e100b000,0x00007f84e110c000)]
  0x00007f851c0f6930 JavaThread "Service Thread" daemon [_thread_blocked, id=1377, stack(0x00007f84e24e5000,0x00007f84e25e6000)]
  0x00007f851c0f1de0 JavaThread "C1 CompilerThread11" daemon [_thread_blocked, id=1376, stack(0x00007f84e25e7000,0x00007f84e26e7000)]
  0x00007f851c0f01e0 JavaThread "C1 CompilerThread10" daemon [_thread_blocked, id=1375, stack(0x00007f84e26e8000,0x00007f84e27e8000)]
  0x00007f851c0ee9d0 JavaThread "C1 CompilerThread9" daemon [_thread_blocked, id=1374, stack(0x00007f84e27e9000,0x00007f84e28e9000)]
  0x00007f851c0ecdd0 JavaThread "C1 CompilerThread8" daemon [_thread_blocked, id=1373, stack(0x00007f84e28ea000,0x00007f84e29ea000)]
  0x00007f851c0eb1d0 JavaThread "C2 CompilerThread7" daemon [_thread_blocked, id=1372, stack(0x00007f84e29eb000,0x00007f84e2aeb000)]
  0x00007f851c0e95d0 JavaThread "C2 CompilerThread6" daemon [_thread_in_native, id=1371, stack(0x00007f84e2aec000,0x00007f84e2bec000)]
  0x00007f851c0e79f0 JavaThread "C2 CompilerThread5" daemon [_thread_blocked, id=1370, stack(0x00007f84e2bed000,0x00007f84e2ced000)]
  0x00007f851c0dde20 JavaThread "C2 CompilerThread4" daemon [_thread_blocked, id=1369, stack(0x00007f84e2cee000,0x00007f84e2dee000)]
  0x00007f851c0dc240 JavaThread "C2 CompilerThread3" daemon [_thread_in_native, id=1368, stack(0x00007f84e2def000,0x00007f84e2eef000)]
  0x00007f851c0da660 JavaThread "C2 CompilerThread2" daemon [_thread_blocked, id=1367, stack(0x00007f84e2ef0000,0x00007f84e2ff0000)]
  0x00007f851c01cb30 JavaThread "C2 CompilerThread1" daemon [_thread_blocked, id=1366, stack(0x00007f84e2ff1000,0x00007f84e30f1000)]
  0x00007f851c0cc1a0 JavaThread "C2 CompilerThread0" daemon [_thread_blocked, id=1365, stack(0x00007f84e30f2000,0x00007f84e31f2000)]
  0x00007f851c0ca7f0 JavaThread "Signal Dispatcher" daemon [_thread_blocked, id=1364, stack(0x00007f84e31f2000,0x00007f84e32f3000)]
  0x00007f851c0a0970 JavaThread "Finalizer" daemon [_thread_blocked, id=1363, stack(0x00007f84e32f3000,0x00007f84e33f4000)]
  0x00007f851c09c700 JavaThread "Reference Handler" daemon [_thread_blocked, id=1362, stack(0x00007f84e33f4000,0x00007f84e34f5000)]
  0x00007f851c00aef0 JavaThread "main" [_thread_blocked, id=1347, stack(0x00007f85252d2000,0x00007f85253d2000)]

Other Threads:
=>0x00007f851c093260 VMThread [stack: 0x00007f84e34f6000,0x00007f84e35f6000] [id=1361]
  0x00007f851c0f8740 WatcherThread [stack: 0x00007f84e23e5000,0x00007f84e24e5000] [id=1378]

VM state:at safepoint (normal execution)

VM Mutex/Monitor currently owned by a thread:  ([mutex/lock_event])
[0x00007f851c0082f0] Threads_lock - owner thread: 0x00007f851c093260
[0x00007f851c0087f0] Heap_lock - owner thread: 0x00007f851c0f1de0
[0x00007f851c008d70] MethodData_lock - owner thread: 0x00007f851c0f1de0

Heap:
 PSYoungGen      total 606208K, used 14848K [0x0000000782580000, 0x00000007ab780000, 0x00000007c0000000)
  eden space 591360K, 0% used [0x0000000782580000,0x0000000782580000,0x00000007a6700000)
  from space 14848K, 100% used [0x00000007a6700000,0x00000007a7580000,0x00000007a7580000)
  to   space 10240K, 0% used [0x00000007a7580000,0x00000007a7580000,0x00000007a7f80000)
 ParOldGen       total 65024K, used 43797K [0x0000000707000000, 0x000000070af80000, 0x0000000782580000)
  object space 65024K, 67% used [0x0000000707000000,0x0000000709ac57c0,0x000000070af80000)
 Metaspace       used 27547K, capacity 35349K, committed 35456K, reserved 1075200K
  class space    used 6699K, capacity 9528K, committed 9600K, reserved 1048576K

Card table byte_map: [0x00007f8520fbf000,0x00007f8521588000] byte_map_base: 0x00007f851d787000

Marking Bits: (ParMarkBitMap*) 0x00007f8524587e00
 Begin Bits: [0x00007f84ea380000, 0x00007f84ed1c0000)
 End Bits:   [0x00007f84ed1c0000, 0x00007f84f0000000)

Polling page: 0x00007f85252d0000

CodeCache: size=245760Kb used=17700Kb max_used=17738Kb free=228059Kb
 bounds [0x00007f850d000000, 0x00007f850e170000, 0x00007f851c000000]
 total_blobs=3585 nmethods=3225 adapters=268
 compilation: enabled

Compilation events (10 events):
Event: 12.458 Thread 0x00007f851c0ee9d0 nmethod 3860 0x00007f850d655e50 code [0x00007f850d656000, 0x00007f850d656688]
Event: 12.459 Thread 0x00007f851c0f1de0 nmethod 3848 0x00007f850d628410 code [0x00007f850d6286e0, 0x00007f850d62a198]
Event: 12.459 Thread 0x00007f851c0f1de0 3861   !   3       sun.reflect.UTF8::encode (191 bytes)
Event: 12.459 Thread 0x00007f851c0ee9d0 3862       3       sun.reflect.ClassFileAssembler::emitConstantPoolUTF8 (50 bytes)
Event: 12.460 Thread 0x00007f851c0f1de0 nmethod 3861 0x00007f850d69fbd0 code [0x00007f850d69fdc0, 0x00007f850d6a0708]
Event: 12.460 Thread 0x00007f851c0ee9d0 nmethod 3862 0x00007f850d7df390 code [0x00007f850d7df580, 0x00007f850d7dfbe8]
Event: 12.460 Thread 0x00007f851c0ee9d0 3863       3       clojush.instructions.common$dup_itemser$fn__1534::invoke (299 bytes)
Event: 12.461 Thread 0x00007f851c01cb30 nmethod 3857 0x00007f850e15b510 code [0x00007f850e15b680, 0x00007f850e15b818]
Event: 12.461 Thread 0x00007f851c01cb30 3755       4       clojure.core$vector_QMARK___4369::invoke (7 bytes)
Event: 12.461 Thread 0x00007f851c0f1de0 3858       3       clojush.instructions.common$shover$fn__1822::invoke (557 bytes)

GC Heap History (10 events):
Event: 4.597 GC heap after
Heap after GC invocations=5 (full 0):
 PSYoungGen      total 200192K, used 7616K [0x0000000782580000, 0x000000079af80000, 0x00000007c0000000)
  eden space 192512K, 0% used [0x0000000782580000,0x0000000782580000,0x000000078e180000)
  from space 7680K, 99% used [0x000000078e180000,0x000000078e8f0080,0x000000078e900000)
  to   space 9216K, 0% used [0x000000079a680000,0x000000079a680000,0x000000079af80000)
 ParOldGen       total 126976K, used 341K [0x0000000707000000, 0x000000070ec00000, 0x0000000782580000)
  object space 126976K, 0% used [0x0000000707000000,0x0000000707055498,0x000000070ec00000)
 Metaspace       used 18450K, capacity 21259K, committed 21296K, reserved 1064960K
  class space    used 3887K, capacity 4956K, committed 4992K, reserved 1048576K
}
Event: 4.597 GC heap before
{Heap before GC invocations=6 (full 1):
 PSYoungGen      total 200192K, used 7616K [0x0000000782580000, 0x000000079af80000, 0x00000007c0000000)
  eden space 192512K, 0% used [0x0000000782580000,0x0000000782580000,0x000000078e180000)
  from space 7680K, 99% used [0x000000078e180000,0x000000078e8f0080,0x000000078e900000)
  to   space 9216K, 0% used [0x000000079a680000,0x000000079a680000,0x000000079af80000)
 ParOldGen       total 126976K, used 341K [0x0000000707000000, 0x000000070ec00000, 0x0000000782580000)
  object space 126976K, 0% used [0x0000000707000000,0x0000000707055498,0x000000070ec00000)
 Metaspace       used 18450K, capacity 21259K, committed 21296K, reserved 1064960K
  class space    used 3887K, capacity 4956K, committed 4992K, reserved 1048576K
Event: 4.637 GC heap after
Heap after GC invocations=6 (full 1):
 PSYoungGen      total 200192K, used 0K [0x0000000782580000, 0x000000079af80000, 0x00000007c0000000)
  eden space 192512K, 0% used [0x0000000782580000,0x0000000782580000,0x000000078e180000)
  from space 7680K, 0% used [0x000000078e180000,0x000000078e180000,0x000000078e900000)
  to   space 9216K, 0% used [0x000000079a680000,0x000000079a680000,0x000000079af80000)
 ParOldGen       total 65024K, used 7327K [0x0000000707000000, 0x000000070af80000, 0x0000000782580000)
  object space 65024K, 11% used [0x0000000707000000,0x0000000707727d88,0x000000070af80000)
 Metaspace       used 18450K, capacity 21259K, committed 21296K, reserved 1064960K
  class space    used 3887K, capacity 4956K, committed 4992K, reserved 1048576K
}
Event: 5.998 GC heap before
{Heap before GC invocations=7 (full 1):
 PSYoungGen      total 200192K, used 192512K [0x0000000782580000, 0x000000079af80000, 0x00000007c0000000)
  eden space 192512K, 100% used [0x0000000782580000,0x000000078e180000,0x000000078e180000)
  from space 7680K, 0% used [0x000000078e180000,0x000000078e180000,0x000000078e900000)
  to   space 9216K, 0% used [0x000000079a680000,0x000000079a680000,0x000000079af80000)
 ParOldGen       total 65024K, used 7327K [0x0000000707000000, 0x000000070af80000, 0x0000000782580000)
  object space 65024K, 11% used [0x0000000707000000,0x0000000707727d88,0x000000070af80000)
 Metaspace       used 23915K, capacity 30013K, committed 30336K, reserved 1071104K
  class space    used 5660K, capacity 7950K, committed 8064K, reserved 1048576K
Event: 6.006 GC heap after
Heap after GC invocations=7 (full 1):
 PSYoungGen      total 347648K, used 4526K [0x0000000782580000, 0x000000079ab00000, 0x00000007c0000000)
  eden space 343040K, 0% used [0x0000000782580000,0x0000000782580000,0x0000000797480000)
  from space 4608K, 98% used [0x000000079a680000,0x000000079aaeba88,0x000000079ab00000)
  to   space 9216K, 0% used [0x0000000799900000,0x0000000799900000,0x000000079a200000)
 ParOldGen       total 65024K, used 7335K [0x0000000707000000, 0x000000070af80000, 0x0000000782580000)
  object space 65024K, 11% used [0x0000000707000000,0x0000000707729d88,0x000000070af80000)
 Metaspace       used 23915K, capacity 30013K, committed 30336K, reserved 1071104K
  class space    used 5660K, capacity 7950K, committed 8064K, reserved 1048576K
}
Event: 8.579 GC heap before
{Heap before GC invocations=8 (full 1):
 PSYoungGen      total 347648K, used 347566K [0x0000000782580000, 0x000000079ab00000, 0x00000007c0000000)
  eden space 343040K, 100% used [0x0000000782580000,0x0000000797480000,0x0000000797480000)
  from space 4608K, 98% used [0x000000079a680000,0x000000079aaeba88,0x000000079ab00000)
  to   space 9216K, 0% used [0x0000000799900000,0x0000000799900000,0x000000079a200000)
 ParOldGen       total 65024K, used 7335K [0x0000000707000000, 0x000000070af80000, 0x0000000782580000)
  object space 65024K, 11% used [0x0000000707000000,0x0000000707729d88,0x000000070af80000)
 Metaspace       used 27037K, capacity 34449K, committed 34688K, reserved 1075200K
  class space    used 6667K, capacity 9490K, committed 9600K, reserved 1048576K
Event: 8.592 GC heap after
Heap after GC invocations=8 (full 1):
 PSYoungGen      total 389632K, used 8816K [0x0000000782580000, 0x00000007a7f80000, 0x00000007c0000000)
  eden space 380416K, 0% used [0x0000000782580000,0x0000000782580000,0x0000000799900000)
  from space 9216K, 95% used [0x0000000799900000,0x000000079a19c010,0x000000079a200000)
  to   space 10240K, 0% used [0x00000007a7580000,0x00000007a7580000,0x00000007a7f80000)
 ParOldGen       total 65024K, used 7343K [0x0000000707000000, 0x000000070af80000, 0x0000000782580000)
  object space 65024K, 11% used [0x0000000707000000,0x000000070772bd88,0x000000070af80000)
 Metaspace       used 27037K, capacity 34449K, committed 34688K, reserved 1075200K
  class space    used 6667K, capacity 9490K, committed 9600K, reserved 1048576K
}
Event: 11.418 GC heap before
{Heap before GC invocations=9 (full 1):
 PSYoungGen      total 389632K, used 389232K [0x0000000782580000, 0x00000007a7f80000, 0x00000007c0000000)
  eden space 380416K, 100% used [0x0000000782580000,0x0000000799900000,0x0000000799900000)
  from space 9216K, 95% used [0x0000000799900000,0x000000079a19c010,0x000000079a200000)
  to   space 10240K, 0% used [0x00000007a7580000,0x00000007a7580000,0x00000007a7f80000)
 ParOldGen       total 65024K, used 7343K [0x0000000707000000, 0x000000070af80000, 0x0000000782580000)
  object space 65024K, 11% used [0x0000000707000000,0x000000070772bd88,0x000000070af80000)
 Metaspace       used 27054K, capacity 34461K, committed 34688K, reserved 1075200K
  class space    used 6667K, capacity 9490K, committed 9600K, reserved 1048576K
Event: 11.433 GC heap after
Heap after GC invocations=9 (full 1):
 PSYoungGen      total 601600K, used 10224K [0x0000000782580000, 0x00000007ab780000, 0x00000007c0000000)
  eden space 591360K, 0% used [0x0000000782580000,0x0000000782580000,0x00000007a6700000)
  from space 10240K, 99% used [0x00000007a7580000,0x00000007a7f7c010,0x00000007a7f80000)
  to   space 14848K, 0% used [0x00000007a6700000,0x00000007a6700000,0x00000007a7580000)
 ParOldGen       total 65024K, used 15679K [0x0000000707000000, 0x000000070af80000, 0x0000000782580000)
  object space 65024K, 24% used [0x0000000707000000,0x0000000707f4fd88,0x000000070af80000)
 Metaspace       used 27054K, capacity 34461K, committed 34688K, reserved 1075200K
  class space    used 6667K, capacity 9490K, committed 9600K, reserved 1048576K
}
Event: 12.462 GC heap before
{Heap before GC invocations=10 (full 1):
 PSYoungGen      total 601600K, used 580417K [0x0000000782580000, 0x00000007ab780000, 0x00000007c0000000)
  eden space 591360K, 96% used [0x0000000782580000,0x00000007a52545f8,0x00000007a6700000)
  from space 10240K, 99% used [0x00000007a7580000,0x00000007a7f7c010,0x00000007a7f80000)
  to   space 14848K, 0% used [0x00000007a6700000,0x00000007a6700000,0x00000007a7580000)
 ParOldGen       total 65024K, used 15679K [0x0000000707000000, 0x000000070af80000, 0x0000000782580000)
  object space 65024K, 24% used [0x0000000707000000,0x0000000707f4fd88,0x000000070af80000)
 Metaspace       used 27547K, capacity 35349K, committed 35456K, reserved 1075200K
  class space    used 6699K, capacity 9528K, committed 9600K, reserved 1048576K

Deoptimization events (10 events):
Event: 12.340 Thread 0x00007f851c377ca0 Uncommon trap: reason=class_check action=maybe_recompile pc=0x00007f850e133c50 method=clojure.core$repeat.invokeStatic(Ljava/lang/Object;Ljava/lang/Object;)Ljava/lang/Object; @ 3
Event: 12.340 Thread 0x00007f851c373660 Uncommon trap: reason=null_check action=make_not_entrant pc=0x00007f850d93be08 method=clojure.lang.Util.equiv(Ljava/lang/Object;Ljava/lang/Object;)Z @ 19
Event: 12.347 Thread 0x00007f851c3588e0 Uncommon trap: reason=class_check action=maybe_recompile pc=0x00007f850d6d10e0 method=clojure.lang.RT.more(Ljava/lang/Object;)Lclojure/lang/ISeq; @ 31
Event: 12.347 Thread 0x00007f851c3588e0 Uncommon trap: reason=class_check action=maybe_recompile pc=0x00007f850d6d10e0 method=clojure.lang.RT.more(Ljava/lang/Object;)Lclojure/lang/ISeq; @ 31
Event: 12.347 Thread 0x00007f851c3588e0 Uncommon trap: reason=class_check action=maybe_recompile pc=0x00007f850d6d10e0 method=clojure.lang.RT.more(Ljava/lang/Object;)Lclojure/lang/ISeq; @ 31
Event: 12.348 Thread 0x00007f851c3588e0 Uncommon trap: reason=class_check action=maybe_recompile pc=0x00007f850d6d10e0 method=clojure.lang.RT.more(Ljava/lang/Object;)Lclojure/lang/ISeq; @ 31
Event: 12.357 Thread 0x00007f851c377ca0 Uncommon trap: reason=class_check action=maybe_recompile pc=0x00007f850e133c50 method=clojure.core$repeat.invokeStatic(Ljava/lang/Object;Ljava/lang/Object;)Ljava/lang/Object; @ 3
Event: 12.368 Thread 0x00007f851c377ca0 Uncommon trap: reason=class_check action=maybe_recompile pc=0x00007f850e133c50 method=clojure.core$repeat.invokeStatic(Ljava/lang/Object;Ljava/lang/Object;)Ljava/lang/Object; @ 3
Event: 12.376 Thread 0x00007f851c377ca0 Uncommon trap: reason=class_check action=maybe_recompile pc=0x00007f850e133c50 method=clojure.core$repeat.invokeStatic(Ljava/lang/Object;Ljava/lang/Object;)Ljava/lang/Object; @ 3
Event: 12.458 Thread 0x00007f851c3588e0 Uncommon trap: reason=unstable_if action=reinterpret pc=0x00007f850e1350ac method=java.util.regex.Pattern$BnM.optimize(Ljava/util/regex/Pattern$Node;)Ljava/util/regex/Pattern$Node; @ 91

Classes redefined (0 events):
No events

Internal exceptions (10 events):
Event: 7.265 Thread 0x00007f851c00aef0 Implicit null exception at 0x00007f850d584154 to 0x00007f850d584b59
Event: 11.695 Thread 0x00007f851c00aef0 Implicit null exception at 0x00007f850df6c8cc to 0x00007f850df6c934
Event: 11.759 Thread 0x00007f851c00aef0 Implicit null exception at 0x00007f850d61d268 to 0x00007f850d61dc49
Event: 11.821 Thread 0x00007f851cb65da0 Implicit null exception at 0x00007f850e0a162c to 0x00007f850e0a2247
Event: 12.297 Thread 0x00007f851c34f8d0 Implicit null exception at 0x00007f850da6d214 to 0x00007f850da6d78d
Event: 12.301 Thread 0x00007f851c371800 Implicit null exception at 0x00007f850e0a606c to 0x00007f850e0a63fd
Event: 12.302 Thread 0x00007f851cbfea70 Implicit null exception at 0x00007f850d50714f to 0x00007f850d5074dd
Event: 12.302 Thread 0x00007f851c3588e0 Implicit null exception at 0x00007f850d50714f to 0x00007f850d5074dd
Event: 12.302 Thread 0x00007f851c377ca0 Implicit null exception at 0x00007f850db423cf to 0x00007f850db425ad
Event: 12.340 Thread 0x00007f851c373660 Implicit null exception at 0x00007f850d93bd07 to 0x00007f850d93bdf9

Events (10 events):
Event: 12.444 Thread 0x00007f851c0f1de0 flushing nmethod 0x00007f850d655a90
Event: 12.444 Thread 0x00007f851c0f1de0 flushing nmethod 0x00007f850d662250
Event: 12.445 Thread 0x00007f851c0ee9d0 flushing nmethod 0x00007f850d688a50
Event: 12.445 Thread 0x00007f851c0ee9d0 flushing nmethod 0x00007f850d68ad50
Event: 12.445 Thread 0x00007f851c0ee9d0 flushing nmethod 0x00007f850d69f090
Event: 12.458 Thread 0x00007f851c3588e0 Uncommon trap: trap_request=0xffffff65 fr.pc=0x00007f850e1350ac
Event: 12.458 Thread 0x00007f851c3588e0 DEOPT PACKING pc=0x00007f850e1350ac sp=0x00007f84e0d05720
Event: 12.458 Thread 0x00007f851c3588e0 DEOPT UNPACKING pc=0x00007f850d04547a sp=0x00007f84e0d056d0 mode 2
Event: 12.459 Thread 0x00007f851c0ee9d0 flushing nmethod 0x00007f850d7df250
Event: 12.461 Executing VM operation: CollectForMetadataAllocation


Dynamic libraries:
00400000-00401000 r-xp 00000000 08:05 76037027                           /usr/lib/jvm/java-1.8.0-openjdk-1.8.0.171-8.b10.el7_5.x86_64/jre/bin/java
00600000-00601000 r--p 00000000 08:05 76037027                           /usr/lib/jvm/java-1.8.0-openjdk-1.8.0.171-8.b10.el7_5.x86_64/jre/bin/java
00601000-00602000 rw-p 00001000 08:05 76037027                           /usr/lib/jvm/java-1.8.0-openjdk-1.8.0.171-8.b10.el7_5.x86_64/jre/bin/java
007bb000-007dc000 rw-p 00000000 00:00 0                                  [heap]
707000000-70af80000 rw-p 00000000 00:00 0 
70af80000-782580000 ---p 00000000 00:00 0 
782580000-7ab780000 rw-p 00000000 00:00 0 
7b9a80000-7c0000000 ---p 00000000 00:00 0 
7c0000000-7c0960000 rw-p 00000000 00:00 0 
7c0960000-800000000 ---p 00000000 00:00 0 
7f8428000000-7f8428021000 rw-p 00000000 00:00 0 
7f8428021000-7f842c000000 ---p 00000000 00:00 0 
7f842c000000-7f842c021000 rw-p 00000000 00:00 0 
7f842c021000-7f8430000000 ---p 00000000 00:00 0 
7f8430000000-7f8430062000 rw-p 00000000 00:00 0 
7f8430062000-7f8434000000 ---p 00000000 00:00 0 
7f8434000000-7f8434021000 rw-p 00000000 00:00 0 
7f8434021000-7f8438000000 ---p 00000000 00:00 0 
7f8438000000-7f843802d000 rw-p 00000000 00:00 0 
7f843802d000-7f843c000000 ---p 00000000 00:00 0 
7f843c000000-7f843c02c000 rw-p 00000000 00:00 0 
7f843c02c000-7f8440000000 ---p 00000000 00:00 0 
7f8440000000-7f8440021000 rw-p 00000000 00:00 0 
7f8440021000-7f8444000000 ---p 00000000 00:00 0 
7f8444000000-7f8444021000 rw-p 00000000 00:00 0 
7f8444021000-7f8448000000 ---p 00000000 00:00 0 
7f8448000000-7f8448021000 rw-p 00000000 00:00 0 
7f8448021000-7f844c000000 ---p 00000000 00:00 0 
7f844c000000-7f844c021000 rw-p 00000000 00:00 0 
7f844c021000-7f8450000000 ---p 00000000 00:00 0 
7f8450000000-7f8450021000 rw-p 00000000 00:00 0 
7f8450021000-7f8454000000 ---p 00000000 00:00 0 
7f8454000000-7f8454021000 rw-p 00000000 00:00 0 
7f8454021000-7f8458000000 ---p 00000000 00:00 0 
7f8458000000-7f8458021000 rw-p 00000000 00:00 0 
7f8458021000-7f845c000000 ---p 00000000 00:00 0 
7f845c000000-7f845c021000 rw-p 00000000 00:00 0 
7f845c021000-7f8460000000 ---p 00000000 00:00 0 
7f8460000000-7f8460021000 rw-p 00000000 00:00 0 
7f8460021000-7f8464000000 ---p 00000000 00:00 0 
7f8464000000-7f8464021000 rw-p 00000000 00:00 0 
7f8464021000-7f8468000000 ---p 00000000 00:00 0 
7f8468000000-7f8468021000 rw-p 00000000 00:00 0 
7f8468021000-7f846c000000 ---p 00000000 00:00 0 
7f846c000000-7f846c021000 rw-p 00000000 00:00 0 
7f846c021000-7f8470000000 ---p 00000000 00:00 0 
7f8470000000-7f8470021000 rw-p 00000000 00:00 0 
7f8470021000-7f8474000000 ---p 00000000 00:00 0 
7f8474000000-7f8474021000 rw-p 00000000 00:00 0 
7f8474021000-7f8478000000 ---p 00000000 00:00 0 
7f8478000000-7f8478389000 rw-p 00000000 00:00 0 
7f8478389000-7f847c000000 ---p 00000000 00:00 0 
7f847c000000-7f847c444000 rw-p 00000000 00:00 0 
7f847c444000-7f8480000000 ---p 00000000 00:00 0 
7f8480000000-7f84804bf000 rw-p 00000000 00:00 0 
7f84804bf000-7f8484000000 ---p 00000000 00:00 0 
7f8484000000-7f84843f7000 rw-p 00000000 00:00 0 
7f84843f7000-7f8488000000 ---p 00000000 00:00 0 
7f8488000000-7f8488e2b000 rw-p 00000000 00:00 0 
7f8488e2b000-7f848c000000 ---p 00000000 00:00 0 
7f848c000000-7f848ce22000 rw-p 00000000 00:00 0 
7f848ce22000-7f8490000000 ---p 00000000 00:00 0 
7f8490000000-7f8491b30000 rw-p 00000000 00:00 0 
7f8491b30000-7f8494000000 ---p 00000000 00:00 0 
7f8494000000-7f8494f40000 rw-p 00000000 00:00 0 
7f8494f40000-7f8498000000 ---p 00000000 00:00 0 
7f8498000000-7f8498c0c000 rw-p 00000000 00:00 0 
7f8498c0c000-7f849c000000 ---p 00000000 00:00 0 
7f849c000000-7f849cf24000 rw-p 00000000 00:00 0 
7f849cf24000-7f84a0000000 ---p 00000000 00:00 0 
7f84a0000000-7f84a0ca2000 rw-p 00000000 00:00 0 
7f84a0ca2000-7f84a4000000 ---p 00000000 00:00 0 
7f84a4000000-7f84a4ec9000 rw-p 00000000 00:00 0 
7f84a4ec9000-7f84a8000000 ---p 00000000 00:00 0 
7f84a8000000-7f84a8021000 rw-p 00000000 00:00 0 
7f84a8021000-7f84ac000000 ---p 00000000 00:00 0 
7f84adad7000-7f84b4000000 r--p 00000000 08:05 135339676                  /usr/lib/locale/locale-archive
7f84b4000000-7f84b4021000 rw-p 00000000 00:00 0 
7f84b4021000-7f84b8000000 ---p 00000000 00:00 0 
7f84b8000000-7f84b8021000 rw-p 00000000 00:00 0 
7f84b8021000-7f84bc000000 ---p 00000000 00:00 0 
7f84bc000000-7f84bc021000 rw-p 00000000 00:00 0 
7f84bc021000-7f84c0000000 ---p 00000000 00:00 0 
7f84c0000000-7f84c0021000 rw-p 00000000 00:00 0 
7f84c0021000-7f84c4000000 ---p 00000000 00:00 0 
7f84c4000000-7f84c4021000 rw-p 00000000 00:00 0 
7f84c4021000-7f84c8000000 ---p 00000000 00:00 0 
7f84cc000000-7f84cc021000 rw-p 00000000 00:00 0 
7f84cc021000-7f84d0000000 ---p 00000000 00:00 0 
7f84d4000000-7f84d4021000 rw-p 00000000 00:00 0 
7f84d4021000-7f84d8000000 ---p 00000000 00:00 0 
7f84dbdfe000-7f84dbe01000 ---p 00000000 00:00 0 
7f84dbe01000-7f84dbeff000 rw-p 00000000 00:00 0 
7f84dbeff000-7f84dbf02000 ---p 00000000 00:00 0 
7f84dbf02000-7f84dc000000 rw-p 00000000 00:00 0 
7f84dc000000-7f84dc021000 rw-p 00000000 00:00 0 
7f84dc021000-7f84e0000000 ---p 00000000 00:00 0 
7f84e00fc000-7f84e00ff000 ---p 00000000 00:00 0 
7f84e00ff000-7f84e01fd000 rw-p 00000000 00:00 0 
7f84e01fd000-7f84e0200000 ---p 00000000 00:00 0 
7f84e0200000-7f84e02fe000 rw-p 00000000 00:00 0 
7f84e02fe000-7f84e0301000 ---p 00000000 00:00 0 
7f84e0301000-7f84e03ff000 rw-p 00000000 00:00 0 
7f84e03ff000-7f84e0402000 ---p 00000000 00:00 0 
7f84e0402000-7f84e0500000 rw-p 00000000 00:00 0 
7f84e0500000-7f84e0503000 ---p 00000000 00:00 0 
7f84e0503000-7f84e0601000 rw-p 00000000 00:00 0 
7f84e0601000-7f84e0604000 ---p 00000000 00:00 0 
7f84e0604000-7f84e0702000 rw-p 00000000 00:00 0 
7f84e0702000-7f84e0705000 ---p 00000000 00:00 0 
7f84e0705000-7f84e0803000 rw-p 00000000 00:00 0 
7f84e0803000-7f84e0806000 ---p 00000000 00:00 0 
7f84e0806000-7f84e0904000 rw-p 00000000 00:00 0 
7f84e0904000-7f84e0907000 ---p 00000000 00:00 0 
7f84e0907000-7f84e0a05000 rw-p 00000000 00:00 0 
7f84e0a05000-7f84e0a08000 ---p 00000000 00:00 0 
7f84e0a08000-7f84e0b06000 rw-p 00000000 00:00 0 
7f84e0b06000-7f84e0b09000 ---p 00000000 00:00 0 
7f84e0b09000-7f84e0c07000 rw-p 00000000 00:00 0 
7f84e0c07000-7f84e0c0a000 ---p 00000000 00:00 0 
7f84e0c0a000-7f84e0d08000 rw-p 00000000 00:00 0 
7f84e0d08000-7f84e0d0b000 ---p 00000000 00:00 0 
7f84e0d0b000-7f84e0e09000 rw-p 00000000 00:00 0 
7f84e0e09000-7f84e0e0c000 ---p 00000000 00:00 0 
7f84e0e0c000-7f84e0f0a000 rw-p 00000000 00:00 0 
7f84e0f0a000-7f84e0f0d000 ---p 00000000 00:00 0 
7f84e0f0d000-7f84e100b000 rw-p 00000000 00:00 0 
7f84e100b000-7f84e100e000 ---p 00000000 00:00 0 
7f84e100e000-7f84e124c000 rw-p 00000000 00:00 0 
7f84e124c000-7f84e130c000 ---p 00000000 00:00 0 
7f84e130c000-7f84e150c000 rw-p 00000000 00:00 0 
7f84e1583000-7f84e1783000 rw-p 00000000 00:00 0 
7f84e1783000-7f84e1983000 rw-p 00000000 00:00 0 
7f84e1983000-7f84e1b83000 rw-p 00000000 00:00 0 
7f84e1b83000-7f84e1d83000 rw-p 00000000 00:00 0 
7f84e1d83000-7f84e1f83000 rw-p 00000000 00:00 0 
7f84e1f83000-7f84e2183000 rw-p 00000000 00:00 0 
7f84e2183000-7f84e21a1000 r--s 00180000 00:2e 249006533                  /home/xhe/.m2/repository/org/apache/commons/commons-math3/3.2/commons-math3-3.2.jar
7f84e21a1000-7f84e23a1000 rw-p 00000000 00:00 0 
7f84e23a1000-7f84e23e4000 r--s 00332000 00:2e 249006526                  /home/xhe/.m2/repository/org/clojure/clojure/1.8.0/clojure-1.8.0.jar
7f84e23e4000-7f84e23e5000 ---p 00000000 00:00 0 
7f84e23e5000-7f84e24e5000 rw-p 00000000 00:00 0 
7f84e24e5000-7f84e24e8000 ---p 00000000 00:00 0 
7f84e24e8000-7f84e25e6000 rw-p 00000000 00:00 0 
7f84e25e6000-7f84e25ea000 ---p 00000000 00:00 0 
7f84e25ea000-7f84e26e7000 rw-p 00000000 00:00 0 
7f84e26e7000-7f84e26eb000 ---p 00000000 00:00 0 
7f84e26eb000-7f84e27e8000 rw-p 00000000 00:00 0 
7f84e27e8000-7f84e27ec000 ---p 00000000 00:00 0 
7f84e27ec000-7f84e28e9000 rw-p 00000000 00:00 0 
7f84e28e9000-7f84e28ed000 ---p 00000000 00:00 0 
7f84e28ed000-7f84e29ea000 rw-p 00000000 00:00 0 
7f84e29ea000-7f84e29ee000 ---p 00000000 00:00 0 
7f84e29ee000-7f84e2aeb000 rw-p 00000000 00:00 0 
7f84e2aeb000-7f84e2aef000 ---p 00000000 00:00 0 
7f84e2aef000-7f84e2bec000 rw-p 00000000 00:00 0 
7f84e2bec000-7f84e2bf0000 ---p 00000000 00:00 0 
7f84e2bf0000-7f84e2ced000 rw-p 00000000 00:00 0 
7f84e2ced000-7f84e2cf1000 ---p 00000000 00:00 0 
7f84e2cf1000-7f84e2dee000 rw-p 00000000 00:00 0 
7f84e2dee000-7f84e2df2000 ---p 00000000 00:00 0 
7f84e2df2000-7f84e2eef000 rw-p 00000000 00:00 0 
7f84e2eef000-7f84e2ef3000 ---p 00000000 00:00 0 
7f84e2ef3000-7f84e2ff0000 rw-p 00000000 00:00 0 
7f84e2ff0000-7f84e2ff4000 ---p 00000000 00:00 0 
7f84e2ff4000-7f84e30f1000 rw-p 00000000 00:00 0 
7f84e30f1000-7f84e30f5000 ---p 00000000 00:00 0 
7f84e30f5000-7f84e31f2000 rw-p 00000000 00:00 0 
7f84e31f2000-7f84e31f5000 ---p 00000000 00:00 0 
7f84e31f5000-7f84e32f3000 rw-p 00000000 00:00 0 
7f84e32f3000-7f84e32f6000 ---p 00000000 00:00 0 
7f84e32f6000-7f84e33f4000 rw-p 00000000 00:00 0 
7f84e33f4000-7f84e33f7000 ---p 00000000 00:00 0 
7f84e33f7000-7f84e34f5000 rw-p 00000000 00:00 0 
7f84e34f5000-7f84e34f6000 ---p 00000000 00:00 0 
7f84e34f6000-7f84e4000000 rw-p 00000000 00:00 0 
7f84e4000000-7f84e4021000 rw-p 00000000 00:00 0 
7f84e4021000-7f84e8000000 ---p 00000000 00:00 0 
7f84e8005000-7f84ea1b1000 rw-p 00000000 00:00 0 
7f84ea1b1000-7f84ea380000 r--s 0440f000 08:05 67543839                   /usr/lib/jvm/java-1.8.0-openjdk-1.8.0.171-8.b10.el7_5.x86_64/jre/lib/rt.jar
7f84ea380000-7f84f0000000 rw-p 00000000 00:00 0 
7f84f0000000-7f84f0021000 rw-p 00000000 00:00 0 
7f84f0021000-7f84f4000000 ---p 00000000 00:00 0 
7f84f4000000-7f84f4021000 rw-p 00000000 00:00 0 
7f84f4021000-7f84f8000000 ---p 00000000 00:00 0 
7f84f8000000-7f84f8021000 rw-p 00000000 00:00 0 
7f84f8021000-7f84fc000000 ---p 00000000 00:00 0 
7f84fc000000-7f84fc021000 rw-p 00000000 00:00 0 
7f84fc021000-7f8500000000 ---p 00000000 00:00 0 
7f8500000000-7f8500021000 rw-p 00000000 00:00 0 
7f8500021000-7f8504000000 ---p 00000000 00:00 0 
7f8504000000-7f8504021000 rw-p 00000000 00:00 0 
7f8504021000-7f8508000000 ---p 00000000 00:00 0 
7f8508000000-7f8508021000 rw-p 00000000 00:00 0 
7f8508021000-7f850c000000 ---p 00000000 00:00 0 
7f850c00a000-7f850c00f000 r--s 000b6000 08:05 67543830                   /usr/lib/jvm/java-1.8.0-openjdk-1.8.0.171-8.b10.el7_5.x86_64/jre/lib/jsse.jar
7f850c00f000-7f850c013000 r--s 00041000 00:2e 249006532                  /home/xhe/.m2/repository/com/fasterxml/jackson/core/jackson-core/2.8.6/jackson-core-2.8.6.jar
7f850c013000-7f850c015000 r--s 00000000 00:2e 249006558                  /home/xhe/.m2/repository/net/totakke/libra/0.1.0/libra-0.1.0.jar
7f850c015000-7f850cdfe000 rw-p 00000000 00:00 0 
7f850cdfe000-7f850cdff000 ---p 00000000 00:00 0 
7f850cdff000-7f850ceff000 rw-p 00000000 00:00 0 
7f850ceff000-7f850cf00000 ---p 00000000 00:00 0 
7f850cf00000-7f850d000000 rw-p 00000000 00:00 0 
7f850d000000-7f850e170000 rwxp 00000000 00:00 0 
7f850e170000-7f851c000000 ---p 00000000 00:00 0 
7f851c000000-7f851cdbb000 rw-p 00000000 00:00 0 
7f851cdbb000-7f8520000000 ---p 00000000 00:00 0 
7f8520000000-7f8520001000 rw-p 00000000 00:00 0 
7f8520001000-7f8520003000 r--s 00011000 00:2e 249006534                  /home/xhe/.m2/repository/com/fasterxml/jackson/dataformat/jackson-dataformat-smile/2.8.6/jackson-dataformat-smile-2.8.6.jar
7f8520003000-7f8520004000 r--s 00001000 00:2e 249006530                  /home/xhe/.m2/repository/org/clojure/data.json/0.2.6/data.json-0.2.6.jar
7f8520004000-7f8520005000 r--s 00000000 00:2e 249006552                  /home/xhe/.m2/repository/de/kotka/lazymap/3.1.0/lazymap-3.1.0.jar
7f8520005000-7f8520007000 r--s 0000b000 00:2e 249006548                  /home/xhe/.m2/repository/kephale/uncommons-maths/1.2.3/uncommons-maths-1.2.3.jar
7f8520007000-7f8520011000 r--s 00056000 00:2e 249006438                  /home/xhe/.m2/repository/cider/cider-nrepl/0.17.0/cider-nrepl-0.17.0.jar
7f8520011000-7f8520013000 r--s 00005000 00:2e 249006550                  /home/xhe/.m2/repository/cheshire/cheshire/5.7.1/cheshire-5.7.1.jar
7f8520013000-7f8520014000 r--s 00000000 00:2e 249006543                  /home/xhe/.m2/repository/clj-random/clj-random/0.1.7/clj-random-0.1.7.jar
7f8520014000-7f8520015000 r--s 00000000 00:2e 249006542                  /home/xhe/.m2/repository/local-file/local-file/0.1.0/local-file-0.1.0.jar
7f8520015000-7f85200d9000 rw-p 00000000 00:00 0 
7f85200d9000-7f85200da000 ---p 00000000 00:00 0 
7f85200da000-7f85201da000 rw-p 00000000 00:00 0 
7f85201da000-7f85201db000 ---p 00000000 00:00 0 
7f85201db000-7f85202db000 rw-p 00000000 00:00 0 
7f85202db000-7f85202dc000 ---p 00000000 00:00 0 
7f85202dc000-7f85203dc000 rw-p 00000000 00:00 0 
7f85203dc000-7f85203dd000 ---p 00000000 00:00 0 
7f85203dd000-7f85204dd000 rw-p 00000000 00:00 0 
7f85204dd000-7f85204de000 ---p 00000000 00:00 0 
7f85204de000-7f85205de000 rw-p 00000000 00:00 0 
7f85205de000-7f85205df000 ---p 00000000 00:00 0 
7f85205df000-7f85206df000 rw-p 00000000 00:00 0 
7f85206df000-7f85206e0000 ---p 00000000 00:00 0 
7f85206e0000-7f85207e0000 rw-p 00000000 00:00 0 
7f85207e0000-7f85207e1000 ---p 00000000 00:00 0 
7f85207e1000-7f85208e1000 rw-p 00000000 00:00 0 
7f85208e1000-7f85208e2000 ---p 00000000 00:00 0 
7f85208e2000-7f85209e2000 rw-p 00000000 00:00 0 
7f85209e2000-7f85209e3000 ---p 00000000 00:00 0 
7f85209e3000-7f8520ae3000 rw-p 00000000 00:00 0 
7f8520ae3000-7f8520ae4000 ---p 00000000 00:00 0 
7f8520ae4000-7f8520c04000 rw-p 00000000 00:00 0 
7f8520c04000-7f8520fbf000 ---p 00000000 00:00 0 
7f8520fbf000-7f8520fdf000 rw-p 00000000 00:00 0 
7f8520fdf000-7f8521399000 ---p 00000000 00:00 0 
7f8521399000-7f85214e3000 rw-p 00000000 00:00 0 
7f85214e3000-7f8521587000 ---p 00000000 00:00 0 
7f8521587000-7f85215ce000 rw-p 00000000 00:00 0 
7f85215ce000-7f8521948000 ---p 00000000 00:00 0 
7f8521948000-7f8521950000 r-xp 00000000 08:05 135994947                  /usr/lib/jvm/java-1.8.0-openjdk-1.8.0.171-8.b10.el7_5.x86_64/jre/lib/amd64/libzip.so
7f8521950000-7f8521b4f000 ---p 00008000 08:05 135994947                  /usr/lib/jvm/java-1.8.0-openjdk-1.8.0.171-8.b10.el7_5.x86_64/jre/lib/amd64/libzip.so
7f8521b4f000-7f8521b50000 r--p 00007000 08:05 135994947                  /usr/lib/jvm/java-1.8.0-openjdk-1.8.0.171-8.b10.el7_5.x86_64/jre/lib/amd64/libzip.so
7f8521b50000-7f8521b51000 rw-p 00008000 08:05 135994947                  /usr/lib/jvm/java-1.8.0-openjdk-1.8.0.171-8.b10.el7_5.x86_64/jre/lib/amd64/libzip.so
7f8521b51000-7f8522356000 r--s 00000000 08:03 38155                      /var/lib/sss/mc/passwd
7f8522356000-7f852235e000 r-xp 00000000 08:05 204933493                  /usr/lib64/libnss_sss.so.2
7f852235e000-7f852255d000 ---p 00008000 08:05 204933493                  /usr/lib64/libnss_sss.so.2
7f852255d000-7f852255e000 r--p 00007000 08:05 204933493                  /usr/lib64/libnss_sss.so.2
7f852255e000-7f852255f000 rw-p 00008000 08:05 204933493                  /usr/lib64/libnss_sss.so.2
7f852255f000-7f852256b000 r-xp 00000000 08:05 202816356                  /usr/lib64/libnss_files-2.17.so
7f852256b000-7f852276a000 ---p 0000c000 08:05 202816356                  /usr/lib64/libnss_files-2.17.so
7f852276a000-7f852276b000 r--p 0000b000 08:05 202816356                  /usr/lib64/libnss_files-2.17.so
7f852276b000-7f852276c000 rw-p 0000c000 08:05 202816356                  /usr/lib64/libnss_files-2.17.so
7f852276c000-7f8522772000 rw-p 00000000 00:00 0 
7f8522772000-7f85227a0000 r-xp 00000000 08:05 135994923                  /usr/lib/jvm/java-1.8.0-openjdk-1.8.0.171-8.b10.el7_5.x86_64/jre/lib/amd64/libjava.so
7f85227a0000-7f852299f000 ---p 0002e000 08:05 135994923                  /usr/lib/jvm/java-1.8.0-openjdk-1.8.0.171-8.b10.el7_5.x86_64/jre/lib/amd64/libjava.so
7f852299f000-7f85229a0000 r--p 0002d000 08:05 135994923                  /usr/lib/jvm/java-1.8.0-openjdk-1.8.0.171-8.b10.el7_5.x86_64/jre/lib/amd64/libjava.so
7f85229a0000-7f85229a2000 rw-p 0002e000 08:05 135994923                  /usr/lib/jvm/java-1.8.0-openjdk-1.8.0.171-8.b10.el7_5.x86_64/jre/lib/amd64/libjava.so
7f85229a2000-7f85229af000 r-xp 00000000 08:05 135994946                  /usr/lib/jvm/java-1.8.0-openjdk-1.8.0.171-8.b10.el7_5.x86_64/jre/lib/amd64/libverify.so
7f85229af000-7f8522bae000 ---p 0000d000 08:05 135994946                  /usr/lib/jvm/java-1.8.0-openjdk-1.8.0.171-8.b10.el7_5.x86_64/jre/lib/amd64/libverify.so
7f8522bae000-7f8522bb0000 r--p 0000c000 08:05 135994946                  /usr/lib/jvm/java-1.8.0-openjdk-1.8.0.171-8.b10.el7_5.x86_64/jre/lib/amd64/libverify.so
7f8522bb0000-7f8522bb1000 rw-p 0000e000 08:05 135994946                  /usr/lib/jvm/java-1.8.0-openjdk-1.8.0.171-8.b10.el7_5.x86_64/jre/lib/amd64/libverify.so
7f8522bb1000-7f8522bb8000 r-xp 00000000 08:05 202816363                  /usr/lib64/librt-2.17.so
7f8522bb8000-7f8522db7000 ---p 00007000 08:05 202816363                  /usr/lib64/librt-2.17.so
7f8522db7000-7f8522db8000 r--p 00006000 08:05 202816363                  /usr/lib64/librt-2.17.so
7f8522db8000-7f8522db9000 rw-p 00007000 08:05 202816363                  /usr/lib64/librt-2.17.so
7f8522db9000-7f8522dce000 r-xp 00000000 08:05 201429134                  /usr/lib64/libgcc_s-4.8.5-20150702.so.1
7f8522dce000-7f8522fcd000 ---p 00015000 08:05 201429134                  /usr/lib64/libgcc_s-4.8.5-20150702.so.1
7f8522fcd000-7f8522fce000 r--p 00014000 08:05 201429134                  /usr/lib64/libgcc_s-4.8.5-20150702.so.1
7f8522fce000-7f8522fcf000 rw-p 00015000 08:05 201429134                  /usr/lib64/libgcc_s-4.8.5-20150702.so.1
7f8522fcf000-7f85230d0000 r-xp 00000000 08:05 202816345                  /usr/lib64/libm-2.17.so
7f85230d0000-7f85232cf000 ---p 00101000 08:05 202816345                  /usr/lib64/libm-2.17.so
7f85232cf000-7f85232d0000 r--p 00100000 08:05 202816345                  /usr/lib64/libm-2.17.so
7f85232d0000-7f85232d1000 rw-p 00101000 08:05 202816345                  /usr/lib64/libm-2.17.so
7f85232d1000-7f85233ba000 r-xp 00000000 08:05 202418614                  /usr/lib64/libstdc++.so.6.0.19
7f85233ba000-7f85235b9000 ---p 000e9000 08:05 202418614                  /usr/lib64/libstdc++.so.6.0.19
7f85235b9000-7f85235c1000 r--p 000e8000 08:05 202418614                  /usr/lib64/libstdc++.so.6.0.19
7f85235c1000-7f85235c3000 rw-p 000f0000 08:05 202418614                  /usr/lib64/libstdc++.so.6.0.19
7f85235c3000-7f85235d8000 rw-p 00000000 00:00 0 
7f85235d8000-7f852429e000 r-xp 00000000 08:05 67543813                   /usr/lib/jvm/java-1.8.0-openjdk-1.8.0.171-8.b10.el7_5.x86_64/jre/lib/amd64/server/libjvm.so
7f852429e000-7f852449e000 ---p 00cc6000 08:05 67543813                   /usr/lib/jvm/java-1.8.0-openjdk-1.8.0.171-8.b10.el7_5.x86_64/jre/lib/amd64/server/libjvm.so
7f852449e000-7f8524549000 r--p 00cc6000 08:05 67543813                   /usr/lib/jvm/java-1.8.0-openjdk-1.8.0.171-8.b10.el7_5.x86_64/jre/lib/amd64/server/libjvm.so
7f8524549000-7f8524572000 rw-p 00d71000 08:05 67543813                   /usr/lib/jvm/java-1.8.0-openjdk-1.8.0.171-8.b10.el7_5.x86_64/jre/lib/amd64/server/libjvm.so
7f8524572000-7f85245a5000 rw-p 00000000 00:00 0 
7f85245a5000-7f8524768000 r-xp 00000000 08:05 201328629                  /usr/lib64/libc-2.17.so
7f8524768000-7f8524967000 ---p 001c3000 08:05 201328629                  /usr/lib64/libc-2.17.so
7f8524967000-7f852496b000 r--p 001c2000 08:05 201328629                  /usr/lib64/libc-2.17.so
7f852496b000-7f852496d000 rw-p 001c6000 08:05 201328629                  /usr/lib64/libc-2.17.so
7f852496d000-7f8524972000 rw-p 00000000 00:00 0 
7f8524972000-7f8524974000 r-xp 00000000 08:05 202816343                  /usr/lib64/libdl-2.17.so
7f8524974000-7f8524b74000 ---p 00002000 08:05 202816343                  /usr/lib64/libdl-2.17.so
7f8524b74000-7f8524b75000 r--p 00002000 08:05 202816343                  /usr/lib64/libdl-2.17.so
7f8524b75000-7f8524b76000 rw-p 00003000 08:05 202816343                  /usr/lib64/libdl-2.17.so
7f8524b76000-7f8524b84000 r-xp 00000000 08:05 1726550                    /usr/lib/jvm/java-1.8.0-openjdk-1.8.0.171-8.b10.el7_5.x86_64/jre/lib/amd64/jli/libjli.so
7f8524b84000-7f8524d83000 ---p 0000e000 08:05 1726550                    /usr/lib/jvm/java-1.8.0-openjdk-1.8.0.171-8.b10.el7_5.x86_64/jre/lib/amd64/jli/libjli.so
7f8524d83000-7f8524d84000 r--p 0000d000 08:05 1726550                    /usr/lib/jvm/java-1.8.0-openjdk-1.8.0.171-8.b10.el7_5.x86_64/jre/lib/amd64/jli/libjli.so
7f8524d84000-7f8524d85000 rw-p 0000e000 08:05 1726550                    /usr/lib/jvm/java-1.8.0-openjdk-1.8.0.171-8.b10.el7_5.x86_64/jre/lib/amd64/jli/libjli.so
7f8524d85000-7f8524d9a000 r-xp 00000000 08:05 204492934                  /usr/lib64/libz.so.1.2.7
7f8524d9a000-7f8524f99000 ---p 00015000 08:05 204492934                  /usr/lib64/libz.so.1.2.7
7f8524f99000-7f8524f9a000 r--p 00014000 08:05 204492934                  /usr/lib64/libz.so.1.2.7
7f8524f9a000-7f8524f9b000 rw-p 00015000 08:05 204492934                  /usr/lib64/libz.so.1.2.7
7f8524f9b000-7f8524fb2000 r-xp 00000000 08:05 201328655                  /usr/lib64/libpthread-2.17.so
7f8524fb2000-7f85251b1000 ---p 00017000 08:05 201328655                  /usr/lib64/libpthread-2.17.so
7f85251b1000-7f85251b2000 r--p 00016000 08:05 201328655                  /usr/lib64/libpthread-2.17.so
7f85251b2000-7f85251b3000 rw-p 00017000 08:05 201328655                  /usr/lib64/libpthread-2.17.so
7f85251b3000-7f85251b7000 rw-p 00000000 00:00 0 
7f85251b7000-7f85251d9000 r-xp 00000000 08:05 201328622                  /usr/lib64/ld-2.17.so
7f85251d9000-7f85251db000 r--s 00000000 00:2e 249006523                  /home/xhe/.m2/repository/org/clojure/math.numeric-tower/0.0.4/math.numeric-tower-0.0.4.jar
7f85251db000-7f85251dd000 r--s 0000b000 00:2e 249006535                  /home/xhe/.m2/repository/com/fasterxml/jackson/dataformat/jackson-dataformat-cbor/2.8.6/jackson-dataformat-cbor-2.8.6.jar
7f85251dd000-7f85251de000 r--s 00001000 00:2e 249006541                  /home/xhe/.m2/repository/clojure-csv/clojure-csv/2.0.1/clojure-csv-2.0.1.jar
7f85251de000-7f85251df000 r--s 00002000 00:2e 249006566                  /home/xhe/.m2/repository/clojure-complete/clojure-complete/0.2.4/clojure-complete-0.2.4.jar
7f85251df000-7f85251e1000 r--s 00008000 00:2e 249006544                  /home/xhe/.m2/repository/org/clojars/etosch/cosmos/1.0.0/cosmos-1.0.0.jar
7f85251e1000-7f85251e2000 r--s 00009000 00:2e 249006564                  /home/xhe/.m2/repository/org/clojure/tools.nrepl/0.2.12/tools.nrepl-0.2.12.jar
7f85251e2000-7f85251e4000 r--s 0000c000 00:2e 249006551                  /home/xhe/.m2/repository/prismatic/plumbing/0.5.4/plumbing-0.5.4.jar
7f85251e4000-7f85251e5000 r--s 00000000 00:2e 249006525                  /home/xhe/.m2/repository/org/clojure/data.csv/0.1.3/data.csv-0.1.3.jar
7f85251e5000-7f85251e6000 r--s 0000f000 00:2e 249006555                  /home/xhe/.m2/repository/prismatic/schema/1.0.1/schema-1.0.1.jar
7f85251e6000-7f85251e7000 r--s 00009000 00:2e 249006557                  /home/xhe/.m2/repository/criterium/criterium/0.4.4/criterium-0.4.4.jar
7f85251e7000-7f85251e8000 r--s 00001000 00:2e 249006425                  /home/xhe/.m2/repository/tigris/tigris/0.1.1/tigris-0.1.1.jar
7f85251e8000-7f85251e9000 r--s 00002000 00:2e 249006524                  /home/xhe/.m2/repository/org/clojure/math.combinatorics/0.1.1/math.combinatorics-0.1.1.jar
7f85251e9000-7f85252c7000 rw-p 00000000 00:00 0 
7f85252c7000-7f85252cf000 rw-s 00000000 08:05 136213803                  /tmp/hsperfdata_xhe/1342
7f85252cf000-7f85252d0000 rw-p 00000000 00:00 0 
7f85252d0000-7f85252d1000 ---p 00000000 00:00 0 
7f85252d1000-7f85252d5000 ---p 00000000 00:00 0 
7f85252d5000-7f85253d8000 rw-p 00000000 00:00 0 
7f85253d8000-7f85253d9000 r--p 00021000 08:05 201328622                  /usr/lib64/ld-2.17.so
7f85253d9000-7f85253da000 rw-p 00022000 08:05 201328622                  /usr/lib64/ld-2.17.so
7f85253da000-7f85253db000 rw-p 00000000 00:00 0 
7ffc27b20000-7ffc27b42000 rw-p 00000000 00:00 0                          [stack]
7ffc27bcb000-7ffc27bcd000 r-xp 00000000 00:00 0                          [vdso]
ffffffffff600000-ffffffffff601000 r-xp 00000000 00:00 0                  [vsyscall]

VM Arguments:
jvm_args: -Dfile.encoding=UTF-8 -Dclojure.compile.path=/home/xhe/clojush7/target/classes -Dclojush.version=3.11.1-1-SNAPSHOT -Dclojure.debug=false 
java_command: clojure.main -i /tmp/form-init8160860403864937232.clj
java_class_path (initial): /home/xhe/clojush7/test:/home/xhe/clojush7/src:/home/xhe/clojush7/dev-resources:/home/xhe/clojush7/resources:/home/xhe/clojush7/target/classes:/home/xhe/.m2/repository/org/clojure/math.combinatorics/0.1.1/math.combinatorics-0.1.1.jar:/home/xhe/.m2/repository/org/clojure/clojure/1.8.0/clojure-1.8.0.jar:/home/xhe/.m2/repository/tigris/tigris/0.1.1/tigris-0.1.1.jar:/home/xhe/.m2/repository/criterium/criterium/0.4.4/criterium-0.4.4.jar:/home/xhe/.m2/repository/prismatic/schema/1.0.1/schema-1.0.1.jar:/home/xhe/.m2/repository/org/clojure/data.csv/0.1.3/data.csv-0.1.3.jar:/home/xhe/.m2/repository/prismatic/plumbing/0.5.4/plumbing-0.5.4.jar:/home/xhe/.m2/repository/org/clojure/tools.nrepl/0.2.12/tools.nrepl-0.2.12.jar:/home/xhe/.m2/repository/org/clojars/etosch/cosmos/1.0.0/cosmos-1.0.0.jar:/home/xhe/.m2/repository/clojure-complete/clojure-complete/0.2.4/clojure-complete-0.2.4.jar:/home/xhe/.m2/repository/clojure-csv/clojure-csv/2.0.1/clojure-csv-2.0.1.jar:/home/xhe/.m2/repository/com/fasterxml/jackson/dataformat/jackson-dataformat-cbor/2.8.6/jackson-dataformat-cbor-2.8.6.jar:/home/xhe/.m2/repository/org/clojure/math.numeric-tower/0.0.4/math.numeric-tower-0.0.4.jar:/home/xhe/.m2/repository/local-file/local-file/0.1.0/local-file-0.1.0.jar:/home/xhe/.m2/repository/clj-random/clj-random/0.1.7/clj-random-0.1.7.jar:/home/xhe/.m2/repository/cheshire/cheshire/5.7.1/cheshire-5.7.1.jar:/home/xhe/.m2/repository/cider/cider-nrepl/0.17.0/cider-nrepl-0.17.0.jar:/home/xhe/.m2/repository/kephale/uncommons-maths/1.2.3/uncommons-maths-1.2.3.jar:/home/xhe/.m2/repository/de/kotka/lazymap/3.1.0/lazymap-3.1.0.jar:/home/xhe/.m2/repository/org/clojure/data.json/0.2.6/data.json-0.2.6.jar:/home/xhe/.m2/repository/com/fasterxml/jackson/dataformat/jackson-dataformat-smile/2.8.6/jackson-dataformat-smile-2.8.6.jar:/home/xhe/.m2/repository/net/totakke/libra/0.1.0/libra-0.1.0.jar:/home/xhe/.m2/repository/org/apache/commons/commons-math3/3.2/commons-math3-3.2.jar:/home/xhe/.m2
Launcher Type: SUN_STANDARD

Environment Variables:
CLASSPATH=/home/xhe/.lein/self-installs/leiningen-2.7.1-standalone.jar
PATH=/sbin:/bin:/usr/local/bin:/usr/bin:/usr/sbin:/usr/X11R6/bin:/usr/local/sbin:/usr/bin/X11:/usr/local/global/bin:/usr/local/global/sbin:/usr/kerberos/bin/:/home/xhe/bin:/home/xhe/.local/bin:/home/xhe/bin
LD_LIBRARY_PATH=/lib:/usr/lib:/usr/local/lib:/usr/local/lib/X11:/usr/local/global/lib:/usr/lib64:/home/xhe/lib:/home/xhe/lib64
SHELL=/bin/bash
DISPLAY=localhost:10.0
OSTYPE=Linux
ARCH=x86_64

Signal Handlers:
SIGSEGV: [libjvm.so+0xab5320], sa_mask[0]=11111111011111111101111111111110, sa_flags=SA_RESTART|SA_SIGINFO
SIGBUS: [libjvm.so+0xab5320], sa_mask[0]=11111111011111111101111111111110, sa_flags=SA_RESTART|SA_SIGINFO
SIGFPE: [libjvm.so+0x8ac6b0], sa_mask[0]=11111111011111111101111111111110, sa_flags=SA_RESTART|SA_SIGINFO
SIGPIPE: [libjvm.so+0x8ac6b0], sa_mask[0]=11111111011111111101111111111110, sa_flags=SA_RESTART|SA_SIGINFO
SIGXFSZ: [libjvm.so+0x8ac6b0], sa_mask[0]=11111111011111111101111111111110, sa_flags=SA_RESTART|SA_SIGINFO
SIGILL: [libjvm.so+0x8ac6b0], sa_mask[0]=11111111011111111101111111111110, sa_flags=SA_RESTART|SA_SIGINFO
SIGUSR1: SIG_DFL, sa_mask[0]=00000000000000000000000000000000, sa_flags=none
SIGUSR2: [libjvm.so+0x8ac560], sa_mask[0]=00100000000000000000000000000000, sa_flags=SA_RESTART|SA_SIGINFO
SIGHUP: [libjvm.so+0x8ac770], sa_mask[0]=11111111011111111101111111111110, sa_flags=SA_RESTART|SA_SIGINFO
SIGINT: [libjvm.so+0x8ac770], sa_mask[0]=11111111011111111101111111111110, sa_flags=SA_RESTART|SA_SIGINFO
SIGTERM: [libjvm.so+0x8ac770], sa_mask[0]=11111111011111111101111111111110, sa_flags=SA_RESTART|SA_SIGINFO
SIGQUIT: [libjvm.so+0x8ac770], sa_mask[0]=11111111011111111101111111111110, sa_flags=SA_RESTART|SA_SIGINFO


---------------  S Y S T E M  ---------------

OS:CentOS Linux release 7.5.1804 (Core) 

uname:Linux 3.10.0-862.3.2.el7.x86_64 #1 SMP Mon May 21 23:36:36 UTC 2018 x86_64
libc:glibc 2.17 NPTL 2.17 
rlimit: STACK 8192k, CORE 0k, NPROC 4096, NOFILE 4096, AS infinity
load average:7.53 12.79 13.36

/proc/meminfo:
MemTotal:       12121656 kB
MemFree:          118896 kB
MemAvailable:      40212 kB
Buffers:               0 kB
Cached:           135988 kB
SwapCached:        26052 kB
Active:          9604652 kB
Inactive:        1896872 kB
Active(anon):    9539912 kB
Inactive(anon):  1852492 kB
Active(file):      64740 kB
Inactive(file):    44380 kB
Unevictable:           0 kB
Mlocked:               0 kB
SwapTotal:       4194300 kB
SwapFree:             12 kB
Dirty:             15972 kB
Writeback:           424 kB
AnonPages:      11342084 kB
Mapped:            51784 kB
Shmem:             26612 kB
Slab:             196124 kB
SReclaimable:      56896 kB
SUnreclaim:       139228 kB
KernelStack:       40368 kB
PageTables:        84384 kB
NFS_Unstable:          0 kB
Bounce:                0 kB
WritebackTmp:          0 kB
CommitLimit:    10255128 kB
Committed_AS:   30898916 kB
VmallocTotal:   34359738367 kB
VmallocUsed:      322072 kB
VmallocChunk:   34352560124 kB
HardwareCorrupted:     0 kB
AnonHugePages:    229376 kB
CmaTotal:              0 kB
CmaFree:               0 kB
HugePages_Total:       0
HugePages_Free:        0
HugePages_Rsvd:        0
HugePages_Surp:        0
Hugepagesize:       2048 kB
DirectMap4k:      261604 kB
DirectMap2M:     6017024 kB
DirectMap1G:     6291456 kB


CPU:total 16 (initial active 16) (4 cores per cpu, 2 threads per core) family 6 model 44 stepping 2, cmov, cx8, fxsr, mmx, sse, sse2, sse3, ssse3, sse4.1, sse4.2, popcnt, aes, clmul, ht, tsc, tscinvbit, tscinv

/proc/cpuinfo:
processor	: 0
vendor_id	: GenuineIntel
cpu family	: 6
model		: 44
model name	: Intel(R) Xeon(R) CPU           E5620  @ 2.40GHz
stepping	: 2
microcode	: 0x1a
cpu MHz		: 2394.110
cache size	: 12288 KB
physical id	: 1
siblings	: 8
core id		: 0
cpu cores	: 4
apicid		: 32
initial apicid	: 32
fpu		: yes
fpu_exception	: yes
cpuid level	: 11
wp		: yes
flags		: fpu vme de pse tsc msr pae mce cx8 apic sep mtrr pge mca cmov pat pse36 clflush dts acpi mmx fxsr sse sse2 ss ht tm pbe syscall nx pdpe1gb rdtscp lm constant_tsc arch_perfmon pebs bts rep_good nopl xtopology nonstop_tsc aperfmperf pni pclmulqdq dtes64 monitor ds_cpl vmx smx est tm2 ssse3 cx16 xtpr pdcm pcid dca sse4_1 sse4_2 popcnt aes lahf_lm tpr_shadow vnmi flexpriority ept vpid dtherm ida arat
bogomips	: 4788.22
clflush size	: 64
cache_alignment	: 64
address sizes	: 40 bits physical, 48 bits virtual
power management:

processor	: 1
vendor_id	: GenuineIntel
cpu family	: 6
model		: 44
model name	: Intel(R) Xeon(R) CPU           E5620  @ 2.40GHz
stepping	: 2
microcode	: 0x1a
cpu MHz		: 2394.110
cache size	: 12288 KB
physical id	: 0
siblings	: 8
core id		: 0
cpu cores	: 4
apicid		: 0
initial apicid	: 0
fpu		: yes
fpu_exception	: yes
cpuid level	: 11
wp		: yes
flags		: fpu vme de pse tsc msr pae mce cx8 apic sep mtrr pge mca cmov pat pse36 clflush dts acpi mmx fxsr sse sse2 ss ht tm pbe syscall nx pdpe1gb rdtscp lm constant_tsc arch_perfmon pebs bts rep_good nopl xtopology nonstop_tsc aperfmperf pni pclmulqdq dtes64 monitor ds_cpl vmx smx est tm2 ssse3 cx16 xtpr pdcm pcid dca sse4_1 sse4_2 popcnt aes lahf_lm tpr_shadow vnmi flexpriority ept vpid dtherm ida arat
bogomips	: 4787.83
clflush size	: 64
cache_alignment	: 64
address sizes	: 40 bits physical, 48 bits virtual
power management:

processor	: 2
vendor_id	: GenuineIntel
cpu family	: 6
model		: 44
model name	: Intel(R) Xeon(R) CPU           E5620  @ 2.40GHz
stepping	: 2
microcode	: 0x1a
cpu MHz		: 2394.110
cache size	: 12288 KB
physical id	: 1
siblings	: 8
core id		: 1
cpu cores	: 4
apicid		: 34
initial apicid	: 34
fpu		: yes
fpu_exception	: yes
cpuid level	: 11
wp		: yes
flags		: fpu vme de pse tsc msr pae mce cx8 apic sep mtrr pge mca cmov pat pse36 clflush dts acpi mmx fxsr sse sse2 ss ht tm pbe syscall nx pdpe1gb rdtscp lm constant_tsc arch_perfmon pebs bts rep_good nopl xtopology nonstop_tsc aperfmperf pni pclmulqdq dtes64 monitor ds_cpl vmx smx est tm2 ssse3 cx16 xtpr pdcm pcid dca sse4_1 sse4_2 popcnt aes lahf_lm tpr_shadow vnmi flexpriority ept vpid dtherm ida arat
bogomips	: 4788.22
clflush size	: 64
cache_alignment	: 64
address sizes	: 40 bits physical, 48 bits virtual
power management:

processor	: 3
vendor_id	: GenuineIntel
cpu family	: 6
model		: 44
model name	: Intel(R) Xeon(R) CPU           E5620  @ 2.40GHz
stepping	: 2
microcode	: 0x1a
cpu MHz		: 2394.110
cache size	: 12288 KB
physical id	: 0
siblings	: 8
core id		: 1
cpu cores	: 4
apicid		: 2
initial apicid	: 2
fpu		: yes
fpu_exception	: yes
cpuid level	: 11
wp		: yes
flags		: fpu vme de pse tsc msr pae mce cx8 apic sep mtrr pge mca cmov pat pse36 clflush dts acpi mmx fxsr sse sse2 ss ht tm pbe syscall nx pdpe1gb rdtscp lm constant_tsc arch_perfmon pebs bts rep_good nopl xtopology nonstop_tsc aperfmperf pni pclmulqdq dtes64 monitor ds_cpl vmx smx est tm2 ssse3 cx16 xtpr pdcm pcid dca sse4_1 sse4_2 popcnt aes lahf_lm tpr_shadow vnmi flexpriority ept vpid dtherm ida arat
bogomips	: 4787.83
clflush size	: 64
cache_alignment	: 64
address sizes	: 40 bits physical, 48 bits virtual
power management:

processor	: 4
vendor_id	: GenuineIntel
cpu family	: 6
model		: 44
model name	: Intel(R) Xeon(R) CPU           E5620  @ 2.40GHz
stepping	: 2
microcode	: 0x1a
cpu MHz		: 2394.110
cache size	: 12288 KB
physical id	: 1
siblings	: 8
core id		: 9
cpu cores	: 4
apicid		: 50
initial apicid	: 50
fpu		: yes
fpu_exception	: yes
cpuid level	: 11
wp		: yes
flags		: fpu vme de pse tsc msr pae mce cx8 apic sep mtrr pge mca cmov pat pse36 clflush dts acpi mmx fxsr sse sse2 ss ht tm pbe syscall nx pdpe1gb rdtscp lm constant_tsc arch_perfmon pebs bts rep_good nopl xtopology nonstop_tsc aperfmperf pni pclmulqdq dtes64 monitor ds_cpl vmx smx est tm2 ssse3 cx16 xtpr pdcm pcid dca sse4_1 sse4_2 popcnt aes lahf_lm tpr_shadow vnmi flexpriority ept vpid dtherm ida arat
bogomips	: 4788.22
clflush size	: 64
cache_alignment	: 64
address sizes	: 40 bits physical, 48 bits virtual
power management:

processor	: 5
vendor_id	: GenuineIntel
cpu family	: 6
model		: 44
model name	: Intel(R) Xeon(R) CPU           E5620  @ 2.40GHz
stepping	: 2
microcode	: 0x1a
cpu MHz		: 2394.110
cache size	: 12288 KB
physical id	: 0
siblings	: 8
core id		: 9
cpu cores	: 4
apicid		: 18
initial apicid	: 18
fpu		: yes
fpu_exception	: yes
cpuid level	: 11
wp		: yes
flags		: fpu vme de pse tsc msr pae mce cx8 apic sep mtrr pge mca cmov pat pse36 clflush dts acpi mmx fxsr sse sse2 ss ht tm pbe syscall nx pdpe1gb rdtscp lm constant_tsc arch_perfmon pebs bts rep_good nopl xtopology nonstop_tsc aperfmperf pni pclmulqdq dtes64 monitor ds_cpl vmx smx est tm2 ssse3 cx16 xtpr pdcm pcid dca sse4_1 sse4_2 popcnt aes lahf_lm tpr_shadow vnmi flexpriority ept vpid dtherm ida arat
bogomips	: 4787.83
clflush size	: 64
cache_alignment	: 64
address sizes	: 40 bits physical, 48 bits virtual
power management:

processor	: 6
vendor_id	: GenuineIntel
cpu family	: 6
model		: 44
model name	: Intel(R) Xeon(R) CPU           E5620  @ 2.40GHz
stepping	: 2
microcode	: 0x1a
cpu MHz		: 2394.110
cache size	: 12288 KB
physical id	: 1
siblings	: 8
core id		: 10
cpu cores	: 4
apicid		: 52
initial apicid	: 52
fpu		: yes
fpu_exception	: yes
cpuid level	: 11
wp		: yes
flags		: fpu vme de pse tsc msr pae mce cx8 apic sep mtrr pge mca cmov pat pse36 clflush dts acpi mmx fxsr sse sse2 ss ht tm pbe syscall nx pdpe1gb rdtscp lm constant_tsc arch_perfmon pebs bts rep_good nopl xtopology nonstop_tsc aperfmperf pni pclmulqdq dtes64 monitor ds_cpl vmx smx est tm2 ssse3 cx16 xtpr pdcm pcid dca sse4_1 sse4_2 popcnt aes lahf_lm tpr_shadow vnmi flexpriority ept vpid dtherm ida arat
bogomips	: 4788.22
clflush size	: 64
cache_alignment	: 64
address sizes	: 40 bits physical, 48 bits virtual
power management:

processor	: 7
vendor_id	: GenuineIntel
cpu family	: 6
model		: 44
model name	: Intel(R) Xeon(R) CPU           E5620  @ 2.40GHz
stepping	: 2
microcode	: 0x1a
cpu MHz		: 2394.110
cache size	: 12288 KB
physical id	: 0
siblings	: 8
core id		: 10
cpu cores	: 4
apicid		: 20
initial apicid	: 20
fpu		: yes
fpu_exception	: yes
cpuid level	: 11
wp		: yes
flags		: fpu vme de pse tsc msr pae mce cx8 apic sep mtrr pge mca cmov pat pse36 clflush dts acpi mmx fxsr sse sse2 ss ht tm pbe syscall nx pdpe1gb rdtscp lm constant_tsc arch_perfmon pebs bts rep_good nopl xtopology nonstop_tsc aperfmperf pni pclmulqdq dtes64 monitor ds_cpl vmx smx est tm2 ssse3 cx16 xtpr pdcm pcid dca sse4_1 sse4_2 popcnt aes lahf_lm tpr_shadow vnmi flexpriority ept vpid dtherm ida arat
bogomips	: 4787.83
clflush size	: 64
cache_alignment	: 64
address sizes	: 40 bits physical, 48 bits virtual
power management:

processor	: 8
vendor_id	: GenuineIntel
cpu family	: 6
model		: 44
model name	: Intel(R) Xeon(R) CPU           E5620  @ 2.40GHz
stepping	: 2
microcode	: 0x1a
cpu MHz		: 2394.110
cache size	: 12288 KB
physical id	: 1
siblings	: 8
core id		: 0
cpu cores	: 4
apicid		: 33
initial apicid	: 33
fpu		: yes
fpu_exception	: yes
cpuid level	: 11
wp		: yes
flags		: fpu vme de pse tsc msr pae mce cx8 apic sep mtrr pge mca cmov pat pse36 clflush dts acpi mmx fxsr sse sse2 ss ht tm pbe syscall nx pdpe1gb rdtscp lm constant_tsc arch_perfmon pebs bts rep_good nopl xtopology nonstop_tsc aperfmperf pni pclmulqdq dtes64 monitor ds_cpl vmx smx est tm2 ssse3 cx16 xtpr pdcm pcid dca sse4_1 sse4_2 popcnt aes lahf_lm tpr_shadow vnmi flexpriority ept vpid dtherm ida arat
bogomips	: 4788.22
clflush size	: 64
cache_alignment	: 64
address sizes	: 40 bits physical, 48 bits virtual
power management:

processor	: 9
vendor_id	: GenuineIntel
cpu family	: 6
model		: 44
model name	: Intel(R) Xeon(R) CPU           E5620  @ 2.40GHz
stepping	: 2
microcode	: 0x1a
cpu MHz		: 2394.110
cache size	: 12288 KB
physical id	: 0
siblings	: 8
core id		: 0
cpu cores	: 4
apicid		: 1
initial apicid	: 1
fpu		: yes
fpu_exception	: yes
cpuid level	: 11
wp		: yes
flags		: fpu vme de pse tsc msr pae mce cx8 apic sep mtrr pge mca cmov pat pse36 clflush dts acpi mmx fxsr sse sse2 ss ht tm pbe syscall nx pdpe1gb rdtscp lm constant_tsc arch_perfmon pebs bts rep_good nopl xtopology nonstop_tsc aperfmperf pni pclmulqdq dtes64 monitor ds_cpl vmx smx est tm2 ssse3 cx16 xtpr pdcm pcid dca sse4_1 sse4_2 popcnt aes lahf_lm tpr_shadow vnmi flexpriority ept vpid dtherm ida arat
bogomips	: 4787.83
clflush size	: 64
cache_alignment	: 64
address sizes	: 40 bits physical, 48 bits virtual
power management:

processor	: 10
vendor_id	: GenuineIntel
cpu family	: 6
model		: 44
model name	: Intel(R) Xeon(R) CPU           E5620  @ 2.40GHz
stepping	: 2
microcode	: 0x1a
cpu MHz		: 2394.110
cache size	: 12288 KB
physical id	: 1
siblings	: 8
core id		: 1
cpu cores	: 4
apicid		: 35
initial apicid	: 35
fpu		: yes
fpu_exception	: yes
cpuid level	: 11
wp		: yes
flags		: fpu vme de pse tsc msr pae mce cx8 apic sep mtrr pge mca cmov pat pse36 clflush dts acpi mmx fxsr sse sse2 ss ht tm pbe syscall nx pdpe1gb rdtscp lm constant_tsc arch_perfmon pebs bts rep_good nopl xtopology nonstop_tsc aperfmperf pni pclmulqdq dtes64 monitor ds_cpl vmx smx est tm2 ssse3 cx16 xtpr pdcm pcid dca sse4_1 sse4_2 popcnt aes lahf_lm tpr_shadow vnmi flexpriority ept vpid dtherm ida arat
bogomips	: 4788.22
clflush size	: 64
cache_alignment	: 64
address sizes	: 40 bits physical, 48 bits virtual
power management:

processor	: 11
vendor_id	: GenuineIntel
cpu family	: 6
model		: 44
model name	: Intel(R) Xeon(R) CPU           E5620  @ 2.40GHz
stepping	: 2
microcode	: 0x1a
cpu MHz		: 2394.110
cache size	: 12288 KB
physical id	: 0
siblings	: 8
core id		: 1
cpu cores	: 4
apicid		: 3
initial apicid	: 3
fpu		: yes
fpu_exception	: yes
cpuid level	: 11
wp		: yes
flags		: fpu vme de pse tsc msr pae mce cx8 apic sep mtrr pge mca cmov pat pse36 clflush dts acpi mmx fxsr sse sse2 ss ht tm pbe syscall nx pdpe1gb rdtscp lm constant_tsc arch_perfmon pebs bts rep_good nopl xtopology nonstop_tsc aperfmperf pni pclmulqdq dtes64 monitor ds_cpl vmx smx est tm2 ssse3 cx16 xtpr pdcm pcid dca sse4_1 sse4_2 popcnt aes lahf_lm tpr_shadow vnmi flexpriority ept vpid dtherm ida arat
bogomips	: 4787.83
clflush size	: 64
cache_alignment	: 64
address sizes	: 40 bits physical, 48 bits virtual
power management:

processor	: 12
vendor_id	: GenuineIntel
cpu family	: 6
model		: 44
model name	: Intel(R) Xeon(R) CPU           E5620  @ 2.40GHz
stepping	: 2
microcode	: 0x1a
cpu MHz		: 2394.110
cache size	: 12288 KB
physical id	: 1
siblings	: 8
core id		: 9
cpu cores	: 4
apicid		: 51
initial apicid	: 51
fpu		: yes
fpu_exception	: yes
cpuid level	: 11
wp		: yes
flags		: fpu vme de pse tsc msr pae mce cx8 apic sep mtrr pge mca cmov pat pse36 clflush dts acpi mmx fxsr sse sse2 ss ht tm pbe syscall nx pdpe1gb rdtscp lm constant_tsc arch_perfmon pebs bts rep_good nopl xtopology nonstop_tsc aperfmperf pni pclmulqdq dtes64 monitor ds_cpl vmx smx est tm2 ssse3 cx16 xtpr pdcm pcid dca sse4_1 sse4_2 popcnt aes lahf_lm tpr_shadow vnmi flexpriority ept vpid dtherm ida arat
bogomips	: 4788.22
clflush size	: 64
cache_alignment	: 64
address sizes	: 40 bits physical, 48 bits virtual
power management:

processor	: 13
vendor_id	: GenuineIntel
cpu family	: 6
model		: 44
model name	: Intel(R) Xeon(R) CPU           E5620  @ 2.40GHz
stepping	: 2
microcode	: 0x1a
cpu MHz		: 2394.110
cache size	: 12288 KB
physical id	: 0
siblings	: 8
core id		: 9
cpu cores	: 4
apicid		: 19
initial apicid	: 19
fpu		: yes
fpu_exception	: yes
cpuid level	: 11
wp		: yes
flags		: fpu vme de pse tsc msr pae mce cx8 apic sep mtrr pge mca cmov pat pse36 clflush dts acpi mmx fxsr sse sse2 ss ht tm pbe syscall nx pdpe1gb rdtscp lm constant_tsc arch_perfmon pebs bts rep_good nopl xtopology nonstop_tsc aperfmperf pni pclmulqdq dtes64 monitor ds_cpl vmx smx est tm2 ssse3 cx16 xtpr pdcm pcid dca sse4_1 sse4_2 popcnt aes lahf_lm tpr_shadow vnmi flexpriority ept vpid dtherm ida arat
bogomips	: 4787.83
clflush size	: 64
cache_alignment	: 64
address sizes	: 40 bits physical, 48 bits virtual
power management:

processor	: 14
vendor_id	: GenuineIntel
cpu family	: 6
model		: 44
model name	: Intel(R) Xeon(R) CPU           E5620  @ 2.40GHz
stepping	: 2
microcode	: 0x1a
cpu MHz		: 2394.110
cache size	: 12288 KB
physical id	: 1
siblings	: 8
core id		: 10
cpu cores	: 4
apicid		: 53
initial apicid	: 53
fpu		: yes
fpu_exception	: yes
cpuid level	: 11
wp		: yes
flags		: fpu vme de pse tsc msr pae mce cx8 apic sep mtrr pge mca cmov pat pse36 clflush dts acpi mmx fxsr sse sse2 ss ht tm pbe syscall nx pdpe1gb rdtscp lm constant_tsc arch_perfmon pebs bts rep_good nopl xtopology nonstop_tsc aperfmperf pni pclmulqdq dtes64 monitor ds_cpl vmx smx est tm2 ssse3 cx16 xtpr pdcm pcid dca sse4_1 sse4_2 popcnt aes lahf_lm tpr_shadow vnmi flexpriority ept vpid dtherm ida arat
bogomips	: 4788.22
clflush size	: 64
cache_alignment	: 64
address sizes	: 40 bits physical, 48 bits virtual
power management:

processor	: 15
vendor_id	: GenuineIntel
cpu family	: 6
model		: 44
model name	: Intel(R) Xeon(R) CPU           E5620  @ 2.40GHz
stepping	: 2
microcode	: 0x1a
cpu MHz		: 2394.110
cache size	: 12288 KB
physical id	: 0
siblings	: 8
core id		: 10
cpu cores	: 4
apicid		: 21
initial apicid	: 21
fpu		: yes
fpu_exception	: yes
cpuid level	: 11
wp		: yes
flags		: fpu vme de pse tsc msr pae mce cx8 apic sep mtrr pge mca cmov pat pse36 clflush dts acpi mmx fxsr sse sse2 ss ht tm pbe syscall nx pdpe1gb rdtscp lm constant_tsc arch_perfmon pebs bts rep_good nopl xtopology nonstop_tsc aperfmperf pni pclmulqdq dtes64 monitor ds_cpl vmx smx est tm2 ssse3 cx16 xtpr pdcm pcid dca sse4_1 sse4_2 popcnt aes lahf_lm tpr_shadow vnmi flexpriority ept vpid dtherm ida arat
bogomips	: 4787.83
clflush size	: 64
cache_alignment	: 64
address sizes	: 40 bits physical, 48 bits virtual
power management:



Memory: 4k page, physical 12121656k(118896k free), swap 4194300k(12k free)

vm_info: OpenJDK 64-Bit Server VM (25.171-b10) for linux-amd64 JRE (1.8.0_171-b10), built on May 22 2018 01:32:00 by "mockbuild" with gcc 4.8.5 20150623 (Red Hat 4.8.5-28)

time: Wed Jul  4 14:44:29 2018
elapsed time: 12 seconds (0d 0h 0m 12s)

